[2016-07-13 16:38:15.410] [INFO] logInfo - 用户44连接进聊天程序
[2016-07-13 16:38:15.587] [INFO] logInfo - 用户44登陆，获取好友
[2016-07-13 16:38:15.814] [INFO] logInfo - 用户44登陆，获取自己的原来状态
[2016-07-13 16:42:15.436] [INFO] logInfo - 用户44连接进聊天程序
[2016-07-13 16:42:16.550] [INFO] logInfo - 用户44离开聊天室
[2016-07-13 16:42:16.821] [INFO] logInfo - 用户44连接进聊天程序
[2016-07-13 16:42:16.948] [INFO] logInfo - 用户44登陆，获取好友
[2016-07-13 16:42:17.207] [INFO] logInfo - 用户44登陆，获取自己的原来状态
[2016-07-13 16:43:38.108] [INFO] logInfo - 用户44离开聊天室
[2016-07-13 16:43:38.387] [INFO] logInfo - 用户44连接进聊天程序
[2016-07-13 16:43:38.435] [INFO] logInfo - 用户44登陆，获取好友
[2016-07-13 16:43:38.632] [INFO] logInfo - 用户44登陆，获取自己的原来状态
[2016-07-13 16:44:09.239] [INFO] logInfo - 用户44离开聊天室
[2016-07-13 16:44:09.500] [INFO] logInfo - 用户44连接进聊天程序
[2016-07-13 16:44:09.623] [INFO] logInfo - 用户44登陆，获取好友
[2016-07-13 16:44:09.898] [INFO] logInfo - 用户44登陆，获取自己的原来状态
[2016-07-13 16:45:26.388] [INFO] logInfo - 用户44离开聊天室
[2016-07-13 16:45:26.680] [INFO] logInfo - 用户44连接进聊天程序
[2016-07-13 16:45:26.734] [INFO] logInfo - 用户44登陆，获取好友
[2016-07-13 16:45:26.989] [INFO] logInfo - 用户44登陆，获取自己的原来状态
[2016-07-13 16:48:58.268] [INFO] logInfo - 用户44离开聊天室
[2016-07-13 16:48:58.554] [INFO] logInfo - 用户44连接进聊天程序
[2016-07-13 16:48:58.681] [INFO] logInfo - 用户44登陆，获取好友
[2016-07-13 16:48:58.899] [INFO] logInfo - 用户44登陆，获取自己的原来状态
[2016-07-13 16:50:23.827] [INFO] logInfo - 用户44离开聊天室
[2016-07-13 16:50:24.123] [INFO] logInfo - 用户44连接进聊天程序
[2016-07-13 16:50:24.261] [INFO] logInfo - 用户44登陆，获取好友
[2016-07-13 16:50:24.542] [INFO] logInfo - 用户44登陆，获取自己的原来状态
[2016-07-13 16:51:44.753] [INFO] logInfo - 用户44离开聊天室
[2016-07-13 16:51:45.042] [INFO] logInfo - 用户44连接进聊天程序
[2016-07-13 16:51:45.175] [INFO] logInfo - 用户44登陆，获取好友
[2016-07-13 16:51:45.371] [INFO] logInfo - 用户44登陆，获取自己的原来状态
[2016-07-13 16:53:41.535] [INFO] logInfo - 用户44离开聊天室
[2016-07-13 16:53:41.811] [INFO] logInfo - 用户44连接进聊天程序
[2016-07-13 16:53:41.932] [INFO] logInfo - 用户44登陆，获取好友
[2016-07-13 16:53:42.139] [INFO] logInfo - 用户44登陆，获取自己的原来状态
[2016-07-13 16:53:56.123] [INFO] logInfo - 用户44离开聊天室
[2016-07-13 16:53:56.390] [INFO] logInfo - 用户44连接进聊天程序
[2016-07-13 16:53:56.436] [INFO] logInfo - 用户44登陆，获取好友
[2016-07-13 16:53:56.656] [INFO] logInfo - 用户44登陆，获取自己的原来状态
[2016-07-13 16:54:13.135] [INFO] logInfo - 用户44离开聊天室
[2016-07-13 16:54:13.457] [INFO] logInfo - 用户44连接进聊天程序
[2016-07-13 16:54:13.568] [INFO] logInfo - 用户44登陆，获取好友
[2016-07-13 16:54:13.759] [INFO] logInfo - 用户44登陆，获取自己的原来状态
[2016-07-13 16:55:21.430] [INFO] logInfo - 用户44离开聊天室
[2016-07-13 16:55:21.712] [INFO] logInfo - 用户44连接进聊天程序
[2016-07-13 16:55:21.832] [INFO] logInfo - 用户44登陆，获取好友
[2016-07-13 16:55:22.036] [INFO] logInfo - 用户44登陆，获取自己的原来状态
[2016-07-13 16:56:00.496] [INFO] logInfo - 用户44离开聊天室
[2016-07-13 16:56:00.770] [INFO] logInfo - 用户44连接进聊天程序
[2016-07-13 16:56:00.888] [INFO] logInfo - 用户44登陆，获取好友
[2016-07-13 16:56:01.118] [INFO] logInfo - 用户44登陆，获取自己的原来状态
[2016-07-13 16:58:44.524] [INFO] logInfo - 用户44连接进聊天程序
[2016-07-13 16:58:45.688] [INFO] logInfo - 用户44离开聊天室
[2016-07-13 16:58:45.959] [INFO] logInfo - 用户44连接进聊天程序
[2016-07-13 16:58:46.083] [INFO] logInfo - 用户44登陆，获取好友
[2016-07-13 16:58:46.281] [INFO] logInfo - 用户44登陆，获取自己的原来状态
[2016-07-13 16:59:10.400] [INFO] logInfo - 用户44离开聊天室
[2016-07-13 16:59:10.664] [INFO] logInfo - 用户44连接进聊天程序
[2016-07-13 16:59:10.714] [INFO] logInfo - 用户44登陆，获取好友
[2016-07-13 16:59:10.933] [INFO] logInfo - 用户44登陆，获取自己的原来状态
[2016-07-13 16:59:38.510] [INFO] logInfo - 用户44离开聊天室
[2016-07-13 16:59:38.777] [INFO] logInfo - 用户44连接进聊天程序
[2016-07-13 16:59:38.825] [INFO] logInfo - 用户44登陆，获取好友
[2016-07-13 16:59:39.109] [INFO] logInfo - 用户44登陆，获取自己的原来状态
[2016-07-13 16:59:42.031] [INFO] logInfo - 用户44离开聊天室
[2016-07-13 16:59:42.295] [INFO] logInfo - 用户44连接进聊天程序
[2016-07-13 16:59:42.338] [INFO] logInfo - 用户44登陆，获取好友
[2016-07-13 16:59:42.558] [INFO] logInfo - 用户44登陆，获取自己的原来状态
[2016-07-13 17:00:35.111] [INFO] logInfo - 用户44离开聊天室
[2016-07-13 17:00:35.386] [INFO] logInfo - 用户44连接进聊天程序
[2016-07-13 17:00:35.580] [INFO] logInfo - 用户44登陆，获取好友
[2016-07-13 17:00:35.881] [INFO] logInfo - 用户44登陆，获取自己的原来状态
[2016-07-13 17:01:24.400] [INFO] logInfo - 用户44离开聊天室
[2016-07-13 17:01:24.707] [INFO] logInfo - 用户44连接进聊天程序
[2016-07-13 17:01:24.757] [INFO] logInfo - 用户44登陆，获取好友
[2016-07-13 17:01:24.957] [INFO] logInfo - 用户44登陆，获取自己的原来状态
[2016-07-13 17:01:53.477] [INFO] logInfo - 用户44离开聊天室
[2016-07-13 17:01:53.776] [INFO] logInfo - 用户44连接进聊天程序
[2016-07-13 17:01:53.829] [INFO] logInfo - 用户44登陆，获取好友
[2016-07-13 17:01:54.105] [INFO] logInfo - 用户44登陆，获取自己的原来状态
[2016-07-13 17:02:02.339] [INFO] logInfo - 用户44离开聊天室
[2016-07-13 17:02:02.641] [INFO] logInfo - 用户44连接进聊天程序
[2016-07-13 17:02:02.773] [INFO] logInfo - 用户44登陆，获取好友
[2016-07-13 17:02:03.007] [INFO] logInfo - 用户44登陆，获取自己的原来状态
[2016-07-13 17:02:20.720] [INFO] logInfo - 用户44离开聊天室
[2016-07-13 17:02:20.997] [INFO] logInfo - 用户44连接进聊天程序
[2016-07-13 17:02:21.046] [INFO] logInfo - 用户44登陆，获取好友
[2016-07-13 17:02:21.263] [INFO] logInfo - 用户44登陆，获取自己的原来状态
[2016-07-13 17:02:25.142] [INFO] logInfo - 用户44创建教室
[2016-07-13 17:02:25.153] [INFO] logInfo - 用户44进入group_0
[2016-07-13 17:02:25.176] [INFO] logInfo - 用户44进入1468400545181
[2016-07-13 17:02:47.089] [INFO] logInfo - 用户44解散教室
[2016-07-13 17:04:27.162] [INFO] logInfo - 用户44离开聊天室
[2016-07-13 17:04:27.466] [INFO] logInfo - 用户44连接进聊天程序
[2016-07-13 17:04:27.517] [INFO] logInfo - 用户44登陆，获取好友
[2016-07-13 17:04:27.710] [INFO] logInfo - 用户44登陆，获取自己的原来状态
[2016-07-13 17:04:48.587] [INFO] logInfo - 用户44离开聊天室
[2016-07-13 17:04:48.846] [INFO] logInfo - 用户44连接进聊天程序
[2016-07-13 17:04:48.894] [INFO] logInfo - 用户44登陆，获取好友
[2016-07-13 17:04:49.223] [INFO] logInfo - 用户44登陆，获取自己的原来状态
[2016-07-13 17:04:59.031] [INFO] logInfo - 用户44离开聊天室
[2016-07-13 17:05:02.928] [INFO] logInfo - 用户42连接进聊天程序
[2016-07-13 17:05:02.965] [INFO] logInfo - 用户42登陆，获取好友
[2016-07-13 17:05:03.177] [INFO] logInfo - 用户42登陆，获取自己的原来状态
[2016-07-13 17:06:26.012] [INFO] logInfo - 用户42离开聊天室
[2016-07-13 17:06:26.288] [INFO] logInfo - 用户42连接进聊天程序
[2016-07-13 17:06:26.331] [INFO] logInfo - 用户42登陆，获取好友
[2016-07-13 17:06:26.540] [INFO] logInfo - 用户42登陆，获取自己的原来状态
[2016-07-13 17:06:33.624] [INFO] logInfo - 用户42离开聊天室
[2016-07-13 17:06:45.401] [INFO] logInfo - 用户44连接进聊天程序
[2016-07-13 17:06:45.449] [INFO] logInfo - 用户44登陆，获取好友
[2016-07-13 17:06:45.645] [INFO] logInfo - 用户44登陆，获取自己的原来状态
[2016-07-13 17:09:21.355] [INFO] logInfo - 用户44离开聊天室
[2016-07-13 17:09:21.638] [INFO] logInfo - 用户44连接进聊天程序
[2016-07-13 17:09:21.764] [INFO] logInfo - 用户44登陆，获取好友
[2016-07-13 17:09:21.960] [INFO] logInfo - 用户44登陆，获取自己的原来状态
[2016-07-13 17:09:46.122] [INFO] logInfo - 用户44离开聊天室
[2016-07-13 17:24:52.207] [INFO] logInfo - 用户42连接进聊天程序
[2016-07-13 17:24:52.233] [INFO] logInfo - 用户42登陆，获取好友
[2016-07-13 17:24:52.435] [INFO] logInfo - 用户42登陆，获取自己的原来状态
[2016-07-13 17:26:09.323] [INFO] logInfo - 用户42离开聊天室
[2016-07-13 17:26:14.492] [INFO] logInfo - 用户44连接进聊天程序
[2016-07-13 17:26:14.512] [INFO] logInfo - 用户44登陆，获取好友
[2016-07-13 17:26:14.692] [INFO] logInfo - 用户44登陆，获取自己的原来状态
[2016-07-13 17:26:41.236] [INFO] logInfo - 用户44离开聊天室
[2016-07-13 17:26:41.391] [INFO] logInfo - 用户44连接进聊天程序
[2016-07-13 17:26:41.410] [INFO] logInfo - 用户44登陆，获取好友
[2016-07-13 17:26:41.610] [INFO] logInfo - 用户44登陆，获取自己的原来状态
[2016-07-13 17:26:41.964] [INFO] logInfo - 用户44离开聊天室
[2016-07-13 17:26:42.051] [INFO] logInfo - 用户44连接进聊天程序
[2016-07-13 17:26:42.092] [INFO] logInfo - 用户44登陆，获取好友
[2016-07-13 17:26:42.172] [INFO] logInfo - 用户44离开聊天室
[2016-07-13 17:26:42.257] [INFO] logInfo - 用户44连接进聊天程序
[2016-07-13 17:26:42.283] [INFO] logInfo - 用户44登陆，获取好友
[2016-07-13 17:26:42.394] [INFO] logInfo - 用户44离开聊天室
[2016-07-13 17:26:42.475] [INFO] logInfo - 用户44连接进聊天程序
[2016-07-13 17:26:42.512] [INFO] logInfo - 用户44登陆，获取好友
[2016-07-13 17:26:42.730] [INFO] logInfo - 用户44被提下线
[2016-07-13 17:26:42.731] [INFO] logInfo - 用户44离开聊天室
[2016-07-13 17:26:42.734] [INFO] logInfo - 用户44连接进聊天程序
[2016-07-13 17:26:42.746] [INFO] logInfo - 用户44登陆，获取好友
[2016-07-13 17:26:42.818] [INFO] logInfo - 用户44离开聊天室
[2016-07-13 17:26:42.913] [INFO] logInfo - 用户44连接进聊天程序
[2016-07-13 17:26:42.939] [INFO] logInfo - 用户44登陆，获取好友
[2016-07-13 17:26:43.020] [INFO] logInfo - 用户44离开聊天室
[2016-07-13 17:26:43.107] [INFO] logInfo - 用户44连接进聊天程序
[2016-07-13 17:26:43.123] [INFO] logInfo - 用户44登陆，获取好友
[2016-07-13 17:26:43.205] [INFO] logInfo - 用户44离开聊天室
[2016-07-13 17:26:43.297] [INFO] logInfo - 用户44连接进聊天程序
[2016-07-13 17:26:43.357] [INFO] logInfo - 用户44登陆，获取好友
[2016-07-13 17:26:43.383] [INFO] logInfo - 用户44离开聊天室
[2016-07-13 17:26:43.481] [INFO] logInfo - 用户44连接进聊天程序
[2016-07-13 17:26:43.496] [INFO] logInfo - 用户44登陆，获取好友
[2016-07-13 17:26:43.614] [INFO] logInfo - 用户44离开聊天室
[2016-07-13 17:26:43.701] [INFO] logInfo - 用户44连接进聊天程序
[2016-07-13 17:26:43.734] [INFO] logInfo - 用户44登陆，获取好友
[2016-07-13 17:26:43.903] [INFO] logInfo - 用户44登陆，获取自己的原来状态
[2016-07-13 17:26:53.083] [INFO] logInfo - 用户44离开聊天室
