[2016-06-14 10:22:48.880] [INFO] logInfo - 用户1连接进聊天程序
[2016-06-14 10:22:48.908] [INFO] logInfo - 用户1登陆，获取好友
[2016-06-14 10:22:49.167] [INFO] logInfo - 用户1登陆，获取自己的原来状态
[2016-06-14 10:23:58.622] [INFO] logInfo - 用户2连接进聊天程序
[2016-06-14 10:25:31.797] [INFO] logInfo - 用户1连接进聊天程序
[2016-06-14 10:26:05.005] [INFO] logInfo - 用户2连接进聊天程序
[2016-06-14 10:26:05.030] [INFO] logInfo - 用户2登陆，获取好友
[2016-06-14 10:26:05.246] [INFO] logInfo - 用户2登陆，获取自己的原来状态
[2016-06-14 10:27:06.223] [INFO] logInfo - 用户1创建教室
[2016-06-14 10:27:06.240] [INFO] logInfo - 用户1进入group_0
[2016-06-14 10:27:06.260] [INFO] logInfo - 用户1进入11465871226219
[2016-06-14 10:30:49.521] [INFO] logInfo - 用户2进入group_0
[2016-06-14 10:30:50.214] [INFO] logInfo - 用户2进入11465871226219
[2016-06-14 10:37:28.458] [INFO] logInfo - 用户1离开聊天室
[2016-06-14 10:37:29.637] [INFO] logInfo - 用户1连接进聊天程序
[2016-06-14 10:37:29.663] [INFO] logInfo - 用户1登陆，获取好友
[2016-06-14 10:37:29.888] [INFO] logInfo - 用户1登陆，获取自己的原来状态
[2016-06-14 10:37:29.933] [INFO] logInfo - 用户1进入11465871226219
[2016-06-14 10:37:31.970] [INFO] logInfo - 用户1解散教室
[2016-06-14 10:37:34.196] [INFO] logInfo - 用户2离开聊天室
[2016-06-14 10:37:35.836] [INFO] logInfo - 用户1被提下线
[2016-06-14 10:37:35.838] [INFO] logInfo - 用户1离开聊天室
[2016-06-14 10:37:35.840] [INFO] logInfo - 用户1连接进聊天程序
[2016-06-14 10:37:35.866] [INFO] logInfo - 用户1登陆，获取好友
[2016-06-14 10:37:36.141] [INFO] logInfo - 用户1登陆，获取自己的原来状态
[2016-06-14 10:37:37.591] [INFO] logInfo - 用户1离开聊天室
[2016-06-14 10:37:40.447] [INFO] logInfo - 用户1连接进聊天程序
[2016-06-14 10:37:40.486] [INFO] logInfo - 用户1登陆，获取好友
[2016-06-14 10:37:40.709] [INFO] logInfo - 用户1登陆，获取自己的原来状态
[2016-06-14 10:37:45.693] [INFO] logInfo - 用户1创建教室
[2016-06-14 10:37:45.703] [INFO] logInfo - 用户1进入group_0
[2016-06-14 10:37:45.717] [INFO] logInfo - 用户1进入11465871865690
[2016-06-14 10:37:52.644] [INFO] logInfo - 用户2连接进聊天程序
[2016-06-14 10:37:52.677] [INFO] logInfo - 用户2登陆，获取好友
[2016-06-14 10:37:52.897] [INFO] logInfo - 用户2登陆，获取自己的原来状态
[2016-06-14 10:37:57.316] [INFO] logInfo - 用户2进入group_1
[2016-06-14 10:37:58.299] [INFO] logInfo - 用户2进入group_0
[2016-06-14 10:37:58.969] [INFO] logInfo - 用户2进入group_1
[2016-06-14 10:37:59.483] [INFO] logInfo - 用户2进入group_3
[2016-06-14 10:38:00.042] [INFO] logInfo - 用户2进入group_0
[2016-06-14 10:42:01.501] [INFO] logInfo - 用户2连接进聊天程序
[2016-06-14 10:42:01.774] [INFO] logInfo - 用户1连接进聊天程序
[2016-06-14 10:42:17.164] [INFO] logInfo - 用户1解散教室
[2016-06-14 10:42:22.995] [INFO] logInfo - 用户1创建教室
[2016-06-14 10:42:23.013] [INFO] logInfo - 用户1进入group_0
[2016-06-14 10:42:23.043] [INFO] logInfo - 用户1进入11465872142993
[2016-06-14 10:42:25.070] [INFO] logInfo - 用户2进入11465872142993
[2016-06-14 10:55:10.515] [INFO] logInfo - 用户3连接进聊天程序
[2016-06-14 10:55:10.544] [INFO] logInfo - 用户3登陆，获取好友
[2016-06-14 10:55:10.750] [INFO] logInfo - 用户3登陆，获取自己的原来状态
[2016-06-14 10:55:18.205] [INFO] logInfo - 用户3创建教室
[2016-06-14 10:55:18.213] [INFO] logInfo - 用户3进入group_0
[2016-06-14 10:55:18.247] [INFO] logInfo - 用户3进入31465872918202
[2016-06-14 10:55:22.546] [INFO] logInfo - 用户2离开教室
[2016-06-14 10:55:36.811] [INFO] logInfo - 用户2进入31465872918202
[2016-06-14 10:55:49.827] [INFO] logInfo - 用户1解散教室
[2016-06-14 10:56:12.191] [INFO] logInfo - 用户1离开聊天室
[2016-06-14 10:56:13.386] [INFO] logInfo - 用户1连接进聊天程序
[2016-06-14 10:56:13.414] [INFO] logInfo - 用户1登陆，获取好友
[2016-06-14 10:56:13.609] [INFO] logInfo - 用户1登陆，获取自己的原来状态
[2016-06-14 10:56:14.214] [INFO] logInfo - 用户2离开聊天室
[2016-06-14 10:56:15.335] [INFO] logInfo - 用户2连接进聊天程序
[2016-06-14 10:56:15.366] [INFO] logInfo - 用户2登陆，获取好友
[2016-06-14 10:56:15.566] [INFO] logInfo - 用户2登陆，获取自己的原来状态
[2016-06-14 10:56:15.607] [INFO] logInfo - 用户2进入31465872918202
[2016-06-14 10:56:15.963] [INFO] logInfo - 用户3离开聊天室
[2016-06-14 10:56:16.887] [INFO] logInfo - 用户3连接进聊天程序
[2016-06-14 10:56:16.929] [INFO] logInfo - 用户3登陆，获取好友
[2016-06-14 10:56:17.129] [INFO] logInfo - 用户3登陆，获取自己的原来状态
[2016-06-14 10:56:17.179] [INFO] logInfo - 用户3进入31465872918202
[2016-06-14 10:57:35.145] [INFO] logInfo - 用户1离开聊天室
[2016-06-14 10:57:36.108] [INFO] logInfo - 用户1连接进聊天程序
[2016-06-14 10:57:36.140] [INFO] logInfo - 用户1登陆，获取好友
[2016-06-14 10:57:36.346] [INFO] logInfo - 用户1登陆，获取自己的原来状态
[2016-06-14 10:57:38.362] [INFO] logInfo - 用户1进入31465872918202
[2016-06-14 10:58:38.055] [INFO] logInfo - 用户3连接进聊天程序
[2016-06-14 10:58:38.063] [INFO] logInfo - 用户2连接进聊天程序
[2016-06-14 10:58:41.828] [INFO] logInfo - 用户1连接进聊天程序
[2016-06-14 10:58:45.773] [INFO] logInfo - 用户1离开教室
[2016-06-14 11:00:48.888] [INFO] logInfo - 用户3连接进聊天程序
[2016-06-14 11:00:48.893] [INFO] logInfo - 用户2连接进聊天程序
[2016-06-14 11:00:51.860] [INFO] logInfo - 用户1连接进聊天程序
[2016-06-14 11:00:51.884] [INFO] logInfo - 用户1登陆，获取好友
[2016-06-14 11:00:52.146] [INFO] logInfo - 用户1登陆，获取自己的原来状态
[2016-06-14 11:01:24.166] [INFO] logInfo - 用户1离开聊天室
[2016-06-14 11:01:25.082] [INFO] logInfo - 用户1连接进聊天程序
[2016-06-14 11:01:25.117] [INFO] logInfo - 用户1登陆，获取好友
[2016-06-14 11:01:25.358] [INFO] logInfo - 用户1登陆，获取自己的原来状态
[2016-06-14 11:01:27.920] [INFO] logInfo - 用户1离开聊天室
[2016-06-14 11:01:29.147] [INFO] logInfo - 用户1连接进聊天程序
[2016-06-14 11:01:29.179] [INFO] logInfo - 用户1登陆，获取好友
[2016-06-14 11:01:29.432] [INFO] logInfo - 用户1登陆，获取自己的原来状态
[2016-06-14 11:01:29.472] [INFO] logInfo - 用户1进入31465872918202
[2016-06-14 11:01:35.556] [INFO] logInfo - 用户1离开聊天室
[2016-06-14 11:01:37.562] [INFO] logInfo - 用户1连接进聊天程序
[2016-06-14 11:01:37.594] [INFO] logInfo - 用户1登陆，获取好友
[2016-06-14 11:01:37.843] [INFO] logInfo - 用户1登陆，获取自己的原来状态
[2016-06-14 11:01:37.883] [INFO] logInfo - 用户1进入31465872918202
[2016-06-14 11:02:16.585] [INFO] logInfo - 用户1连接进聊天程序
[2016-06-14 11:02:16.789] [INFO] logInfo - 用户3连接进聊天程序
[2016-06-14 11:02:16.793] [INFO] logInfo - 用户2连接进聊天程序
[2016-06-14 11:02:18.582] [INFO] logInfo - 用户1离开聊天室
[2016-06-14 11:02:19.783] [INFO] logInfo - 用户1连接进聊天程序
[2016-06-14 11:02:19.805] [INFO] logInfo - 用户1登陆，获取好友
[2016-06-14 11:02:20.056] [INFO] logInfo - 用户1登陆，获取自己的原来状态
[2016-06-14 11:02:20.109] [INFO] logInfo - 用户1进入31465872918202
[2016-06-14 11:02:37.324] [INFO] logInfo - 用户3连接进聊天程序
[2016-06-14 11:02:37.789] [INFO] logInfo - 用户2连接进聊天程序
[2016-06-14 11:02:37.793] [INFO] logInfo - 用户1连接进聊天程序
[2016-06-14 11:02:42.175] [INFO] logInfo - 用户1离开聊天室
[2016-06-14 11:02:44.156] [INFO] logInfo - 用户1连接进聊天程序
[2016-06-14 11:02:44.187] [INFO] logInfo - 用户1登陆，获取好友
[2016-06-14 11:02:44.459] [INFO] logInfo - 用户1登陆，获取自己的原来状态
[2016-06-14 11:02:45.356] [INFO] logInfo - 用户2离开聊天室
[2016-06-14 11:02:46.459] [INFO] logInfo - 用户2连接进聊天程序
[2016-06-14 11:02:46.482] [INFO] logInfo - 用户2登陆，获取好友
[2016-06-14 11:02:46.728] [INFO] logInfo - 用户2登陆，获取自己的原来状态
[2016-06-14 11:02:47.413] [INFO] logInfo - 用户3离开聊天室
[2016-06-14 11:02:48.367] [INFO] logInfo - 用户3连接进聊天程序
[2016-06-14 11:02:48.403] [INFO] logInfo - 用户3登陆，获取好友
[2016-06-14 11:02:48.651] [INFO] logInfo - 用户3登陆，获取自己的原来状态
[2016-06-14 11:03:25.870] [INFO] logInfo - 用户3创建教室
[2016-06-14 11:03:25.878] [INFO] logInfo - 用户3进入group_0
[2016-06-14 11:03:25.915] [INFO] logInfo - 用户3进入31465873405867
[2016-06-14 11:03:50.552] [INFO] logInfo - 用户2进入group_0
[2016-06-14 11:03:51.309] [INFO] logInfo - 用户2进入31465873405867
[2016-06-14 11:04:02.791] [INFO] logInfo - 用户1进入group_0
[2016-06-14 11:04:29.765] [INFO] logInfo - 用户1离开聊天室
[2016-06-14 11:04:30.735] [INFO] logInfo - 用户1连接进聊天程序
[2016-06-14 11:04:30.790] [INFO] logInfo - 用户1登陆，获取好友
[2016-06-14 11:04:31.045] [INFO] logInfo - 用户1登陆，获取自己的原来状态
[2016-06-14 11:04:40.743] [INFO] logInfo - 用户1进入group_1
[2016-06-14 11:04:41.598] [INFO] logInfo - 用户1进入group_0
[2016-06-14 11:04:47.133] [INFO] logInfo - 用户2离开教室
[2016-06-14 11:04:49.497] [INFO] logInfo - 用户1进入31465873405867
[2016-06-14 14:07:35.627] [INFO] logInfo - 用户1连接进聊天程序
[2016-06-14 14:07:35.654] [INFO] logInfo - 用户1登陆，获取好友
[2016-06-14 14:07:35.883] [INFO] logInfo - 用户1登陆，获取自己的原来状态
[2016-06-14 14:08:17.762] [INFO] logInfo - 用户1创建教室
[2016-06-14 14:08:17.772] [INFO] logInfo - 用户1进入group_0
[2016-06-14 14:08:17.803] [INFO] logInfo - 用户1进入11465884497756
[2016-06-14 14:09:00.955] [INFO] logInfo - 用户2连接进聊天程序
[2016-06-14 14:09:00.983] [INFO] logInfo - 用户2登陆，获取好友
[2016-06-14 14:09:01.210] [INFO] logInfo - 用户2登陆，获取自己的原来状态
[2016-06-14 14:09:03.918] [INFO] logInfo - 用户2进入group_0
[2016-06-14 14:09:06.104] [INFO] logInfo - 用户1离开聊天室
[2016-06-14 14:09:10.157] [INFO] logInfo - 用户2进入11465884497756
[2016-06-14 14:09:16.268] [INFO] logInfo - 用户3连接进聊天程序
[2016-06-14 14:09:16.293] [INFO] logInfo - 用户3登陆，获取好友
[2016-06-14 14:09:16.507] [INFO] logInfo - 用户3登陆，获取自己的原来状态
[2016-06-14 14:09:19.333] [INFO] logInfo - 用户3进入group_0
[2016-06-14 14:09:23.308] [INFO] logInfo - 用户3进入11465884497756
[2016-06-14 14:09:28.100] [INFO] logInfo - 用户3进入11465884497756
[2016-06-14 14:09:30.786] [INFO] logInfo - 用户3进入11465884497756
[2016-06-14 14:09:36.732] [INFO] logInfo - 用户1连接进聊天程序
[2016-06-14 14:09:36.764] [INFO] logInfo - 用户1登陆，获取好友
[2016-06-14 14:09:36.987] [INFO] logInfo - 用户1登陆，获取自己的原来状态
[2016-06-14 14:09:37.100] [INFO] logInfo - 用户1进入11465884497756
[2016-06-14 14:09:48.292] [INFO] logInfo - 用户1解散教室
[2016-06-14 14:11:50.582] [INFO] logInfo - 用户4连接进聊天程序
[2016-06-14 14:11:50.613] [INFO] logInfo - 用户4登陆，获取好友
[2016-06-14 14:11:50.836] [INFO] logInfo - 用户4登陆，获取自己的原来状态
[2016-06-14 14:11:54.542] [INFO] logInfo - 用户4创建教室
[2016-06-14 14:11:54.551] [INFO] logInfo - 用户4进入group_0
[2016-06-14 14:11:54.577] [INFO] logInfo - 用户4进入41465884714540
[2016-06-14 14:12:10.942] [INFO] logInfo - 用户1进入41465884714540
[2016-06-14 14:20:22.923] [INFO] logInfo - 用户3离开聊天室
[2016-06-14 14:20:57.481] [INFO] logInfo - 用户2被提下线
[2016-06-14 14:20:57.485] [INFO] logInfo - 用户2离开聊天室
[2016-06-14 14:20:57.486] [INFO] logInfo - 用户2连接进聊天程序
[2016-06-14 14:20:57.511] [INFO] logInfo - 用户2登陆，获取好友
[2016-06-14 14:20:57.828] [INFO] logInfo - 用户2登陆，获取自己的原来状态
[2016-06-14 14:21:07.696] [INFO] logInfo - 用户2进入41465884714540
[2016-06-14 14:22:09.939] [INFO] logInfo - 用户4连接进聊天程序
[2016-06-14 14:22:09.944] [INFO] logInfo - 用户1连接进聊天程序
[2016-06-14 14:22:12.849] [INFO] logInfo - 用户4离开聊天室
[2016-06-14 14:22:13.914] [INFO] logInfo - 用户1被提下线
[2016-06-14 14:22:13.917] [INFO] logInfo - 用户1离开聊天室
[2016-06-14 14:22:13.926] [INFO] logInfo - 用户1连接进聊天程序
[2016-06-14 14:22:13.951] [INFO] logInfo - 用户1登陆，获取好友
[2016-06-14 14:22:14.163] [INFO] logInfo - 用户1登陆，获取自己的原来状态
[2016-06-14 14:22:14.186] [INFO] logInfo - 用户1进入41465884714540
[2016-06-14 14:22:15.602] [INFO] logInfo - 用户2连接进聊天程序
[2016-06-14 14:22:15.632] [INFO] logInfo - 用户2登陆，获取好友
[2016-06-14 14:22:15.840] [INFO] logInfo - 用户2登陆，获取自己的原来状态
[2016-06-14 14:22:15.884] [INFO] logInfo - 用户2进入41465884714540
[2016-06-14 14:22:18.007] [INFO] logInfo - 用户3连接进聊天程序
[2016-06-14 14:22:18.042] [INFO] logInfo - 用户3登陆，获取好友
[2016-06-14 14:22:18.250] [INFO] logInfo - 用户3登陆，获取自己的原来状态
[2016-06-14 14:22:21.397] [INFO] logInfo - 用户4连接进聊天程序
[2016-06-14 14:22:21.431] [INFO] logInfo - 用户4登陆，获取好友
[2016-06-14 14:22:21.635] [INFO] logInfo - 用户4登陆，获取自己的原来状态
[2016-06-14 14:22:21.672] [INFO] logInfo - 用户4进入41465884714540
[2016-06-14 14:22:28.538] [INFO] logInfo - 用户2进入41465884714540
[2016-06-14 14:22:29.417] [INFO] logInfo - 用户2进入41465884714540
[2016-06-14 14:22:49.626] [INFO] logInfo - 用户2进入41465884714540
[2016-06-14 14:22:56.775] [INFO] logInfo - 用户2进入41465884714540
[2016-06-14 14:23:00.479] [INFO] logInfo - 用户2进入41465884714540
[2016-06-14 14:23:12.396] [INFO] logInfo - 用户2离开聊天室
[2016-06-14 14:23:13.635] [INFO] logInfo - 用户2连接进聊天程序
[2016-06-14 14:23:13.658] [INFO] logInfo - 用户2登陆，获取好友
[2016-06-14 14:23:13.870] [INFO] logInfo - 用户2登陆，获取自己的原来状态
[2016-06-14 14:23:13.916] [INFO] logInfo - 用户2进入41465884714540
[2016-06-14 14:23:28.552] [INFO] logInfo - 用户3进入41465884714540
[2016-06-14 14:24:36.453] [INFO] logInfo - 用户2离开聊天室
[2016-06-14 14:24:36.459] [INFO] logInfo - 用户3离开聊天室
[2016-06-14 14:24:36.463] [INFO] logInfo - 用户4离开聊天室
[2016-06-14 14:24:36.486] [INFO] logInfo - 用户1离开聊天室
[2016-06-14 14:26:13.691] [INFO] logInfo - 用户9连接进聊天程序
[2016-06-14 14:26:13.720] [INFO] logInfo - 用户9登陆，获取好友
[2016-06-14 14:26:13.954] [INFO] logInfo - 用户9登陆，获取自己的原来状态
[2016-06-14 14:26:17.971] [INFO] logInfo - 用户9进入group_0
[2016-06-14 14:26:20.298] [INFO] logInfo - 用户9进入41465884714540
[2016-06-14 14:26:47.644] [INFO] logInfo - 用户1连接进聊天程序
[2016-06-14 14:26:47.672] [INFO] logInfo - 用户1登陆，获取好友
[2016-06-14 14:26:47.902] [INFO] logInfo - 用户1登陆，获取自己的原来状态
[2016-06-14 14:26:48.018] [INFO] logInfo - 用户1进入41465884714540
[2016-06-14 14:27:06.569] [INFO] logInfo - 用户1进入41465884714540
[2016-06-14 14:27:09.713] [INFO] logInfo - 用户1进入41465884714540
[2016-06-14 14:27:23.926] [INFO] logInfo - 用户1离开聊天室
[2016-06-14 14:27:26.936] [INFO] logInfo - 用户1连接进聊天程序
[2016-06-14 14:27:26.972] [INFO] logInfo - 用户1登陆，获取好友
[2016-06-14 14:27:27.200] [INFO] logInfo - 用户1登陆，获取自己的原来状态
[2016-06-14 14:27:27.244] [INFO] logInfo - 用户1进入41465884714540
[2016-06-14 14:27:39.240] [INFO] logInfo - 用户1离开聊天室
[2016-06-14 14:27:40.211] [INFO] logInfo - 用户2连接进聊天程序
[2016-06-14 14:27:40.249] [INFO] logInfo - 用户2登陆，获取好友
[2016-06-14 14:27:40.474] [INFO] logInfo - 用户2登陆，获取自己的原来状态
[2016-06-14 14:27:40.511] [INFO] logInfo - 用户2进入41465884714540
[2016-06-14 14:27:44.527] [INFO] logInfo - 用户2离开聊天室
[2016-06-14 14:27:46.747] [INFO] logInfo - 用户1连接进聊天程序
[2016-06-14 14:27:46.789] [INFO] logInfo - 用户1登陆，获取好友
[2016-06-14 14:27:47.013] [INFO] logInfo - 用户1登陆，获取自己的原来状态
[2016-06-14 14:27:47.057] [INFO] logInfo - 用户1进入41465884714540
[2016-06-14 14:28:01.890] [INFO] logInfo - 用户1离开聊天室
[2016-06-14 14:28:04.301] [INFO] logInfo - 用户1连接进聊天程序
[2016-06-14 14:28:04.338] [INFO] logInfo - 用户1登陆，获取好友
[2016-06-14 14:28:04.566] [INFO] logInfo - 用户1登陆，获取自己的原来状态
[2016-06-14 14:28:04.609] [INFO] logInfo - 用户1进入41465884714540
[2016-06-14 14:32:30.751] [INFO] logInfo - 用户9连接进聊天程序
[2016-06-14 14:32:30.913] [INFO] logInfo - 用户1连接进聊天程序
[2016-06-14 14:32:33.681] [INFO] logInfo - 用户9离开聊天室
[2016-06-14 14:32:33.689] [INFO] logInfo - 用户1离开聊天室
[2016-06-14 14:33:28.429] [INFO] logInfo - 用户1连接进聊天程序
[2016-06-14 14:33:28.452] [INFO] logInfo - 用户1登陆，获取好友
[2016-06-14 14:33:28.643] [INFO] logInfo - 用户1登陆，获取自己的原来状态
[2016-06-14 14:33:28.713] [INFO] logInfo - 用户1进入41465884714540
[2016-06-14 14:33:50.755] [INFO] logInfo - 用户1离开聊天室
[2016-06-14 14:33:52.625] [INFO] logInfo - 用户6连接进聊天程序
[2016-06-14 14:33:52.664] [INFO] logInfo - 用户6登陆，获取好友
[2016-06-14 14:33:52.846] [INFO] logInfo - 用户6登陆，获取自己的原来状态
[2016-06-14 14:33:55.447] [INFO] logInfo - 用户6进入group_0
[2016-06-14 14:34:02.258] [INFO] logInfo - 用户6进入41465884714540
[2016-06-14 14:34:05.575] [INFO] logInfo - 用户6离开聊天室
[2016-06-14 14:35:46.124] [INFO] logInfo - 用户6连接进聊天程序
[2016-06-14 14:35:46.148] [INFO] logInfo - 用户6登陆，获取好友
[2016-06-14 14:35:46.378] [INFO] logInfo - 用户6登陆，获取自己的原来状态
[2016-06-14 14:35:46.424] [INFO] logInfo - 用户6进入41465884714540
[2016-06-14 14:37:38.649] [INFO] logInfo - 用户6离开聊天室
[2016-06-14 14:40:26.847] [INFO] logInfo - 用户1连接进聊天程序
[2016-06-14 14:40:26.877] [INFO] logInfo - 用户1登陆，获取好友
[2016-06-14 14:40:27.117] [INFO] logInfo - 用户1登陆，获取自己的原来状态
[2016-06-14 14:40:29.531] [INFO] logInfo - 用户1进入group_0
[2016-06-14 14:40:30.992] [INFO] logInfo - 用户1创建教室
[2016-06-14 14:40:31.001] [INFO] logInfo - 用户1进入group_0
[2016-06-14 14:40:31.024] [INFO] logInfo - 用户1进入11465886430990
[2016-06-14 14:40:34.865] [INFO] logInfo - 用户1离开聊天室
[2016-06-14 14:41:13.594] [INFO] logInfo - 用户1连接进聊天程序
[2016-06-14 14:41:13.610] [INFO] logInfo - 用户1登陆，获取好友
[2016-06-14 14:41:13.842] [INFO] logInfo - 用户1登陆，获取自己的原来状态
[2016-06-14 14:41:13.994] [INFO] logInfo - 用户1进入11465886430990
[2016-06-14 14:41:43.561] [INFO] logInfo - 用户2连接进聊天程序
[2016-06-14 14:41:43.591] [INFO] logInfo - 用户2登陆，获取好友
[2016-06-14 14:41:43.809] [INFO] logInfo - 用户2登陆，获取自己的原来状态
[2016-06-14 14:41:46.704] [INFO] logInfo - 用户2进入group_0
[2016-06-14 14:41:47.463] [INFO] logInfo - 用户2进入11465886430990
[2016-06-14 14:41:56.241] [INFO] logInfo - 用户2离开聊天室
[2016-06-14 14:42:32.216] [INFO] logInfo - 用户3连接进聊天程序
[2016-06-14 14:42:32.246] [INFO] logInfo - 用户3登陆，获取好友
[2016-06-14 14:42:32.483] [INFO] logInfo - 用户3登陆，获取自己的原来状态
[2016-06-14 14:42:35.320] [INFO] logInfo - 用户3进入group_0
[2016-06-14 14:42:46.928] [INFO] logInfo - 用户3创建教室
[2016-06-14 14:42:46.948] [INFO] logInfo - 用户3进入group_0
[2016-06-14 14:42:46.957] [INFO] logInfo - 用户3进入31465886566925
[2016-06-14 14:43:03.098] [INFO] logInfo - 用户2连接进聊天程序
[2016-06-14 14:43:03.135] [INFO] logInfo - 用户2登陆，获取好友
[2016-06-14 14:43:03.367] [INFO] logInfo - 用户2登陆，获取自己的原来状态
[2016-06-14 14:43:03.517] [INFO] logInfo - 用户2进入11465886430990
[2016-06-14 14:43:16.661] [INFO] logInfo - 用户2离开聊天室
[2016-06-14 14:43:17.427] [INFO] logInfo - 用户1离开聊天室
[2016-06-14 14:43:37.440] [INFO] logInfo - 用户4连接进聊天程序
[2016-06-14 14:43:37.470] [INFO] logInfo - 用户4登陆，获取好友
[2016-06-14 14:43:37.700] [INFO] logInfo - 用户4登陆，获取自己的原来状态
[2016-06-14 14:43:41.577] [INFO] logInfo - 用户4进入group_0
[2016-06-14 14:43:48.219] [INFO] logInfo - 用户4进入31465886566925
[2016-06-14 14:44:05.104] [INFO] logInfo - 用户1连接进聊天程序
[2016-06-14 14:44:05.133] [INFO] logInfo - 用户1登陆，获取好友
[2016-06-14 14:44:05.360] [INFO] logInfo - 用户1登陆，获取自己的原来状态
[2016-06-14 14:44:05.494] [INFO] logInfo - 用户1进入11465886430990
[2016-06-14 14:44:09.867] [INFO] logInfo - 用户2连接进聊天程序
[2016-06-14 14:44:09.904] [INFO] logInfo - 用户2登陆，获取好友
[2016-06-14 14:44:10.132] [INFO] logInfo - 用户2登陆，获取自己的原来状态
[2016-06-14 14:44:10.248] [INFO] logInfo - 用户2进入11465886430990
[2016-06-14 14:45:34.909] [INFO] logInfo - 用户2离开聊天室
[2016-06-14 14:45:39.568] [INFO] logInfo - 用户5连接进聊天程序
[2016-06-14 14:45:39.601] [INFO] logInfo - 用户5登陆，获取好友
[2016-06-14 14:45:39.837] [INFO] logInfo - 用户5登陆，获取自己的原来状态
[2016-06-14 14:45:42.087] [INFO] logInfo - 用户5进入group_0
[2016-06-14 14:45:43.184] [INFO] logInfo - 用户5进入31465886566925
[2016-06-14 14:46:46.838] [INFO] logInfo - 用户3解散教室
[2016-06-14 14:46:52.795] [INFO] logInfo - 用户1解散教室
[2016-06-14 14:46:56.205] [INFO] logInfo - 用户3离开聊天室
[2016-06-14 14:46:57.667] [INFO] logInfo - 用户1被提下线
[2016-06-14 14:46:57.674] [INFO] logInfo - 用户1离开聊天室
[2016-06-14 14:46:57.677] [INFO] logInfo - 用户1连接进聊天程序
[2016-06-14 14:46:57.702] [INFO] logInfo - 用户1登陆，获取好友
[2016-06-14 14:46:57.918] [INFO] logInfo - 用户1登陆，获取自己的原来状态
[2016-06-14 14:46:58.657] [INFO] logInfo - 用户4离开聊天室
[2016-06-14 14:46:59.523] [INFO] logInfo - 用户2连接进聊天程序
[2016-06-14 14:46:59.557] [INFO] logInfo - 用户2登陆，获取好友
[2016-06-14 14:46:59.769] [INFO] logInfo - 用户2登陆，获取自己的原来状态
[2016-06-14 14:47:02.115] [INFO] logInfo - 用户3连接进聊天程序
[2016-06-14 14:47:02.147] [INFO] logInfo - 用户3登陆，获取好友
[2016-06-14 14:47:02.425] [INFO] logInfo - 用户3登陆，获取自己的原来状态
[2016-06-14 14:47:02.879] [INFO] logInfo - 用户5离开聊天室
[2016-06-14 14:47:03.722] [INFO] logInfo - 用户4连接进聊天程序
[2016-06-14 14:47:03.754] [INFO] logInfo - 用户4登陆，获取好友
[2016-06-14 14:47:03.981] [INFO] logInfo - 用户4登陆，获取自己的原来状态
[2016-06-14 14:47:07.100] [INFO] logInfo - 用户1创建教室
[2016-06-14 14:47:07.108] [INFO] logInfo - 用户1进入group_0
[2016-06-14 14:47:07.115] [INFO] logInfo - 用户1进入11465886827099
[2016-06-14 14:47:09.332] [INFO] logInfo - 用户2进入11465886827099
[2016-06-14 14:47:24.531] [INFO] logInfo - 用户2离开聊天室
[2016-06-14 14:47:29.977] [INFO] logInfo - 用户3进入11465886827099
[2016-06-14 14:47:41.243] [INFO] logInfo - 用户2连接进聊天程序
[2016-06-14 14:47:41.267] [INFO] logInfo - 用户2登陆，获取好友
[2016-06-14 14:47:41.502] [INFO] logInfo - 用户2登陆，获取自己的原来状态
[2016-06-14 14:49:21.933] [INFO] logInfo - 用户2连接进聊天程序
[2016-06-14 14:49:21.939] [INFO] logInfo - 用户3连接进聊天程序
[2016-06-14 14:49:21.940] [INFO] logInfo - 用户1连接进聊天程序
[2016-06-14 14:49:22.930] [INFO] logInfo - 用户4连接进聊天程序
[2016-06-14 14:49:23.837] [INFO] logInfo - 用户1离开聊天室
[2016-06-14 14:49:24.724] [INFO] logInfo - 用户1连接进聊天程序
[2016-06-14 14:49:24.756] [INFO] logInfo - 用户1登陆，获取好友
[2016-06-14 14:49:24.938] [INFO] logInfo - 用户1登陆，获取自己的原来状态
[2016-06-14 14:49:24.981] [INFO] logInfo - 用户1进入11465886827099
[2016-06-14 14:49:25.426] [INFO] logInfo - 用户3离开聊天室
[2016-06-14 14:49:26.213] [INFO] logInfo - 用户2被提下线
[2016-06-14 14:49:26.215] [INFO] logInfo - 用户2离开聊天室
[2016-06-14 14:49:26.221] [INFO] logInfo - 用户2连接进聊天程序
[2016-06-14 14:49:26.240] [INFO] logInfo - 用户2登陆，获取好友
[2016-06-14 14:49:26.415] [INFO] logInfo - 用户2登陆，获取自己的原来状态
[2016-06-14 14:49:26.463] [INFO] logInfo - 用户2进入11465886827099
[2016-06-14 14:49:27.003] [INFO] logInfo - 用户4离开聊天室
[2016-06-14 14:49:27.788] [INFO] logInfo - 用户3连接进聊天程序
[2016-06-14 14:49:27.815] [INFO] logInfo - 用户3登陆，获取好友
[2016-06-14 14:49:27.985] [INFO] logInfo - 用户3登陆，获取自己的原来状态
[2016-06-14 14:49:28.027] [INFO] logInfo - 用户3进入11465886827099
[2016-06-14 14:49:31.370] [INFO] logInfo - 用户4连接进聊天程序
[2016-06-14 14:49:31.394] [INFO] logInfo - 用户4登陆，获取好友
[2016-06-14 14:49:31.584] [INFO] logInfo - 用户4登陆，获取自己的原来状态
[2016-06-14 14:50:10.052] [INFO] logInfo - 用户1离开聊天室
[2016-06-14 14:50:10.474] [INFO] logInfo - 用户2离开聊天室
[2016-06-14 14:50:10.921] [INFO] logInfo - 用户3离开聊天室
[2016-06-14 14:50:11.568] [INFO] logInfo - 用户4离开聊天室
[2016-06-14 14:50:18.487] [INFO] logInfo - 用户7连接进聊天程序
[2016-06-14 14:50:18.514] [INFO] logInfo - 用户7登陆，获取好友
[2016-06-14 14:50:18.695] [INFO] logInfo - 用户7登陆，获取自己的原来状态
[2016-06-14 14:50:21.363] [INFO] logInfo - 用户7进入group_0
[2016-06-14 14:50:35.398] [INFO] logInfo - 用户7离开聊天室
[2016-06-14 14:56:42.197] [INFO] logInfo - 用户1连接进聊天程序
[2016-06-14 14:56:42.216] [INFO] logInfo - 用户1登陆，获取好友
[2016-06-14 14:56:42.507] [INFO] logInfo - 用户1登陆，获取自己的原来状态
[2016-06-14 14:56:46.995] [INFO] logInfo - 用户1创建教室
[2016-06-14 14:56:47.006] [INFO] logInfo - 用户1进入group_0
[2016-06-14 14:56:47.037] [INFO] logInfo - 用户1进入11465887406992
[2016-06-14 14:56:52.467] [INFO] logInfo - 用户2连接进聊天程序
[2016-06-14 14:56:52.494] [INFO] logInfo - 用户2登陆，获取好友
[2016-06-14 14:56:52.733] [INFO] logInfo - 用户2登陆，获取自己的原来状态
[2016-06-14 14:56:57.154] [INFO] logInfo - 用户3连接进聊天程序
[2016-06-14 14:56:57.183] [INFO] logInfo - 用户3登陆，获取好友
[2016-06-14 14:56:57.461] [INFO] logInfo - 用户3登陆，获取自己的原来状态
[2016-06-14 14:56:59.867] [INFO] logInfo - 用户2进入group_0
[2016-06-14 14:57:00.646] [INFO] logInfo - 用户2进入11465887406992
[2016-06-14 14:57:03.944] [INFO] logInfo - 用户3进入group_0
[2016-06-14 14:57:04.683] [INFO] logInfo - 用户3进入11465887406992
[2016-06-14 14:59:01.224] [INFO] logInfo - 用户1离开聊天室
[2016-06-14 14:59:01.231] [INFO] logInfo - 用户2离开聊天室
[2016-06-14 14:59:01.232] [INFO] logInfo - 用户3离开聊天室
[2016-06-14 15:03:05.405] [INFO] logInfo - 用户1连接进聊天程序
[2016-06-14 15:03:05.434] [INFO] logInfo - 用户1登陆，获取好友
[2016-06-14 15:03:05.642] [INFO] logInfo - 用户1登陆，获取自己的原来状态
[2016-06-14 15:03:11.615] [INFO] logInfo - 用户2连接进聊天程序
[2016-06-14 15:03:11.642] [INFO] logInfo - 用户2登陆，获取好友
[2016-06-14 15:03:11.852] [INFO] logInfo - 用户2登陆，获取自己的原来状态
[2016-06-14 15:03:17.977] [INFO] logInfo - 用户3连接进聊天程序
[2016-06-14 15:03:18.010] [INFO] logInfo - 用户3登陆，获取好友
[2016-06-14 15:03:18.223] [INFO] logInfo - 用户3登陆，获取自己的原来状态
[2016-06-14 15:03:26.912] [INFO] logInfo - 用户1创建教室
[2016-06-14 15:03:26.922] [INFO] logInfo - 用户1进入group_0
[2016-06-14 15:03:26.958] [INFO] logInfo - 用户1进入11465887806909
[2016-06-14 15:03:30.467] [INFO] logInfo - 用户2进入group_1
[2016-06-14 15:03:30.953] [INFO] logInfo - 用户2进入group_0
[2016-06-14 15:03:31.876] [INFO] logInfo - 用户2进入11465887806909
[2016-06-14 15:03:35.727] [INFO] logInfo - 用户3进入group_0
[2016-06-14 15:03:38.418] [INFO] logInfo - 用户2离开聊天室
[2016-06-14 15:04:03.827] [INFO] logInfo - 用户3进入11465887806909
[2016-06-14 15:04:08.507] [INFO] logInfo - 用户2连接进聊天程序
[2016-06-14 15:04:08.539] [INFO] logInfo - 用户2登陆，获取好友
[2016-06-14 15:04:08.754] [INFO] logInfo - 用户2登陆，获取自己的原来状态
[2016-06-14 15:04:12.229] [INFO] logInfo - 用户3离开聊天室
[2016-06-14 15:11:07.915] [INFO] logInfo - 用户1连接进聊天程序
[2016-06-14 15:11:07.937] [INFO] logInfo - 用户1登陆，获取好友
[2016-06-14 15:11:08.153] [INFO] logInfo - 用户1登陆，获取自己的原来状态
[2016-06-14 15:11:10.830] [INFO] logInfo - 用户1进入group_0
[2016-06-14 15:11:13.767] [INFO] logInfo - 用户1创建教室
[2016-06-14 15:11:13.776] [INFO] logInfo - 用户1进入group_0
[2016-06-14 15:11:13.787] [INFO] logInfo - 用户1进入11465888273765
[2016-06-14 15:11:19.660] [INFO] logInfo - 用户2连接进聊天程序
[2016-06-14 15:11:19.678] [INFO] logInfo - 用户2登陆，获取好友
[2016-06-14 15:11:19.906] [INFO] logInfo - 用户2登陆，获取自己的原来状态
[2016-06-14 15:11:23.491] [INFO] logInfo - 用户2进入group_0
[2016-06-14 15:11:24.516] [INFO] logInfo - 用户2进入11465888273765
[2016-06-14 15:11:28.193] [INFO] logInfo - 用户3连接进聊天程序
[2016-06-14 15:11:28.222] [INFO] logInfo - 用户3登陆，获取好友
[2016-06-14 15:11:28.435] [INFO] logInfo - 用户3登陆，获取自己的原来状态
[2016-06-14 15:11:31.090] [INFO] logInfo - 用户3进入group_0
[2016-06-14 15:11:35.431] [INFO] logInfo - 用户4连接进聊天程序
[2016-06-14 15:11:35.472] [INFO] logInfo - 用户4登陆，获取好友
[2016-06-14 15:11:35.747] [INFO] logInfo - 用户4登陆，获取自己的原来状态
[2016-06-14 15:11:37.841] [INFO] logInfo - 用户4进入group_0
[2016-06-14 15:11:40.341] [INFO] logInfo - 用户2离开聊天室
[2016-06-14 15:13:06.507] [INFO] logInfo - 用户4进入11465888273765
[2016-06-14 15:13:19.418] [INFO] logInfo - 用户2连接进聊天程序
[2016-06-14 15:13:19.452] [INFO] logInfo - 用户2登陆，获取好友
[2016-06-14 15:13:19.682] [INFO] logInfo - 用户2登陆，获取自己的原来状态
[2016-06-14 15:13:31.706] [INFO] logInfo - 用户3离开聊天室
[2016-06-14 15:13:38.971] [INFO] logInfo - 用户3连接进聊天程序
[2016-06-14 15:13:39.013] [INFO] logInfo - 用户3登陆，获取好友
[2016-06-14 15:13:39.243] [INFO] logInfo - 用户3登陆，获取自己的原来状态
[2016-06-14 15:13:58.207] [INFO] logInfo - 用户4离开聊天室
[2016-06-14 15:14:03.714] [INFO] logInfo - 用户2进入11465888273765
[2016-06-14 15:14:15.711] [INFO] logInfo - 用户2离开聊天室
[2016-06-14 15:14:16.883] [INFO] logInfo - 用户3进入11465888273765
[2016-06-14 15:14:20.990] [INFO] logInfo - 用户3被提下线
[2016-06-14 15:14:20.996] [INFO] logInfo - 用户3离开聊天室
[2016-06-14 15:14:20.998] [INFO] logInfo - 用户3连接进聊天程序
[2016-06-14 15:14:21.032] [INFO] logInfo - 用户3登陆，获取好友
[2016-06-14 15:14:21.258] [INFO] logInfo - 用户3登陆，获取自己的原来状态
[2016-06-14 15:14:21.391] [INFO] logInfo - 用户3进入11465888273765
[2016-06-14 15:14:29.906] [INFO] logInfo - 用户2连接进聊天程序
[2016-06-14 15:14:29.935] [INFO] logInfo - 用户2登陆，获取好友
[2016-06-14 15:14:30.158] [INFO] logInfo - 用户2登陆，获取自己的原来状态
[2016-06-14 15:14:35.814] [INFO] logInfo - 用户4连接进聊天程序
[2016-06-14 15:14:35.845] [INFO] logInfo - 用户4登陆，获取好友
[2016-06-14 15:14:36.067] [INFO] logInfo - 用户4登陆，获取自己的原来状态
[2016-06-14 15:14:45.527] [INFO] logInfo - 用户4离开聊天室
[2016-06-14 15:15:01.809] [INFO] logInfo - 用户4连接进聊天程序
[2016-06-14 15:15:01.867] [INFO] logInfo - 用户4登陆，获取好友
[2016-06-14 15:15:02.086] [INFO] logInfo - 用户4登陆，获取自己的原来状态
[2016-06-14 15:15:13.930] [INFO] logInfo - 用户5连接进聊天程序
[2016-06-14 15:15:13.966] [INFO] logInfo - 用户5登陆，获取好友
[2016-06-14 15:15:14.190] [INFO] logInfo - 用户5登陆，获取自己的原来状态
[2016-06-14 15:15:18.170] [INFO] logInfo - 用户5进入group_0
[2016-06-14 15:15:19.770] [INFO] logInfo - 用户5创建教室
[2016-06-14 15:15:19.779] [INFO] logInfo - 用户5进入group_0
[2016-06-14 15:15:19.797] [INFO] logInfo - 用户5进入51465888519767
[2016-06-14 15:17:08.355] [INFO] logInfo - 用户4进入51465888519767
[2016-06-14 15:17:12.524] [INFO] logInfo - 用户2进入51465888519767
[2016-06-14 15:17:23.393] [INFO] logInfo - 用户5离开聊天室
[2016-06-14 15:17:29.270] [INFO] logInfo - 用户4离开聊天室
[2016-06-14 15:17:38.334] [INFO] logInfo - 用户3离开聊天室
[2016-06-14 15:17:39.061] [INFO] logInfo - 用户2离开聊天室
[2016-06-14 15:17:40.574] [INFO] logInfo - 用户1离开聊天室
[2016-06-14 15:17:59.521] [INFO] logInfo - 用户1连接进聊天程序
[2016-06-14 15:17:59.568] [INFO] logInfo - 用户1登陆，获取好友
[2016-06-14 15:17:59.793] [INFO] logInfo - 用户1登陆，获取自己的原来状态
[2016-06-14 15:17:59.928] [INFO] logInfo - 用户1进入11465888273765
[2016-06-14 15:18:07.286] [INFO] logInfo - 用户9连接进聊天程序
[2016-06-14 15:18:07.327] [INFO] logInfo - 用户9登陆，获取好友
[2016-06-14 15:18:07.551] [INFO] logInfo - 用户9登陆，获取自己的原来状态
[2016-06-14 15:18:10.283] [INFO] logInfo - 用户9进入group_0
[2016-06-14 15:18:11.832] [INFO] logInfo - 用户9进入11465888273765
[2016-06-14 15:18:18.911] [INFO] logInfo - 用户3连接进聊天程序
[2016-06-14 15:18:18.941] [INFO] logInfo - 用户3登陆，获取好友
[2016-06-14 15:18:19.171] [INFO] logInfo - 用户3登陆，获取自己的原来状态
[2016-06-14 15:18:30.720] [INFO] logInfo - 用户3被提下线
[2016-06-14 15:18:30.724] [INFO] logInfo - 用户3离开聊天室
[2016-06-14 15:18:30.726] [INFO] logInfo - 用户3连接进聊天程序
[2016-06-14 15:18:30.758] [INFO] logInfo - 用户3登陆，获取好友
[2016-06-14 15:18:30.979] [INFO] logInfo - 用户3登陆，获取自己的原来状态
[2016-06-14 15:18:40.310] [INFO] logInfo - 用户3被提下线
[2016-06-14 15:18:40.313] [INFO] logInfo - 用户3离开聊天室
[2016-06-14 15:18:40.314] [INFO] logInfo - 用户3连接进聊天程序
[2016-06-14 15:18:40.341] [INFO] logInfo - 用户3登陆，获取好友
[2016-06-14 15:18:40.569] [INFO] logInfo - 用户3登陆，获取自己的原来状态
[2016-06-14 15:18:44.226] [INFO] logInfo - 用户4连接进聊天程序
[2016-06-14 15:18:44.314] [INFO] logInfo - 用户4登陆，获取好友
[2016-06-14 15:18:44.536] [INFO] logInfo - 用户4登陆，获取自己的原来状态
[2016-06-14 15:18:44.580] [INFO] logInfo - 用户4进入51465888519767
[2016-06-14 15:19:43.016] [INFO] logInfo - 用户1离开聊天室
[2016-06-14 15:19:50.237] [INFO] logInfo - 用户3进入11465888273765
[2016-06-14 15:19:54.008] [INFO] logInfo - 用户3离开教室
[2016-06-14 15:19:56.895] [INFO] logInfo - 用户4离开教室
[2016-06-14 15:20:15.116] [INFO] logInfo - 用户9离开聊天室
[2016-06-14 15:20:15.806] [INFO] logInfo - 用户1连接进聊天程序
[2016-06-14 15:20:15.866] [INFO] logInfo - 用户1登陆，获取好友
[2016-06-14 15:20:16.099] [INFO] logInfo - 用户1登陆，获取自己的原来状态
[2016-06-14 15:20:16.141] [INFO] logInfo - 用户1进入11465888273765
[2016-06-14 15:20:21.681] [INFO] logInfo - 用户3离开聊天室
[2016-06-14 15:20:22.188] [INFO] logInfo - 用户2连接进聊天程序
[2016-06-14 15:20:22.209] [INFO] logInfo - 用户2登陆，获取好友
[2016-06-14 15:20:22.816] [INFO] logInfo - 用户2登陆，获取自己的原来状态
[2016-06-14 15:20:22.859] [INFO] logInfo - 用户2进入51465888519767
[2016-06-14 15:20:26.332] [INFO] logInfo - 用户4离开聊天室
[2016-06-14 15:20:26.982] [INFO] logInfo - 用户3连接进聊天程序
[2016-06-14 15:20:27.007] [INFO] logInfo - 用户3登陆，获取好友
[2016-06-14 15:20:27.559] [INFO] logInfo - 用户3登陆，获取自己的原来状态
[2016-06-14 15:20:47.752] [INFO] logInfo - 用户2离开聊天室
[2016-06-14 15:20:47.756] [INFO] logInfo - 用户3离开聊天室
[2016-06-14 15:20:47.773] [INFO] logInfo - 用户1离开聊天室
[2016-06-14 15:21:00.670] [INFO] logInfo - 用户1连接进聊天程序
[2016-06-14 15:21:00.731] [INFO] logInfo - 用户1登陆，获取好友
[2016-06-14 15:21:01.274] [INFO] logInfo - 用户1登陆，获取自己的原来状态
[2016-06-14 15:21:01.374] [INFO] logInfo - 用户1进入11465888273765
[2016-06-14 15:21:12.129] [INFO] logInfo - 用户2连接进聊天程序
[2016-06-14 15:21:12.153] [INFO] logInfo - 用户2登陆，获取好友
[2016-06-14 15:21:12.405] [INFO] logInfo - 用户2登陆，获取自己的原来状态
[2016-06-14 15:21:12.548] [INFO] logInfo - 用户2进入51465888519767
[2016-06-14 15:21:31.833] [INFO] logInfo - 用户3连接进聊天程序
[2016-06-14 15:21:31.860] [INFO] logInfo - 用户3登陆，获取好友
[2016-06-14 15:21:32.107] [INFO] logInfo - 用户3登陆，获取自己的原来状态
[2016-06-14 15:21:36.379] [INFO] logInfo - 用户4连接进聊天程序
[2016-06-14 15:21:36.407] [INFO] logInfo - 用户4登陆，获取好友
[2016-06-14 15:21:36.734] [INFO] logInfo - 用户4登陆，获取自己的原来状态
[2016-06-14 15:21:47.749] [INFO] logInfo - 用户5连接进聊天程序
[2016-06-14 15:21:47.783] [INFO] logInfo - 用户5登陆，获取好友
[2016-06-14 15:21:49.262] [INFO] logInfo - 用户5登陆，获取自己的原来状态
[2016-06-14 15:21:49.436] [INFO] logInfo - 用户5进入51465888519767
[2016-06-14 15:21:54.296] [INFO] logInfo - 用户9连接进聊天程序
[2016-06-14 15:21:54.349] [INFO] logInfo - 用户9登陆，获取好友
[2016-06-14 15:21:58.877] [INFO] logInfo - 用户9登陆，获取自己的原来状态
[2016-06-14 15:21:59.002] [INFO] logInfo - 用户9进入11465888273765
[2016-06-14 15:22:04.622] [INFO] logInfo - 用户1离开聊天室
[2016-06-14 15:22:11.516] [INFO] logInfo - 用户3进入11465888273765
[2016-06-14 15:22:25.198] [INFO] logInfo - 用户3离开聊天室
[2016-06-14 15:22:28.406] [INFO] logInfo - 用户9离开聊天室
[2016-06-14 15:22:32.428] [INFO] logInfo - 用户4离开聊天室
[2016-06-14 15:22:33.699] [INFO] logInfo - 用户3连接进聊天程序
[2016-06-14 15:22:33.729] [INFO] logInfo - 用户3登陆，获取好友
[2016-06-14 15:22:33.940] [INFO] logInfo - 用户3登陆，获取自己的原来状态
[2016-06-14 15:22:33.967] [INFO] logInfo - 用户3进入11465888273765
[2016-06-14 15:22:38.341] [INFO] logInfo - 用户9连接进聊天程序
[2016-06-14 15:22:38.370] [INFO] logInfo - 用户9登陆，获取好友
[2016-06-14 15:22:39.001] [INFO] logInfo - 用户9登陆，获取自己的原来状态
[2016-06-14 15:22:39.126] [INFO] logInfo - 用户9进入11465888273765
[2016-06-14 15:22:44.819] [INFO] logInfo - 用户1连接进聊天程序
[2016-06-14 15:22:44.864] [INFO] logInfo - 用户1登陆，获取好友
[2016-06-14 15:22:45.487] [INFO] logInfo - 用户1登陆，获取自己的原来状态
[2016-06-14 15:22:50.728] [INFO] logInfo - 用户9离开教室
[2016-06-14 15:23:06.725] [INFO] logInfo - 用户1进入51465888519767
[2016-06-14 15:23:21.856] [INFO] logInfo - 用户3离开教室
[2016-06-14 15:23:36.006] [INFO] logInfo - 用户2离开聊天室
[2016-06-14 15:23:36.588] [INFO] logInfo - 用户1被提下线
[2016-06-14 15:23:36.589] [INFO] logInfo - 用户1离开聊天室
[2016-06-14 15:23:36.592] [INFO] logInfo - 用户1连接进聊天程序
[2016-06-14 15:23:36.615] [INFO] logInfo - 用户1登陆，获取好友
[2016-06-14 15:23:36.834] [INFO] logInfo - 用户1登陆，获取自己的原来状态
[2016-06-14 15:23:36.879] [INFO] logInfo - 用户1进入51465888519767
[2016-06-14 15:23:41.576] [INFO] logInfo - 用户3离开聊天室
[2016-06-14 15:23:42.239] [INFO] logInfo - 用户2连接进聊天程序
[2016-06-14 15:23:42.263] [INFO] logInfo - 用户2登陆，获取好友
[2016-06-14 15:23:42.486] [INFO] logInfo - 用户2登陆，获取自己的原来状态
[2016-06-14 15:23:42.535] [INFO] logInfo - 用户2进入51465888519767
[2016-06-14 15:23:45.922] [INFO] logInfo - 用户5离开聊天室
[2016-06-14 15:23:46.750] [INFO] logInfo - 用户3连接进聊天程序
[2016-06-14 15:23:46.783] [INFO] logInfo - 用户3登陆，获取好友
[2016-06-14 15:23:47.007] [INFO] logInfo - 用户3登陆，获取自己的原来状态
[2016-06-14 15:23:52.712] [INFO] logInfo - 用户9离开聊天室
[2016-06-14 15:23:53.402] [INFO] logInfo - 用户4连接进聊天程序
[2016-06-14 15:23:53.433] [INFO] logInfo - 用户4登陆，获取好友
[2016-06-14 15:23:53.655] [INFO] logInfo - 用户4登陆，获取自己的原来状态
[2016-06-14 15:23:58.488] [INFO] logInfo - 用户5连接进聊天程序
[2016-06-14 15:23:58.513] [INFO] logInfo - 用户5登陆，获取好友
[2016-06-14 15:23:58.736] [INFO] logInfo - 用户5登陆，获取自己的原来状态
[2016-06-14 15:23:58.772] [INFO] logInfo - 用户5进入51465888519767
[2016-06-14 15:24:03.465] [INFO] logInfo - 用户6连接进聊天程序
[2016-06-14 15:24:03.498] [INFO] logInfo - 用户6登陆，获取好友
[2016-06-14 15:24:03.729] [INFO] logInfo - 用户6登陆，获取自己的原来状态
[2016-06-14 15:24:12.735] [INFO] logInfo - 用户6离开聊天室
[2016-06-14 15:24:13.845] [INFO] logInfo - 用户9连接进聊天程序
[2016-06-14 15:24:13.876] [INFO] logInfo - 用户9登陆，获取好友
[2016-06-14 15:24:14.098] [INFO] logInfo - 用户9登陆，获取自己的原来状态
[2016-06-14 15:24:16.877] [INFO] logInfo - 用户9进入11465888273765
[2016-06-14 15:24:31.230] [INFO] logInfo - 用户1离开教室
[2016-06-14 15:24:32.411] [INFO] logInfo - 用户1进入11465888273765
[2016-06-14 15:24:40.302] [INFO] logInfo - 用户1解散教室
[2016-06-14 15:27:07.482] [INFO] logInfo - 用户9进入51465888519767
[2016-06-14 15:27:15.140] [INFO] logInfo - 用户9离开聊天室
[2016-06-14 15:27:18.834] [INFO] logInfo - 用户9连接进聊天程序
[2016-06-14 15:27:18.862] [INFO] logInfo - 用户9登陆，获取好友
[2016-06-14 15:27:19.089] [INFO] logInfo - 用户9登陆，获取自己的原来状态
[2016-06-14 15:27:19.146] [INFO] logInfo - 用户9进入51465888519767
[2016-06-14 15:27:54.687] [INFO] logInfo - 用户9离开教室
[2016-06-14 15:28:08.889] [INFO] logInfo - 用户9创建教室
[2016-06-14 15:28:08.902] [INFO] logInfo - 用户9进入group_0
[2016-06-14 15:28:08.914] [INFO] logInfo - 用户9进入91465889288887
[2016-06-14 15:29:45.711] [INFO] logInfo - 用户1离开聊天室
[2016-06-14 15:29:45.716] [INFO] logInfo - 用户2离开聊天室
[2016-06-14 15:29:45.756] [INFO] logInfo - 用户5离开聊天室
[2016-06-14 15:29:45.757] [INFO] logInfo - 用户3离开聊天室
[2016-06-14 15:29:45.757] [INFO] logInfo - 用户4离开聊天室
[2016-06-14 15:29:45.761] [INFO] logInfo - 用户9离开聊天室
[2016-06-14 15:52:44.475] [INFO] logInfo - 用户1连接进聊天程序
[2016-06-14 15:52:44.500] [INFO] logInfo - 用户1登陆，获取好友
[2016-06-14 15:52:44.696] [INFO] logInfo - 用户1登陆，获取自己的原来状态
[2016-06-14 15:53:00.755] [INFO] logInfo - 用户2连接进聊天程序
[2016-06-14 15:53:00.790] [INFO] logInfo - 用户2登陆，获取好友
[2016-06-14 15:53:00.989] [INFO] logInfo - 用户2登陆，获取自己的原来状态
[2016-06-14 15:53:01.067] [INFO] logInfo - 用户2进入51465888519767
[2016-06-14 15:53:46.633] [INFO] logInfo - 用户1离开聊天室
[2016-06-14 15:53:46.639] [INFO] logInfo - 用户2离开聊天室
