[2016-07-11 10:18:46.830] [INFO] logInfo - 用户42连接进聊天程序
[2016-07-11 10:18:46.888] [INFO] logInfo - 用户42登陆，获取好友
[2016-07-11 10:18:47.136] [INFO] logInfo - 用户42登陆，获取自己的原来状态
[2016-07-11 10:18:58.185] [INFO] logInfo - 用户42创建教室
[2016-07-11 10:18:58.197] [INFO] logInfo - 用户42进入group_0
[2016-07-11 10:18:58.224] [INFO] logInfo - 用户42进入1468203538224
[2016-07-11 10:22:57.484] [INFO] logInfo - 用户42被提下线
[2016-07-11 10:22:57.486] [INFO] logInfo - 用户42离开聊天室
[2016-07-11 10:22:57.489] [INFO] logInfo - 用户42连接进聊天程序
[2016-07-11 10:22:57.534] [INFO] logInfo - 用户42登陆，获取好友
[2016-07-11 10:22:57.728] [INFO] logInfo - 用户42登陆，获取自己的原来状态
[2016-07-11 10:22:57.807] [INFO] logInfo - 用户42进入1468203538224
[2016-07-11 10:23:16.743] [INFO] logInfo - 用户43连接进聊天程序
[2016-07-11 10:23:16.771] [INFO] logInfo - 用户43登陆，获取好友
[2016-07-11 10:23:16.971] [INFO] logInfo - 用户43登陆，获取自己的原来状态
[2016-07-11 10:23:19.846] [INFO] logInfo - 用户43进入group_0
[2016-07-11 10:23:20.626] [INFO] logInfo - 用户43进入1468203538224
[2016-07-11 10:24:09.230] [INFO] logInfo - 用户43离开教室
[2016-07-11 10:24:13.492] [INFO] logInfo - 用户43离开聊天室
[2016-07-11 10:24:14.188] [INFO] logInfo - 用户42离开聊天室
[2016-07-11 10:24:14.354] [INFO] logInfo - 用户42连接进聊天程序
[2016-07-11 10:24:14.424] [INFO] logInfo - 用户42登陆，获取好友
[2016-07-11 10:24:14.611] [INFO] logInfo - 用户42登陆，获取自己的原来状态
[2016-07-11 10:24:14.648] [INFO] logInfo - 用户42进入1468203538224
[2016-07-11 10:24:25.748] [INFO] logInfo - 用户42解散教室
