[2016-07-08 09:27:07.556] [INFO] logInfo - 用户42连接进聊天程序
[2016-07-08 09:27:07.623] [INFO] logInfo - 用户42登陆，获取好友
[2016-07-08 09:27:07.823] [INFO] logInfo - 用户42登陆，获取自己的原来状态
[2016-07-08 09:27:11.479] [INFO] logInfo - 用户42创建教室
[2016-07-08 09:27:11.491] [INFO] logInfo - 用户42进入group_0
[2016-07-08 09:27:11.516] [INFO] logInfo - 用户42进入1467941231518
[2016-07-08 09:31:26.695] [INFO] logInfo - 用户42离开聊天室
[2016-07-08 09:31:26.928] [INFO] logInfo - 用户42连接进聊天程序
[2016-07-08 09:31:26.951] [INFO] logInfo - 用户42登陆，获取好友
[2016-07-08 09:31:27.121] [INFO] logInfo - 用户42登陆，获取自己的原来状态
[2016-07-08 09:31:27.168] [INFO] logInfo - 用户42进入1467941231518
[2016-07-08 09:33:12.031] [INFO] logInfo - 用户42离开聊天室
[2016-07-08 09:33:12.264] [INFO] logInfo - 用户42连接进聊天程序
[2016-07-08 09:33:12.287] [INFO] logInfo - 用户42登陆，获取好友
[2016-07-08 09:33:12.457] [INFO] logInfo - 用户42登陆，获取自己的原来状态
[2016-07-08 09:33:12.475] [INFO] logInfo - 用户42进入1467941231518
[2016-07-08 09:39:14.903] [INFO] logInfo - 用户42离开聊天室
[2016-07-08 09:39:15.143] [INFO] logInfo - 用户42连接进聊天程序
[2016-07-08 09:39:15.160] [INFO] logInfo - 用户42登陆，获取好友
[2016-07-08 09:39:15.342] [INFO] logInfo - 用户42登陆，获取自己的原来状态
[2016-07-08 09:39:15.380] [INFO] logInfo - 用户42进入1467941231518
[2016-07-08 09:40:04.580] [INFO] logInfo - 用户42离开聊天室
[2016-07-08 09:40:04.833] [INFO] logInfo - 用户42连接进聊天程序
[2016-07-08 09:40:04.848] [INFO] logInfo - 用户42登陆，获取好友
[2016-07-08 09:40:05.024] [INFO] logInfo - 用户42登陆，获取自己的原来状态
[2016-07-08 09:40:05.050] [INFO] logInfo - 用户42进入1467941231518
[2016-07-08 09:47:39.730] [INFO] logInfo - 用户42离开聊天室
[2016-07-08 09:47:40.239] [INFO] logInfo - 用户42连接进聊天程序
[2016-07-08 09:47:40.252] [INFO] logInfo - 用户42登陆，获取好友
[2016-07-08 09:47:40.720] [INFO] logInfo - 用户42登陆，获取自己的原来状态
[2016-07-08 09:47:40.864] [INFO] logInfo - 用户42进入1467941231518
[2016-07-08 09:54:51.970] [INFO] logInfo - 用户42离开聊天室
[2016-07-08 09:54:52.211] [INFO] logInfo - 用户42连接进聊天程序
[2016-07-08 09:54:52.227] [INFO] logInfo - 用户42登陆，获取好友
[2016-07-08 09:54:52.396] [INFO] logInfo - 用户42登陆，获取自己的原来状态
[2016-07-08 09:54:52.417] [INFO] logInfo - 用户42进入1467941231518
[2016-07-08 09:55:02.042] [INFO] logInfo - 用户42离开聊天室
[2016-07-08 09:55:02.263] [INFO] logInfo - 用户42连接进聊天程序
[2016-07-08 09:55:02.279] [INFO] logInfo - 用户42登陆，获取好友
[2016-07-08 09:55:02.451] [INFO] logInfo - 用户42登陆，获取自己的原来状态
[2016-07-08 09:55:02.477] [INFO] logInfo - 用户42进入1467941231518
[2016-07-08 10:22:09.195] [INFO] logInfo - 用户42离开聊天室
[2016-07-08 10:22:09.444] [INFO] logInfo - 用户42连接进聊天程序
[2016-07-08 10:22:09.461] [INFO] logInfo - 用户42登陆，获取好友
[2016-07-08 10:22:09.634] [INFO] logInfo - 用户42登陆，获取自己的原来状态
[2016-07-08 10:22:09.650] [INFO] logInfo - 用户42进入1467941231518
[2016-07-08 10:23:29.026] [INFO] logInfo - 用户42离开聊天室
[2016-07-08 10:23:29.276] [INFO] logInfo - 用户42连接进聊天程序
[2016-07-08 10:23:29.295] [INFO] logInfo - 用户42登陆，获取好友
[2016-07-08 10:23:29.465] [INFO] logInfo - 用户42登陆，获取自己的原来状态
[2016-07-08 10:23:29.487] [INFO] logInfo - 用户42进入1467941231518
[2016-07-08 10:23:39.041] [INFO] logInfo - 用户42离开聊天室
[2016-07-08 10:23:48.947] [INFO] logInfo - 用户42连接进聊天程序
[2016-07-08 10:23:48.968] [INFO] logInfo - 用户42登陆，获取好友
[2016-07-08 10:23:49.137] [INFO] logInfo - 用户42登陆，获取自己的原来状态
[2016-07-08 10:23:49.159] [INFO] logInfo - 用户42进入1467941231518
[2016-07-08 10:24:35.945] [INFO] logInfo - 用户42离开聊天室
[2016-07-08 10:24:36.170] [INFO] logInfo - 用户42连接进聊天程序
[2016-07-08 10:24:36.189] [INFO] logInfo - 用户42登陆，获取好友
[2016-07-08 10:24:36.361] [INFO] logInfo - 用户42登陆，获取自己的原来状态
[2016-07-08 10:24:36.391] [INFO] logInfo - 用户42进入1467941231518
[2016-07-08 10:25:03.484] [INFO] logInfo - 用户42离开聊天室
[2016-07-08 10:25:03.718] [INFO] logInfo - 用户42连接进聊天程序
[2016-07-08 10:25:03.737] [INFO] logInfo - 用户42登陆，获取好友
[2016-07-08 10:25:03.905] [INFO] logInfo - 用户42登陆，获取自己的原来状态
[2016-07-08 10:25:03.935] [INFO] logInfo - 用户42进入1467941231518
[2016-07-08 10:25:57.693] [INFO] logInfo - 用户42离开聊天室
[2016-07-08 10:25:57.957] [INFO] logInfo - 用户42连接进聊天程序
[2016-07-08 10:25:57.984] [INFO] logInfo - 用户42登陆，获取好友
[2016-07-08 10:25:58.154] [INFO] logInfo - 用户42登陆，获取自己的原来状态
[2016-07-08 10:25:58.172] [INFO] logInfo - 用户42进入1467941231518
[2016-07-08 10:27:26.909] [INFO] logInfo - 用户42离开聊天室
[2016-07-08 10:27:27.151] [INFO] logInfo - 用户42连接进聊天程序
[2016-07-08 10:27:27.171] [INFO] logInfo - 用户42登陆，获取好友
[2016-07-08 10:27:27.356] [INFO] logInfo - 用户42登陆，获取自己的原来状态
[2016-07-08 10:27:27.377] [INFO] logInfo - 用户42进入1467941231518
[2016-07-08 10:28:12.064] [INFO] logInfo - 用户42离开聊天室
