[2016-06-24 09:35:09.994] [INFO] logInfo - 用户1连接进聊天程序
[2016-06-24 09:35:10.018] [INFO] logInfo - 用户1登陆，获取好友
[2016-06-24 09:35:10.247] [INFO] logInfo - 用户1登陆，获取自己的原来状态
[2016-06-24 09:37:54.197] [INFO] logInfo - 用户1离开聊天室
[2016-06-24 09:37:55.329] [INFO] logInfo - 用户1连接进聊天程序
[2016-06-24 09:37:55.358] [INFO] logInfo - 用户1登陆，获取好友
[2016-06-24 09:37:55.573] [INFO] logInfo - 用户1登陆，获取自己的原来状态
[2016-06-24 09:42:04.568] [INFO] logInfo - 用户1离开聊天室
[2016-06-24 09:42:06.176] [INFO] logInfo - 用户1连接进聊天程序
[2016-06-24 09:42:06.375] [INFO] logInfo - 用户1登陆，获取好友
[2016-06-24 09:42:06.576] [INFO] logInfo - 用户1登陆，获取自己的原来状态
[2016-06-24 09:44:14.850] [INFO] logInfo - 用户1离开聊天室
[2016-06-24 09:44:16.137] [INFO] logInfo - 用户1连接进聊天程序
[2016-06-24 09:44:16.186] [INFO] logInfo - 用户1登陆，获取好友
[2016-06-24 09:44:16.414] [INFO] logInfo - 用户1登陆，获取自己的原来状态
[2016-06-24 09:45:10.937] [INFO] logInfo - 用户1离开聊天室
[2016-06-24 09:45:12.054] [INFO] logInfo - 用户1连接进聊天程序
[2016-06-24 09:45:12.093] [INFO] logInfo - 用户1登陆，获取好友
[2016-06-24 09:45:12.346] [INFO] logInfo - 用户1登陆，获取自己的原来状态
[2016-06-24 09:45:31.458] [INFO] logInfo - 用户1离开聊天室
[2016-06-24 09:45:32.516] [INFO] logInfo - 用户1连接进聊天程序
[2016-06-24 09:45:32.542] [INFO] logInfo - 用户1登陆，获取好友
[2016-06-24 09:45:32.752] [INFO] logInfo - 用户1登陆，获取自己的原来状态
[2016-06-24 09:53:02.359] [INFO] logInfo - 用户1离开聊天室
[2016-06-24 09:53:03.627] [INFO] logInfo - 用户1连接进聊天程序
[2016-06-24 09:53:03.664] [INFO] logInfo - 用户1登陆，获取好友
[2016-06-24 09:53:03.916] [INFO] logInfo - 用户1登陆，获取自己的原来状态
[2016-06-24 09:54:55.644] [INFO] logInfo - 用户1离开聊天室
[2016-06-24 09:54:56.820] [INFO] logInfo - 用户1连接进聊天程序
[2016-06-24 09:54:56.878] [INFO] logInfo - 用户1登陆，获取好友
[2016-06-24 09:54:57.086] [INFO] logInfo - 用户1登陆，获取自己的原来状态
[2016-06-24 09:59:45.533] [INFO] logInfo - 用户1离开聊天室
[2016-06-24 09:59:46.854] [INFO] logInfo - 用户1连接进聊天程序
[2016-06-24 09:59:46.900] [INFO] logInfo - 用户1登陆，获取好友
[2016-06-24 09:59:47.149] [INFO] logInfo - 用户1登陆，获取自己的原来状态
[2016-06-24 10:00:42.557] [INFO] logInfo - 用户1离开聊天室
[2016-06-24 10:00:43.661] [INFO] logInfo - 用户1连接进聊天程序
[2016-06-24 10:00:43.710] [INFO] logInfo - 用户1登陆，获取好友
[2016-06-24 10:00:43.944] [INFO] logInfo - 用户1登陆，获取自己的原来状态
[2016-06-24 10:00:46.809] [INFO] logInfo - 用户1创建教室
[2016-06-24 10:00:46.818] [INFO] logInfo - 用户1进入group_0
[2016-06-24 10:00:46.865] [INFO] logInfo - 用户1进入11466733646778
[2016-06-24 10:00:49.350] [INFO] logInfo - 用户1解散教室
[2016-06-24 10:01:03.680] [INFO] logInfo - 用户1离开聊天室
[2016-06-24 10:01:04.984] [INFO] logInfo - 用户1连接进聊天程序
[2016-06-24 10:01:05.047] [INFO] logInfo - 用户1登陆，获取好友
[2016-06-24 10:01:05.272] [INFO] logInfo - 用户1登陆，获取自己的原来状态
[2016-06-24 10:01:22.323] [INFO] logInfo - 用户1离开聊天室
[2016-06-24 10:01:23.640] [INFO] logInfo - 用户1连接进聊天程序
[2016-06-24 10:01:23.704] [INFO] logInfo - 用户1登陆，获取好友
[2016-06-24 10:01:23.917] [INFO] logInfo - 用户1登陆，获取自己的原来状态
[2016-06-24 10:01:26.073] [INFO] logInfo - 用户1创建教室
[2016-06-24 10:01:26.084] [INFO] logInfo - 用户1进入group_0
[2016-06-24 10:01:26.116] [INFO] logInfo - 用户1进入11466733686042
[2016-06-24 10:01:30.094] [INFO] logInfo - 用户1解散教室
[2016-06-24 10:04:37.079] [INFO] logInfo - 用户1离开聊天室
[2016-06-24 10:04:38.165] [INFO] logInfo - 用户1连接进聊天程序
[2016-06-24 10:04:38.210] [INFO] logInfo - 用户1登陆，获取好友
[2016-06-24 10:04:38.432] [INFO] logInfo - 用户1登陆，获取自己的原来状态
[2016-06-24 10:06:43.607] [INFO] logInfo - 用户1离开聊天室
[2016-06-24 10:06:44.733] [INFO] logInfo - 用户1连接进聊天程序
[2016-06-24 10:06:44.772] [INFO] logInfo - 用户1登陆，获取好友
[2016-06-24 10:06:44.988] [INFO] logInfo - 用户1登陆，获取自己的原来状态
[2016-06-24 10:07:02.242] [INFO] logInfo - 用户1离开聊天室
[2016-06-24 10:07:03.214] [INFO] logInfo - 用户1连接进聊天程序
[2016-06-24 10:07:03.262] [INFO] logInfo - 用户1登陆，获取好友
[2016-06-24 10:07:03.550] [INFO] logInfo - 用户1登陆，获取自己的原来状态
[2016-06-24 10:07:40.371] [INFO] logInfo - 用户1离开聊天室
[2016-06-24 10:07:41.367] [INFO] logInfo - 用户1连接进聊天程序
[2016-06-24 10:07:41.414] [INFO] logInfo - 用户1登陆，获取好友
[2016-06-24 10:07:41.620] [INFO] logInfo - 用户1登陆，获取自己的原来状态
[2016-06-24 10:17:50.836] [INFO] logInfo - 用户1离开聊天室
[2016-06-24 10:17:52.046] [INFO] logInfo - 用户1连接进聊天程序
[2016-06-24 10:17:52.084] [INFO] logInfo - 用户1登陆，获取好友
[2016-06-24 10:17:52.321] [INFO] logInfo - 用户1登陆，获取自己的原来状态
[2016-06-24 10:20:46.817] [INFO] logInfo - 用户1离开聊天室
[2016-06-24 10:20:48.103] [INFO] logInfo - 用户1连接进聊天程序
[2016-06-24 10:20:48.145] [INFO] logInfo - 用户1登陆，获取好友
[2016-06-24 10:20:48.340] [INFO] logInfo - 用户1登陆，获取自己的原来状态
[2016-06-24 10:28:36.687] [INFO] logInfo - 用户1离开聊天室
[2016-06-24 10:28:37.781] [INFO] logInfo - 用户1连接进聊天程序
[2016-06-24 10:28:37.824] [INFO] logInfo - 用户1登陆，获取好友
[2016-06-24 10:28:38.070] [INFO] logInfo - 用户1登陆，获取自己的原来状态
[2016-06-24 10:40:02.340] [INFO] logInfo - 用户1离开聊天室
[2016-06-24 10:40:03.910] [INFO] logInfo - 用户1连接进聊天程序
[2016-06-24 10:40:03.962] [INFO] logInfo - 用户1登陆，获取好友
[2016-06-24 10:40:04.190] [INFO] logInfo - 用户1登陆，获取自己的原来状态
[2016-06-24 10:40:25.344] [INFO] logInfo - 用户1离开聊天室
[2016-06-24 10:40:26.408] [INFO] logInfo - 用户1连接进聊天程序
[2016-06-24 10:40:26.453] [INFO] logInfo - 用户1登陆，获取好友
[2016-06-24 10:40:26.685] [INFO] logInfo - 用户1登陆，获取自己的原来状态
[2016-06-24 10:40:59.758] [INFO] logInfo - 用户1离开聊天室
[2016-06-24 10:41:01.704] [INFO] logInfo - 用户1连接进聊天程序
[2016-06-24 10:41:01.753] [INFO] logInfo - 用户1登陆，获取好友
[2016-06-24 10:41:01.972] [INFO] logInfo - 用户1登陆，获取自己的原来状态
[2016-06-24 10:42:33.875] [INFO] logInfo - 用户1离开聊天室
[2016-06-24 10:42:35.640] [INFO] logInfo - 用户1连接进聊天程序
[2016-06-24 10:42:35.691] [INFO] logInfo - 用户1登陆，获取好友
[2016-06-24 10:42:35.910] [INFO] logInfo - 用户1登陆，获取自己的原来状态
[2016-06-24 10:42:55.281] [INFO] logInfo - 用户1离开聊天室
[2016-06-24 10:42:56.438] [INFO] logInfo - 用户1连接进聊天程序
[2016-06-24 10:42:56.489] [INFO] logInfo - 用户1登陆，获取好友
[2016-06-24 10:42:56.727] [INFO] logInfo - 用户1登陆，获取自己的原来状态
[2016-06-24 10:43:25.082] [INFO] logInfo - 用户1离开聊天室
[2016-06-24 10:43:26.159] [INFO] logInfo - 用户1连接进聊天程序
[2016-06-24 10:43:26.209] [INFO] logInfo - 用户1登陆，获取好友
[2016-06-24 10:43:26.432] [INFO] logInfo - 用户1登陆，获取自己的原来状态
[2016-06-24 10:44:36.316] [INFO] logInfo - 用户1离开聊天室
[2016-06-24 10:44:37.338] [INFO] logInfo - 用户1连接进聊天程序
[2016-06-24 10:44:37.394] [INFO] logInfo - 用户1登陆，获取好友
[2016-06-24 10:44:37.622] [INFO] logInfo - 用户1登陆，获取自己的原来状态
[2016-06-24 10:45:36.992] [INFO] logInfo - 用户1离开聊天室
[2016-06-24 10:45:38.146] [INFO] logInfo - 用户1连接进聊天程序
[2016-06-24 10:45:38.184] [INFO] logInfo - 用户1登陆，获取好友
[2016-06-24 10:45:38.423] [INFO] logInfo - 用户1登陆，获取自己的原来状态
[2016-06-24 10:58:37.445] [INFO] logInfo - 用户1连接进聊天程序
[2016-06-24 10:58:46.042] [INFO] logInfo - 用户1离开聊天室
[2016-06-24 10:58:47.115] [INFO] logInfo - 用户1连接进聊天程序
[2016-06-24 10:58:47.159] [INFO] logInfo - 用户1登陆，获取好友
[2016-06-24 10:58:47.418] [INFO] logInfo - 用户1登陆，获取自己的原来状态
[2016-06-24 10:59:13.117] [INFO] logInfo - 用户1离开聊天室
[2016-06-24 10:59:14.041] [INFO] logInfo - 用户1连接进聊天程序
[2016-06-24 10:59:14.082] [INFO] logInfo - 用户1登陆，获取好友
[2016-06-24 10:59:14.340] [INFO] logInfo - 用户1登陆，获取自己的原来状态
[2016-06-24 11:08:14.299] [INFO] logInfo - 用户1连接进聊天程序
[2016-06-24 11:08:17.166] [INFO] logInfo - 用户1离开聊天室
[2016-06-24 11:08:18.147] [INFO] logInfo - 用户1连接进聊天程序
[2016-06-24 11:08:18.198] [INFO] logInfo - 用户1登陆，获取好友
[2016-06-24 11:08:18.438] [INFO] logInfo - 用户1登陆，获取自己的原来状态
[2016-06-24 11:08:38.197] [INFO] logInfo - 用户1连接进聊天程序
[2016-06-24 11:08:42.358] [INFO] logInfo - 用户1离开聊天室
[2016-06-24 11:08:43.572] [INFO] logInfo - 用户1连接进聊天程序
[2016-06-24 11:08:43.631] [INFO] logInfo - 用户1登陆，获取好友
[2016-06-24 11:08:43.872] [INFO] logInfo - 用户1登陆，获取自己的原来状态
[2016-06-24 11:12:32.695] [INFO] logInfo - 用户1连接进聊天程序
[2016-06-24 11:12:36.161] [INFO] logInfo - 用户1离开聊天室
[2016-06-24 11:12:38.131] [INFO] logInfo - 用户1连接进聊天程序
[2016-06-24 11:12:38.177] [INFO] logInfo - 用户1登陆，获取好友
[2016-06-24 11:12:38.415] [INFO] logInfo - 用户1登陆，获取自己的原来状态
[2016-06-24 11:17:46.788] [INFO] logInfo - 用户1连接进聊天程序
[2016-06-24 11:17:49.453] [INFO] logInfo - 用户1离开聊天室
[2016-06-24 11:17:50.836] [INFO] logInfo - 用户1连接进聊天程序
[2016-06-24 11:17:50.891] [INFO] logInfo - 用户1登陆，获取好友
[2016-06-24 11:17:51.158] [INFO] logInfo - 用户1登陆，获取自己的原来状态
[2016-06-24 11:19:18.003] [INFO] logInfo - 用户1连接进聊天程序
[2016-06-24 11:19:20.425] [INFO] logInfo - 用户1离开聊天室
[2016-06-24 11:19:21.641] [INFO] logInfo - 用户1连接进聊天程序
[2016-06-24 11:19:21.689] [INFO] logInfo - 用户1登陆，获取好友
[2016-06-24 11:19:21.926] [INFO] logInfo - 用户1登陆，获取自己的原来状态
[2016-06-24 11:20:04.221] [INFO] logInfo - 用户1连接进聊天程序
[2016-06-24 11:20:31.628] [INFO] logInfo - 用户1连接进聊天程序
[2016-06-24 11:20:48.129] [INFO] logInfo - 用户1连接进聊天程序
[2016-06-24 11:21:32.562] [INFO] logInfo - 用户1连接进聊天程序
[2016-06-24 11:21:45.244] [INFO] logInfo - 用户1连接进聊天程序
[2016-06-24 11:21:59.014] [INFO] logInfo - 用户1连接进聊天程序
[2016-06-24 11:28:08.020] [INFO] logInfo - 用户1连接进聊天程序
[2016-06-24 11:31:11.757] [INFO] logInfo - 用户1离开聊天室
[2016-06-24 11:31:13.071] [INFO] logInfo - 用户1连接进聊天程序
[2016-06-24 11:31:13.135] [INFO] logInfo - 用户1登陆，获取好友
[2016-06-24 11:31:13.347] [INFO] logInfo - 用户1登陆，获取自己的原来状态
[2016-06-24 11:33:52.171] [INFO] logInfo - 用户1连接进聊天程序
[2016-06-24 11:37:38.167] [INFO] logInfo - 用户1连接进聊天程序
[2016-06-24 11:37:41.938] [INFO] logInfo - 用户1离开聊天室
[2016-06-24 11:37:43.336] [INFO] logInfo - 用户1连接进聊天程序
[2016-06-24 11:37:43.410] [INFO] logInfo - 用户1登陆，获取好友
[2016-06-24 11:37:43.626] [INFO] logInfo - 用户1登陆，获取自己的原来状态
[2016-06-24 11:38:16.781] [INFO] logInfo - 用户1离开聊天室
[2016-06-24 11:38:17.806] [INFO] logInfo - 用户1连接进聊天程序
[2016-06-24 11:38:17.874] [INFO] logInfo - 用户1登陆，获取好友
[2016-06-24 11:38:18.255] [INFO] logInfo - 用户1登陆，获取自己的原来状态
[2016-06-24 11:39:10.712] [INFO] logInfo - 用户1离开聊天室
[2016-06-24 11:39:11.734] [INFO] logInfo - 用户1连接进聊天程序
[2016-06-24 11:39:11.798] [INFO] logInfo - 用户1登陆，获取好友
[2016-06-24 11:39:12.015] [INFO] logInfo - 用户1登陆，获取自己的原来状态
[2016-06-24 11:44:11.510] [INFO] logInfo - 用户1离开聊天室
[2016-06-24 11:44:14.290] [INFO] logInfo - 用户1连接进聊天程序
[2016-06-24 11:44:14.363] [INFO] logInfo - 用户1登陆，获取好友
[2016-06-24 11:44:14.620] [INFO] logInfo - 用户1登陆，获取自己的原来状态
[2016-06-24 11:44:55.940] [INFO] logInfo - 用户1离开聊天室
[2016-06-24 11:44:57.547] [INFO] logInfo - 用户2连接进聊天程序
[2016-06-24 11:44:57.658] [INFO] logInfo - 用户2登陆，获取好友
[2016-06-24 11:44:57.892] [INFO] logInfo - 用户2登陆，获取自己的原来状态
[2016-06-24 11:45:00.791] [INFO] logInfo - 用户2离开聊天室
[2016-06-24 11:45:07.251] [INFO] logInfo - 用户1连接进聊天程序
[2016-06-24 11:45:07.314] [INFO] logInfo - 用户1登陆，获取好友
[2016-06-24 11:45:07.585] [INFO] logInfo - 用户1登陆，获取自己的原来状态
[2016-06-24 11:46:30.926] [INFO] logInfo - 用户1离开聊天室
[2016-06-24 11:46:32.011] [INFO] logInfo - 用户1连接进聊天程序
[2016-06-24 11:46:32.080] [INFO] logInfo - 用户1登陆，获取好友
[2016-06-24 11:46:32.322] [INFO] logInfo - 用户1登陆，获取自己的原来状态
[2016-06-24 11:46:42.841] [INFO] logInfo - 用户1连接进聊天程序
[2016-06-24 11:46:43.284] [INFO] logInfo - 用户1离开聊天室
[2016-06-24 11:46:44.614] [INFO] logInfo - 用户1连接进聊天程序
[2016-06-24 11:46:44.689] [INFO] logInfo - 用户1登陆，获取好友
[2016-06-24 11:46:44.934] [INFO] logInfo - 用户1登陆，获取自己的原来状态
[2016-06-24 11:47:47.649] [INFO] logInfo - 用户1离开聊天室
[2016-06-24 11:47:48.895] [INFO] logInfo - 用户1连接进聊天程序
[2016-06-24 11:47:48.957] [INFO] logInfo - 用户1登陆，获取好友
[2016-06-24 11:47:49.173] [INFO] logInfo - 用户1登陆，获取自己的原来状态
[2016-06-24 11:48:20.277] [INFO] logInfo - 用户1离开聊天室
[2016-06-24 11:48:21.298] [INFO] logInfo - 用户1连接进聊天程序
[2016-06-24 11:48:21.378] [INFO] logInfo - 用户1登陆，获取好友
[2016-06-24 11:48:21.600] [INFO] logInfo - 用户1登陆，获取自己的原来状态
[2016-06-24 11:55:20.369] [INFO] logInfo - 用户1连接进聊天程序
[2016-06-24 11:55:23.966] [INFO] logInfo - 用户1离开聊天室
[2016-06-24 11:55:25.045] [INFO] logInfo - 用户1连接进聊天程序
[2016-06-24 11:55:25.108] [INFO] logInfo - 用户1登陆，获取好友
[2016-06-24 11:55:25.337] [INFO] logInfo - 用户1登陆，获取自己的原来状态
[2016-06-24 11:56:05.030] [INFO] logInfo - 用户1离开聊天室
[2016-06-24 11:56:06.504] [INFO] logInfo - 用户1连接进聊天程序
[2016-06-24 11:56:06.570] [INFO] logInfo - 用户1登陆，获取好友
[2016-06-24 11:56:06.973] [INFO] logInfo - 用户1登陆，获取自己的原来状态
[2016-06-24 11:56:19.814] [INFO] logInfo - 用户1离开聊天室
[2016-06-24 11:56:20.902] [INFO] logInfo - 用户3连接进聊天程序
[2016-06-24 11:56:20.971] [INFO] logInfo - 用户3登陆，获取好友
[2016-06-24 11:56:21.377] [INFO] logInfo - 用户3登陆，获取自己的原来状态
[2016-06-24 11:56:22.397] [INFO] logInfo - 用户3离开聊天室
[2016-06-24 11:56:23.366] [INFO] logInfo - 用户1连接进聊天程序
[2016-06-24 11:56:23.410] [INFO] logInfo - 用户1登陆，获取好友
[2016-06-24 11:56:23.788] [INFO] logInfo - 用户1登陆，获取自己的原来状态
[2016-06-24 11:56:36.070] [INFO] logInfo - 用户1离开聊天室
[2016-06-24 11:56:37.109] [INFO] logInfo - 用户1连接进聊天程序
[2016-06-24 11:56:37.259] [INFO] logInfo - 用户1登陆，获取好友
[2016-06-24 11:56:37.533] [INFO] logInfo - 用户1登陆，获取自己的原来状态
[2016-06-24 11:57:30.348] [INFO] logInfo - 用户1连接进聊天程序
[2016-06-24 11:57:30.939] [INFO] logInfo - 用户1离开聊天室
[2016-06-24 11:57:31.929] [INFO] logInfo - 用户1连接进聊天程序
[2016-06-24 11:57:31.988] [INFO] logInfo - 用户1登陆，获取好友
[2016-06-24 11:57:32.397] [INFO] logInfo - 用户1登陆，获取自己的原来状态
[2016-06-24 13:54:35.275] [INFO] logInfo - 用户1连接进聊天程序
[2016-06-24 13:54:35.295] [INFO] logInfo - 用户1登陆，获取好友
[2016-06-24 13:54:35.550] [INFO] logInfo - 用户1登陆，获取自己的原来状态
[2016-06-24 13:54:55.642] [INFO] logInfo - 用户1离开聊天室
[2016-06-24 13:54:59.758] [INFO] logInfo - 用户1连接进聊天程序
[2016-06-24 13:54:59.795] [INFO] logInfo - 用户1登陆，获取好友
[2016-06-24 13:55:06.300] [INFO] logInfo - 用户1离开聊天室
[2016-06-24 13:55:07.310] [INFO] logInfo - 用户1连接进聊天程序
[2016-06-24 13:55:07.348] [INFO] logInfo - 用户1登陆，获取好友
[2016-06-24 13:55:26.692] [INFO] logInfo - 用户1离开聊天室
[2016-06-24 13:55:58.247] [INFO] logInfo - 用户1连接进聊天程序
[2016-06-24 13:55:58.279] [INFO] logInfo - 用户1登陆，获取好友
[2016-06-24 13:55:58.630] [INFO] logInfo - 用户1登陆，获取自己的原来状态
[2016-06-24 13:56:00.143] [INFO] logInfo - 用户1离开聊天室
[2016-06-24 13:56:01.016] [INFO] logInfo - 用户1连接进聊天程序
[2016-06-24 13:56:01.047] [INFO] logInfo - 用户1登陆，获取好友
[2016-06-24 13:56:01.314] [INFO] logInfo - 用户1登陆，获取自己的原来状态
[2016-06-24 13:56:47.771] [INFO] logInfo - 用户1连接进聊天程序
[2016-06-24 13:56:53.330] [INFO] logInfo - 用户1离开聊天室
[2016-06-24 13:56:54.576] [INFO] logInfo - 用户1连接进聊天程序
[2016-06-24 13:56:54.616] [INFO] logInfo - 用户1登陆，获取好友
[2016-06-24 13:56:54.821] [INFO] logInfo - 用户1登陆，获取自己的原来状态
[2016-06-24 13:58:36.076] [INFO] logInfo - 用户1连接进聊天程序
[2016-06-24 13:58:42.444] [INFO] logInfo - 用户1离开聊天室
[2016-06-24 13:58:44.753] [INFO] logInfo - 用户1连接进聊天程序
[2016-06-24 13:58:44.783] [INFO] logInfo - 用户1登陆，获取好友
[2016-06-24 13:58:45.006] [INFO] logInfo - 用户1登陆，获取自己的原来状态
[2016-06-24 14:00:32.162] [INFO] logInfo - 用户1连接进聊天程序
[2016-06-24 14:00:46.713] [INFO] logInfo - 用户1离开聊天室
[2016-06-24 14:00:48.009] [INFO] logInfo - 用户1连接进聊天程序
[2016-06-24 14:00:48.051] [INFO] logInfo - 用户1登陆，获取好友
[2016-06-24 14:00:48.283] [INFO] logInfo - 用户1登陆，获取自己的原来状态
[2016-06-24 14:01:50.391] [INFO] logInfo - 用户1连接进聊天程序
[2016-06-24 14:01:52.436] [INFO] logInfo - 用户1离开聊天室
[2016-06-24 14:01:54.806] [INFO] logInfo - 用户1连接进聊天程序
[2016-06-24 14:01:54.842] [INFO] logInfo - 用户1登陆，获取好友
[2016-06-24 14:01:55.082] [INFO] logInfo - 用户1登陆，获取自己的原来状态
[2016-06-24 14:05:19.346] [INFO] logInfo - 用户1连接进聊天程序
[2016-06-24 14:05:34.299] [INFO] logInfo - 用户1离开聊天室
[2016-06-24 14:05:35.466] [INFO] logInfo - 用户1连接进聊天程序
[2016-06-24 14:05:35.494] [INFO] logInfo - 用户1登陆，获取好友
[2016-06-24 14:05:35.692] [INFO] logInfo - 用户1登陆，获取自己的原来状态
[2016-06-24 14:10:38.119] [INFO] logInfo - 用户1连接进聊天程序
[2016-06-24 14:10:42.155] [INFO] logInfo - 用户1离开聊天室
[2016-06-24 14:10:43.393] [INFO] logInfo - 用户1连接进聊天程序
[2016-06-24 14:10:43.438] [INFO] logInfo - 用户1登陆，获取好友
[2016-06-24 14:10:44.252] [INFO] logInfo - 用户1登陆，获取自己的原来状态
[2016-06-24 14:20:27.793] [INFO] logInfo - 用户1连接进聊天程序
[2016-06-24 14:20:27.831] [INFO] logInfo - 用户1登陆，获取好友
[2016-06-24 14:20:28.010] [INFO] logInfo - 用户1登陆，获取自己的原来状态
[2016-06-24 14:27:05.131] [INFO] logInfo - 用户1离开聊天室
[2016-06-24 14:27:06.834] [INFO] logInfo - 用户1连接进聊天程序
[2016-06-24 14:27:06.883] [INFO] logInfo - 用户1登陆，获取好友
[2016-06-24 14:27:07.133] [INFO] logInfo - 用户1登陆，获取自己的原来状态
[2016-06-24 14:29:10.590] [INFO] logInfo - 用户1离开聊天室
[2016-06-24 14:29:20.527] [INFO] logInfo - 用户1连接进聊天程序
[2016-06-24 14:29:20.569] [INFO] logInfo - 用户1登陆，获取好友
[2016-06-24 14:29:20.757] [INFO] logInfo - 用户1登陆，获取自己的原来状态
[2016-06-24 14:32:48.347] [INFO] logInfo - 用户1连接进聊天程序
[2016-06-24 14:32:50.889] [INFO] logInfo - 用户1离开聊天室
[2016-06-24 14:32:52.057] [INFO] logInfo - 用户1连接进聊天程序
[2016-06-24 14:32:52.092] [INFO] logInfo - 用户1登陆，获取好友
[2016-06-24 14:32:52.346] [INFO] logInfo - 用户1登陆，获取自己的原来状态
[2016-06-24 14:33:24.320] [INFO] logInfo - 用户1连接进聊天程序
[2016-06-24 14:33:26.077] [INFO] logInfo - 用户1离开聊天室
[2016-06-24 14:33:27.149] [INFO] logInfo - 用户1连接进聊天程序
[2016-06-24 14:33:27.196] [INFO] logInfo - 用户1登陆，获取好友
[2016-06-24 14:33:27.423] [INFO] logInfo - 用户1登陆，获取自己的原来状态
[2016-06-24 14:34:20.854] [INFO] logInfo - 用户1连接进聊天程序
[2016-06-24 14:34:26.013] [INFO] logInfo - 用户1离开聊天室
[2016-06-24 14:34:27.053] [INFO] logInfo - 用户1连接进聊天程序
[2016-06-24 14:34:27.082] [INFO] logInfo - 用户1登陆，获取好友
[2016-06-24 14:34:27.304] [INFO] logInfo - 用户1登陆，获取自己的原来状态
[2016-06-24 14:39:20.507] [INFO] logInfo - 用户1连接进聊天程序
[2016-06-24 14:39:22.496] [INFO] logInfo - 用户1离开聊天室
[2016-06-24 14:39:23.578] [INFO] logInfo - 用户1连接进聊天程序
[2016-06-24 14:39:23.616] [INFO] logInfo - 用户1登陆，获取好友
[2016-06-24 14:39:23.842] [INFO] logInfo - 用户1登陆，获取自己的原来状态
[2016-06-24 14:40:31.324] [INFO] logInfo - 用户1离开聊天室
[2016-06-24 14:40:32.257] [INFO] logInfo - 用户1连接进聊天程序
[2016-06-24 14:40:32.287] [INFO] logInfo - 用户1登陆，获取好友
[2016-06-24 14:40:32.496] [INFO] logInfo - 用户1登陆，获取自己的原来状态
[2016-06-24 14:41:33.102] [INFO] logInfo - 用户1创建教室
[2016-06-24 14:41:33.112] [INFO] logInfo - 用户1进入group_0
[2016-06-24 14:41:33.151] [INFO] logInfo - 用户1进入11466750493099
[2016-06-24 14:51:32.846] [INFO] logInfo - 用户1离开聊天室
[2016-06-24 14:51:33.826] [INFO] logInfo - 用户1连接进聊天程序
[2016-06-24 14:51:33.865] [INFO] logInfo - 用户1登陆，获取好友
[2016-06-24 14:51:34.077] [INFO] logInfo - 用户1登陆，获取自己的原来状态
[2016-06-24 14:51:34.118] [INFO] logInfo - 用户1进入11466750493099
[2016-06-24 14:52:02.208] [INFO] logInfo - 用户1离开聊天室
[2016-06-24 14:52:03.113] [INFO] logInfo - 用户1连接进聊天程序
[2016-06-24 14:52:03.155] [INFO] logInfo - 用户1登陆，获取好友
[2016-06-24 14:52:03.369] [INFO] logInfo - 用户1登陆，获取自己的原来状态
[2016-06-24 14:52:03.440] [INFO] logInfo - 用户1进入11466750493099
[2016-06-24 14:52:25.413] [INFO] logInfo - 用户1离开聊天室
[2016-06-24 14:52:26.399] [INFO] logInfo - 用户1连接进聊天程序
[2016-06-24 14:52:26.441] [INFO] logInfo - 用户1登陆，获取好友
[2016-06-24 14:52:26.656] [INFO] logInfo - 用户1登陆，获取自己的原来状态
[2016-06-24 14:52:26.727] [INFO] logInfo - 用户1进入11466750493099
[2016-06-24 14:53:37.100] [INFO] logInfo - 用户1离开聊天室
[2016-06-24 14:53:38.263] [INFO] logInfo - 用户1连接进聊天程序
[2016-06-24 14:53:38.298] [INFO] logInfo - 用户1登陆，获取好友
[2016-06-24 14:53:38.514] [INFO] logInfo - 用户1登陆，获取自己的原来状态
[2016-06-24 14:53:38.547] [INFO] logInfo - 用户1进入11466750493099
[2016-06-24 14:54:10.067] [INFO] logInfo - 用户1离开聊天室
[2016-06-24 14:54:11.017] [INFO] logInfo - 用户1连接进聊天程序
[2016-06-24 14:54:11.060] [INFO] logInfo - 用户1登陆，获取好友
[2016-06-24 14:54:11.273] [INFO] logInfo - 用户1登陆，获取自己的原来状态
[2016-06-24 14:54:11.323] [INFO] logInfo - 用户1进入11466750493099
[2016-06-24 14:54:28.529] [INFO] logInfo - 用户1离开聊天室
[2016-06-24 14:54:29.319] [INFO] logInfo - 用户1连接进聊天程序
[2016-06-24 14:54:29.356] [INFO] logInfo - 用户1登陆，获取好友
[2016-06-24 14:54:29.573] [INFO] logInfo - 用户1登陆，获取自己的原来状态
[2016-06-24 14:54:29.629] [INFO] logInfo - 用户1进入11466750493099
[2016-06-24 14:59:51.775] [INFO] logInfo - 用户1离开聊天室
[2016-06-24 14:59:52.696] [INFO] logInfo - 用户1连接进聊天程序
[2016-06-24 14:59:52.729] [INFO] logInfo - 用户1登陆，获取好友
[2016-06-24 14:59:52.943] [INFO] logInfo - 用户1登陆，获取自己的原来状态
[2016-06-24 14:59:52.999] [INFO] logInfo - 用户1进入11466750493099
[2016-06-24 15:02:38.273] [INFO] logInfo - 用户1离开聊天室
[2016-06-24 15:02:39.378] [INFO] logInfo - 用户1连接进聊天程序
[2016-06-24 15:02:39.425] [INFO] logInfo - 用户1登陆，获取好友
[2016-06-24 15:02:39.635] [INFO] logInfo - 用户1登陆，获取自己的原来状态
[2016-06-24 15:02:39.672] [INFO] logInfo - 用户1进入11466750493099
[2016-06-24 15:04:38.601] [INFO] logInfo - 用户1离开聊天室
[2016-06-24 15:04:39.586] [INFO] logInfo - 用户1连接进聊天程序
[2016-06-24 15:04:39.663] [INFO] logInfo - 用户1登陆，获取好友
[2016-06-24 15:04:39.877] [INFO] logInfo - 用户1登陆，获取自己的原来状态
[2016-06-24 15:04:39.920] [INFO] logInfo - 用户1进入11466750493099
[2016-06-24 15:04:49.112] [INFO] logInfo - 用户1离开聊天室
[2016-06-24 15:04:50.526] [INFO] logInfo - 用户1连接进聊天程序
[2016-06-24 15:04:50.552] [INFO] logInfo - 用户1登陆，获取好友
[2016-06-24 15:04:50.803] [INFO] logInfo - 用户1登陆，获取自己的原来状态
[2016-06-24 15:04:50.837] [INFO] logInfo - 用户1进入11466750493099
[2016-06-24 15:04:58.671] [INFO] logInfo - 用户1离开聊天室
[2016-06-24 15:04:59.780] [INFO] logInfo - 用户1连接进聊天程序
[2016-06-24 15:04:59.871] [INFO] logInfo - 用户1登陆，获取好友
[2016-06-24 15:05:00.098] [INFO] logInfo - 用户1登陆，获取自己的原来状态
[2016-06-24 15:05:00.139] [INFO] logInfo - 用户1进入11466750493099
[2016-06-24 15:05:50.639] [INFO] logInfo - 用户1离开聊天室
[2016-06-24 15:39:09.928] [INFO] logInfo - 用户1连接进聊天程序
[2016-06-24 15:39:09.952] [INFO] logInfo - 用户1登陆，获取好友
[2016-06-24 15:39:10.149] [INFO] logInfo - 用户1登陆，获取自己的原来状态
[2016-06-24 15:39:15.614] [INFO] logInfo - 用户1进入51465888519767
[2016-06-24 15:39:19.462] [INFO] logInfo - 用户1离开教室
[2016-06-24 15:41:01.203] [INFO] logInfo - 用户1连接进聊天程序
[2016-06-24 15:41:44.236] [INFO] logInfo - 用户1离开聊天室
[2016-06-24 15:41:45.638] [INFO] logInfo - 用户1连接进聊天程序
[2016-06-24 15:41:45.675] [INFO] logInfo - 用户1登陆，获取好友
[2016-06-24 15:41:45.922] [INFO] logInfo - 用户1登陆，获取自己的原来状态
[2016-06-24 15:41:51.663] [INFO] logInfo - 用户1创建教室
[2016-06-24 15:41:51.676] [INFO] logInfo - 用户1进入group_0
[2016-06-24 15:41:51.695] [INFO] logInfo - 用户1进入11466754111661
[2016-06-24 15:42:01.137] [INFO] logInfo - 用户2连接进聊天程序
[2016-06-24 15:42:01.165] [INFO] logInfo - 用户2登陆，获取好友
[2016-06-24 15:42:01.397] [INFO] logInfo - 用户2登陆，获取自己的原来状态
[2016-06-24 15:42:04.256] [INFO] logInfo - 用户2进入group_0
[2016-06-24 15:42:05.049] [INFO] logInfo - 用户2进入11466754111661
[2016-06-24 15:42:39.422] [INFO] logInfo - 用户2离开聊天室
[2016-06-24 15:42:39.429] [INFO] logInfo - 用户1离开聊天室
