[2016-07-19 11:18:09.443] [INFO] logInfo - 用户42连接进聊天程序
[2016-07-19 11:18:09.468] [INFO] logInfo - 用户42登陆，获取好友
[2016-07-19 11:18:09.784] [INFO] logInfo - 用户42登陆，获取自己的原来状态
[2016-07-19 11:24:16.186] [INFO] logInfo - 用户42离开聊天室
[2016-07-19 11:24:16.605] [INFO] logInfo - 用户42连接进聊天程序
[2016-07-19 11:24:17.012] [INFO] logInfo - 用户42登陆，获取好友
[2016-07-19 11:24:17.263] [INFO] logInfo - 用户42登陆，获取自己的原来状态
[2016-07-19 11:30:42.072] [INFO] logInfo - 用户42离开聊天室
[2016-07-19 11:30:42.499] [INFO] logInfo - 用户42连接进聊天程序
[2016-07-19 11:30:42.669] [INFO] logInfo - 用户42登陆，获取好友
[2016-07-19 11:30:42.912] [INFO] logInfo - 用户42登陆，获取自己的原来状态
[2016-07-19 11:30:57.371] [INFO] logInfo - 用户42离开聊天室
[2016-07-19 11:30:57.655] [INFO] logInfo - 用户42连接进聊天程序
[2016-07-19 11:30:57.736] [INFO] logInfo - 用户42登陆，获取好友
[2016-07-19 11:30:57.964] [INFO] logInfo - 用户42登陆，获取自己的原来状态
[2016-07-19 11:33:44.431] [INFO] logInfo - 用户42离开聊天室
[2016-07-19 11:33:44.875] [INFO] logInfo - 用户42连接进聊天程序
[2016-07-19 11:33:44.947] [INFO] logInfo - 用户42登陆，获取好友
[2016-07-19 11:33:45.197] [INFO] logInfo - 用户42登陆，获取自己的原来状态
[2016-07-19 11:34:55.664] [INFO] logInfo - 用户42离开聊天室
[2016-07-19 11:34:56.005] [INFO] logInfo - 用户42连接进聊天程序
[2016-07-19 11:34:56.068] [INFO] logInfo - 用户42登陆，获取好友
[2016-07-19 11:34:56.297] [INFO] logInfo - 用户42登陆，获取自己的原来状态
[2016-07-19 11:35:39.790] [INFO] logInfo - 用户42离开聊天室
[2016-07-19 11:35:40.018] [INFO] logInfo - 用户42连接进聊天程序
[2016-07-19 11:35:40.073] [INFO] logInfo - 用户42登陆，获取好友
[2016-07-19 11:35:40.317] [INFO] logInfo - 用户42登陆，获取自己的原来状态
[2016-07-19 11:46:01.181] [INFO] logInfo - 用户43连接进聊天程序
[2016-07-19 11:46:01.211] [INFO] logInfo - 用户43登陆，获取好友
[2016-07-19 11:46:01.432] [INFO] logInfo - 用户43登陆，获取自己的原来状态
[2016-07-19 11:55:50.704] [INFO] logInfo - 用户43连接进聊天程序
[2016-07-19 11:55:50.727] [INFO] logInfo - 用户43登陆，获取好友
[2016-07-19 11:55:50.952] [INFO] logInfo - 用户43登陆，获取自己的原来状态
[2016-07-19 11:55:52.379] [INFO] logInfo - 用户42连接进聊天程序
[2016-07-19 11:55:58.727] [INFO] logInfo - 用户43进入group_0
[2016-07-19 11:56:01.178] [INFO] logInfo - 用户43进入group_1
[2016-07-19 12:39:02.827] [INFO] logInfo - 用户43进入group_2
[2016-07-19 13:46:47.198] [INFO] logInfo - 用户43离开聊天室
[2016-07-19 13:46:47.418] [INFO] logInfo - 用户43连接进聊天程序
[2016-07-19 13:46:47.438] [INFO] logInfo - 用户43登陆，获取好友
[2016-07-19 13:46:48.372] [INFO] logInfo - 用户43登陆，获取自己的原来状态
[2016-07-19 13:47:37.431] [INFO] logInfo - 用户42离开聊天室
[2016-07-19 14:04:37.564] [INFO] logInfo - 用户43离开聊天室
[2016-07-19 14:04:37.813] [INFO] logInfo - 用户43连接进聊天程序
[2016-07-19 14:04:37.831] [INFO] logInfo - 用户43登陆，获取好友
[2016-07-19 14:04:38.116] [INFO] logInfo - 用户43登陆，获取自己的原来状态
[2016-07-19 14:06:00.006] [INFO] logInfo - 用户43离开聊天室
[2016-07-19 14:06:00.219] [INFO] logInfo - 用户43连接进聊天程序
[2016-07-19 14:06:00.235] [INFO] logInfo - 用户43登陆，获取好友
[2016-07-19 14:06:00.490] [INFO] logInfo - 用户43登陆，获取自己的原来状态
[2016-07-19 14:06:37.547] [INFO] logInfo - 用户43离开聊天室
[2016-07-19 14:06:37.784] [INFO] logInfo - 用户43连接进聊天程序
[2016-07-19 14:06:37.804] [INFO] logInfo - 用户43登陆，获取好友
[2016-07-19 14:06:38.054] [INFO] logInfo - 用户43登陆，获取自己的原来状态
[2016-07-19 14:07:53.254] [INFO] logInfo - 用户43离开聊天室
[2016-07-19 14:07:53.481] [INFO] logInfo - 用户43连接进聊天程序
[2016-07-19 14:07:53.497] [INFO] logInfo - 用户43登陆，获取好友
[2016-07-19 14:07:53.733] [INFO] logInfo - 用户43登陆，获取自己的原来状态
[2016-07-19 14:08:05.469] [INFO] logInfo - 用户43离开聊天室
[2016-07-19 14:08:05.637] [INFO] logInfo - 用户43连接进聊天程序
[2016-07-19 14:08:05.707] [INFO] logInfo - 用户43登陆，获取好友
[2016-07-19 14:08:05.943] [INFO] logInfo - 用户43登陆，获取自己的原来状态
[2016-07-19 14:10:58.273] [INFO] logInfo - 用户43离开聊天室
[2016-07-19 14:10:58.507] [INFO] logInfo - 用户43连接进聊天程序
[2016-07-19 14:10:58.519] [INFO] logInfo - 用户43登陆，获取好友
[2016-07-19 14:10:58.818] [INFO] logInfo - 用户43登陆，获取自己的原来状态
[2016-07-19 14:12:31.691] [INFO] logInfo - 用户43离开聊天室
[2016-07-19 14:12:31.922] [INFO] logInfo - 用户43连接进聊天程序
[2016-07-19 14:12:31.939] [INFO] logInfo - 用户43登陆，获取好友
[2016-07-19 14:12:32.188] [INFO] logInfo - 用户43登陆，获取自己的原来状态
[2016-07-19 14:12:45.496] [INFO] logInfo - 用户43离开聊天室
[2016-07-19 14:12:45.728] [INFO] logInfo - 用户43连接进聊天程序
[2016-07-19 14:12:45.747] [INFO] logInfo - 用户43登陆，获取好友
[2016-07-19 14:12:45.989] [INFO] logInfo - 用户43登陆，获取自己的原来状态
[2016-07-19 14:13:02.042] [INFO] logInfo - 用户43离开聊天室
[2016-07-19 14:13:02.267] [INFO] logInfo - 用户43连接进聊天程序
[2016-07-19 14:13:02.286] [INFO] logInfo - 用户43登陆，获取好友
[2016-07-19 14:13:02.568] [INFO] logInfo - 用户43登陆，获取自己的原来状态
[2016-07-19 14:13:35.470] [INFO] logInfo - 用户43离开聊天室
[2016-07-19 14:13:35.701] [INFO] logInfo - 用户43连接进聊天程序
[2016-07-19 14:13:35.720] [INFO] logInfo - 用户43登陆，获取好友
[2016-07-19 14:13:35.953] [INFO] logInfo - 用户43登陆，获取自己的原来状态
[2016-07-19 14:13:44.494] [INFO] logInfo - 用户43离开聊天室
[2016-07-19 14:13:44.726] [INFO] logInfo - 用户43连接进聊天程序
[2016-07-19 14:13:44.738] [INFO] logInfo - 用户43登陆，获取好友
[2016-07-19 14:13:44.970] [INFO] logInfo - 用户43登陆，获取自己的原来状态
[2016-07-19 14:36:28.244] [INFO] logInfo - 用户43连接进聊天程序
[2016-07-19 14:36:28.271] [INFO] logInfo - 用户43登陆，获取好友
[2016-07-19 14:36:28.676] [INFO] logInfo - 用户43登陆，获取自己的原来状态
[2016-07-19 14:36:39.056] [INFO] logInfo - 用户43离开聊天室
[2016-07-19 14:36:39.232] [INFO] logInfo - 用户43连接进聊天程序
[2016-07-19 14:36:39.303] [INFO] logInfo - 用户43登陆，获取好友
[2016-07-19 14:36:39.548] [INFO] logInfo - 用户43登陆，获取自己的原来状态
[2016-07-19 14:36:41.643] [INFO] logInfo - 用户43离开聊天室
[2016-07-19 14:36:41.803] [INFO] logInfo - 用户43连接进聊天程序
[2016-07-19 14:36:41.874] [INFO] logInfo - 用户43登陆，获取好友
[2016-07-19 14:36:42.137] [INFO] logInfo - 用户43登陆，获取自己的原来状态
[2016-07-19 14:57:24.305] [INFO] logInfo - 用户43连接进聊天程序
[2016-07-19 14:57:25.342] [INFO] logInfo - 用户43离开聊天室
[2016-07-19 14:57:25.508] [INFO] logInfo - 用户43连接进聊天程序
[2016-07-19 14:57:25.575] [INFO] logInfo - 用户43登陆，获取好友
[2016-07-19 14:57:25.815] [INFO] logInfo - 用户43登陆，获取自己的原来状态
[2016-07-19 15:02:09.377] [INFO] logInfo - 用户43连接进聊天程序
[2016-07-19 15:02:09.398] [INFO] logInfo - 用户43登陆，获取好友
[2016-07-19 15:02:09.642] [INFO] logInfo - 用户43登陆，获取自己的原来状态
[2016-07-19 15:05:13.064] [INFO] logInfo - 用户43连接进聊天程序
[2016-07-19 15:05:14.709] [INFO] logInfo - 用户43离开聊天室
[2016-07-19 15:05:14.878] [INFO] logInfo - 用户43连接进聊天程序
[2016-07-19 15:05:14.952] [INFO] logInfo - 用户43登陆，获取好友
[2016-07-19 15:05:15.218] [INFO] logInfo - 用户43登陆，获取自己的原来状态
[2016-07-19 15:06:50.466] [INFO] logInfo - 用户43连接进聊天程序
[2016-07-19 15:07:00.192] [INFO] logInfo - 用户43离开聊天室
[2016-07-19 15:07:00.372] [INFO] logInfo - 用户43连接进聊天程序
[2016-07-19 15:07:00.450] [INFO] logInfo - 用户43登陆，获取好友
[2016-07-19 15:07:00.690] [INFO] logInfo - 用户43登陆，获取自己的原来状态
[2016-07-19 15:07:57.272] [INFO] logInfo - 用户43连接进聊天程序
[2016-07-19 15:08:00.729] [INFO] logInfo - 用户43离开聊天室
[2016-07-19 15:08:00.896] [INFO] logInfo - 用户43连接进聊天程序
[2016-07-19 15:08:00.967] [INFO] logInfo - 用户43登陆，获取好友
[2016-07-19 15:08:01.199] [INFO] logInfo - 用户43登陆，获取自己的原来状态
[2016-07-19 15:08:06.853] [INFO] logInfo - 用户43离开聊天室
[2016-07-19 15:08:09.685] [INFO] logInfo - 用户42连接进聊天程序
[2016-07-19 15:08:09.698] [INFO] logInfo - 用户42登陆，获取好友
[2016-07-19 15:08:09.912] [INFO] logInfo - 用户42登陆，获取自己的原来状态
[2016-07-19 15:09:14.122] [INFO] logInfo - 用户42连接进聊天程序
[2016-07-19 15:09:16.105] [INFO] logInfo - 用户42离开聊天室
[2016-07-19 15:09:16.276] [INFO] logInfo - 用户42连接进聊天程序
[2016-07-19 15:09:16.349] [INFO] logInfo - 用户42登陆，获取好友
[2016-07-19 15:09:17.606] [INFO] logInfo - 用户42登陆，获取自己的原来状态
[2016-07-19 15:09:40.682] [INFO] logInfo - 用户42连接进聊天程序
[2016-07-19 15:09:42.006] [INFO] logInfo - 用户42离开聊天室
[2016-07-19 15:09:42.178] [INFO] logInfo - 用户42连接进聊天程序
[2016-07-19 15:09:42.249] [INFO] logInfo - 用户42登陆，获取好友
[2016-07-19 15:09:42.489] [INFO] logInfo - 用户42登陆，获取自己的原来状态
[2016-07-19 15:10:01.736] [INFO] logInfo - 用户42离开聊天室
[2016-07-19 15:10:04.809] [INFO] logInfo - 用户43连接进聊天程序
[2016-07-19 15:10:04.818] [INFO] logInfo - 用户43登陆，获取好友
[2016-07-19 15:10:05.084] [INFO] logInfo - 用户43登陆，获取自己的原来状态
[2016-07-19 15:11:32.144] [INFO] logInfo - 用户43连接进聊天程序
[2016-07-19 15:11:35.172] [INFO] logInfo - 用户43离开聊天室
[2016-07-19 15:11:35.341] [INFO] logInfo - 用户43连接进聊天程序
[2016-07-19 15:11:35.414] [INFO] logInfo - 用户43登陆，获取好友
[2016-07-19 15:11:35.623] [INFO] logInfo - 用户43登陆，获取自己的原来状态
[2016-07-19 15:12:24.107] [INFO] logInfo - 用户43连接进聊天程序
[2016-07-19 15:12:56.373] [INFO] logInfo - 用户43连接进聊天程序
[2016-07-19 15:12:58.477] [INFO] logInfo - 用户43离开聊天室
[2016-07-19 15:12:58.701] [INFO] logInfo - 用户43连接进聊天程序
[2016-07-19 15:12:58.721] [INFO] logInfo - 用户43登陆，获取好友
[2016-07-19 15:12:58.946] [INFO] logInfo - 用户43登陆，获取自己的原来状态
[2016-07-19 15:14:14.682] [INFO] logInfo - 用户43连接进聊天程序
[2016-07-19 15:14:23.519] [INFO] logInfo - 用户43离开聊天室
[2016-07-19 15:14:23.695] [INFO] logInfo - 用户43连接进聊天程序
[2016-07-19 15:14:23.766] [INFO] logInfo - 用户43登陆，获取好友
[2016-07-19 15:14:24.003] [INFO] logInfo - 用户43登陆，获取自己的原来状态
[2016-07-19 15:15:41.266] [INFO] logInfo - 用户43离开聊天室
[2016-07-19 15:15:41.496] [INFO] logInfo - 用户43连接进聊天程序
[2016-07-19 15:15:41.514] [INFO] logInfo - 用户43登陆，获取好友
[2016-07-19 15:15:41.708] [INFO] logInfo - 用户43登陆，获取自己的原来状态
[2016-07-19 15:15:43.610] [INFO] logInfo - 用户43离开聊天室
[2016-07-19 15:15:48.006] [INFO] logInfo - 用户44连接进聊天程序
[2016-07-19 15:15:48.018] [INFO] logInfo - 用户44登陆，获取好友
[2016-07-19 15:15:48.245] [INFO] logInfo - 用户44登陆，获取自己的原来状态
[2016-07-19 15:16:57.954] [INFO] logInfo - 用户44连接进聊天程序
[2016-07-19 15:16:59.981] [INFO] logInfo - 用户44离开聊天室
[2016-07-19 15:17:00.147] [INFO] logInfo - 用户44连接进聊天程序
[2016-07-19 15:17:00.221] [INFO] logInfo - 用户44登陆，获取好友
[2016-07-19 15:17:00.428] [INFO] logInfo - 用户44登陆，获取自己的原来状态
[2016-07-19 15:17:14.804] [INFO] logInfo - 用户44连接进聊天程序
[2016-07-19 15:17:16.895] [INFO] logInfo - 用户44离开聊天室
[2016-07-19 15:17:17.121] [INFO] logInfo - 用户44连接进聊天程序
[2016-07-19 15:17:17.136] [INFO] logInfo - 用户44登陆，获取好友
[2016-07-19 15:17:17.353] [INFO] logInfo - 用户44登陆，获取自己的原来状态
[2016-07-19 15:17:26.088] [INFO] logInfo - 用户44连接进聊天程序
[2016-07-19 15:17:42.523] [INFO] logInfo - 用户44连接进聊天程序
[2016-07-19 15:17:43.476] [INFO] logInfo - 用户44离开聊天室
[2016-07-19 15:17:43.646] [INFO] logInfo - 用户44连接进聊天程序
[2016-07-19 15:17:43.724] [INFO] logInfo - 用户44登陆，获取好友
[2016-07-19 15:17:43.965] [INFO] logInfo - 用户44登陆，获取自己的原来状态
[2016-07-19 15:20:26.339] [INFO] logInfo - 用户44连接进聊天程序
[2016-07-19 15:20:28.783] [INFO] logInfo - 用户44离开聊天室
[2016-07-19 15:20:28.956] [INFO] logInfo - 用户44连接进聊天程序
[2016-07-19 15:20:29.034] [INFO] logInfo - 用户44登陆，获取好友
[2016-07-19 15:20:29.255] [INFO] logInfo - 用户44登陆，获取自己的原来状态
[2016-07-19 15:21:08.333] [INFO] logInfo - 用户44连接进聊天程序
[2016-07-19 15:21:10.125] [INFO] logInfo - 用户44离开聊天室
[2016-07-19 15:21:10.358] [INFO] logInfo - 用户44连接进聊天程序
[2016-07-19 15:21:10.377] [INFO] logInfo - 用户44登陆，获取好友
[2016-07-19 15:21:10.615] [INFO] logInfo - 用户44登陆，获取自己的原来状态
[2016-07-19 15:22:28.101] [INFO] logInfo - 用户44离开聊天室
[2016-07-19 15:22:28.271] [INFO] logInfo - 用户44连接进聊天程序
[2016-07-19 15:22:28.338] [INFO] logInfo - 用户44登陆，获取好友
[2016-07-19 15:22:28.587] [INFO] logInfo - 用户44登陆，获取自己的原来状态
[2016-07-19 15:23:36.325] [INFO] logInfo - 用户44连接进聊天程序
[2016-07-19 15:23:37.758] [INFO] logInfo - 用户44离开聊天室
[2016-07-19 15:23:37.973] [INFO] logInfo - 用户44连接进聊天程序
[2016-07-19 15:23:37.994] [INFO] logInfo - 用户44登陆，获取好友
[2016-07-19 15:23:38.205] [INFO] logInfo - 用户44登陆，获取自己的原来状态
[2016-07-19 15:27:33.815] [INFO] logInfo - 用户44离开聊天室
[2016-07-19 15:27:34.070] [INFO] logInfo - 用户44连接进聊天程序
[2016-07-19 15:27:34.105] [INFO] logInfo - 用户44登陆，获取好友
[2016-07-19 15:27:34.328] [INFO] logInfo - 用户44登陆，获取自己的原来状态
[2016-07-19 15:27:46.258] [INFO] logInfo - 用户44离开聊天室
[2016-07-19 15:27:46.432] [INFO] logInfo - 用户44连接进聊天程序
[2016-07-19 15:27:46.506] [INFO] logInfo - 用户44登陆，获取好友
[2016-07-19 15:27:46.697] [INFO] logInfo - 用户44登陆，获取自己的原来状态
[2016-07-19 15:28:04.812] [INFO] logInfo - 用户44离开聊天室
[2016-07-19 15:28:04.977] [INFO] logInfo - 用户44连接进聊天程序
[2016-07-19 15:28:05.054] [INFO] logInfo - 用户44登陆，获取好友
[2016-07-19 15:28:05.412] [INFO] logInfo - 用户44登陆，获取自己的原来状态
[2016-07-19 15:28:12.540] [INFO] logInfo - 用户44离开聊天室
[2016-07-19 15:28:12.714] [INFO] logInfo - 用户44连接进聊天程序
[2016-07-19 15:28:12.786] [INFO] logInfo - 用户44登陆，获取好友
[2016-07-19 15:28:13.380] [INFO] logInfo - 用户44登陆，获取自己的原来状态
[2016-07-19 15:29:10.622] [INFO] logInfo - 用户44离开聊天室
[2016-07-19 15:29:10.791] [INFO] logInfo - 用户44连接进聊天程序
[2016-07-19 15:29:10.862] [INFO] logInfo - 用户44登陆，获取好友
[2016-07-19 15:29:11.059] [INFO] logInfo - 用户44登陆，获取自己的原来状态
[2016-07-19 15:30:11.207] [INFO] logInfo - 用户44离开聊天室
[2016-07-19 15:30:14.667] [INFO] logInfo - 用户43连接进聊天程序
[2016-07-19 15:30:14.700] [INFO] logInfo - 用户43登陆，获取好友
[2016-07-19 15:30:14.902] [INFO] logInfo - 用户43登陆，获取自己的原来状态
[2016-07-19 15:37:55.043] [INFO] logInfo - 用户43连接进聊天程序
[2016-07-19 15:37:55.107] [INFO] logInfo - 用户43登陆，获取好友
[2016-07-19 15:37:55.376] [INFO] logInfo - 用户43登陆，获取自己的原来状态
[2016-07-19 15:40:04.271] [INFO] logInfo - 用户43连接进聊天程序
[2016-07-19 15:40:04.347] [INFO] logInfo - 用户43登陆，获取好友
[2016-07-19 15:40:04.609] [INFO] logInfo - 用户43登陆，获取自己的原来状态
[2016-07-19 15:45:00.310] [INFO] logInfo - 用户43连接进聊天程序
[2016-07-19 15:45:00.384] [INFO] logInfo - 用户43登陆，获取好友
[2016-07-19 15:45:00.624] [INFO] logInfo - 用户43登陆，获取自己的原来状态
[2016-07-19 15:52:32.204] [INFO] logInfo - 用户43连接进聊天程序
[2016-07-19 15:52:32.317] [INFO] logInfo - 用户43登陆，获取好友
[2016-07-19 15:52:32.543] [INFO] logInfo - 用户43登陆，获取自己的原来状态
[2016-07-19 16:12:27.604] [INFO] logInfo - 用户43连接进聊天程序
[2016-07-19 16:12:28.571] [INFO] logInfo - 用户43离开聊天室
[2016-07-19 16:12:28.797] [INFO] logInfo - 用户43连接进聊天程序
[2016-07-19 16:12:28.815] [INFO] logInfo - 用户43登陆，获取好友
[2016-07-19 16:12:29.040] [INFO] logInfo - 用户43登陆，获取自己的原来状态
[2016-07-19 16:18:51.748] [INFO] logInfo - 用户43连接进聊天程序
[2016-07-19 16:18:51.778] [INFO] logInfo - 用户43登陆，获取好友
[2016-07-19 16:18:51.987] [INFO] logInfo - 用户43登陆，获取自己的原来状态
[2016-07-19 17:25:57.108] [INFO] logInfo - 用户42连接进聊天程序
[2016-07-19 17:25:57.137] [INFO] logInfo - 用户42登陆，获取好友
[2016-07-19 17:25:57.379] [INFO] logInfo - 用户42登陆，获取自己的原来状态
[2016-07-19 17:26:22.073] [INFO] logInfo - 用户42连接进聊天程序
[2016-07-19 17:26:22.125] [INFO] logInfo - 用户42登陆，获取好友
[2016-07-19 17:26:22.375] [INFO] logInfo - 用户42登陆，获取自己的原来状态
[2016-07-19 17:26:41.979] [INFO] logInfo - 用户42连接进聊天程序
[2016-07-19 17:26:43.025] [INFO] logInfo - 用户42离开聊天室
[2016-07-19 17:26:43.147] [INFO] logInfo - 用户42连接进聊天程序
[2016-07-19 17:26:43.173] [INFO] logInfo - 用户42登陆，获取好友
[2016-07-19 17:26:43.416] [INFO] logInfo - 用户42登陆，获取自己的原来状态
[2016-07-19 17:28:54.378] [INFO] logInfo - 用户42连接进聊天程序
[2016-07-19 17:28:54.493] [INFO] logInfo - 用户42被提下线
[2016-07-19 17:28:54.497] [INFO] logInfo - 用户42离开聊天室
[2016-07-19 17:28:54.498] [INFO] logInfo - 用户42连接进聊天程序
[2016-07-19 17:28:54.516] [INFO] logInfo - 用户42登陆，获取好友
[2016-07-19 17:28:54.763] [INFO] logInfo - 用户42登陆，获取自己的原来状态
[2016-07-19 17:29:02.282] [INFO] logInfo - 用户42离开聊天室
