[2016-06-27 09:50:01.279] [INFO] logInfo - 用户1连接进聊天程序
[2016-06-27 09:50:01.302] [INFO] logInfo - 用户1登陆，获取好友
[2016-06-27 09:50:02.048] [INFO] logInfo - 用户1登陆，获取自己的原来状态
[2016-06-27 09:50:05.255] [INFO] logInfo - 用户1创建教室
[2016-06-27 09:50:05.265] [INFO] logInfo - 用户1进入group_0
[2016-06-27 09:50:05.302] [INFO] logInfo - 用户1进入11466992205252
[2016-06-27 09:50:10.120] [INFO] logInfo - 用户2连接进聊天程序
[2016-06-27 09:50:10.180] [INFO] logInfo - 用户2登陆，获取好友
[2016-06-27 09:50:10.439] [INFO] logInfo - 用户2登陆，获取自己的原来状态
[2016-06-27 09:50:17.370] [INFO] logInfo - 用户2进入group_0
[2016-06-27 09:50:18.243] [INFO] logInfo - 用户2进入11466992205252
[2016-06-27 09:53:46.619] [INFO] logInfo - 用户1连接进聊天程序
[2016-06-27 09:53:47.622] [INFO] logInfo - 用户2连接进聊天程序
[2016-06-27 09:53:48.368] [INFO] logInfo - 用户1离开聊天室
[2016-06-27 09:53:49.601] [INFO] logInfo - 用户1连接进聊天程序
[2016-06-27 09:53:49.638] [INFO] logInfo - 用户1登陆，获取好友
[2016-06-27 09:53:49.927] [INFO] logInfo - 用户1登陆，获取自己的原来状态
[2016-06-27 09:53:50.519] [INFO] logInfo - 用户2离开聊天室
[2016-06-27 09:53:51.582] [INFO] logInfo - 用户2连接进聊天程序
[2016-06-27 09:53:51.611] [INFO] logInfo - 用户2登陆，获取好友
[2016-06-27 09:53:51.853] [INFO] logInfo - 用户2登陆，获取自己的原来状态
[2016-06-27 09:53:56.615] [INFO] logInfo - 用户1创建教室
[2016-06-27 09:53:56.625] [INFO] logInfo - 用户1进入group_0
[2016-06-27 09:53:56.659] [INFO] logInfo - 用户1进入11466992436613
[2016-06-27 09:54:03.040] [INFO] logInfo - 用户2进入group_0
[2016-06-27 09:54:03.570] [INFO] logInfo - 用户2进入11466992436613
[2016-06-27 09:56:37.402] [INFO] logInfo - 用户2离开聊天室
[2016-06-27 09:56:41.114] [INFO] logInfo - 用户2连接进聊天程序
[2016-06-27 09:56:41.153] [INFO] logInfo - 用户2登陆，获取好友
[2016-06-27 09:56:41.459] [INFO] logInfo - 用户2登陆，获取自己的原来状态
[2016-06-27 09:56:41.506] [INFO] logInfo - 用户2进入11466992436613
[2016-06-27 10:01:56.460] [INFO] logInfo - 用户2离开聊天室
[2016-06-27 10:01:57.354] [INFO] logInfo - 用户1被提下线
[2016-06-27 10:01:57.356] [INFO] logInfo - 用户1离开聊天室
[2016-06-27 10:01:57.358] [INFO] logInfo - 用户1连接进聊天程序
[2016-06-27 10:01:57.390] [INFO] logInfo - 用户1登陆，获取好友
[2016-06-27 10:01:59.460] [INFO] logInfo - 用户1离开聊天室
[2016-06-27 10:02:00.296] [INFO] logInfo - 用户2连接进聊天程序
[2016-06-27 10:02:00.352] [INFO] logInfo - 用户2登陆，获取好友
[2016-06-27 10:02:01.135] [INFO] logInfo - 用户2登陆，获取自己的原来状态
[2016-06-27 10:02:01.179] [INFO] logInfo - 用户2进入11466992436613
[2016-06-27 10:02:27.974] [INFO] logInfo - 用户2离开聊天室
[2016-06-27 10:02:28.899] [INFO] logInfo - 用户1连接进聊天程序
[2016-06-27 10:02:28.936] [INFO] logInfo - 用户1登陆，获取好友
[2016-06-27 10:02:29.184] [INFO] logInfo - 用户1登陆，获取自己的原来状态
[2016-06-27 10:02:29.222] [INFO] logInfo - 用户1进入11466992436613
[2016-06-27 10:03:56.122] [INFO] logInfo - 用户1离开聊天室
[2016-06-27 10:03:57.394] [INFO] logInfo - 用户1连接进聊天程序
[2016-06-27 10:03:57.425] [INFO] logInfo - 用户1登陆，获取好友
[2016-06-27 10:03:58.728] [INFO] logInfo - 用户1登陆，获取自己的原来状态
[2016-06-27 10:03:58.768] [INFO] logInfo - 用户1进入11466992436613
[2016-06-27 10:04:22.051] [INFO] logInfo - 用户1离开聊天室
[2016-06-27 10:04:23.152] [INFO] logInfo - 用户1连接进聊天程序
[2016-06-27 10:04:23.189] [INFO] logInfo - 用户1登陆，获取好友
[2016-06-27 10:04:29.482] [INFO] logInfo - 用户1登陆，获取自己的原来状态
[2016-06-27 10:04:29.522] [INFO] logInfo - 用户1进入11466992436613
[2016-06-27 10:04:35.212] [INFO] logInfo - 用户1离开聊天室
[2016-06-27 10:04:36.257] [INFO] logInfo - 用户1连接进聊天程序
[2016-06-27 10:04:36.294] [INFO] logInfo - 用户1登陆，获取好友
[2016-06-27 10:04:38.983] [INFO] logInfo - 用户1登陆，获取自己的原来状态
[2016-06-27 10:04:39.042] [INFO] logInfo - 用户1进入11466992436613
[2016-06-27 10:04:53.646] [INFO] logInfo - 用户2连接进聊天程序
[2016-06-27 10:04:53.682] [INFO] logInfo - 用户2登陆，获取好友
[2016-06-27 10:04:53.949] [INFO] logInfo - 用户2登陆，获取自己的原来状态
[2016-06-27 10:04:54.148] [INFO] logInfo - 用户2进入11466992436613
[2016-06-27 10:04:56.806] [INFO] logInfo - 用户2离开聊天室
[2016-06-27 10:05:02.224] [INFO] logInfo - 用户3连接进聊天程序
[2016-06-27 10:05:02.250] [INFO] logInfo - 用户3登陆，获取好友
[2016-06-27 10:05:03.566] [INFO] logInfo - 用户3登陆，获取自己的原来状态
[2016-06-27 10:05:06.360] [INFO] logInfo - 用户3进入group_0
[2016-06-27 10:05:08.036] [INFO] logInfo - 用户1离开聊天室
[2016-06-27 10:05:10.504] [INFO] logInfo - 用户3离开聊天室
[2016-06-27 10:05:11.513] [INFO] logInfo - 用户1连接进聊天程序
[2016-06-27 10:05:11.555] [INFO] logInfo - 用户1登陆，获取好友
[2016-06-27 10:05:13.507] [INFO] logInfo - 用户1登陆，获取自己的原来状态
[2016-06-27 10:05:13.557] [INFO] logInfo - 用户1进入11466992436613
[2016-06-27 10:05:49.055] [INFO] logInfo - 用户1连接进聊天程序
[2016-06-27 10:05:49.611] [INFO] logInfo - 用户1离开聊天室
[2016-06-27 10:05:50.551] [INFO] logInfo - 用户1连接进聊天程序
[2016-06-27 10:05:50.591] [INFO] logInfo - 用户1登陆，获取好友
[2016-06-27 10:05:51.139] [INFO] logInfo - 用户1登陆，获取自己的原来状态
[2016-06-27 10:06:07.921] [INFO] logInfo - 用户1创建教室
[2016-06-27 10:06:07.930] [INFO] logInfo - 用户1进入group_0
[2016-06-27 10:06:07.952] [INFO] logInfo - 用户1进入11466993167916
[2016-06-27 10:06:12.112] [INFO] logInfo - 用户2连接进聊天程序
[2016-06-27 10:06:12.144] [INFO] logInfo - 用户2登陆，获取好友
[2016-06-27 10:06:13.430] [INFO] logInfo - 用户2登陆，获取自己的原来状态
[2016-06-27 10:06:17.027] [INFO] logInfo - 用户2进入group_0
[2016-06-27 10:06:17.719] [INFO] logInfo - 用户2进入11466993167916
[2016-06-27 10:06:25.780] [INFO] logInfo - 用户1离开聊天室
[2016-06-27 10:06:32.837] [INFO] logInfo - 用户1连接进聊天程序
[2016-06-27 10:06:32.869] [INFO] logInfo - 用户1登陆，获取好友
[2016-06-27 10:06:35.844] [INFO] logInfo - 用户1登陆，获取自己的原来状态
[2016-06-27 10:06:36.104] [INFO] logInfo - 用户1进入11466993167916
[2016-06-27 10:06:42.481] [INFO] logInfo - 用户2离开聊天室
[2016-06-27 10:06:43.482] [INFO] logInfo - 用户1被提下线
[2016-06-27 10:06:43.486] [INFO] logInfo - 用户1离开聊天室
[2016-06-27 10:06:43.489] [INFO] logInfo - 用户1连接进聊天程序
[2016-06-27 10:06:43.516] [INFO] logInfo - 用户1登陆，获取好友
[2016-06-27 10:06:45.712] [INFO] logInfo - 用户1登陆，获取自己的原来状态
[2016-06-27 10:06:46.610] [INFO] logInfo - 用户1进入11466993167916
[2016-06-27 10:06:54.526] [INFO] logInfo - 用户1离开聊天室
[2016-06-27 10:06:55.823] [INFO] logInfo - 用户1连接进聊天程序
[2016-06-27 10:06:55.860] [INFO] logInfo - 用户1登陆，获取好友
[2016-06-27 10:06:58.302] [INFO] logInfo - 用户1登陆，获取自己的原来状态
[2016-06-27 10:06:58.341] [INFO] logInfo - 用户1进入11466993167916
[2016-06-27 10:07:02.837] [INFO] logInfo - 用户1离开聊天室
[2016-06-27 10:07:04.741] [INFO] logInfo - 用户2连接进聊天程序
[2016-06-27 10:07:04.770] [INFO] logInfo - 用户2登陆，获取好友
[2016-06-27 10:07:06.281] [INFO] logInfo - 用户2登陆，获取自己的原来状态
[2016-06-27 10:07:06.532] [INFO] logInfo - 用户2进入11466993167916
[2016-06-27 10:07:15.580] [INFO] logInfo - 用户2被提下线
[2016-06-27 10:07:15.584] [INFO] logInfo - 用户2离开聊天室
[2016-06-27 10:07:15.585] [INFO] logInfo - 用户2连接进聊天程序
[2016-06-27 10:07:15.617] [INFO] logInfo - 用户2登陆，获取好友
[2016-06-27 10:07:15.851] [INFO] logInfo - 用户2登陆，获取自己的原来状态
[2016-06-27 10:07:16.047] [INFO] logInfo - 用户2进入11466993167916
[2016-06-27 10:07:21.608] [INFO] logInfo - 用户1连接进聊天程序
[2016-06-27 10:07:21.639] [INFO] logInfo - 用户1登陆，获取好友
[2016-06-27 10:07:22.504] [INFO] logInfo - 用户1登陆，获取自己的原来状态
[2016-06-27 10:07:22.537] [INFO] logInfo - 用户1进入11466993167916
[2016-06-27 10:08:03.657] [INFO] logInfo - 用户2连接进聊天程序
[2016-06-27 10:08:03.666] [INFO] logInfo - 用户1连接进聊天程序
[2016-06-27 10:08:04.799] [INFO] logInfo - 用户1离开聊天室
[2016-06-27 10:08:05.762] [INFO] logInfo - 用户1连接进聊天程序
[2016-06-27 10:08:05.806] [INFO] logInfo - 用户1登陆，获取好友
[2016-06-27 10:08:06.082] [INFO] logInfo - 用户1登陆，获取自己的原来状态
[2016-06-27 10:08:06.652] [INFO] logInfo - 用户2离开聊天室
[2016-06-27 10:08:07.560] [INFO] logInfo - 用户2连接进聊天程序
[2016-06-27 10:08:07.584] [INFO] logInfo - 用户2登陆，获取好友
[2016-06-27 10:08:07.836] [INFO] logInfo - 用户2登陆，获取自己的原来状态
[2016-06-27 10:08:10.673] [INFO] logInfo - 用户1进入group_0
[2016-06-27 10:08:11.965] [INFO] logInfo - 用户1创建教室
[2016-06-27 10:08:11.973] [INFO] logInfo - 用户1进入group_0
[2016-06-27 10:08:11.980] [INFO] logInfo - 用户1进入11466993291962
[2016-06-27 10:08:15.473] [INFO] logInfo - 用户2进入group_0
[2016-06-27 10:08:16.135] [INFO] logInfo - 用户2进入11466993291962
[2016-06-27 10:10:04.712] [INFO] logInfo - 用户1离开聊天室
[2016-06-27 10:10:05.811] [INFO] logInfo - 用户1连接进聊天程序
[2016-06-27 10:10:05.845] [INFO] logInfo - 用户1登陆，获取好友
[2016-06-27 10:10:06.091] [INFO] logInfo - 用户1登陆，获取自己的原来状态
[2016-06-27 10:10:06.144] [INFO] logInfo - 用户1进入11466993291962
[2016-06-27 10:11:27.221] [INFO] logInfo - 用户1离开聊天室
[2016-06-27 10:11:32.392] [INFO] logInfo - 用户2离开聊天室
[2016-06-27 10:11:33.443] [INFO] logInfo - 用户1连接进聊天程序
[2016-06-27 10:11:33.470] [INFO] logInfo - 用户1登陆，获取好友
[2016-06-27 10:11:33.742] [INFO] logInfo - 用户1登陆，获取自己的原来状态
[2016-06-27 10:11:33.788] [INFO] logInfo - 用户1进入11466993291962
[2016-06-27 10:11:42.618] [INFO] logInfo - 用户1离开聊天室
[2016-06-27 10:11:49.112] [INFO] logInfo - 用户1连接进聊天程序
[2016-06-27 10:11:49.141] [INFO] logInfo - 用户1登陆，获取好友
[2016-06-27 10:11:49.448] [INFO] logInfo - 用户1登陆，获取自己的原来状态
[2016-06-27 10:11:53.744] [INFO] logInfo - 用户1创建教室
[2016-06-27 10:11:53.754] [INFO] logInfo - 用户1进入group_0
[2016-06-27 10:11:53.784] [INFO] logInfo - 用户1进入11466993513741
[2016-06-27 10:29:20.051] [INFO] logInfo - 用户1离开聊天室
[2016-06-27 14:50:49.518] [INFO] logInfo - 用户1连接进聊天程序
[2016-06-27 14:50:49.544] [INFO] logInfo - 用户1登陆，获取好友
[2016-06-27 14:50:49.813] [INFO] logInfo - 用户1登陆，获取自己的原来状态
[2016-06-27 14:51:41.147] [INFO] logInfo - 用户1创建教室
[2016-06-27 14:51:41.156] [INFO] logInfo - 用户1进入group_0
[2016-06-27 14:51:41.188] [INFO] logInfo - 用户1进入11467010301145
[2016-06-27 14:54:31.115] [INFO] logInfo - 用户1离开聊天室
[2016-06-27 14:54:32.311] [INFO] logInfo - 用户1连接进聊天程序
[2016-06-27 14:54:32.352] [INFO] logInfo - 用户1登陆，获取好友
[2016-06-27 14:54:32.568] [INFO] logInfo - 用户1登陆，获取自己的原来状态
[2016-06-27 14:54:32.619] [INFO] logInfo - 用户1进入11467010301145
[2016-06-27 14:54:46.316] [INFO] logInfo - 用户1离开聊天室
