[2016-06-23 09:53:47.287] [INFO] logInfo - 用户1连接进聊天程序
[2016-06-23 09:53:47.314] [INFO] logInfo - 用户1登陆，获取好友
[2016-06-23 09:53:47.540] [INFO] logInfo - 用户1登陆，获取自己的原来状态
[2016-06-23 09:53:54.306] [INFO] logInfo - 用户1创建教室
[2016-06-23 09:53:54.315] [INFO] logInfo - 用户1进入group_0
[2016-06-23 09:53:54.355] [INFO] logInfo - 用户1进入11466646834302
[2016-06-23 09:54:02.804] [INFO] logInfo - 用户2连接进聊天程序
[2016-06-23 09:54:02.833] [INFO] logInfo - 用户2登陆，获取好友
[2016-06-23 09:54:03.049] [INFO] logInfo - 用户2登陆，获取自己的原来状态
[2016-06-23 09:54:06.002] [INFO] logInfo - 用户2进入group_0
[2016-06-23 09:54:06.776] [INFO] logInfo - 用户2进入11466646834302
[2016-06-23 10:09:26.277] [INFO] logInfo - 用户2离开聊天室
[2016-06-23 10:09:27.976] [INFO] logInfo - 用户1被提下线
[2016-06-23 10:09:27.978] [INFO] logInfo - 用户1离开聊天室
[2016-06-23 10:09:27.980] [INFO] logInfo - 用户1连接进聊天程序
[2016-06-23 10:09:28.000] [INFO] logInfo - 用户1登陆，获取好友
[2016-06-23 10:09:28.206] [INFO] logInfo - 用户1登陆，获取自己的原来状态
[2016-06-23 10:09:28.231] [INFO] logInfo - 用户1进入11466646834302
[2016-06-23 10:09:32.350] [INFO] logInfo - 用户2连接进聊天程序
[2016-06-23 10:09:32.390] [INFO] logInfo - 用户2登陆，获取好友
[2016-06-23 10:09:32.616] [INFO] logInfo - 用户2登陆，获取自己的原来状态
[2016-06-23 10:09:32.656] [INFO] logInfo - 用户2进入11466646834302
[2016-06-23 10:11:02.228] [INFO] logInfo - 用户1离开聊天室
[2016-06-23 10:11:03.525] [INFO] logInfo - 用户1连接进聊天程序
[2016-06-23 10:11:03.567] [INFO] logInfo - 用户1登陆，获取好友
[2016-06-23 10:11:03.792] [INFO] logInfo - 用户1登陆，获取自己的原来状态
[2016-06-23 10:11:03.833] [INFO] logInfo - 用户1进入11466646834302
[2016-06-23 10:15:00.052] [INFO] logInfo - 用户1离开聊天室
[2016-06-23 10:15:01.177] [INFO] logInfo - 用户1连接进聊天程序
[2016-06-23 10:15:01.215] [INFO] logInfo - 用户1登陆，获取好友
[2016-06-23 10:15:01.426] [INFO] logInfo - 用户1登陆，获取自己的原来状态
[2016-06-23 10:15:01.470] [INFO] logInfo - 用户1进入11466646834302
[2016-06-23 10:28:19.424] [INFO] logInfo - 用户1离开聊天室
[2016-06-23 10:28:20.964] [INFO] logInfo - 用户1连接进聊天程序
[2016-06-23 10:28:21.005] [INFO] logInfo - 用户1登陆，获取好友
[2016-06-23 10:28:21.224] [INFO] logInfo - 用户1登陆，获取自己的原来状态
[2016-06-23 10:28:21.257] [INFO] logInfo - 用户1进入11466646834302
[2016-06-23 10:29:25.989] [INFO] logInfo - 用户1离开聊天室
[2016-06-23 10:29:27.014] [INFO] logInfo - 用户1连接进聊天程序
[2016-06-23 10:29:27.056] [INFO] logInfo - 用户1登陆，获取好友
[2016-06-23 10:29:27.267] [INFO] logInfo - 用户1登陆，获取自己的原来状态
[2016-06-23 10:29:27.309] [INFO] logInfo - 用户1进入11466646834302
[2016-06-23 10:30:25.162] [INFO] logInfo - 用户1离开聊天室
[2016-06-23 10:30:26.271] [INFO] logInfo - 用户1连接进聊天程序
[2016-06-23 10:30:26.328] [INFO] logInfo - 用户1登陆，获取好友
[2016-06-23 10:30:26.541] [INFO] logInfo - 用户1登陆，获取自己的原来状态
[2016-06-23 10:30:26.578] [INFO] logInfo - 用户1进入11466646834302
[2016-06-23 10:30:50.048] [INFO] logInfo - 用户1离开聊天室
[2016-06-23 10:30:51.275] [INFO] logInfo - 用户1连接进聊天程序
[2016-06-23 10:30:51.317] [INFO] logInfo - 用户1登陆，获取好友
[2016-06-23 10:30:51.528] [INFO] logInfo - 用户1登陆，获取自己的原来状态
[2016-06-23 10:30:51.560] [INFO] logInfo - 用户1进入11466646834302
[2016-06-23 10:31:14.004] [INFO] logInfo - 用户1离开聊天室
[2016-06-23 10:31:15.097] [INFO] logInfo - 用户1连接进聊天程序
[2016-06-23 10:31:15.132] [INFO] logInfo - 用户1登陆，获取好友
[2016-06-23 10:31:15.346] [INFO] logInfo - 用户1登陆，获取自己的原来状态
[2016-06-23 10:31:15.382] [INFO] logInfo - 用户1进入11466646834302
[2016-06-23 10:32:20.454] [INFO] logInfo - 用户1离开聊天室
[2016-06-23 10:32:21.368] [INFO] logInfo - 用户1连接进聊天程序
[2016-06-23 10:32:21.409] [INFO] logInfo - 用户1登陆，获取好友
[2016-06-23 10:32:21.679] [INFO] logInfo - 用户1登陆，获取自己的原来状态
[2016-06-23 10:32:21.724] [INFO] logInfo - 用户1进入11466646834302
[2016-06-23 10:34:43.230] [INFO] logInfo - 用户1离开聊天室
[2016-06-23 10:34:44.330] [INFO] logInfo - 用户1连接进聊天程序
[2016-06-23 10:34:44.376] [INFO] logInfo - 用户1登陆，获取好友
[2016-06-23 10:34:44.591] [INFO] logInfo - 用户1登陆，获取自己的原来状态
[2016-06-23 10:34:44.629] [INFO] logInfo - 用户1进入11466646834302
[2016-06-23 10:47:56.235] [INFO] logInfo - 用户1离开聊天室
[2016-06-23 10:47:57.340] [INFO] logInfo - 用户1连接进聊天程序
[2016-06-23 10:47:57.371] [INFO] logInfo - 用户1登陆，获取好友
[2016-06-23 10:47:57.590] [INFO] logInfo - 用户1登陆，获取自己的原来状态
[2016-06-23 10:47:57.628] [INFO] logInfo - 用户1进入11466646834302
[2016-06-23 10:51:58.217] [INFO] logInfo - 用户1离开聊天室
[2016-06-23 10:51:59.760] [INFO] logInfo - 用户1连接进聊天程序
[2016-06-23 10:51:59.800] [INFO] logInfo - 用户1登陆，获取好友
[2016-06-23 10:52:00.017] [INFO] logInfo - 用户1登陆，获取自己的原来状态
[2016-06-23 10:52:00.057] [INFO] logInfo - 用户1进入11466646834302
[2016-06-23 10:59:30.551] [INFO] logInfo - 用户1离开聊天室
[2016-06-23 10:59:44.905] [INFO] logInfo - 用户1连接进聊天程序
[2016-06-23 10:59:44.917] [INFO] logInfo - 用户1登陆，获取好友
[2016-06-23 10:59:45.123] [INFO] logInfo - 用户1登陆，获取自己的原来状态
[2016-06-23 10:59:45.152] [INFO] logInfo - 用户1进入11466646834302
[2016-06-23 11:00:57.076] [INFO] logInfo - 用户1离开聊天室
[2016-06-23 11:00:58.247] [INFO] logInfo - 用户1连接进聊天程序
[2016-06-23 11:00:58.284] [INFO] logInfo - 用户1登陆，获取好友
[2016-06-23 11:00:58.508] [INFO] logInfo - 用户1登陆，获取自己的原来状态
[2016-06-23 11:00:58.540] [INFO] logInfo - 用户1进入11466646834302
[2016-06-23 11:06:26.645] [INFO] logInfo - 用户1离开聊天室
[2016-06-23 11:06:27.898] [INFO] logInfo - 用户1连接进聊天程序
[2016-06-23 11:06:27.937] [INFO] logInfo - 用户1登陆，获取好友
[2016-06-23 11:06:28.156] [INFO] logInfo - 用户1登陆，获取自己的原来状态
[2016-06-23 11:06:28.196] [INFO] logInfo - 用户1进入11466646834302
[2016-06-23 11:07:20.332] [INFO] logInfo - 用户1离开聊天室
[2016-06-23 11:07:21.321] [INFO] logInfo - 用户1连接进聊天程序
[2016-06-23 11:07:21.351] [INFO] logInfo - 用户1登陆，获取好友
[2016-06-23 11:07:21.576] [INFO] logInfo - 用户1登陆，获取自己的原来状态
[2016-06-23 11:07:21.611] [INFO] logInfo - 用户1进入11466646834302
[2016-06-23 11:07:58.277] [INFO] logInfo - 用户1离开聊天室
[2016-06-23 11:07:59.635] [INFO] logInfo - 用户1连接进聊天程序
[2016-06-23 11:07:59.680] [INFO] logInfo - 用户1登陆，获取好友
[2016-06-23 11:07:59.895] [INFO] logInfo - 用户1登陆，获取自己的原来状态
[2016-06-23 11:07:59.931] [INFO] logInfo - 用户1进入11466646834302
[2016-06-23 11:13:38.158] [INFO] logInfo - 用户1离开聊天室
[2016-06-23 11:13:39.396] [INFO] logInfo - 用户1连接进聊天程序
[2016-06-23 11:13:39.430] [INFO] logInfo - 用户1登陆，获取好友
[2016-06-23 11:13:39.641] [INFO] logInfo - 用户1登陆，获取自己的原来状态
[2016-06-23 11:13:39.687] [INFO] logInfo - 用户1进入11466646834302
[2016-06-23 11:15:50.152] [INFO] logInfo - 用户1离开聊天室
[2016-06-23 11:15:51.312] [INFO] logInfo - 用户1连接进聊天程序
[2016-06-23 11:15:51.350] [INFO] logInfo - 用户1登陆，获取好友
[2016-06-23 11:15:51.567] [INFO] logInfo - 用户1登陆，获取自己的原来状态
[2016-06-23 11:15:51.603] [INFO] logInfo - 用户1进入11466646834302
[2016-06-23 11:16:02.901] [INFO] logInfo - 用户1离开聊天室
[2016-06-23 11:16:03.993] [INFO] logInfo - 用户1连接进聊天程序
[2016-06-23 11:16:04.023] [INFO] logInfo - 用户1登陆，获取好友
[2016-06-23 11:16:04.246] [INFO] logInfo - 用户1登陆，获取自己的原来状态
[2016-06-23 11:16:04.298] [INFO] logInfo - 用户1进入11466646834302
[2016-06-23 11:21:14.030] [INFO] logInfo - 用户1离开聊天室
[2016-06-23 11:22:19.720] [INFO] logInfo - 用户1连接进聊天程序
[2016-06-23 11:22:19.750] [INFO] logInfo - 用户1登陆，获取好友
[2016-06-23 11:22:19.972] [INFO] logInfo - 用户1登陆，获取自己的原来状态
[2016-06-23 11:22:20.168] [INFO] logInfo - 用户1进入11466646834302
[2016-06-23 11:23:45.169] [INFO] logInfo - 用户1离开聊天室
[2016-06-23 11:25:01.514] [INFO] logInfo - 用户2离开聊天室
[2016-06-23 11:25:02.836] [INFO] logInfo - 用户1连接进聊天程序
[2016-06-23 11:25:02.869] [INFO] logInfo - 用户1登陆，获取好友
[2016-06-23 11:25:03.092] [INFO] logInfo - 用户1登陆，获取自己的原来状态
[2016-06-23 11:25:03.125] [INFO] logInfo - 用户1进入11466646834302
[2016-06-23 11:25:54.584] [INFO] logInfo - 用户1离开聊天室
[2016-06-23 11:25:56.067] [INFO] logInfo - 用户1连接进聊天程序
[2016-06-23 11:25:56.090] [INFO] logInfo - 用户1登陆，获取好友
[2016-06-23 11:25:56.297] [INFO] logInfo - 用户1登陆，获取自己的原来状态
[2016-06-23 11:25:56.323] [INFO] logInfo - 用户1进入11466646834302
[2016-06-23 11:27:20.418] [INFO] logInfo - 用户1离开聊天室
[2016-06-23 11:27:21.516] [INFO] logInfo - 用户1连接进聊天程序
[2016-06-23 11:27:21.543] [INFO] logInfo - 用户1登陆，获取好友
[2016-06-23 11:27:21.750] [INFO] logInfo - 用户1登陆，获取自己的原来状态
[2016-06-23 11:27:21.779] [INFO] logInfo - 用户1进入11466646834302
[2016-06-23 11:28:50.424] [INFO] logInfo - 用户1离开聊天室
[2016-06-23 11:28:51.356] [INFO] logInfo - 用户1连接进聊天程序
[2016-06-23 11:28:51.379] [INFO] logInfo - 用户1登陆，获取好友
[2016-06-23 11:28:51.586] [INFO] logInfo - 用户1登陆，获取自己的原来状态
[2016-06-23 11:28:51.612] [INFO] logInfo - 用户1进入11466646834302
[2016-06-23 11:29:50.903] [INFO] logInfo - 用户1离开聊天室
[2016-06-23 11:29:51.882] [INFO] logInfo - 用户1连接进聊天程序
[2016-06-23 11:29:51.930] [INFO] logInfo - 用户1登陆，获取好友
[2016-06-23 11:29:52.153] [INFO] logInfo - 用户1登陆，获取自己的原来状态
[2016-06-23 11:29:52.188] [INFO] logInfo - 用户1进入11466646834302
[2016-06-23 11:30:28.098] [INFO] logInfo - 用户1离开聊天室
[2016-06-23 11:30:29.156] [INFO] logInfo - 用户1连接进聊天程序
[2016-06-23 11:30:29.188] [INFO] logInfo - 用户1登陆，获取好友
[2016-06-23 11:30:29.410] [INFO] logInfo - 用户1登陆，获取自己的原来状态
[2016-06-23 11:30:29.442] [INFO] logInfo - 用户1进入11466646834302
[2016-06-23 11:31:10.656] [INFO] logInfo - 用户1离开聊天室
[2016-06-23 11:31:11.621] [INFO] logInfo - 用户1连接进聊天程序
[2016-06-23 11:31:11.676] [INFO] logInfo - 用户1登陆，获取好友
[2016-06-23 11:31:11.932] [INFO] logInfo - 用户1登陆，获取自己的原来状态
[2016-06-23 11:31:11.985] [INFO] logInfo - 用户1进入11466646834302
[2016-06-23 11:31:35.931] [INFO] logInfo - 用户1离开聊天室
[2016-06-23 11:31:36.917] [INFO] logInfo - 用户1连接进聊天程序
[2016-06-23 11:31:36.951] [INFO] logInfo - 用户1登陆，获取好友
[2016-06-23 11:31:37.174] [INFO] logInfo - 用户1登陆，获取自己的原来状态
[2016-06-23 11:31:37.208] [INFO] logInfo - 用户1进入11466646834302
[2016-06-23 11:32:39.195] [INFO] logInfo - 用户1离开聊天室
[2016-06-23 11:32:40.115] [INFO] logInfo - 用户1连接进聊天程序
[2016-06-23 11:32:40.129] [INFO] logInfo - 用户1登陆，获取好友
[2016-06-23 11:32:40.338] [INFO] logInfo - 用户1登陆，获取自己的原来状态
[2016-06-23 11:32:40.374] [INFO] logInfo - 用户1进入11466646834302
[2016-06-23 11:36:07.201] [INFO] logInfo - 用户1解散教室
[2016-06-23 11:36:09.697] [INFO] logInfo - 用户1创建教室
[2016-06-23 11:36:09.702] [INFO] logInfo - 用户1进入group_0
[2016-06-23 11:36:09.707] [INFO] logInfo - 用户1进入11466652969698
[2016-06-23 11:36:12.337] [INFO] logInfo - 用户1解散教室
[2016-06-23 11:36:14.266] [INFO] logInfo - 用户1进入group_1
[2016-06-23 11:36:16.899] [INFO] logInfo - 用户1创建教室
[2016-06-23 11:36:16.903] [INFO] logInfo - 用户1进入group_5
[2016-06-23 11:36:16.919] [INFO] logInfo - 用户1进入11466652976897
[2016-06-23 11:38:24.054] [INFO] logInfo - 用户1离开聊天室
[2016-06-23 11:47:58.121] [INFO] logInfo - 用户1连接进聊天程序
[2016-06-23 11:47:58.149] [INFO] logInfo - 用户1登陆，获取好友
[2016-06-23 11:47:58.402] [INFO] logInfo - 用户1登陆，获取自己的原来状态
[2016-06-23 11:48:05.482] [INFO] logInfo - 用户1创建教室
[2016-06-23 11:48:05.487] [INFO] logInfo - 用户1进入group_0
[2016-06-23 11:48:05.505] [INFO] logInfo - 用户1进入11466653685481
[2016-06-23 11:48:40.901] [INFO] logInfo - 用户1离开聊天室
[2016-06-23 15:47:21.613] [INFO] logInfo - 用户1连接进聊天程序
[2016-06-23 15:47:21.704] [INFO] logInfo - 用户1登陆，获取好友
[2016-06-23 15:47:21.927] [INFO] logInfo - 用户1登陆，获取自己的原来状态
[2016-06-23 15:47:50.585] [INFO] logInfo - 用户1创建教室
[2016-06-23 15:47:50.591] [INFO] logInfo - 用户1进入group_0
[2016-06-23 15:47:50.618] [INFO] logInfo - 用户1进入11466668070581
[2016-06-23 15:49:00.111] [INFO] logInfo - 用户1离开聊天室
[2016-06-23 15:49:02.172] [INFO] logInfo - 用户1连接进聊天程序
[2016-06-23 15:49:02.253] [INFO] logInfo - 用户1登陆，获取好友
[2016-06-23 15:49:02.459] [INFO] logInfo - 用户1登陆，获取自己的原来状态
[2016-06-23 15:49:02.503] [INFO] logInfo - 用户1进入11466668070581
[2016-06-23 15:49:05.927] [INFO] logInfo - 用户2连接进聊天程序
[2016-06-23 15:49:05.998] [INFO] logInfo - 用户2登陆，获取好友
[2016-06-23 15:49:06.214] [INFO] logInfo - 用户2登陆，获取自己的原来状态
[2016-06-23 15:49:09.678] [INFO] logInfo - 用户2进入group_0
[2016-06-23 15:49:10.497] [INFO] logInfo - 用户2进入11466668070581
[2016-06-23 15:49:53.750] [INFO] logInfo - 用户1离开聊天室
[2016-06-23 15:49:55.136] [INFO] logInfo - 用户1连接进聊天程序
[2016-06-23 15:49:55.212] [INFO] logInfo - 用户1登陆，获取好友
[2016-06-23 15:49:55.444] [INFO] logInfo - 用户1登陆，获取自己的原来状态
[2016-06-23 15:49:55.488] [INFO] logInfo - 用户1进入11466668070581
[2016-06-23 15:50:58.989] [INFO] logInfo - 用户2离开聊天室
[2016-06-23 15:51:00.465] [INFO] logInfo - 用户2连接进聊天程序
[2016-06-23 15:51:00.576] [INFO] logInfo - 用户2登陆，获取好友
[2016-06-23 15:51:00.779] [INFO] logInfo - 用户2登陆，获取自己的原来状态
[2016-06-23 15:51:00.815] [INFO] logInfo - 用户2进入11466668070581
[2016-06-23 15:51:13.570] [INFO] logInfo - 用户2被提下线
[2016-06-23 15:51:13.572] [INFO] logInfo - 用户2离开聊天室
[2016-06-23 15:51:13.574] [INFO] logInfo - 用户2连接进聊天程序
[2016-06-23 15:51:13.691] [INFO] logInfo - 用户2登陆，获取好友
[2016-06-23 15:51:13.894] [INFO] logInfo - 用户2登陆，获取自己的原来状态
[2016-06-23 15:51:13.978] [INFO] logInfo - 用户2进入11466668070581
[2016-06-23 15:51:57.850] [INFO] logInfo - 用户2离开聊天室
[2016-06-23 15:51:58.987] [INFO] logInfo - 用户2连接进聊天程序
[2016-06-23 15:51:59.090] [INFO] logInfo - 用户2登陆，获取好友
[2016-06-23 15:51:59.300] [INFO] logInfo - 用户2登陆，获取自己的原来状态
[2016-06-23 15:51:59.340] [INFO] logInfo - 用户2进入11466668070581
[2016-06-23 15:52:14.075] [INFO] logInfo - 用户2离开聊天室
[2016-06-23 15:52:15.181] [INFO] logInfo - 用户2连接进聊天程序
[2016-06-23 15:52:15.291] [INFO] logInfo - 用户2登陆，获取好友
[2016-06-23 15:52:15.510] [INFO] logInfo - 用户2登陆，获取自己的原来状态
[2016-06-23 15:52:15.547] [INFO] logInfo - 用户2进入11466668070581
[2016-06-23 15:52:21.649] [INFO] logInfo - 用户2离开聊天室
[2016-06-23 15:52:22.749] [INFO] logInfo - 用户2连接进聊天程序
[2016-06-23 15:52:22.855] [INFO] logInfo - 用户2登陆，获取好友
[2016-06-23 15:52:23.079] [INFO] logInfo - 用户2登陆，获取自己的原来状态
[2016-06-23 15:52:23.120] [INFO] logInfo - 用户2进入11466668070581
[2016-06-23 15:52:40.043] [INFO] logInfo - 用户2离开聊天室
[2016-06-23 15:52:41.096] [INFO] logInfo - 用户2连接进聊天程序
[2016-06-23 15:52:41.206] [INFO] logInfo - 用户2登陆，获取好友
[2016-06-23 15:52:41.419] [INFO] logInfo - 用户2登陆，获取自己的原来状态
[2016-06-23 15:52:41.456] [INFO] logInfo - 用户2进入11466668070581
[2016-06-23 15:53:01.255] [INFO] logInfo - 用户2离开聊天室
[2016-06-23 15:53:02.407] [INFO] logInfo - 用户2连接进聊天程序
[2016-06-23 15:53:02.512] [INFO] logInfo - 用户2登陆，获取好友
[2016-06-23 15:53:02.741] [INFO] logInfo - 用户2登陆，获取自己的原来状态
[2016-06-23 15:53:02.778] [INFO] logInfo - 用户2进入11466668070581
[2016-06-23 15:53:06.132] [INFO] logInfo - 用户2离开聊天室
[2016-06-23 15:53:07.070] [INFO] logInfo - 用户2连接进聊天程序
[2016-06-23 15:53:07.173] [INFO] logInfo - 用户2登陆，获取好友
[2016-06-23 15:53:07.421] [INFO] logInfo - 用户2登陆，获取自己的原来状态
[2016-06-23 15:53:07.459] [INFO] logInfo - 用户2进入11466668070581
[2016-06-23 15:53:09.435] [INFO] logInfo - 用户2离开聊天室
[2016-06-23 15:53:11.395] [INFO] logInfo - 用户2连接进聊天程序
[2016-06-23 15:53:11.497] [INFO] logInfo - 用户2登陆，获取好友
[2016-06-23 15:53:11.700] [INFO] logInfo - 用户2登陆，获取自己的原来状态
[2016-06-23 15:53:11.737] [INFO] logInfo - 用户2进入11466668070581
[2016-06-23 15:53:34.208] [INFO] logInfo - 用户2离开聊天室
[2016-06-23 15:53:36.635] [INFO] logInfo - 用户2连接进聊天程序
[2016-06-23 15:53:36.742] [INFO] logInfo - 用户2登陆，获取好友
[2016-06-23 15:53:36.972] [INFO] logInfo - 用户2登陆，获取自己的原来状态
[2016-06-23 15:53:37.019] [INFO] logInfo - 用户2进入11466668070581
[2016-06-23 15:57:32.525] [INFO] logInfo - 用户2离开聊天室
[2016-06-23 15:57:34.507] [INFO] logInfo - 用户1被提下线
[2016-06-23 15:57:34.508] [INFO] logInfo - 用户1离开聊天室
[2016-06-23 15:57:34.510] [INFO] logInfo - 用户1连接进聊天程序
[2016-06-23 15:57:34.620] [INFO] logInfo - 用户1登陆，获取好友
[2016-06-23 15:57:34.841] [INFO] logInfo - 用户1登陆，获取自己的原来状态
[2016-06-23 15:57:34.893] [INFO] logInfo - 用户1进入11466668070581
[2016-06-23 15:57:45.650] [INFO] logInfo - 用户1离开聊天室
[2016-06-23 15:57:46.847] [INFO] logInfo - 用户1连接进聊天程序
[2016-06-23 15:57:46.933] [INFO] logInfo - 用户1登陆，获取好友
[2016-06-23 15:57:47.137] [INFO] logInfo - 用户1登陆，获取自己的原来状态
[2016-06-23 15:57:47.172] [INFO] logInfo - 用户1进入11466668070581
[2016-06-23 15:57:54.426] [INFO] logInfo - 用户1离开聊天室
[2016-06-23 15:57:55.434] [INFO] logInfo - 用户1连接进聊天程序
[2016-06-23 15:57:55.535] [INFO] logInfo - 用户1登陆，获取好友
[2016-06-23 15:57:55.741] [INFO] logInfo - 用户1登陆，获取自己的原来状态
[2016-06-23 15:57:55.781] [INFO] logInfo - 用户1进入11466668070581
[2016-06-23 15:58:20.329] [INFO] logInfo - 用户1离开聊天室
[2016-06-23 15:58:22.637] [INFO] logInfo - 用户1连接进聊天程序
[2016-06-23 15:58:22.742] [INFO] logInfo - 用户1登陆，获取好友
[2016-06-23 15:58:22.952] [INFO] logInfo - 用户1登陆，获取自己的原来状态
[2016-06-23 15:58:22.993] [INFO] logInfo - 用户1进入11466668070581
[2016-06-23 15:58:39.720] [INFO] logInfo - 用户1离开聊天室
[2016-06-23 15:58:40.580] [INFO] logInfo - 用户1连接进聊天程序
[2016-06-23 15:58:40.693] [INFO] logInfo - 用户1登陆，获取好友
[2016-06-23 15:58:40.900] [INFO] logInfo - 用户1登陆，获取自己的原来状态
[2016-06-23 15:58:40.942] [INFO] logInfo - 用户1进入11466668070581
[2016-06-23 15:59:01.104] [INFO] logInfo - 用户1被提下线
[2016-06-23 15:59:01.106] [INFO] logInfo - 用户1离开聊天室
[2016-06-23 15:59:01.110] [INFO] logInfo - 用户1连接进聊天程序
[2016-06-23 15:59:01.139] [INFO] logInfo - 用户1登陆，获取好友
[2016-06-23 15:59:01.349] [INFO] logInfo - 用户1登陆，获取自己的原来状态
[2016-06-23 15:59:01.558] [INFO] logInfo - 用户1进入11466668070581
[2016-06-23 16:00:21.614] [INFO] logInfo - 用户1离开聊天室
[2016-06-23 16:00:22.843] [INFO] logInfo - 用户1连接进聊天程序
[2016-06-23 16:00:22.884] [INFO] logInfo - 用户1登陆，获取好友
[2016-06-23 16:00:23.086] [INFO] logInfo - 用户1登陆，获取自己的原来状态
[2016-06-23 16:00:23.117] [INFO] logInfo - 用户1进入11466668070581
[2016-06-23 16:00:38.526] [INFO] logInfo - 用户1离开聊天室
[2016-06-23 16:00:39.873] [INFO] logInfo - 用户1连接进聊天程序
[2016-06-23 16:00:39.935] [INFO] logInfo - 用户1登陆，获取好友
[2016-06-23 16:00:40.158] [INFO] logInfo - 用户1登陆，获取自己的原来状态
[2016-06-23 16:00:40.206] [INFO] logInfo - 用户1进入11466668070581
[2016-06-23 16:00:56.011] [INFO] logInfo - 用户1连接进聊天程序
[2016-06-23 16:00:56.559] [INFO] logInfo - 用户1离开聊天室
[2016-06-23 16:00:57.900] [INFO] logInfo - 用户1连接进聊天程序
[2016-06-23 16:00:57.963] [INFO] logInfo - 用户1登陆，获取好友
[2016-06-23 16:00:58.175] [INFO] logInfo - 用户1登陆，获取自己的原来状态
[2016-06-23 16:01:01.848] [INFO] logInfo - 用户1创建教室
[2016-06-23 16:01:01.856] [INFO] logInfo - 用户1进入group_0
[2016-06-23 16:01:01.875] [INFO] logInfo - 用户1进入11466668861847
[2016-06-23 16:03:15.986] [INFO] logInfo - 用户1离开聊天室
[2016-06-23 16:03:17.188] [INFO] logInfo - 用户1连接进聊天程序
[2016-06-23 16:03:17.224] [INFO] logInfo - 用户1登陆，获取好友
[2016-06-23 16:03:17.447] [INFO] logInfo - 用户1登陆，获取自己的原来状态
[2016-06-23 16:03:17.493] [INFO] logInfo - 用户1进入11466668861847
[2016-06-23 16:03:20.838] [INFO] logInfo - 用户1连接进聊天程序
[2016-06-23 16:03:29.684] [INFO] logInfo - 用户1离开聊天室
[2016-06-23 16:03:40.932] [INFO] logInfo - 用户1连接进聊天程序
[2016-06-23 16:03:40.953] [INFO] logInfo - 用户1登陆，获取好友
[2016-06-23 16:03:41.146] [INFO] logInfo - 用户1登陆，获取自己的原来状态
[2016-06-23 16:03:44.828] [INFO] logInfo - 用户1创建教室
[2016-06-23 16:03:44.838] [INFO] logInfo - 用户1进入group_0
[2016-06-23 16:03:44.864] [INFO] logInfo - 用户1进入11466669024823
[2016-06-23 16:05:42.147] [INFO] logInfo - 用户2连接进聊天程序
[2016-06-23 16:05:42.171] [INFO] logInfo - 用户2登陆，获取好友
[2016-06-23 16:05:42.358] [INFO] logInfo - 用户2登陆，获取自己的原来状态
[2016-06-23 16:05:48.070] [INFO] logInfo - 用户2进入group_0
[2016-06-23 16:05:48.073] [INFO] logInfo - 用户2离开聊天室
[2016-06-23 16:05:55.395] [INFO] logInfo - 用户2连接进聊天程序
[2016-06-23 16:05:55.431] [INFO] logInfo - 用户2登陆，获取好友
[2016-06-23 16:05:55.681] [INFO] logInfo - 用户2登陆，获取自己的原来状态
[2016-06-23 16:05:55.685] [INFO] logInfo - 用户2离开聊天室
[2016-06-23 16:06:04.547] [INFO] logInfo - 用户2连接进聊天程序
[2016-06-23 16:06:04.672] [INFO] logInfo - 用户1连接进聊天程序
[2016-06-23 16:06:08.778] [INFO] logInfo - 用户1离开聊天室
[2016-06-23 16:06:09.590] [INFO] logInfo - 用户1连接进聊天程序
[2016-06-23 16:06:09.620] [INFO] logInfo - 用户1登陆，获取好友
[2016-06-23 16:06:09.812] [INFO] logInfo - 用户1登陆，获取自己的原来状态
[2016-06-23 16:06:15.360] [INFO] logInfo - 用户1进入group_0
[2016-06-23 16:06:17.046] [INFO] logInfo - 用户1创建教室
[2016-06-23 16:06:17.058] [INFO] logInfo - 用户1进入group_0
[2016-06-23 16:06:17.072] [INFO] logInfo - 用户1进入11466669177041
[2016-06-23 16:06:20.719] [INFO] logInfo - 用户2进入group_0
[2016-06-23 16:06:21.554] [INFO] logInfo - 用户2进入11466669177041
[2016-06-23 16:06:47.072] [INFO] logInfo - 用户2离开聊天室
[2016-06-23 16:06:48.024] [INFO] logInfo - 用户2连接进聊天程序
[2016-06-23 16:06:48.058] [INFO] logInfo - 用户2登陆，获取好友
[2016-06-23 16:06:48.250] [INFO] logInfo - 用户2登陆，获取自己的原来状态
[2016-06-23 16:06:48.256] [INFO] logInfo - 用户2离开聊天室
[2016-06-23 16:07:59.069] [INFO] logInfo - 用户2连接进聊天程序
[2016-06-23 16:07:59.133] [INFO] logInfo - 用户2登陆，获取好友
[2016-06-23 16:07:59.321] [INFO] logInfo - 用户2登陆，获取自己的原来状态
[2016-06-23 16:07:59.324] [INFO] logInfo - 用户2离开聊天室
[2016-06-23 16:08:03.136] [INFO] logInfo - 用户2连接进聊天程序
[2016-06-23 16:08:03.677] [INFO] logInfo - 用户1连接进聊天程序
[2016-06-23 16:08:05.307] [INFO] logInfo - 用户1离开聊天室
[2016-06-23 16:08:06.153] [INFO] logInfo - 用户1连接进聊天程序
[2016-06-23 16:08:06.191] [INFO] logInfo - 用户1登陆，获取好友
[2016-06-23 16:08:06.491] [INFO] logInfo - 用户1登陆，获取自己的原来状态
[2016-06-23 16:08:09.199] [INFO] logInfo - 用户1创建教室
[2016-06-23 16:08:09.206] [INFO] logInfo - 用户1进入group_0
[2016-06-23 16:08:09.222] [INFO] logInfo - 用户1进入11466669289198
[2016-06-23 16:08:13.150] [INFO] logInfo - 用户2进入group_0
[2016-06-23 16:08:14.508] [INFO] logInfo - 用户2进入11466669289198
[2016-06-23 16:08:38.320] [INFO] logInfo - 用户2连接进聊天程序
[2016-06-23 16:08:38.667] [INFO] logInfo - 用户1连接进聊天程序
[2016-06-23 16:08:39.471] [INFO] logInfo - 用户2离开聊天室
[2016-06-23 16:08:40.925] [INFO] logInfo - 用户2连接进聊天程序
[2016-06-23 16:08:40.953] [INFO] logInfo - 用户2登陆，获取好友
[2016-06-23 16:08:41.187] [INFO] logInfo - 用户2登陆，获取自己的原来状态
[2016-06-23 16:08:41.761] [INFO] logInfo - 用户1离开聊天室
[2016-06-23 16:08:42.588] [INFO] logInfo - 用户1连接进聊天程序
[2016-06-23 16:08:42.652] [INFO] logInfo - 用户1登陆，获取好友
[2016-06-23 16:08:42.943] [INFO] logInfo - 用户1登陆，获取自己的原来状态
[2016-06-23 16:08:45.754] [INFO] logInfo - 用户1创建教室
[2016-06-23 16:08:45.763] [INFO] logInfo - 用户1进入group_0
[2016-06-23 16:08:45.788] [INFO] logInfo - 用户1进入11466669325752
[2016-06-23 16:08:46.980] [INFO] logInfo - 用户1离开聊天室
[2016-06-23 16:08:53.412] [INFO] logInfo - 用户2进入group_0
[2016-06-23 16:08:57.518] [INFO] logInfo - 用户2进入11466669325752
[2016-06-23 16:09:56.608] [INFO] logInfo - 用户1连接进聊天程序
[2016-06-23 16:09:56.652] [INFO] logInfo - 用户1登陆，获取好友
[2016-06-23 16:09:56.887] [INFO] logInfo - 用户1登陆，获取自己的原来状态
[2016-06-23 16:09:56.924] [INFO] logInfo - 用户1进入11466669325752
[2016-06-23 16:09:58.839] [INFO] logInfo - 用户1连接进聊天程序
[2016-06-23 16:09:58.845] [INFO] logInfo - 用户2连接进聊天程序
[2016-06-23 16:10:01.187] [INFO] logInfo - 用户1连接进聊天程序
[2016-06-23 16:10:01.193] [INFO] logInfo - 用户2连接进聊天程序
[2016-06-23 16:10:01.934] [INFO] logInfo - 用户1离开聊天室
[2016-06-23 16:10:02.797] [INFO] logInfo - 用户1连接进聊天程序
[2016-06-23 16:10:02.828] [INFO] logInfo - 用户1登陆，获取好友
[2016-06-23 16:10:03.045] [INFO] logInfo - 用户1登陆，获取自己的原来状态
[2016-06-23 16:10:04.506] [INFO] logInfo - 用户2离开聊天室
[2016-06-23 16:10:06.618] [INFO] logInfo - 用户2连接进聊天程序
[2016-06-23 16:10:06.659] [INFO] logInfo - 用户2登陆，获取好友
[2016-06-23 16:10:06.885] [INFO] logInfo - 用户2登陆，获取自己的原来状态
[2016-06-23 16:10:10.830] [INFO] logInfo - 用户1创建教室
[2016-06-23 16:10:10.835] [INFO] logInfo - 用户1进入group_0
[2016-06-23 16:10:10.844] [INFO] logInfo - 用户1进入11466669410829
[2016-06-23 16:10:15.532] [INFO] logInfo - 用户2进入group_0
[2016-06-23 16:10:16.412] [INFO] logInfo - 用户2进入11466669410829
[2016-06-23 16:10:30.568] [INFO] logInfo - 用户2连接进聊天程序
[2016-06-23 16:10:30.668] [INFO] logInfo - 用户1连接进聊天程序
[2016-06-23 16:10:31.260] [INFO] logInfo - 用户1离开聊天室
[2016-06-23 16:10:32.074] [INFO] logInfo - 用户1连接进聊天程序
[2016-06-23 16:10:32.124] [INFO] logInfo - 用户1登陆，获取好友
[2016-06-23 16:10:32.382] [INFO] logInfo - 用户1登陆，获取自己的原来状态
[2016-06-23 16:10:34.387] [INFO] logInfo - 用户1进入group_0
[2016-06-23 16:10:35.627] [INFO] logInfo - 用户1创建教室
[2016-06-23 16:10:35.637] [INFO] logInfo - 用户1进入group_0
[2016-06-23 16:10:35.650] [INFO] logInfo - 用户1进入11466669435623
[2016-06-23 16:10:37.571] [INFO] logInfo - 用户2离开聊天室
[2016-06-23 16:10:39.691] [INFO] logInfo - 用户2连接进聊天程序
[2016-06-23 16:10:39.721] [INFO] logInfo - 用户2登陆，获取好友
[2016-06-23 16:10:39.959] [INFO] logInfo - 用户2登陆，获取自己的原来状态
[2016-06-23 16:10:42.319] [INFO] logInfo - 用户2进入group_0
[2016-06-23 16:10:43.926] [INFO] logInfo - 用户2进入11466669435623
[2016-06-23 16:10:48.819] [INFO] logInfo - 用户1离开聊天室
[2016-06-23 16:13:33.984] [INFO] logInfo - 用户2连接进聊天程序
[2016-06-23 16:13:34.675] [INFO] logInfo - 用户1连接进聊天程序
[2016-06-23 16:13:35.730] [INFO] logInfo - 用户1离开聊天室
[2016-06-23 16:13:37.424] [INFO] logInfo - 用户1连接进聊天程序
[2016-06-23 16:13:37.481] [INFO] logInfo - 用户1登陆，获取好友
[2016-06-23 16:13:37.662] [INFO] logInfo - 用户1登陆，获取自己的原来状态
[2016-06-23 16:13:38.361] [INFO] logInfo - 用户2离开聊天室
[2016-06-23 16:13:39.191] [INFO] logInfo - 用户2连接进聊天程序
[2016-06-23 16:13:39.225] [INFO] logInfo - 用户2登陆，获取好友
[2016-06-23 16:13:39.411] [INFO] logInfo - 用户2登陆，获取自己的原来状态
[2016-06-23 16:13:44.547] [INFO] logInfo - 用户1创建教室
[2016-06-23 16:13:44.558] [INFO] logInfo - 用户1进入group_0
[2016-06-23 16:13:44.578] [INFO] logInfo - 用户1进入11466669624545
[2016-06-23 16:13:54.629] [INFO] logInfo - 用户2进入group_0
[2016-06-23 16:13:54.636] [INFO] logInfo - 用户2离开聊天室
[2016-06-23 16:14:22.675] [INFO] logInfo - 用户2连接进聊天程序
[2016-06-23 16:14:22.686] [INFO] logInfo - 用户1连接进聊天程序
[2016-06-23 16:14:25.240] [INFO] logInfo - 用户2离开聊天室
[2016-06-23 16:14:26.252] [INFO] logInfo - 用户2连接进聊天程序
[2016-06-23 16:14:26.292] [INFO] logInfo - 用户2登陆，获取好友
[2016-06-23 16:14:26.532] [INFO] logInfo - 用户2登陆，获取自己的原来状态
[2016-06-23 16:14:27.031] [INFO] logInfo - 用户1离开聊天室
[2016-06-23 16:14:27.844] [INFO] logInfo - 用户1连接进聊天程序
[2016-06-23 16:14:27.865] [INFO] logInfo - 用户1登陆，获取好友
[2016-06-23 16:14:28.094] [INFO] logInfo - 用户1登陆，获取自己的原来状态
[2016-06-23 16:14:39.845] [INFO] logInfo - 用户1创建教室
[2016-06-23 16:14:39.853] [INFO] logInfo - 用户1进入group_0
[2016-06-23 16:14:39.872] [INFO] logInfo - 用户1进入11466669679843
[2016-06-23 16:14:43.506] [INFO] logInfo - 用户2进入group_0
[2016-06-23 16:14:44.358] [INFO] logInfo - 用户2进入11466669679843
[2016-06-23 16:17:54.821] [INFO] logInfo - 用户3连接进聊天程序
[2016-06-23 16:17:54.846] [INFO] logInfo - 用户3登陆，获取好友
[2016-06-23 16:17:55.079] [INFO] logInfo - 用户3登陆，获取自己的原来状态
[2016-06-23 16:17:58.525] [INFO] logInfo - 用户3进入group_0
[2016-06-23 16:17:58.533] [INFO] logInfo - 用户3离开聊天室
[2016-06-23 16:23:04.960] [INFO] logInfo - 用户1连接进聊天程序
[2016-06-23 16:23:05.690] [INFO] logInfo - 用户2连接进聊天程序
[2016-06-23 16:23:05.691] [INFO] logInfo - 用户3连接进聊天程序
[2016-06-23 16:23:08.142] [INFO] logInfo - 用户1离开聊天室
[2016-06-23 16:23:08.994] [INFO] logInfo - 用户1连接进聊天程序
[2016-06-23 16:23:09.026] [INFO] logInfo - 用户1登陆，获取好友
[2016-06-23 16:23:09.236] [INFO] logInfo - 用户1登陆，获取自己的原来状态
[2016-06-23 16:23:09.651] [INFO] logInfo - 用户2离开聊天室
[2016-06-23 16:23:10.553] [INFO] logInfo - 用户2连接进聊天程序
[2016-06-23 16:23:10.589] [INFO] logInfo - 用户2登陆，获取好友
[2016-06-23 16:23:10.786] [INFO] logInfo - 用户2登陆，获取自己的原来状态
[2016-06-23 16:23:17.111] [INFO] logInfo - 用户1创建教室
[2016-06-23 16:23:17.115] [INFO] logInfo - 用户1进入group_0
[2016-06-23 16:23:17.127] [INFO] logInfo - 用户1进入11466670197111
[2016-06-23 16:23:21.878] [INFO] logInfo - 用户2进入group_0
[2016-06-23 16:23:26.240] [INFO] logInfo - 用户2进入11466670197111
[2016-06-23 16:23:33.151] [INFO] logInfo - 用户1离开聊天室
[2016-06-23 16:24:07.680] [INFO] logInfo - 用户1连接进聊天程序
[2016-06-23 16:24:07.686] [INFO] logInfo - 用户3连接进聊天程序
[2016-06-23 16:24:08.681] [INFO] logInfo - 用户2连接进聊天程序
[2016-06-23 16:24:10.134] [INFO] logInfo - 用户1离开聊天室
[2016-06-23 16:24:10.940] [INFO] logInfo - 用户1连接进聊天程序
[2016-06-23 16:24:10.971] [INFO] logInfo - 用户1登陆，获取好友
[2016-06-23 16:24:11.183] [INFO] logInfo - 用户1登陆，获取自己的原来状态
[2016-06-23 16:24:14.139] [INFO] logInfo - 用户1创建教室
[2016-06-23 16:24:14.144] [INFO] logInfo - 用户1进入group_0
[2016-06-23 16:24:14.160] [INFO] logInfo - 用户1进入11466670254138
[2016-06-23 16:24:15.934] [INFO] logInfo - 用户1离开聊天室
[2016-06-23 16:28:51.510] [INFO] logInfo - 用户1连接进聊天程序
[2016-06-23 16:28:52.691] [INFO] logInfo - 用户3连接进聊天程序
[2016-06-23 16:28:54.917] [INFO] logInfo - 用户1离开聊天室
[2016-06-23 16:28:55.827] [INFO] logInfo - 用户1连接进聊天程序
[2016-06-23 16:28:55.864] [INFO] logInfo - 用户1登陆，获取好友
[2016-06-23 16:28:56.075] [INFO] logInfo - 用户1登陆，获取自己的原来状态
[2016-06-23 16:28:56.682] [INFO] logInfo - 用户2连接进聊天程序
[2016-06-23 16:29:01.618] [INFO] logInfo - 用户1创建教室
[2016-06-23 16:29:01.625] [INFO] logInfo - 用户1进入group_0
[2016-06-23 16:29:01.643] [INFO] logInfo - 用户1进入11466670541616
[2016-06-23 16:29:28.453] [INFO] logInfo - 用户2连接进聊天程序
[2016-06-23 16:29:28.458] [INFO] logInfo - 用户1连接进聊天程序
[2016-06-23 16:29:28.683] [INFO] logInfo - 用户3连接进聊天程序
[2016-06-23 16:29:30.999] [INFO] logInfo - 用户1离开聊天室
[2016-06-23 16:29:31.994] [INFO] logInfo - 用户1连接进聊天程序
[2016-06-23 16:29:32.053] [INFO] logInfo - 用户1登陆，获取好友
[2016-06-23 16:29:32.300] [INFO] logInfo - 用户1登陆，获取自己的原来状态
[2016-06-23 16:29:36.335] [INFO] logInfo - 用户1创建教室
[2016-06-23 16:29:36.339] [INFO] logInfo - 用户1进入group_0
[2016-06-23 16:29:36.349] [INFO] logInfo - 用户1进入11466670576334
[2016-06-23 16:29:58.605] [INFO] logInfo - 用户1连接进聊天程序
[2016-06-23 16:29:58.685] [INFO] logInfo - 用户3连接进聊天程序
[2016-06-23 16:29:58.686] [INFO] logInfo - 用户2连接进聊天程序
[2016-06-23 16:30:00.677] [INFO] logInfo - 用户1离开聊天室
[2016-06-23 16:30:01.583] [INFO] logInfo - 用户1连接进聊天程序
[2016-06-23 16:30:01.619] [INFO] logInfo - 用户1登陆，获取好友
[2016-06-23 16:30:01.806] [INFO] logInfo - 用户1登陆，获取自己的原来状态
[2016-06-23 16:30:05.604] [INFO] logInfo - 用户1创建教室
[2016-06-23 16:30:05.612] [INFO] logInfo - 用户1进入group_0
[2016-06-23 16:30:05.655] [INFO] logInfo - 用户1进入11466670605599
[2016-06-23 16:32:15.982] [INFO] logInfo - 用户1连接进聊天程序
[2016-06-23 16:32:16.044] [INFO] logInfo - 用户1登陆，获取好友
[2016-06-23 16:32:16.265] [INFO] logInfo - 用户1登陆，获取自己的原来状态
[2016-06-23 16:32:17.686] [INFO] logInfo - 用户3连接进聊天程序
[2016-06-23 16:32:17.688] [INFO] logInfo - 用户2连接进聊天程序
[2016-06-23 16:32:19.284] [INFO] logInfo - 用户1创建教室
[2016-06-23 16:32:19.294] [INFO] logInfo - 用户1进入group_0
[2016-06-23 16:32:19.331] [INFO] logInfo - 用户1进入11466670739281
[2016-06-23 16:32:21.449] [INFO] logInfo - 用户2离开聊天室
[2016-06-23 16:32:22.427] [INFO] logInfo - 用户2连接进聊天程序
[2016-06-23 16:32:22.468] [INFO] logInfo - 用户2登陆，获取好友
[2016-06-23 16:32:22.688] [INFO] logInfo - 用户2登陆，获取自己的原来状态
[2016-06-23 16:32:25.745] [INFO] logInfo - 用户2进入group_0
[2016-06-23 16:32:32.225] [INFO] logInfo - 用户2进入11466670739281
[2016-06-23 16:32:46.959] [INFO] logInfo - 用户3离开聊天室
[2016-06-23 16:32:47.809] [INFO] logInfo - 用户3连接进聊天程序
[2016-06-23 16:32:47.830] [INFO] logInfo - 用户3登陆，获取好友
[2016-06-23 16:32:48.055] [INFO] logInfo - 用户3登陆，获取自己的原来状态
[2016-06-23 16:32:50.210] [INFO] logInfo - 用户3进入group_0
[2016-06-23 16:32:50.730] [INFO] logInfo - 用户3进入11466670739281
[2016-06-23 16:33:31.272] [INFO] logInfo - 用户2离开教室
[2016-06-23 16:33:33.969] [INFO] logInfo - 用户2创建教室
[2016-06-23 16:33:33.973] [INFO] logInfo - 用户2进入group_0
[2016-06-23 16:33:33.977] [INFO] logInfo - 用户2进入21466670813968
[2016-06-23 16:33:40.388] [INFO] logInfo - 用户3离开教室
[2016-06-23 16:33:41.300] [INFO] logInfo - 用户3进入21466670813968
[2016-06-23 16:33:51.520] [INFO] logInfo - 用户3离开教室
[2016-06-23 16:33:52.770] [INFO] logInfo - 用户3进入11466670739281
[2016-06-23 16:37:04.305] [INFO] logInfo - 用户3离开聊天室
[2016-06-23 16:37:05.599] [INFO] logInfo - 用户1被提下线
[2016-06-23 16:37:05.601] [INFO] logInfo - 用户1离开聊天室
[2016-06-23 16:37:05.602] [INFO] logInfo - 用户1连接进聊天程序
[2016-06-23 16:37:05.634] [INFO] logInfo - 用户1登陆，获取好友
[2016-06-23 16:37:05.856] [INFO] logInfo - 用户1登陆，获取自己的原来状态
[2016-06-23 16:37:05.904] [INFO] logInfo - 用户1进入11466670739281
[2016-06-23 16:37:13.299] [INFO] logInfo - 用户2离开聊天室
[2016-06-23 16:37:15.185] [INFO] logInfo - 用户2连接进聊天程序
[2016-06-23 16:37:15.221] [INFO] logInfo - 用户2登陆，获取好友
[2016-06-23 16:37:15.430] [INFO] logInfo - 用户2登陆，获取自己的原来状态
[2016-06-23 16:37:15.459] [INFO] logInfo - 用户2进入21466670813968
[2016-06-23 16:38:34.570] [INFO] logInfo - 用户2离开聊天室
[2016-06-23 16:38:35.727] [INFO] logInfo - 用户2连接进聊天程序
[2016-06-23 16:38:35.763] [INFO] logInfo - 用户2登陆，获取好友
[2016-06-23 16:38:35.972] [INFO] logInfo - 用户2登陆，获取自己的原来状态
[2016-06-23 16:38:36.003] [INFO] logInfo - 用户2进入21466670813968
[2016-06-23 16:38:36.404] [INFO] logInfo - 用户1离开聊天室
[2016-06-23 16:38:37.571] [INFO] logInfo - 用户3连接进聊天程序
[2016-06-23 16:38:37.615] [INFO] logInfo - 用户3登陆，获取好友
[2016-06-23 16:38:37.822] [INFO] logInfo - 用户3登陆，获取自己的原来状态
[2016-06-23 16:38:37.855] [INFO] logInfo - 用户3进入11466670739281
[2016-06-23 16:38:42.850] [INFO] logInfo - 用户1连接进聊天程序
[2016-06-23 16:38:42.885] [INFO] logInfo - 用户1登陆，获取好友
[2016-06-23 16:38:43.098] [INFO] logInfo - 用户1登陆，获取自己的原来状态
[2016-06-23 16:38:43.132] [INFO] logInfo - 用户1进入11466670739281
[2016-06-23 16:39:00.663] [INFO] logInfo - 用户1离开聊天室
[2016-06-23 16:39:01.657] [INFO] logInfo - 用户1连接进聊天程序
[2016-06-23 16:39:01.676] [INFO] logInfo - 用户1登陆，获取好友
[2016-06-23 16:39:01.891] [INFO] logInfo - 用户1登陆，获取自己的原来状态
[2016-06-23 16:39:01.926] [INFO] logInfo - 用户1进入11466670739281
[2016-06-23 16:39:04.280] [INFO] logInfo - 用户3离开聊天室
[2016-06-23 16:39:05.115] [INFO] logInfo - 用户3连接进聊天程序
[2016-06-23 16:39:05.140] [INFO] logInfo - 用户3登陆，获取好友
[2016-06-23 16:39:05.353] [INFO] logInfo - 用户3登陆，获取自己的原来状态
[2016-06-23 16:39:05.391] [INFO] logInfo - 用户3进入11466670739281
[2016-06-23 16:42:05.270] [INFO] logInfo - 用户3离开聊天室
[2016-06-23 16:42:06.173] [INFO] logInfo - 用户3连接进聊天程序
[2016-06-23 16:42:06.210] [INFO] logInfo - 用户3登陆，获取好友
[2016-06-23 16:42:06.432] [INFO] logInfo - 用户3登陆，获取自己的原来状态
[2016-06-23 16:42:06.472] [INFO] logInfo - 用户3进入11466670739281
[2016-06-23 16:42:38.251] [INFO] logInfo - 用户1离开聊天室
[2016-06-23 16:42:39.371] [INFO] logInfo - 用户1连接进聊天程序
[2016-06-23 16:42:39.404] [INFO] logInfo - 用户1登陆，获取好友
[2016-06-23 16:42:39.674] [INFO] logInfo - 用户1登陆，获取自己的原来状态
[2016-06-23 16:42:39.718] [INFO] logInfo - 用户1进入11466670739281
[2016-06-23 16:43:24.427] [INFO] logInfo - 用户1离开聊天室
[2016-06-23 16:43:25.841] [INFO] logInfo - 用户1连接进聊天程序
[2016-06-23 16:43:25.873] [INFO] logInfo - 用户1登陆，获取好友
[2016-06-23 16:43:26.082] [INFO] logInfo - 用户1登陆，获取自己的原来状态
[2016-06-23 16:43:26.120] [INFO] logInfo - 用户1进入11466670739281
[2016-06-23 16:46:00.712] [INFO] logInfo - 用户3连接进聊天程序
[2016-06-23 16:46:00.719] [INFO] logInfo - 用户1连接进聊天程序
[2016-06-23 16:46:00.721] [INFO] logInfo - 用户2连接进聊天程序
[2016-06-23 16:46:01.275] [INFO] logInfo - 用户1离开聊天室
[2016-06-23 16:46:02.009] [INFO] logInfo - 用户1连接进聊天程序
[2016-06-23 16:46:02.037] [INFO] logInfo - 用户1登陆，获取好友
[2016-06-23 16:46:02.255] [INFO] logInfo - 用户1登陆，获取自己的原来状态
[2016-06-23 16:46:02.974] [INFO] logInfo - 用户2离开聊天室
[2016-06-23 16:46:05.436] [INFO] logInfo - 用户2连接进聊天程序
[2016-06-23 16:46:05.461] [INFO] logInfo - 用户2登陆，获取好友
[2016-06-23 16:46:05.672] [INFO] logInfo - 用户2登陆，获取自己的原来状态
[2016-06-23 16:46:09.777] [INFO] logInfo - 用户1创建教室
[2016-06-23 16:46:09.781] [INFO] logInfo - 用户1进入group_0
[2016-06-23 16:46:09.793] [INFO] logInfo - 用户1进入11466671569775
[2016-06-23 16:46:14.588] [INFO] logInfo - 用户2进入group_0
[2016-06-23 16:46:15.279] [INFO] logInfo - 用户2进入11466671569775
[2016-06-23 16:46:25.662] [INFO] logInfo - 用户3离开聊天室
[2016-06-23 16:46:26.732] [INFO] logInfo - 用户3连接进聊天程序
[2016-06-23 16:46:26.761] [INFO] logInfo - 用户3登陆，获取好友
[2016-06-23 16:46:26.971] [INFO] logInfo - 用户3登陆，获取自己的原来状态
[2016-06-23 16:48:38.968] [INFO] logInfo - 用户3连接进聊天程序
[2016-06-23 16:48:38.973] [INFO] logInfo - 用户1连接进聊天程序
[2016-06-23 16:48:39.055] [INFO] logInfo - 用户2连接进聊天程序
[2016-06-23 16:48:41.107] [INFO] logInfo - 用户1离开聊天室
[2016-06-23 16:48:42.463] [INFO] logInfo - 用户1连接进聊天程序
[2016-06-23 16:48:42.495] [INFO] logInfo - 用户1登陆，获取好友
[2016-06-23 16:48:42.726] [INFO] logInfo - 用户1登陆，获取自己的原来状态
[2016-06-23 16:48:43.380] [INFO] logInfo - 用户3离开聊天室
[2016-06-23 16:48:44.212] [INFO] logInfo - 用户2被提下线
[2016-06-23 16:48:44.214] [INFO] logInfo - 用户2离开聊天室
[2016-06-23 16:48:44.215] [INFO] logInfo - 用户2连接进聊天程序
[2016-06-23 16:48:44.257] [INFO] logInfo - 用户2登陆，获取好友
[2016-06-23 16:48:44.476] [INFO] logInfo - 用户2登陆，获取自己的原来状态
[2016-06-23 16:48:48.945] [INFO] logInfo - 用户1创建教室
[2016-06-23 16:48:48.951] [INFO] logInfo - 用户1进入group_0
[2016-06-23 16:48:48.970] [INFO] logInfo - 用户1进入11466671728944
[2016-06-23 16:48:52.307] [INFO] logInfo - 用户2进入group_0
[2016-06-23 16:48:53.105] [INFO] logInfo - 用户2进入11466671728944
[2016-06-23 16:49:09.136] [INFO] logInfo - 用户3连接进聊天程序
[2016-06-23 16:49:09.174] [INFO] logInfo - 用户3登陆，获取好友
[2016-06-23 16:49:09.409] [INFO] logInfo - 用户3登陆，获取自己的原来状态
[2016-06-23 16:49:12.662] [INFO] logInfo - 用户3进入group_0
[2016-06-23 16:49:13.457] [INFO] logInfo - 用户3进入11466671728944
[2016-06-23 16:51:16.582] [INFO] logInfo - 用户1离开聊天室
[2016-06-23 16:51:17.482] [INFO] logInfo - 用户1连接进聊天程序
[2016-06-23 16:51:17.515] [INFO] logInfo - 用户1登陆，获取好友
[2016-06-23 16:51:17.737] [INFO] logInfo - 用户1登陆，获取自己的原来状态
[2016-06-23 16:51:17.764] [INFO] logInfo - 用户1进入11466671728944
[2016-06-23 16:51:21.413] [INFO] logInfo - 用户1离开聊天室
[2016-06-23 16:51:22.322] [INFO] logInfo - 用户1连接进聊天程序
[2016-06-23 16:51:22.346] [INFO] logInfo - 用户1登陆，获取好友
[2016-06-23 16:51:22.563] [INFO] logInfo - 用户1登陆，获取自己的原来状态
[2016-06-23 16:51:22.605] [INFO] logInfo - 用户1进入11466671728944
[2016-06-23 16:52:28.559] [INFO] logInfo - 用户1离开聊天室
[2016-06-23 16:52:29.562] [INFO] logInfo - 用户1连接进聊天程序
[2016-06-23 16:52:29.594] [INFO] logInfo - 用户1登陆，获取好友
[2016-06-23 16:52:29.804] [INFO] logInfo - 用户1登陆，获取自己的原来状态
[2016-06-23 16:52:29.829] [INFO] logInfo - 用户1进入11466671728944
[2016-06-23 17:13:32.121] [INFO] logInfo - 用户1被提下线
[2016-06-23 17:13:32.122] [INFO] logInfo - 用户1离开聊天室
[2016-06-23 17:13:32.123] [INFO] logInfo - 用户1连接进聊天程序
[2016-06-23 17:13:32.305] [INFO] logInfo - 用户1登陆，获取好友
[2016-06-23 17:13:32.516] [INFO] logInfo - 用户1登陆，获取自己的原来状态
[2016-06-23 17:13:32.570] [INFO] logInfo - 用户1进入11466671728944
[2016-06-23 17:13:36.509] [INFO] logInfo - 用户3连接进聊天程序
[2016-06-23 17:13:36.555] [INFO] logInfo - 用户1连接进聊天程序
[2016-06-23 17:13:36.668] [INFO] logInfo - 用户2连接进聊天程序
[2016-06-23 17:13:37.077] [INFO] logInfo - 用户1离开聊天室
[2016-06-23 17:13:38.222] [INFO] logInfo - 用户1连接进聊天程序
[2016-06-23 17:13:38.311] [INFO] logInfo - 用户1登陆，获取好友
[2016-06-23 17:13:38.523] [INFO] logInfo - 用户1登陆，获取自己的原来状态
[2016-06-23 17:14:12.348] [INFO] logInfo - 用户1离开聊天室
[2016-06-23 17:14:13.389] [INFO] logInfo - 用户1连接进聊天程序
[2016-06-23 17:14:13.501] [INFO] logInfo - 用户1登陆，获取好友
[2016-06-23 17:14:13.721] [INFO] logInfo - 用户1登陆，获取自己的原来状态
[2016-06-23 17:15:15.383] [INFO] logInfo - 用户1离开聊天室
[2016-06-23 17:15:17.622] [INFO] logInfo - 用户1连接进聊天程序
[2016-06-23 17:15:17.733] [INFO] logInfo - 用户1登陆，获取好友
[2016-06-23 17:15:17.929] [INFO] logInfo - 用户1登陆，获取自己的原来状态
[2016-06-23 17:16:02.932] [INFO] logInfo - 用户1离开聊天室
[2016-06-23 17:16:03.959] [INFO] logInfo - 用户1连接进聊天程序
[2016-06-23 17:16:04.048] [INFO] logInfo - 用户1登陆，获取好友
[2016-06-23 17:16:04.244] [INFO] logInfo - 用户1登陆，获取自己的原来状态
[2016-06-23 17:19:33.158] [INFO] logInfo - 用户1离开聊天室
[2016-06-23 17:19:34.363] [INFO] logInfo - 用户1连接进聊天程序
[2016-06-23 17:19:34.467] [INFO] logInfo - 用户1登陆，获取好友
[2016-06-23 17:19:34.662] [INFO] logInfo - 用户1登陆，获取自己的原来状态
[2016-06-23 17:21:36.451] [INFO] logInfo - 用户1离开聊天室
[2016-06-23 17:21:37.483] [INFO] logInfo - 用户1连接进聊天程序
[2016-06-23 17:21:37.591] [INFO] logInfo - 用户1登陆，获取好友
[2016-06-23 17:21:37.793] [INFO] logInfo - 用户1登陆，获取自己的原来状态
[2016-06-23 17:22:03.693] [INFO] logInfo - 用户1离开聊天室
[2016-06-23 17:22:04.961] [INFO] logInfo - 用户1连接进聊天程序
[2016-06-23 17:22:05.071] [INFO] logInfo - 用户1登陆，获取好友
[2016-06-23 17:22:05.292] [INFO] logInfo - 用户1登陆，获取自己的原来状态
[2016-06-23 17:24:05.604] [INFO] logInfo - 用户1离开聊天室
[2016-06-23 17:24:06.485] [INFO] logInfo - 用户1连接进聊天程序
[2016-06-23 17:24:06.588] [INFO] logInfo - 用户1登陆，获取好友
[2016-06-23 17:24:06.808] [INFO] logInfo - 用户1登陆，获取自己的原来状态
[2016-06-23 17:25:55.216] [INFO] logInfo - 用户1离开聊天室
[2016-06-23 17:25:56.200] [INFO] logInfo - 用户1连接进聊天程序
[2016-06-23 17:25:56.305] [INFO] logInfo - 用户1登陆，获取好友
[2016-06-23 17:25:56.541] [INFO] logInfo - 用户1登陆，获取自己的原来状态
[2016-06-23 17:37:27.033] [INFO] logInfo - 用户1离开聊天室
[2016-06-23 17:37:27.953] [INFO] logInfo - 用户1连接进聊天程序
[2016-06-23 17:37:28.068] [INFO] logInfo - 用户1登陆，获取好友
[2016-06-23 17:37:28.263] [INFO] logInfo - 用户1登陆，获取自己的原来状态
[2016-06-23 17:40:14.287] [INFO] logInfo - 用户1离开聊天室
[2016-06-23 17:40:31.802] [INFO] logInfo - 用户1连接进聊天程序
[2016-06-23 17:40:31.904] [INFO] logInfo - 用户1登陆，获取好友
[2016-06-23 17:40:32.110] [INFO] logInfo - 用户1登陆，获取自己的原来状态
[2016-06-23 17:46:26.198] [INFO] logInfo - 用户1离开聊天室
[2016-06-23 17:46:27.267] [INFO] logInfo - 用户1连接进聊天程序
[2016-06-23 17:46:27.367] [INFO] logInfo - 用户1登陆，获取好友
[2016-06-23 17:46:27.583] [INFO] logInfo - 用户1登陆，获取自己的原来状态
[2016-06-23 17:48:57.421] [INFO] logInfo - 用户1离开聊天室
[2016-06-23 17:48:58.302] [INFO] logInfo - 用户1连接进聊天程序
[2016-06-23 17:48:58.410] [INFO] logInfo - 用户1登陆，获取好友
[2016-06-23 17:48:58.609] [INFO] logInfo - 用户1登陆，获取自己的原来状态
[2016-06-23 17:49:57.190] [INFO] logInfo - 用户1离开聊天室
[2016-06-23 17:49:59.816] [INFO] logInfo - 用户1连接进聊天程序
[2016-06-23 17:49:59.916] [INFO] logInfo - 用户1登陆，获取好友
[2016-06-23 17:50:00.120] [INFO] logInfo - 用户1登陆，获取自己的原来状态
[2016-06-23 17:51:05.213] [INFO] logInfo - 用户1离开聊天室
[2016-06-23 17:51:07.097] [INFO] logInfo - 用户1连接进聊天程序
[2016-06-23 17:51:07.197] [INFO] logInfo - 用户1登陆，获取好友
[2016-06-23 17:51:07.407] [INFO] logInfo - 用户1登陆，获取自己的原来状态
[2016-06-23 17:51:20.355] [INFO] logInfo - 用户1离开聊天室
[2016-06-23 17:51:21.292] [INFO] logInfo - 用户1连接进聊天程序
[2016-06-23 17:51:21.401] [INFO] logInfo - 用户1登陆，获取好友
[2016-06-23 17:51:21.612] [INFO] logInfo - 用户1登陆，获取自己的原来状态
[2016-06-23 17:52:11.658] [INFO] logInfo - 用户1离开聊天室
[2016-06-23 17:52:14.061] [INFO] logInfo - 用户1连接进聊天程序
[2016-06-23 17:52:14.171] [INFO] logInfo - 用户1登陆，获取好友
[2016-06-23 17:52:14.386] [INFO] logInfo - 用户1登陆，获取自己的原来状态
[2016-06-23 17:54:16.778] [INFO] logInfo - 用户1离开聊天室
[2016-06-23 17:54:17.688] [INFO] logInfo - 用户1连接进聊天程序
[2016-06-23 17:54:17.800] [INFO] logInfo - 用户1登陆，获取好友
[2016-06-23 17:54:18.020] [INFO] logInfo - 用户1登陆，获取自己的原来状态
[2016-06-23 17:55:54.152] [INFO] logInfo - 用户1离开聊天室
[2016-06-23 17:55:56.209] [INFO] logInfo - 用户1连接进聊天程序
[2016-06-23 17:55:56.313] [INFO] logInfo - 用户1登陆，获取好友
[2016-06-23 17:55:56.526] [INFO] logInfo - 用户1登陆，获取自己的原来状态
[2016-06-23 17:56:12.489] [INFO] logInfo - 用户1离开聊天室
[2016-06-23 17:56:14.690] [INFO] logInfo - 用户1连接进聊天程序
[2016-06-23 17:56:14.798] [INFO] logInfo - 用户1登陆，获取好友
[2016-06-23 17:56:14.996] [INFO] logInfo - 用户1登陆，获取自己的原来状态
[2016-06-23 17:56:53.319] [INFO] logInfo - 用户1离开聊天室
[2016-06-23 17:56:54.149] [INFO] logInfo - 用户1连接进聊天程序
[2016-06-23 17:56:54.259] [INFO] logInfo - 用户1登陆，获取好友
[2016-06-23 17:56:54.456] [INFO] logInfo - 用户1登陆，获取自己的原来状态
[2016-06-23 17:58:11.526] [INFO] logInfo - 用户1离开聊天室
[2016-06-23 17:58:12.389] [INFO] logInfo - 用户1连接进聊天程序
[2016-06-23 17:58:12.498] [INFO] logInfo - 用户1登陆，获取好友
[2016-06-23 17:58:12.703] [INFO] logInfo - 用户1登陆，获取自己的原来状态
[2016-06-23 17:58:46.480] [INFO] logInfo - 用户1离开聊天室
[2016-06-23 17:58:47.478] [INFO] logInfo - 用户1连接进聊天程序
[2016-06-23 17:58:47.583] [INFO] logInfo - 用户1登陆，获取好友
[2016-06-23 17:58:47.794] [INFO] logInfo - 用户1登陆，获取自己的原来状态
[2016-06-23 18:02:16.971] [INFO] logInfo - 用户1离开聊天室
[2016-06-23 18:02:17.849] [INFO] logInfo - 用户1连接进聊天程序
[2016-06-23 18:02:17.961] [INFO] logInfo - 用户1登陆，获取好友
[2016-06-23 18:02:18.160] [INFO] logInfo - 用户1登陆，获取自己的原来状态
[2016-06-23 18:03:04.983] [INFO] logInfo - 用户1离开聊天室
[2016-06-23 18:03:05.841] [INFO] logInfo - 用户1连接进聊天程序
[2016-06-23 18:03:05.942] [INFO] logInfo - 用户1登陆，获取好友
[2016-06-23 18:03:06.158] [INFO] logInfo - 用户1登陆，获取自己的原来状态
[2016-06-23 18:03:44.582] [INFO] logInfo - 用户1离开聊天室
[2016-06-23 18:03:45.479] [INFO] logInfo - 用户1连接进聊天程序
[2016-06-23 18:03:45.594] [INFO] logInfo - 用户1登陆，获取好友
[2016-06-23 18:03:45.794] [INFO] logInfo - 用户1登陆，获取自己的原来状态
[2016-06-23 18:04:02.224] [INFO] logInfo - 用户1离开聊天室
[2016-06-23 18:04:04.635] [INFO] logInfo - 用户1连接进聊天程序
[2016-06-23 18:04:04.724] [INFO] logInfo - 用户1登陆，获取好友
[2016-06-23 18:04:04.921] [INFO] logInfo - 用户1登陆，获取自己的原来状态
[2016-06-23 18:05:24.031] [INFO] logInfo - 用户1离开聊天室
[2016-06-23 18:05:25.983] [INFO] logInfo - 用户1连接进聊天程序
[2016-06-23 18:05:26.093] [INFO] logInfo - 用户1登陆，获取好友
[2016-06-23 18:05:26.299] [INFO] logInfo - 用户1登陆，获取自己的原来状态
[2016-06-23 18:06:24.126] [INFO] logInfo - 用户1离开聊天室
[2016-06-23 18:06:25.003] [INFO] logInfo - 用户1连接进聊天程序
[2016-06-23 18:06:25.121] [INFO] logInfo - 用户1登陆，获取好友
[2016-06-23 18:06:25.334] [INFO] logInfo - 用户1登陆，获取自己的原来状态
[2016-06-23 18:06:54.178] [INFO] logInfo - 用户1离开聊天室
[2016-06-23 18:06:55.364] [INFO] logInfo - 用户1连接进聊天程序
[2016-06-23 18:06:55.464] [INFO] logInfo - 用户1登陆，获取好友
[2016-06-23 18:06:55.663] [INFO] logInfo - 用户1登陆，获取自己的原来状态
[2016-06-23 18:07:19.985] [INFO] logInfo - 用户1离开聊天室
