[2016-07-01 09:44:47.290] [INFO] logInfo - 用户1连接进聊天程序
[2016-07-01 09:44:47.315] [INFO] logInfo - 用户1登陆，获取好友
[2016-07-01 09:44:48.000] [INFO] logInfo - 用户1登陆，获取自己的原来状态
[2016-07-01 09:44:48.122] [INFO] logInfo - 用户1进入11466754111661
[2016-07-01 09:45:08.839] [INFO] logInfo - 用户1离开聊天室
[2016-07-01 09:45:15.160] [INFO] logInfo - 用户1连接进聊天程序
[2016-07-01 09:45:15.198] [INFO] logInfo - 用户1登陆，获取好友
[2016-07-01 09:45:15.444] [INFO] logInfo - 用户1登陆，获取自己的原来状态
[2016-07-01 09:45:15.476] [INFO] logInfo - 用户1进入11466754111661
[2016-07-01 09:47:26.906] [INFO] logInfo - 用户1连接进聊天程序
[2016-07-01 09:47:52.912] [INFO] logInfo - 用户1离开聊天室
[2016-07-01 09:47:54.168] [INFO] logInfo - 用户1连接进聊天程序
[2016-07-01 09:47:54.213] [INFO] logInfo - 用户1登陆，获取好友
[2016-07-01 09:47:54.495] [INFO] logInfo - 用户1登陆，获取自己的原来状态
[2016-07-01 09:47:54.532] [INFO] logInfo - 用户1进入11466754111661
[2016-07-01 09:48:00.746] [INFO] logInfo - 用户1离开聊天室
[2016-07-01 09:48:02.287] [INFO] logInfo - 用户1连接进聊天程序
[2016-07-01 09:48:02.315] [INFO] logInfo - 用户1登陆，获取好友
[2016-07-01 09:48:02.549] [INFO] logInfo - 用户1登陆，获取自己的原来状态
[2016-07-01 09:48:02.586] [INFO] logInfo - 用户1进入11466754111661
[2016-07-01 09:48:31.067] [INFO] logInfo - 用户1连接进聊天程序
[2016-07-01 09:48:42.985] [INFO] logInfo - 用户1离开聊天室
[2016-07-01 09:48:45.557] [INFO] logInfo - 用户1连接进聊天程序
[2016-07-01 09:48:45.584] [INFO] logInfo - 用户1登陆，获取好友
[2016-07-01 09:48:45.871] [INFO] logInfo - 用户1登陆，获取自己的原来状态
[2016-07-01 09:48:45.904] [INFO] logInfo - 用户1进入11466754111661
[2016-07-01 09:48:49.593] [INFO] logInfo - 用户1离开聊天室
[2016-07-01 09:48:51.017] [INFO] logInfo - 用户1连接进聊天程序
[2016-07-01 09:48:51.050] [INFO] logInfo - 用户1登陆，获取好友
[2016-07-01 09:48:51.265] [INFO] logInfo - 用户1登陆，获取自己的原来状态
[2016-07-01 09:48:51.302] [INFO] logInfo - 用户1进入11466754111661
[2016-07-01 09:48:55.154] [INFO] logInfo - 用户1解散教室
[2016-07-01 09:49:02.204] [INFO] logInfo - 用户1创建教室
[2016-07-01 09:49:02.214] [INFO] logInfo - 用户1进入group_0
[2016-07-01 09:49:02.227] [INFO] logInfo - 用户1进入11467337742202
[2016-07-01 09:49:19.536] [INFO] logInfo - 用户1解散教室
[2016-07-01 09:49:27.282] [INFO] logInfo - 用户1创建教室
[2016-07-01 09:49:27.290] [INFO] logInfo - 用户1进入group_0
[2016-07-01 09:49:27.297] [INFO] logInfo - 用户1进入11467337767281
[2016-07-01 09:50:06.843] [INFO] logInfo - 用户1连接进聊天程序
[2016-07-01 09:55:39.313] [INFO] logInfo - 用户1连接进聊天程序
[2016-07-01 09:55:40.359] [INFO] logInfo - 用户1离开聊天室
[2016-07-01 09:55:42.049] [INFO] logInfo - 用户1连接进聊天程序
[2016-07-01 09:55:42.083] [INFO] logInfo - 用户1登陆，获取好友
[2016-07-01 09:55:42.331] [INFO] logInfo - 用户1登陆，获取自己的原来状态
[2016-07-01 09:55:42.366] [INFO] logInfo - 用户1进入11467337767281
[2016-07-01 09:55:45.834] [INFO] logInfo - 用户1离开聊天室
[2016-07-01 09:55:47.980] [INFO] logInfo - 用户1连接进聊天程序
[2016-07-01 09:55:48.008] [INFO] logInfo - 用户1登陆，获取好友
[2016-07-01 09:55:48.244] [INFO] logInfo - 用户1登陆，获取自己的原来状态
[2016-07-01 09:55:48.275] [INFO] logInfo - 用户1进入11467337767281
[2016-07-01 09:55:49.192] [INFO] logInfo - 用户1离开聊天室
[2016-07-01 09:55:50.190] [INFO] logInfo - 用户1连接进聊天程序
[2016-07-01 09:55:50.222] [INFO] logInfo - 用户1登陆，获取好友
[2016-07-01 09:55:50.487] [INFO] logInfo - 用户1登陆，获取自己的原来状态
[2016-07-01 09:55:50.526] [INFO] logInfo - 用户1进入11467337767281
[2016-07-01 09:55:57.771] [INFO] logInfo - 用户2连接进聊天程序
[2016-07-01 09:55:57.810] [INFO] logInfo - 用户2登陆，获取好友
[2016-07-01 09:55:58.078] [INFO] logInfo - 用户2登陆，获取自己的原来状态
[2016-07-01 09:56:00.359] [INFO] logInfo - 用户2进入11467337767281
[2016-07-01 09:56:06.381] [INFO] logInfo - 用户1离开聊天室
[2016-07-01 09:56:09.247] [INFO] logInfo - 用户1连接进聊天程序
[2016-07-01 09:56:09.277] [INFO] logInfo - 用户1登陆，获取好友
[2016-07-01 09:56:09.511] [INFO] logInfo - 用户1登陆，获取自己的原来状态
[2016-07-01 09:56:09.551] [INFO] logInfo - 用户1进入11467337767281
[2016-07-01 09:56:14.187] [INFO] logInfo - 用户2离开聊天室
[2016-07-01 09:56:15.666] [INFO] logInfo - 用户2连接进聊天程序
[2016-07-01 09:56:15.684] [INFO] logInfo - 用户2登陆，获取好友
[2016-07-01 09:56:15.930] [INFO] logInfo - 用户2登陆，获取自己的原来状态
[2016-07-01 09:56:15.967] [INFO] logInfo - 用户2进入11467337767281
[2016-07-01 09:57:01.874] [INFO] logInfo - 用户2连接进聊天程序
[2016-07-01 09:57:02.400] [INFO] logInfo - 用户1连接进聊天程序
[2016-07-01 09:57:03.207] [INFO] logInfo - 用户2离开聊天室
[2016-07-01 09:57:06.638] [INFO] logInfo - 用户2连接进聊天程序
[2016-07-01 09:57:06.677] [INFO] logInfo - 用户2登陆，获取好友
[2016-07-01 09:57:06.930] [INFO] logInfo - 用户2登陆，获取自己的原来状态
[2016-07-01 09:57:06.961] [INFO] logInfo - 用户2进入11467337767281
[2016-07-01 09:57:08.372] [INFO] logInfo - 用户1离开聊天室
[2016-07-01 09:57:09.253] [INFO] logInfo - 用户1连接进聊天程序
[2016-07-01 09:57:09.297] [INFO] logInfo - 用户1登陆，获取好友
[2016-07-01 09:57:09.559] [INFO] logInfo - 用户1登陆，获取自己的原来状态
[2016-07-01 09:57:09.595] [INFO] logInfo - 用户1进入11467337767281
[2016-07-01 09:57:21.342] [INFO] logInfo - 用户1连接进聊天程序
[2016-07-01 09:57:22.403] [INFO] logInfo - 用户2连接进聊天程序
[2016-07-01 09:57:25.069] [INFO] logInfo - 用户1离开聊天室
[2016-07-01 09:57:26.047] [INFO] logInfo - 用户1连接进聊天程序
[2016-07-01 09:57:26.084] [INFO] logInfo - 用户1登陆，获取好友
[2016-07-01 09:57:26.376] [INFO] logInfo - 用户1登陆，获取自己的原来状态
[2016-07-01 09:57:26.415] [INFO] logInfo - 用户1进入11467337767281
[2016-07-01 09:57:26.919] [INFO] logInfo - 用户2离开聊天室
[2016-07-01 09:57:27.900] [INFO] logInfo - 用户2连接进聊天程序
[2016-07-01 09:57:27.930] [INFO] logInfo - 用户2登陆，获取好友
[2016-07-01 09:57:28.244] [INFO] logInfo - 用户2登陆，获取自己的原来状态
[2016-07-01 09:57:31.378] [INFO] logInfo - 用户2离开聊天室
[2016-07-01 09:57:32.299] [INFO] logInfo - 用户2连接进聊天程序
[2016-07-01 09:57:32.336] [INFO] logInfo - 用户2登陆，获取好友
[2016-07-01 09:57:32.945] [INFO] logInfo - 用户2登陆，获取自己的原来状态
[2016-07-01 09:57:35.177] [INFO] logInfo - 用户2进入11467337767281
[2016-07-01 09:58:21.997] [INFO] logInfo - 用户2连接进聊天程序
[2016-07-01 09:58:22.403] [INFO] logInfo - 用户1连接进聊天程序
[2016-07-01 09:58:24.394] [INFO] logInfo - 用户2离开聊天室
[2016-07-01 09:58:26.207] [INFO] logInfo - 用户2连接进聊天程序
[2016-07-01 09:58:26.231] [INFO] logInfo - 用户2登陆，获取好友
[2016-07-01 09:58:28.555] [INFO] logInfo - 用户1离开聊天室
[2016-07-01 09:58:28.642] [INFO] logInfo - 用户2登陆，获取自己的原来状态
[2016-07-01 09:58:29.766] [INFO] logInfo - 用户1连接进聊天程序
[2016-07-01 09:58:29.798] [INFO] logInfo - 用户1登陆，获取好友
[2016-07-01 09:58:30.166] [INFO] logInfo - 用户1登陆，获取自己的原来状态
[2016-07-01 09:58:33.983] [INFO] logInfo - 用户1创建教室
[2016-07-01 09:58:33.992] [INFO] logInfo - 用户1进入group_0
[2016-07-01 09:58:34.018] [INFO] logInfo - 用户1进入11467338313981
[2016-07-01 09:58:40.119] [INFO] logInfo - 用户2进入group_0
[2016-07-01 09:58:42.095] [INFO] logInfo - 用户2进入11467338313981
[2016-07-01 09:59:07.344] [INFO] logInfo - 用户2离开聊天室
[2016-07-01 09:59:07.355] [INFO] logInfo - 用户1离开聊天室
[2016-07-01 09:59:29.748] [INFO] logInfo - 用户1连接进聊天程序
[2016-07-01 09:59:29.879] [INFO] logInfo - 用户1登陆，获取好友
[2016-07-01 09:59:34.134] [INFO] logInfo - 用户2连接进聊天程序
[2016-07-01 09:59:34.251] [INFO] logInfo - 用户2登陆，获取好友
[2016-07-01 09:59:39.913] [INFO] logInfo - 用户1登陆，获取自己的原来状态
[2016-07-01 09:59:40.183] [INFO] logInfo - 用户1进入11467338313981
[2016-07-01 09:59:56.278] [INFO] logInfo - 用户2离开聊天室
[2016-07-01 09:59:57.340] [INFO] logInfo - 用户2连接进聊天程序
[2016-07-01 09:59:57.442] [INFO] logInfo - 用户2登陆，获取好友
[2016-07-01 10:00:26.006] [INFO] logInfo - 用户2离开聊天室
[2016-07-01 10:00:27.499] [INFO] logInfo - 用户2连接进聊天程序
[2016-07-01 10:00:27.621] [INFO] logInfo - 用户2登陆，获取好友
[2016-07-01 10:00:50.788] [INFO] logInfo - 用户1连接进聊天程序
[2016-07-01 10:00:50.793] [INFO] logInfo - 用户2连接进聊天程序
[2016-07-01 10:00:51.774] [INFO] logInfo - 用户2离开聊天室
[2016-07-01 10:00:52.691] [INFO] logInfo - 用户2连接进聊天程序
[2016-07-01 10:00:52.836] [INFO] logInfo - 用户2登陆，获取好友
[2016-07-01 10:00:55.151] [INFO] logInfo - 用户1离开聊天室
[2016-07-01 10:00:56.028] [INFO] logInfo - 用户1连接进聊天程序
[2016-07-01 10:00:56.159] [INFO] logInfo - 用户1登陆，获取好友
[2016-07-01 10:01:05.006] [INFO] logInfo - 用户2登陆，获取自己的原来状态
[2016-07-01 10:01:05.398] [INFO] logInfo - 用户2进入11467338313981
[2016-07-01 10:01:05.541] [INFO] logInfo - 用户1登陆，获取自己的原来状态
[2016-07-01 10:01:05.581] [INFO] logInfo - 用户1进入11467338313981
[2016-07-01 10:01:39.148] [INFO] logInfo - 用户2连接进聊天程序
[2016-07-01 10:01:39.406] [INFO] logInfo - 用户1连接进聊天程序
[2016-07-01 10:02:25.869] [INFO] logInfo - 用户1连接进聊天程序
[2016-07-01 10:02:26.407] [INFO] logInfo - 用户2连接进聊天程序
[2016-07-01 10:03:35.631] [INFO] logInfo - 用户2离开聊天室
[2016-07-01 10:03:36.676] [INFO] logInfo - 用户2连接进聊天程序
[2016-07-01 10:03:36.791] [INFO] logInfo - 用户2登陆，获取好友
[2016-07-01 10:03:38.081] [INFO] logInfo - 用户2登陆，获取自己的原来状态
[2016-07-01 10:03:38.122] [INFO] logInfo - 用户2进入11467338313981
[2016-07-01 10:03:43.153] [INFO] logInfo - 用户2离开聊天室
[2016-07-01 10:03:44.093] [INFO] logInfo - 用户2连接进聊天程序
[2016-07-01 10:03:44.194] [INFO] logInfo - 用户2登陆，获取好友
[2016-07-01 10:03:45.504] [INFO] logInfo - 用户2登陆，获取自己的原来状态
[2016-07-01 10:03:45.542] [INFO] logInfo - 用户2进入11467338313981
[2016-07-01 10:04:17.966] [INFO] logInfo - 用户2离开聊天室
[2016-07-01 10:04:20.718] [INFO] logInfo - 用户2连接进聊天程序
[2016-07-01 10:04:20.855] [INFO] logInfo - 用户2登陆，获取好友
[2016-07-01 10:04:21.174] [INFO] logInfo - 用户2登陆，获取自己的原来状态
[2016-07-01 10:04:21.224] [INFO] logInfo - 用户2进入11467338313981
[2016-07-01 10:04:37.449] [INFO] logInfo - 用户2连接进聊天程序
[2016-07-01 10:04:37.468] [INFO] logInfo - 用户1连接进聊天程序
[2016-07-01 10:04:44.579] [INFO] logInfo - 用户1解散教室
[2016-07-01 10:04:48.654] [INFO] logInfo - 用户2离开聊天室
[2016-07-01 10:04:50.958] [INFO] logInfo - 用户2连接进聊天程序
[2016-07-01 10:04:51.067] [INFO] logInfo - 用户2登陆，获取好友
[2016-07-01 10:04:51.985] [INFO] logInfo - 用户1离开聊天室
[2016-07-01 10:04:52.837] [INFO] logInfo - 用户1连接进聊天程序
[2016-07-01 10:04:52.942] [INFO] logInfo - 用户1登陆，获取好友
[2016-07-01 10:05:11.332] [INFO] logInfo - 用户1离开聊天室
[2016-07-01 10:05:12.618] [INFO] logInfo - 用户1连接进聊天程序
[2016-07-01 10:05:12.770] [INFO] logInfo - 用户1登陆，获取好友
[2016-07-01 10:05:16.431] [INFO] logInfo - 用户2离开聊天室
[2016-07-01 10:05:17.446] [INFO] logInfo - 用户2连接进聊天程序
[2016-07-01 10:05:17.556] [INFO] logInfo - 用户2登陆，获取好友
[2016-07-01 10:16:17.015] [INFO] logInfo - 用户1连接进聊天程序
[2016-07-01 10:16:17.107] [INFO] logInfo - 用户1登陆，获取好友
[2016-07-01 10:16:17.686] [INFO] logInfo - 用户1登陆，获取自己的原来状态
[2016-07-01 10:16:17.894] [INFO] logInfo - 用户1进入11467338313981
[2016-07-01 10:16:20.412] [INFO] logInfo - 用户2连接进聊天程序
[2016-07-01 10:16:20.551] [INFO] logInfo - 用户2登陆，获取好友
[2016-07-01 10:16:21.203] [INFO] logInfo - 用户2登陆，获取自己的原来状态
[2016-07-01 10:16:21.438] [INFO] logInfo - 用户2进入11467338313981
[2016-07-01 10:16:25.900] [INFO] logInfo - 用户1离开聊天室
[2016-07-01 10:16:25.909] [INFO] logInfo - 用户2离开聊天室
[2016-07-01 10:16:35.469] [INFO] logInfo - 用户1连接进聊天程序
[2016-07-01 10:16:35.551] [INFO] logInfo - 用户1登陆，获取好友
[2016-07-01 10:16:41.863] [INFO] logInfo - 用户2连接进聊天程序
[2016-07-01 10:16:41.932] [INFO] logInfo - 用户2登陆，获取好友
[2016-07-01 10:16:44.440] [INFO] logInfo - 用户1登陆，获取自己的原来状态
[2016-07-01 10:16:46.074] [INFO] logInfo - 用户2登陆，获取自己的原来状态
[2016-07-01 10:16:50.046] [INFO] logInfo - 用户1创建教室
[2016-07-01 10:16:50.059] [INFO] logInfo - 用户1进入group_0
[2016-07-01 10:16:50.104] [INFO] logInfo - 用户1进入11467339410041
[2016-07-01 10:17:00.439] [INFO] logInfo - 用户2进入group_0
[2016-07-01 10:17:01.769] [INFO] logInfo - 用户2进入11467339410041
[2016-07-01 10:17:41.870] [INFO] logInfo - 用户2离开聊天室
[2016-07-01 10:17:42.938] [INFO] logInfo - 用户2连接进聊天程序
[2016-07-01 10:17:43.051] [INFO] logInfo - 用户2登陆，获取好友
[2016-07-01 10:17:47.952] [INFO] logInfo - 用户2登陆，获取自己的原来状态
[2016-07-01 10:17:48.014] [INFO] logInfo - 用户2进入11467339410041
[2016-07-01 10:20:06.651] [INFO] logInfo - 用户1离开聊天室
[2016-07-01 10:20:07.905] [INFO] logInfo - 用户1连接进聊天程序
[2016-07-01 10:20:08.032] [INFO] logInfo - 用户1登陆，获取好友
[2016-07-01 10:20:08.381] [INFO] logInfo - 用户1登陆，获取自己的原来状态
[2016-07-01 10:20:08.426] [INFO] logInfo - 用户1进入11467339410041
[2016-07-01 10:20:09.480] [INFO] logInfo - 用户2离开聊天室
[2016-07-01 10:20:10.781] [INFO] logInfo - 用户2连接进聊天程序
[2016-07-01 10:20:10.915] [INFO] logInfo - 用户2登陆，获取好友
[2016-07-01 10:20:12.164] [INFO] logInfo - 用户2登陆，获取自己的原来状态
[2016-07-01 10:20:12.205] [INFO] logInfo - 用户2进入11467339410041
