[2016-07-05 11:54:02.680] [INFO] logInfo - 用户3连接进聊天程序
[2016-07-05 11:54:12.642] [INFO] logInfo - 用户3连接进聊天程序
[2016-07-05 11:54:14.368] [INFO] logInfo - 用户3离开聊天室
[2016-07-05 11:54:14.672] [INFO] logInfo - 用户3连接进聊天程序
[2016-07-05 11:54:14.731] [INFO] logInfo - 用户3登陆，获取好友
[2016-07-05 11:54:57.385] [INFO] logInfo - 用户3连接进聊天程序
[2016-07-05 11:54:57.438] [INFO] logInfo - 用户3登陆，获取好友
[2016-07-05 11:55:23.106] [INFO] logInfo - 用户3连接进聊天程序
[2016-07-05 11:55:23.159] [INFO] logInfo - 用户3登陆，获取好友
[2016-07-05 11:55:33.563] [INFO] logInfo - 用户3连接进聊天程序
[2016-07-05 11:55:34.409] [INFO] logInfo - 用户3离开聊天室
[2016-07-05 11:55:34.697] [INFO] logInfo - 用户3连接进聊天程序
[2016-07-05 11:55:34.761] [INFO] logInfo - 用户3登陆，获取好友
[2016-07-05 11:56:34.152] [INFO] logInfo - 用户3连接进聊天程序
[2016-07-05 11:56:34.375] [INFO] logInfo - 用户3离开聊天室
[2016-07-05 11:56:34.659] [INFO] logInfo - 用户3连接进聊天程序
[2016-07-05 11:56:34.709] [INFO] logInfo - 用户3登陆，获取好友
[2016-07-05 11:56:34.891] [INFO] logInfo - 用户3登陆，获取自己的原来状态
[2016-07-05 11:58:17.128] [INFO] logInfo - 用户3离开聊天室
[2016-07-05 11:58:17.422] [INFO] logInfo - 用户3连接进聊天程序
[2016-07-05 11:58:17.558] [INFO] logInfo - 用户3登陆，获取好友
[2016-07-05 11:58:17.792] [INFO] logInfo - 用户3登陆，获取自己的原来状态
[2016-07-05 11:58:20.080] [INFO] logInfo - 用户3连接进聊天程序
[2016-07-05 11:58:24.074] [INFO] logInfo - 用户3离开聊天室
[2016-07-05 11:58:24.353] [INFO] logInfo - 用户3连接进聊天程序
[2016-07-05 11:58:24.416] [INFO] logInfo - 用户3登陆，获取好友
[2016-07-05 11:58:24.580] [INFO] logInfo - 用户3登陆，获取自己的原来状态
[2016-07-05 12:00:13.674] [INFO] logInfo - 用户3连接进聊天程序
[2016-07-05 12:00:15.698] [INFO] logInfo - 用户3离开聊天室
[2016-07-05 12:00:15.994] [INFO] logInfo - 用户3连接进聊天程序
[2016-07-05 12:00:16.050] [INFO] logInfo - 用户3登陆，获取好友
[2016-07-05 12:00:16.227] [INFO] logInfo - 用户3登陆，获取自己的原来状态
[2016-07-05 12:09:37.155] [INFO] logInfo - 用户3离开聊天室
[2016-07-05 12:09:37.477] [INFO] logInfo - 用户3连接进聊天程序
[2016-07-05 12:09:37.589] [INFO] logInfo - 用户3登陆，获取好友
[2016-07-05 12:09:37.762] [INFO] logInfo - 用户3登陆，获取自己的原来状态
[2016-07-05 12:09:50.629] [INFO] logInfo - 用户3连接进聊天程序
[2016-07-05 12:09:51.352] [INFO] logInfo - 用户3离开聊天室
[2016-07-05 12:09:51.632] [INFO] logInfo - 用户3连接进聊天程序
[2016-07-05 12:09:51.682] [INFO] logInfo - 用户3登陆，获取好友
[2016-07-05 12:09:51.876] [INFO] logInfo - 用户3登陆，获取自己的原来状态
[2016-07-05 12:21:02.739] [INFO] logInfo - 用户3离开聊天室
[2016-07-05 12:21:03.056] [INFO] logInfo - 用户3连接进聊天程序
[2016-07-05 12:21:03.185] [INFO] logInfo - 用户3登陆，获取好友
[2016-07-05 12:21:03.376] [INFO] logInfo - 用户3登陆，获取自己的原来状态
[2016-07-05 12:22:30.947] [INFO] logInfo - 用户3离开聊天室
[2016-07-05 12:22:31.280] [INFO] logInfo - 用户3连接进聊天程序
[2016-07-05 12:22:31.352] [INFO] logInfo - 用户3登陆，获取好友
[2016-07-05 12:22:31.600] [INFO] logInfo - 用户3登陆，获取自己的原来状态
[2016-07-05 12:23:56.213] [INFO] logInfo - 用户3离开聊天室
[2016-07-05 12:23:56.522] [INFO] logInfo - 用户3连接进聊天程序
[2016-07-05 12:23:56.641] [INFO] logInfo - 用户3登陆，获取好友
[2016-07-05 12:23:56.821] [INFO] logInfo - 用户3登陆，获取自己的原来状态
[2016-07-05 12:25:45.031] [INFO] logInfo - 用户3离开聊天室
[2016-07-05 12:25:45.322] [INFO] logInfo - 用户3连接进聊天程序
[2016-07-05 12:25:45.374] [INFO] logInfo - 用户3登陆，获取好友
[2016-07-05 12:25:45.560] [INFO] logInfo - 用户3登陆，获取自己的原来状态
[2016-07-05 12:25:49.565] [INFO] logInfo - 用户3离开聊天室
[2016-07-05 12:25:49.851] [INFO] logInfo - 用户3连接进聊天程序
[2016-07-05 12:25:49.991] [INFO] logInfo - 用户3登陆，获取好友
[2016-07-05 12:25:50.291] [INFO] logInfo - 用户3登陆，获取自己的原来状态
[2016-07-05 12:26:43.755] [INFO] logInfo - 用户3离开聊天室
[2016-07-05 12:26:44.054] [INFO] logInfo - 用户3连接进聊天程序
[2016-07-05 12:26:44.184] [INFO] logInfo - 用户3登陆，获取好友
[2016-07-05 12:26:44.458] [INFO] logInfo - 用户3登陆，获取自己的原来状态
[2016-07-05 12:27:05.232] [INFO] logInfo - 用户3进入group_0
[2016-07-05 12:27:07.522] [INFO] logInfo - 用户3进入group_1
[2016-07-05 12:27:08.113] [INFO] logInfo - 用户3进入group_0
[2016-07-05 12:28:25.776] [INFO] logInfo - 用户7连接进聊天程序
[2016-07-05 12:28:25.811] [INFO] logInfo - 用户7登陆，获取好友
[2016-07-05 12:29:04.562] [INFO] logInfo - 用户3连接进聊天程序
[2016-07-05 12:29:04.577] [INFO] logInfo - 用户7连接进聊天程序
[2016-07-05 12:29:08.925] [INFO] logInfo - 用户7离开聊天室
[2016-07-05 12:29:09.066] [INFO] logInfo - 用户7连接进聊天程序
[2016-07-05 12:29:09.116] [INFO] logInfo - 用户7登陆，获取好友
[2016-07-05 12:29:26.975] [INFO] logInfo - 用户3离开聊天室
[2016-07-05 12:29:27.199] [INFO] logInfo - 用户3连接进聊天程序
[2016-07-05 12:29:27.245] [INFO] logInfo - 用户3登陆，获取好友
[2016-07-05 12:29:27.420] [INFO] logInfo - 用户3登陆，获取自己的原来状态
[2016-07-05 12:29:50.513] [INFO] logInfo - 用户7连接进聊天程序
[2016-07-05 12:29:50.596] [INFO] logInfo - 用户3连接进聊天程序
[2016-07-05 12:29:52.219] [INFO] logInfo - 用户7离开聊天室
[2016-07-05 12:29:52.320] [INFO] logInfo - 用户7连接进聊天程序
[2016-07-05 12:29:52.360] [INFO] logInfo - 用户7登陆，获取好友
[2016-07-05 12:29:58.897] [INFO] logInfo - 用户3离开聊天室
[2016-07-05 12:29:59.113] [INFO] logInfo - 用户3连接进聊天程序
[2016-07-05 12:29:59.161] [INFO] logInfo - 用户3登陆，获取好友
[2016-07-05 12:29:59.372] [INFO] logInfo - 用户3登陆，获取自己的原来状态
[2016-07-05 12:30:33.455] [INFO] logInfo - 用户7连接进聊天程序
[2016-07-05 12:30:33.468] [INFO] logInfo - 用户3连接进聊天程序
[2016-07-05 12:30:34.813] [INFO] logInfo - 用户7离开聊天室
[2016-07-05 12:30:34.921] [INFO] logInfo - 用户7连接进聊天程序
[2016-07-05 12:30:34.954] [INFO] logInfo - 用户7登陆，获取好友
[2016-07-05 12:30:41.024] [INFO] logInfo - 用户3离开聊天室
[2016-07-05 12:30:41.226] [INFO] logInfo - 用户3连接进聊天程序
[2016-07-05 12:30:41.281] [INFO] logInfo - 用户3登陆，获取好友
[2016-07-05 12:30:41.437] [INFO] logInfo - 用户3登陆，获取自己的原来状态
[2016-07-05 12:30:46.973] [INFO] logInfo - 用户7离开聊天室
[2016-07-05 12:30:47.101] [INFO] logInfo - 用户7连接进聊天程序
[2016-07-05 12:30:47.120] [INFO] logInfo - 用户7登陆，获取好友
[2016-07-05 12:31:06.777] [INFO] logInfo - 用户3连接进聊天程序
[2016-07-05 12:31:06.784] [INFO] logInfo - 用户7连接进聊天程序
[2016-07-05 12:31:08.342] [INFO] logInfo - 用户7离开聊天室
[2016-07-05 12:31:08.483] [INFO] logInfo - 用户7连接进聊天程序
[2016-07-05 12:31:08.526] [INFO] logInfo - 用户7登陆，获取好友
[2016-07-05 12:31:11.550] [INFO] logInfo - 用户3离开聊天室
[2016-07-05 12:31:11.761] [INFO] logInfo - 用户3连接进聊天程序
[2016-07-05 12:31:11.814] [INFO] logInfo - 用户3登陆，获取好友
[2016-07-05 12:31:11.978] [INFO] logInfo - 用户3登陆，获取自己的原来状态
[2016-07-05 12:31:42.911] [INFO] logInfo - 用户3连接进聊天程序
[2016-07-05 12:31:43.006] [INFO] logInfo - 用户7连接进聊天程序
[2016-07-05 12:31:44.620] [INFO] logInfo - 用户3离开聊天室
[2016-07-05 12:31:44.829] [INFO] logInfo - 用户3连接进聊天程序
[2016-07-05 12:31:44.932] [INFO] logInfo - 用户3登陆，获取好友
[2016-07-05 12:31:45.150] [INFO] logInfo - 用户3登陆，获取自己的原来状态
[2016-07-05 12:31:47.527] [INFO] logInfo - 用户7离开聊天室
[2016-07-05 12:31:47.610] [INFO] logInfo - 用户7连接进聊天程序
[2016-07-05 12:31:47.650] [INFO] logInfo - 用户7登陆，获取好友
[2016-07-05 12:32:45.414] [INFO] logInfo - 用户3连接进聊天程序
[2016-07-05 12:32:45.497] [INFO] logInfo - 用户7连接进聊天程序
[2016-07-05 12:32:47.235] [INFO] logInfo - 用户7离开聊天室
[2016-07-05 12:32:47.302] [INFO] logInfo - 用户7连接进聊天程序
[2016-07-05 12:32:47.341] [INFO] logInfo - 用户7登陆，获取好友
[2016-07-05 12:32:47.507] [INFO] logInfo - 用户7登陆，获取自己的原来状态
[2016-07-05 12:33:59.445] [INFO] logInfo - 用户3离开聊天室
[2016-07-05 12:33:59.650] [INFO] logInfo - 用户3连接进聊天程序
[2016-07-05 12:33:59.754] [INFO] logInfo - 用户3登陆，获取好友
[2016-07-05 12:33:59.909] [INFO] logInfo - 用户3登陆，获取自己的原来状态
[2016-07-05 12:34:06.485] [INFO] logInfo - 用户7离开聊天室
[2016-07-05 12:34:06.945] [INFO] logInfo - 用户7连接进聊天程序
[2016-07-05 12:34:06.988] [INFO] logInfo - 用户7登陆，获取好友
[2016-07-05 12:34:07.142] [INFO] logInfo - 用户7登陆，获取自己的原来状态
[2016-07-05 12:35:17.762] [INFO] logInfo - 用户7连接进聊天程序
[2016-07-05 12:35:17.829] [INFO] logInfo - 用户7登陆，获取好友
[2016-07-05 12:35:18.061] [INFO] logInfo - 用户7登陆，获取自己的原来状态
[2016-07-05 12:35:19.025] [INFO] logInfo - 用户3连接进聊天程序
[2016-07-05 12:35:54.716] [INFO] logInfo - 用户3连接进聊天程序
[2016-07-05 12:35:54.728] [INFO] logInfo - 用户7连接进聊天程序
[2016-07-05 12:35:56.349] [INFO] logInfo - 用户7离开聊天室
[2016-07-05 12:35:56.529] [INFO] logInfo - 用户7连接进聊天程序
[2016-07-05 12:35:56.616] [INFO] logInfo - 用户7登陆，获取好友
[2016-07-05 12:35:56.824] [INFO] logInfo - 用户7登陆，获取自己的原来状态
[2016-07-05 12:39:24.078] [INFO] logInfo - 用户3连接进聊天程序
[2016-07-05 12:39:24.946] [INFO] logInfo - 用户3离开聊天室
[2016-07-05 12:39:25.152] [INFO] logInfo - 用户3连接进聊天程序
[2016-07-05 12:39:25.255] [INFO] logInfo - 用户3登陆，获取好友
[2016-07-05 12:39:25.412] [INFO] logInfo - 用户3登陆，获取自己的原来状态
[2016-07-05 12:39:26.788] [INFO] logInfo - 用户7连接进聊天程序
[2016-07-05 12:39:28.701] [INFO] logInfo - 用户7离开聊天室
[2016-07-05 12:39:28.885] [INFO] logInfo - 用户7连接进聊天程序
[2016-07-05 12:39:28.974] [INFO] logInfo - 用户7登陆，获取好友
[2016-07-05 12:39:29.122] [INFO] logInfo - 用户7登陆，获取自己的原来状态
[2016-07-05 12:40:37.263] [INFO] logInfo - 用户7离开聊天室
[2016-07-05 12:40:37.434] [INFO] logInfo - 用户7连接进聊天程序
[2016-07-05 12:40:37.461] [INFO] logInfo - 用户7登陆，获取好友
[2016-07-05 12:40:37.616] [INFO] logInfo - 用户7登陆，获取自己的原来状态
[2016-07-05 12:40:51.227] [INFO] logInfo - 用户7连接进聊天程序
[2016-07-05 12:40:51.358] [INFO] logInfo - 用户3连接进聊天程序
[2016-07-05 12:40:52.190] [INFO] logInfo - 用户7离开聊天室
[2016-07-05 12:40:52.295] [INFO] logInfo - 用户7连接进聊天程序
[2016-07-05 12:40:52.343] [INFO] logInfo - 用户7登陆，获取好友
[2016-07-05 12:40:52.511] [INFO] logInfo - 用户7登陆，获取自己的原来状态
[2016-07-05 12:41:18.633] [INFO] logInfo - 用户3离开聊天室
[2016-07-05 12:41:18.861] [INFO] logInfo - 用户3连接进聊天程序
[2016-07-05 12:41:18.964] [INFO] logInfo - 用户3登陆，获取好友
[2016-07-05 12:41:19.120] [INFO] logInfo - 用户3登陆，获取自己的原来状态
[2016-07-05 12:50:03.597] [INFO] logInfo - 用户3离开聊天室
[2016-07-05 12:55:45.057] [INFO] logInfo - 用户7连接进聊天程序
[2016-07-05 12:58:38.122] [INFO] logInfo - 用户7连接进聊天程序
[2016-07-05 12:58:48.871] [INFO] logInfo - 用户45连接进聊天程序
[2016-07-05 12:58:49.011] [INFO] logInfo - 用户45登陆，获取好友
[2016-07-05 12:58:49.201] [INFO] logInfo - 用户45登陆，获取自己的原来状态
[2016-07-05 12:59:38.560] [INFO] logInfo - 用户45离开聊天室
[2016-07-05 12:59:38.848] [INFO] logInfo - 用户45连接进聊天程序
[2016-07-05 12:59:38.891] [INFO] logInfo - 用户45登陆，获取好友
[2016-07-05 12:59:39.074] [INFO] logInfo - 用户45登陆，获取自己的原来状态
[2016-07-05 13:00:48.869] [INFO] logInfo - 用户7连接进聊天程序
[2016-07-05 13:00:49.177] [INFO] logInfo - 用户45连接进聊天程序
[2016-07-05 13:00:52.247] [INFO] logInfo - 用户45离开聊天室
[2016-07-05 13:00:52.532] [INFO] logInfo - 用户45连接进聊天程序
[2016-07-05 13:00:52.658] [INFO] logInfo - 用户45登陆，获取好友
[2016-07-05 13:00:52.875] [INFO] logInfo - 用户45登陆，获取自己的原来状态
[2016-07-05 13:01:48.590] [INFO] logInfo - 用户7连接进聊天程序
[2016-07-05 13:01:48.985] [INFO] logInfo - 用户45连接进聊天程序
[2016-07-05 13:01:50.984] [INFO] logInfo - 用户45离开聊天室
[2016-07-05 13:01:51.255] [INFO] logInfo - 用户45连接进聊天程序
[2016-07-05 13:01:51.401] [INFO] logInfo - 用户45登陆，获取好友
[2016-07-05 13:01:51.621] [INFO] logInfo - 用户45登陆，获取自己的原来状态
[2016-07-05 13:03:12.054] [INFO] logInfo - 用户7连接进聊天程序
[2016-07-05 13:03:12.088] [INFO] logInfo - 用户45连接进聊天程序
[2016-07-05 13:03:13.162] [INFO] logInfo - 用户45离开聊天室
[2016-07-05 13:03:13.448] [INFO] logInfo - 用户45连接进聊天程序
[2016-07-05 13:03:13.592] [INFO] logInfo - 用户45登陆，获取好友
[2016-07-05 13:03:13.801] [INFO] logInfo - 用户45登陆，获取自己的原来状态
[2016-07-05 13:05:08.782] [INFO] logInfo - 用户7连接进聊天程序
[2016-07-05 13:05:08.979] [INFO] logInfo - 用户45连接进聊天程序
[2016-07-05 13:05:10.055] [INFO] logInfo - 用户45离开聊天室
[2016-07-05 13:05:10.333] [INFO] logInfo - 用户45连接进聊天程序
[2016-07-05 13:05:10.465] [INFO] logInfo - 用户45登陆，获取好友
[2016-07-05 13:05:10.645] [INFO] logInfo - 用户45登陆，获取自己的原来状态
[2016-07-05 13:05:35.659] [INFO] logInfo - 用户45离开聊天室
[2016-07-05 13:05:35.948] [INFO] logInfo - 用户45连接进聊天程序
[2016-07-05 13:05:36.086] [INFO] logInfo - 用户45登陆，获取好友
[2016-07-05 13:05:36.282] [INFO] logInfo - 用户45登陆，获取自己的原来状态
[2016-07-05 13:49:02.372] [INFO] logInfo - 用户7离开聊天室
[2016-07-05 13:49:06.117] [INFO] logInfo - 用户42连接进聊天程序
[2016-07-05 13:49:06.127] [INFO] logInfo - 用户42登陆，获取好友
[2016-07-05 13:49:06.295] [INFO] logInfo - 用户42登陆，获取自己的原来状态
[2016-07-05 13:49:08.080] [INFO] logInfo - 用户45离开聊天室
[2016-07-05 13:49:08.358] [INFO] logInfo - 用户45连接进聊天程序
[2016-07-05 13:49:08.506] [INFO] logInfo - 用户45登陆，获取好友
[2016-07-05 13:49:08.687] [INFO] logInfo - 用户45登陆，获取自己的原来状态
[2016-07-05 13:49:38.442] [INFO] logInfo - 用户42离开聊天室
[2016-07-05 13:49:38.528] [INFO] logInfo - 用户42连接进聊天程序
[2016-07-05 13:49:38.566] [INFO] logInfo - 用户42登陆，获取好友
[2016-07-05 13:49:38.740] [INFO] logInfo - 用户42登陆，获取自己的原来状态
[2016-07-05 13:49:52.070] [INFO] logInfo - 用户45离开聊天室
[2016-07-05 13:49:52.356] [INFO] logInfo - 用户45连接进聊天程序
[2016-07-05 13:49:52.414] [INFO] logInfo - 用户45登陆，获取好友
[2016-07-05 13:49:52.581] [INFO] logInfo - 用户45登陆，获取自己的原来状态
[2016-07-05 13:49:53.506] [INFO] logInfo - 用户42离开聊天室
[2016-07-05 13:49:53.610] [INFO] logInfo - 用户42连接进聊天程序
[2016-07-05 13:49:53.625] [INFO] logInfo - 用户42登陆，获取好友
[2016-07-05 13:49:53.799] [INFO] logInfo - 用户42登陆，获取自己的原来状态
[2016-07-05 13:50:39.292] [INFO] logInfo - 用户42连接进聊天程序
[2016-07-05 13:50:41.127] [INFO] logInfo - 用户45连接进聊天程序
[2016-07-05 13:50:41.379] [INFO] logInfo - 用户42离开聊天室
[2016-07-05 13:50:41.461] [INFO] logInfo - 用户42连接进聊天程序
[2016-07-05 13:50:41.501] [INFO] logInfo - 用户42登陆，获取好友
[2016-07-05 13:50:41.686] [INFO] logInfo - 用户42登陆，获取自己的原来状态
[2016-07-05 13:51:18.452] [INFO] logInfo - 用户42连接进聊天程序
[2016-07-05 13:51:18.470] [INFO] logInfo - 用户42登陆，获取好友
[2016-07-05 13:51:18.621] [INFO] logInfo - 用户42登陆，获取自己的原来状态
[2016-07-05 13:51:57.018] [INFO] logInfo - 用户42连接进聊天程序
[2016-07-05 13:51:57.035] [INFO] logInfo - 用户42登陆，获取好友
[2016-07-05 13:51:57.040] [INFO] logInfo - 用户45连接进聊天程序
[2016-07-05 13:51:57.316] [INFO] logInfo - 用户42登陆，获取自己的原来状态
[2016-07-05 13:56:17.986] [INFO] logInfo - 用户42离开聊天室
[2016-07-05 13:56:18.089] [INFO] logInfo - 用户42连接进聊天程序
[2016-07-05 13:56:18.113] [INFO] logInfo - 用户42登陆，获取好友
[2016-07-05 13:56:18.288] [INFO] logInfo - 用户42登陆，获取自己的原来状态
[2016-07-05 13:56:22.076] [INFO] logInfo - 用户42离开聊天室
[2016-07-05 13:56:22.243] [INFO] logInfo - 用户42连接进聊天程序
[2016-07-05 13:56:22.318] [INFO] logInfo - 用户42登陆，获取好友
[2016-07-05 13:56:22.499] [INFO] logInfo - 用户42登陆，获取自己的原来状态
[2016-07-05 13:57:30.435] [INFO] logInfo - 用户45离开聊天室
[2016-07-05 13:57:30.725] [INFO] logInfo - 用户45连接进聊天程序
[2016-07-05 13:57:30.857] [INFO] logInfo - 用户45登陆，获取好友
[2016-07-05 13:57:31.043] [INFO] logInfo - 用户45登陆，获取自己的原来状态
[2016-07-05 13:57:36.082] [INFO] logInfo - 用户42离开聊天室
[2016-07-05 13:57:36.264] [INFO] logInfo - 用户42连接进聊天程序
[2016-07-05 13:57:36.336] [INFO] logInfo - 用户42登陆，获取好友
[2016-07-05 13:57:36.520] [INFO] logInfo - 用户42登陆，获取自己的原来状态
[2016-07-05 13:58:22.954] [INFO] logInfo - 用户42离开聊天室
[2016-07-05 13:58:23.152] [INFO] logInfo - 用户42连接进聊天程序
[2016-07-05 13:58:23.225] [INFO] logInfo - 用户42登陆，获取好友
[2016-07-05 13:58:23.398] [INFO] logInfo - 用户42登陆，获取自己的原来状态
[2016-07-05 13:58:35.152] [INFO] logInfo - 用户42离开聊天室
[2016-07-05 13:58:35.338] [INFO] logInfo - 用户42连接进聊天程序
[2016-07-05 13:58:35.413] [INFO] logInfo - 用户42登陆，获取好友
[2016-07-05 13:58:35.588] [INFO] logInfo - 用户42登陆，获取自己的原来状态
[2016-07-05 13:58:55.775] [INFO] logInfo - 用户45离开聊天室
[2016-07-05 13:59:04.490] [INFO] logInfo - 用户44连接进聊天程序
[2016-07-05 13:59:04.521] [INFO] logInfo - 用户44登陆，获取好友
[2016-07-05 13:59:04.699] [INFO] logInfo - 用户44登陆，获取自己的原来状态
[2016-07-05 13:59:09.004] [INFO] logInfo - 用户44离开聊天室
[2016-07-05 13:59:12.039] [INFO] logInfo - 用户42被提下线
[2016-07-05 13:59:12.040] [INFO] logInfo - 用户42离开聊天室
[2016-07-05 13:59:12.041] [INFO] logInfo - 用户42连接进聊天程序
[2016-07-05 13:59:12.074] [INFO] logInfo - 用户42登陆，获取好友
[2016-07-05 13:59:12.248] [INFO] logInfo - 用户42登陆，获取自己的原来状态
[2016-07-05 14:00:07.106] [INFO] logInfo - 用户42进入group_0
[2016-07-05 14:00:08.626] [INFO] logInfo - 用户42创建教室
[2016-07-05 14:00:08.641] [INFO] logInfo - 用户42进入group_0
[2016-07-05 14:00:08.664] [INFO] logInfo - 用户42进入1467698408665
[2016-07-05 14:01:26.506] [INFO] logInfo - 用户42离开聊天室
[2016-07-05 14:01:26.786] [INFO] logInfo - 用户42连接进聊天程序
[2016-07-05 14:01:26.918] [INFO] logInfo - 用户42登陆，获取好友
[2016-07-05 14:01:27.098] [INFO] logInfo - 用户42登陆，获取自己的原来状态
[2016-07-05 14:01:27.137] [INFO] logInfo - 用户42进入1467698408665
[2016-07-05 14:01:55.929] [INFO] logInfo - 用户42离开聊天室
[2016-07-05 14:01:56.211] [INFO] logInfo - 用户42连接进聊天程序
[2016-07-05 14:01:56.261] [INFO] logInfo - 用户42登陆，获取好友
[2016-07-05 14:01:56.439] [INFO] logInfo - 用户42登陆，获取自己的原来状态
[2016-07-05 14:01:56.464] [INFO] logInfo - 用户42进入1467698408665
[2016-07-05 14:02:56.746] [INFO] logInfo - 用户42离开聊天室
[2016-07-05 14:02:57.030] [INFO] logInfo - 用户42连接进聊天程序
[2016-07-05 14:02:57.089] [INFO] logInfo - 用户42登陆，获取好友
[2016-07-05 14:02:57.264] [INFO] logInfo - 用户42登陆，获取自己的原来状态
[2016-07-05 14:02:57.292] [INFO] logInfo - 用户42进入1467698408665
[2016-07-05 14:04:42.454] [INFO] logInfo - 用户42离开聊天室
[2016-07-05 14:04:42.771] [INFO] logInfo - 用户42连接进聊天程序
[2016-07-05 14:04:42.835] [INFO] logInfo - 用户42登陆，获取好友
[2016-07-05 14:04:43.038] [INFO] logInfo - 用户42登陆，获取自己的原来状态
[2016-07-05 14:04:43.071] [INFO] logInfo - 用户42进入1467698408665
[2016-07-05 14:05:08.389] [INFO] logInfo - 用户42离开聊天室
[2016-07-05 14:05:08.724] [INFO] logInfo - 用户42连接进聊天程序
[2016-07-05 14:05:08.875] [INFO] logInfo - 用户42登陆，获取好友
[2016-07-05 14:05:09.048] [INFO] logInfo - 用户42登陆，获取自己的原来状态
[2016-07-05 14:05:09.073] [INFO] logInfo - 用户42进入1467698408665
[2016-07-05 14:05:20.767] [INFO] logInfo - 用户42离开聊天室
[2016-07-05 14:05:21.134] [INFO] logInfo - 用户42连接进聊天程序
[2016-07-05 14:05:21.314] [INFO] logInfo - 用户42登陆，获取好友
[2016-07-05 14:05:21.490] [INFO] logInfo - 用户42登陆，获取自己的原来状态
[2016-07-05 14:05:21.525] [INFO] logInfo - 用户42进入1467698408665
[2016-07-05 14:05:38.952] [INFO] logInfo - 用户42离开聊天室
[2016-07-05 14:05:39.248] [INFO] logInfo - 用户42连接进聊天程序
[2016-07-05 14:05:39.356] [INFO] logInfo - 用户42登陆，获取好友
[2016-07-05 14:05:39.559] [INFO] logInfo - 用户42登陆，获取自己的原来状态
[2016-07-05 14:05:39.596] [INFO] logInfo - 用户42进入1467698408665
[2016-07-05 14:05:42.998] [INFO] logInfo - 用户42解散教室
[2016-07-05 14:05:47.088] [INFO] logInfo - 用户42创建教室
[2016-07-05 14:05:47.100] [INFO] logInfo - 用户42进入group_0
[2016-07-05 14:05:47.114] [INFO] logInfo - 用户42进入1467698747129
[2016-07-05 14:06:23.591] [INFO] logInfo - 用户42解散教室
[2016-07-05 14:06:40.325] [INFO] logInfo - 用户42离开聊天室
[2016-07-05 14:06:40.542] [INFO] logInfo - 用户42连接进聊天程序
[2016-07-05 14:06:40.597] [INFO] logInfo - 用户42登陆，获取好友
[2016-07-05 14:06:40.770] [INFO] logInfo - 用户42登陆，获取自己的原来状态
[2016-07-05 14:06:43.935] [INFO] logInfo - 用户42离开聊天室
[2016-07-05 14:09:04.496] [INFO] logInfo - 用户42连接进聊天程序
[2016-07-05 14:09:04.538] [INFO] logInfo - 用户42登陆，获取好友
[2016-07-05 14:09:04.726] [INFO] logInfo - 用户42登陆，获取自己的原来状态
[2016-07-05 14:10:58.734] [INFO] logInfo - 用户42离开聊天室
[2016-07-05 14:10:59.015] [INFO] logInfo - 用户42连接进聊天程序
[2016-07-05 14:10:59.150] [INFO] logInfo - 用户42登陆，获取好友
[2016-07-05 14:10:59.325] [INFO] logInfo - 用户42登陆，获取自己的原来状态
[2016-07-05 14:14:48.700] [INFO] logInfo - 用户42离开聊天室
[2016-07-05 14:14:48.987] [INFO] logInfo - 用户42连接进聊天程序
[2016-07-05 14:14:49.126] [INFO] logInfo - 用户42登陆，获取好友
[2016-07-05 14:14:49.446] [INFO] logInfo - 用户42登陆，获取自己的原来状态
[2016-07-05 14:15:04.430] [INFO] logInfo - 用户42离开聊天室
[2016-07-05 14:15:04.867] [INFO] logInfo - 用户42连接进聊天程序
[2016-07-05 14:15:04.912] [INFO] logInfo - 用户42登陆，获取好友
[2016-07-05 14:15:07.439] [INFO] logInfo - 用户42登陆，获取自己的原来状态
[2016-07-05 14:17:19.271] [INFO] logInfo - 用户42离开聊天室
[2016-07-05 14:17:19.571] [INFO] logInfo - 用户42连接进聊天程序
[2016-07-05 14:17:19.691] [INFO] logInfo - 用户42登陆，获取好友
[2016-07-05 14:17:22.461] [INFO] logInfo - 用户42登陆，获取自己的原来状态
[2016-07-05 14:18:04.910] [INFO] logInfo - 用户42离开聊天室
[2016-07-05 14:18:05.214] [INFO] logInfo - 用户42连接进聊天程序
[2016-07-05 14:18:05.269] [INFO] logInfo - 用户42登陆，获取好友
[2016-07-05 14:18:16.701] [INFO] logInfo - 用户42离开聊天室
[2016-07-05 14:19:03.823] [INFO] logInfo - 用户42连接进聊天程序
[2016-07-05 14:19:03.871] [INFO] logInfo - 用户42登陆，获取好友
[2016-07-05 14:19:06.441] [INFO] logInfo - 用户42离开聊天室
[2016-07-05 14:19:06.712] [INFO] logInfo - 用户42连接进聊天程序
[2016-07-05 14:19:06.767] [INFO] logInfo - 用户42登陆，获取好友
[2016-07-05 14:19:09.318] [INFO] logInfo - 用户42登陆，获取自己的原来状态
[2016-07-05 14:19:48.655] [INFO] logInfo - 用户42离开聊天室
[2016-07-05 14:19:48.941] [INFO] logInfo - 用户42连接进聊天程序
[2016-07-05 14:19:48.997] [INFO] logInfo - 用户42登陆，获取好友
[2016-07-05 14:19:49.634] [INFO] logInfo - 用户42登陆，获取自己的原来状态
[2016-07-05 14:21:04.518] [INFO] logInfo - 用户42连接进聊天程序
[2016-07-05 14:21:05.566] [INFO] logInfo - 用户42离开聊天室
[2016-07-05 14:21:40.411] [INFO] logInfo - 用户42连接进聊天程序
[2016-07-05 14:21:40.469] [INFO] logInfo - 用户42登陆，获取好友
[2016-07-05 14:21:41.642] [INFO] logInfo - 用户42登陆，获取自己的原来状态
[2016-07-05 14:22:30.346] [INFO] logInfo - 用户42离开聊天室
[2016-07-05 14:22:39.748] [INFO] logInfo - 用户42连接进聊天程序
[2016-07-05 14:22:39.781] [INFO] logInfo - 用户42登陆，获取好友
[2016-07-05 14:22:40.354] [INFO] logInfo - 用户42登陆，获取自己的原来状态
[2016-07-05 14:23:07.710] [INFO] logInfo - 用户42离开聊天室
[2016-07-05 14:23:08.050] [INFO] logInfo - 用户42连接进聊天程序
[2016-07-05 14:23:08.197] [INFO] logInfo - 用户42登陆，获取好友
[2016-07-05 14:23:09.669] [INFO] logInfo - 用户42登陆，获取自己的原来状态
[2016-07-05 14:23:14.359] [INFO] logInfo - 用户42离开聊天室
[2016-07-05 14:23:20.353] [INFO] logInfo - 用户42连接进聊天程序
[2016-07-05 14:23:20.383] [INFO] logInfo - 用户42登陆，获取好友
[2016-07-05 14:23:20.602] [INFO] logInfo - 用户42登陆，获取自己的原来状态
[2016-07-05 14:23:27.892] [INFO] logInfo - 用户42离开聊天室
[2016-07-05 14:23:34.009] [INFO] logInfo - 用户42连接进聊天程序
[2016-07-05 14:23:34.040] [INFO] logInfo - 用户42登陆，获取好友
[2016-07-05 14:23:34.368] [INFO] logInfo - 用户42登陆，获取自己的原来状态
[2016-07-05 14:24:52.386] [INFO] logInfo - 用户42进入group_0
[2016-07-05 14:24:53.724] [INFO] logInfo - 用户42创建教室
[2016-07-05 14:24:53.740] [INFO] logInfo - 用户42进入group_0
[2016-07-05 14:24:53.754] [INFO] logInfo - 用户42进入1467699893763
[2016-07-05 14:25:35.642] [INFO] logInfo - 用户42离开聊天室
[2016-07-05 14:29:12.930] [INFO] logInfo - 用户42连接进聊天程序
[2016-07-05 14:29:12.962] [INFO] logInfo - 用户42登陆，获取好友
[2016-07-05 14:29:13.153] [INFO] logInfo - 用户42登陆，获取自己的原来状态
[2016-07-05 14:29:37.836] [INFO] logInfo - 用户42离开聊天室
[2016-07-05 14:29:38.069] [INFO] logInfo - 用户42连接进聊天程序
[2016-07-05 14:29:38.113] [INFO] logInfo - 用户42登陆，获取好友
[2016-07-05 14:29:38.376] [INFO] logInfo - 用户42登陆，获取自己的原来状态
[2016-07-05 14:29:45.461] [INFO] logInfo - 用户42进入group_0
[2016-07-05 14:29:48.354] [INFO] logInfo - 用户42创建教室
[2016-07-05 14:29:48.369] [INFO] logInfo - 用户42进入group_0
[2016-07-05 14:29:48.384] [INFO] logInfo - 用户42进入1467700188392
[2016-07-05 14:31:37.886] [INFO] logInfo - 用户42离开聊天室
[2016-07-05 14:31:38.190] [INFO] logInfo - 用户42连接进聊天程序
[2016-07-05 14:31:38.346] [INFO] logInfo - 用户42登陆，获取好友
[2016-07-05 14:31:38.528] [INFO] logInfo - 用户42登陆，获取自己的原来状态
[2016-07-05 14:31:38.566] [INFO] logInfo - 用户42进入1467700188392
[2016-07-05 14:31:39.606] [INFO] logInfo - 用户42离开聊天室
[2016-07-05 14:31:39.889] [INFO] logInfo - 用户42连接进聊天程序
[2016-07-05 14:31:40.016] [INFO] logInfo - 用户42登陆，获取好友
[2016-07-05 14:31:40.221] [INFO] logInfo - 用户42登陆，获取自己的原来状态
[2016-07-05 14:31:40.255] [INFO] logInfo - 用户42进入1467700188392
[2016-07-05 14:31:42.319] [INFO] logInfo - 用户42离开聊天室
[2016-07-05 14:31:42.578] [INFO] logInfo - 用户42连接进聊天程序
[2016-07-05 14:31:42.712] [INFO] logInfo - 用户42登陆，获取好友
[2016-07-05 14:31:42.888] [INFO] logInfo - 用户42登陆，获取自己的原来状态
[2016-07-05 14:31:42.916] [INFO] logInfo - 用户42进入1467700188392
[2016-07-05 14:31:44.594] [INFO] logInfo - 用户42离开聊天室
[2016-07-05 14:31:44.848] [INFO] logInfo - 用户42连接进聊天程序
[2016-07-05 14:31:44.963] [INFO] logInfo - 用户42登陆，获取好友
[2016-07-05 14:31:45.164] [INFO] logInfo - 用户42登陆，获取自己的原来状态
[2016-07-05 14:31:45.193] [INFO] logInfo - 用户42进入1467700188392
[2016-07-05 14:32:52.336] [INFO] logInfo - 用户42离开聊天室
[2016-07-05 14:33:41.134] [INFO] logInfo - 用户42连接进聊天程序
[2016-07-05 14:33:41.196] [INFO] logInfo - 用户42登陆，获取好友
[2016-07-05 14:33:41.383] [INFO] logInfo - 用户42登陆，获取自己的原来状态
[2016-07-05 14:33:41.420] [INFO] logInfo - 用户42进入1467700188392
[2016-07-05 14:33:45.329] [INFO] logInfo - 用户42解散教室
[2016-07-05 14:34:04.318] [INFO] logInfo - 用户42离开聊天室
