[2016-06-16 11:34:15.351] [INFO] logInfo - 用户1连接进聊天程序
[2016-06-16 11:34:15.371] [INFO] logInfo - 用户1登陆，获取好友
[2016-06-16 11:34:15.582] [INFO] logInfo - 用户1登陆，获取自己的原来状态
[2016-06-16 11:34:29.543] [INFO] logInfo - 用户1离开聊天室
[2016-06-16 11:34:31.212] [INFO] logInfo - 用户1连接进聊天程序
[2016-06-16 11:34:31.257] [INFO] logInfo - 用户1登陆，获取好友
[2016-06-16 11:34:31.500] [INFO] logInfo - 用户1登陆，获取自己的原来状态
[2016-06-16 11:36:52.420] [INFO] logInfo - 用户1离开聊天室
[2016-06-16 11:36:53.805] [INFO] logInfo - 用户1连接进聊天程序
[2016-06-16 11:36:53.851] [INFO] logInfo - 用户1登陆，获取好友
[2016-06-16 11:36:54.097] [INFO] logInfo - 用户1登陆，获取自己的原来状态
[2016-06-16 11:42:31.278] [INFO] logInfo - 用户1创建教室
[2016-06-16 11:42:31.282] [INFO] logInfo - 用户1进入group_0
[2016-06-16 11:42:31.302] [INFO] logInfo - 用户1进入11466048551273
[2016-06-16 11:44:24.378] [INFO] logInfo - 用户1离开聊天室
[2016-06-16 11:44:25.737] [INFO] logInfo - 用户1连接进聊天程序
[2016-06-16 11:44:25.776] [INFO] logInfo - 用户1登陆，获取好友
[2016-06-16 11:44:25.996] [INFO] logInfo - 用户1登陆，获取自己的原来状态
[2016-06-16 11:44:26.070] [INFO] logInfo - 用户1进入11466048551273
[2016-06-16 11:44:56.255] [INFO] logInfo - 用户1离开聊天室
[2016-06-16 11:44:57.899] [INFO] logInfo - 用户1连接进聊天程序
[2016-06-16 11:44:57.938] [INFO] logInfo - 用户1登陆，获取好友
[2016-06-16 11:44:58.179] [INFO] logInfo - 用户1登陆，获取自己的原来状态
[2016-06-16 11:44:58.258] [INFO] logInfo - 用户1进入11466048551273
[2016-06-16 11:45:17.835] [INFO] logInfo - 用户1离开聊天室
[2016-06-16 11:45:19.365] [INFO] logInfo - 用户1连接进聊天程序
[2016-06-16 11:45:19.410] [INFO] logInfo - 用户1登陆，获取好友
[2016-06-16 11:45:19.691] [INFO] logInfo - 用户1登陆，获取自己的原来状态
[2016-06-16 11:45:19.784] [INFO] logInfo - 用户1进入11466048551273
[2016-06-16 11:45:56.359] [INFO] logInfo - 用户1离开聊天室
[2016-06-16 11:46:01.109] [INFO] logInfo - 用户1连接进聊天程序
[2016-06-16 11:46:01.126] [INFO] logInfo - 用户1登陆，获取好友
[2016-06-16 11:46:01.323] [INFO] logInfo - 用户1登陆，获取自己的原来状态
[2016-06-16 11:46:01.425] [INFO] logInfo - 用户1进入11466048551273
[2016-06-16 11:46:54.429] [INFO] logInfo - 用户1离开聊天室
[2016-06-16 11:47:10.259] [INFO] logInfo - 用户1连接进聊天程序
[2016-06-16 11:47:10.297] [INFO] logInfo - 用户1登陆，获取好友
[2016-06-16 11:47:10.482] [INFO] logInfo - 用户1登陆，获取自己的原来状态
[2016-06-16 11:47:10.583] [INFO] logInfo - 用户1进入11466048551273
[2016-06-16 11:47:20.171] [INFO] logInfo - 用户1离开聊天室
[2016-06-16 11:47:21.311] [INFO] logInfo - 用户1连接进聊天程序
[2016-06-16 11:47:21.333] [INFO] logInfo - 用户1登陆，获取好友
[2016-06-16 11:47:21.517] [INFO] logInfo - 用户1登陆，获取自己的原来状态
[2016-06-16 11:47:21.542] [INFO] logInfo - 用户1进入11466048551273
[2016-06-16 11:48:14.728] [INFO] logInfo - 用户1离开聊天室
[2016-06-16 11:49:46.746] [INFO] logInfo - 用户1连接进聊天程序
[2016-06-16 11:49:46.765] [INFO] logInfo - 用户1登陆，获取好友
[2016-06-16 11:49:46.943] [INFO] logInfo - 用户1登陆，获取自己的原来状态
[2016-06-16 11:49:47.045] [INFO] logInfo - 用户1进入11466048551273
[2016-06-16 11:50:41.243] [INFO] logInfo - 用户1离开聊天室
[2016-06-16 11:50:43.995] [INFO] logInfo - 用户1连接进聊天程序
[2016-06-16 11:50:44.020] [INFO] logInfo - 用户1登陆，获取好友
[2016-06-16 11:50:44.203] [INFO] logInfo - 用户1登陆，获取自己的原来状态
[2016-06-16 11:50:44.304] [INFO] logInfo - 用户1进入11466048551273
[2016-06-16 11:51:38.110] [INFO] logInfo - 用户1离开聊天室
[2016-06-16 11:52:35.778] [INFO] logInfo - 用户1连接进聊天程序
[2016-06-16 11:52:35.801] [INFO] logInfo - 用户1登陆，获取好友
[2016-06-16 11:52:35.983] [INFO] logInfo - 用户1登陆，获取自己的原来状态
[2016-06-16 11:52:36.087] [INFO] logInfo - 用户1进入11466048551273
[2016-06-16 11:53:32.733] [INFO] logInfo - 用户1离开聊天室
[2016-06-16 11:53:42.107] [INFO] logInfo - 用户1连接进聊天程序
[2016-06-16 11:53:42.126] [INFO] logInfo - 用户1登陆，获取好友
[2016-06-16 11:53:42.321] [INFO] logInfo - 用户1登陆，获取自己的原来状态
[2016-06-16 11:53:42.425] [INFO] logInfo - 用户1进入11466048551273
[2016-06-16 11:54:24.811] [INFO] logInfo - 用户1离开聊天室
[2016-06-16 11:54:25.969] [INFO] logInfo - 用户1连接进聊天程序
[2016-06-16 11:54:25.987] [INFO] logInfo - 用户1登陆，获取好友
[2016-06-16 11:54:26.212] [INFO] logInfo - 用户1登陆，获取自己的原来状态
[2016-06-16 11:54:26.240] [INFO] logInfo - 用户1进入11466048551273
[2016-06-16 11:55:16.479] [INFO] logInfo - 用户1被提下线
[2016-06-16 11:55:16.485] [INFO] logInfo - 用户1离开聊天室
[2016-06-16 11:55:16.485] [INFO] logInfo - 用户1连接进聊天程序
[2016-06-16 11:55:16.624] [INFO] logInfo - 用户1登陆，获取好友
[2016-06-16 11:55:16.807] [INFO] logInfo - 用户1登陆，获取自己的原来状态
[2016-06-16 11:55:16.899] [INFO] logInfo - 用户1进入11466048551273
[2016-06-16 11:55:25.376] [INFO] logInfo - 用户1离开聊天室
[2016-06-16 11:57:39.580] [INFO] logInfo - 用户1连接进聊天程序
[2016-06-16 11:57:39.599] [INFO] logInfo - 用户1登陆，获取好友
[2016-06-16 11:57:39.783] [INFO] logInfo - 用户1登陆，获取自己的原来状态
[2016-06-16 11:57:39.888] [INFO] logInfo - 用户1进入11466048551273
[2016-06-16 11:58:35.363] [INFO] logInfo - 用户1离开聊天室
[2016-06-16 11:59:04.555] [INFO] logInfo - 用户2连接进聊天程序
[2016-06-16 11:59:04.575] [INFO] logInfo - 用户2登陆，获取好友
[2016-06-16 11:59:04.769] [INFO] logInfo - 用户2登陆，获取自己的原来状态
[2016-06-16 12:00:03.926] [INFO] logInfo - 用户2离开聊天室
