[2016-06-20 10:26:35.517] [INFO] logInfo - 用户1连接进聊天程序
[2016-06-20 10:26:35.601] [INFO] logInfo - 用户1登陆，获取好友
[2016-06-20 10:26:36.190] [INFO] logInfo - 用户1登陆，获取自己的原来状态
[2016-06-20 10:26:48.399] [INFO] logInfo - 用户1进入group_0
[2016-06-20 10:26:50.870] [INFO] logInfo - 用户1创建教室
[2016-06-20 10:26:50.876] [INFO] logInfo - 用户1进入group_0
[2016-06-20 10:26:50.897] [INFO] logInfo - 用户1进入11466389610858
[2016-06-20 10:34:44.093] [INFO] logInfo - 用户1连接进聊天程序
[2016-06-20 10:34:44.135] [INFO] logInfo - 用户1登陆，获取好友
[2016-06-20 10:34:44.336] [INFO] logInfo - 用户1登陆，获取自己的原来状态
[2016-06-20 10:34:48.763] [INFO] logInfo - 用户1创建教室
[2016-06-20 10:34:48.767] [INFO] logInfo - 用户1进入group_0
[2016-06-20 10:34:48.789] [INFO] logInfo - 用户1进入11466390088748
[2016-06-20 10:35:25.285] [INFO] logInfo - 用户1离开聊天室
[2016-06-20 10:35:26.847] [INFO] logInfo - 用户1连接进聊天程序
[2016-06-20 10:35:26.894] [INFO] logInfo - 用户1登陆，获取好友
[2016-06-20 10:35:27.092] [INFO] logInfo - 用户1登陆，获取自己的原来状态
[2016-06-20 10:35:27.123] [INFO] logInfo - 用户1进入11466390088748
[2016-06-20 10:35:34.864] [INFO] logInfo - 用户1离开聊天室
[2016-06-20 10:35:37.674] [INFO] logInfo - 用户1连接进聊天程序
[2016-06-20 10:35:37.701] [INFO] logInfo - 用户1登陆，获取好友
[2016-06-20 10:35:37.902] [INFO] logInfo - 用户1登陆，获取自己的原来状态
[2016-06-20 10:35:37.934] [INFO] logInfo - 用户1进入11466390088748
[2016-06-20 10:36:43.920] [INFO] logInfo - 用户1离开聊天室
[2016-06-20 10:36:45.417] [INFO] logInfo - 用户1连接进聊天程序
[2016-06-20 10:36:45.457] [INFO] logInfo - 用户1登陆，获取好友
[2016-06-20 10:36:45.770] [INFO] logInfo - 用户1登陆，获取自己的原来状态
[2016-06-20 10:36:45.838] [INFO] logInfo - 用户1进入11466390088748
[2016-06-20 10:37:06.805] [INFO] logInfo - 用户1离开聊天室
[2016-06-20 10:37:08.438] [INFO] logInfo - 用户1连接进聊天程序
[2016-06-20 10:37:08.478] [INFO] logInfo - 用户1登陆，获取好友
[2016-06-20 10:37:08.785] [INFO] logInfo - 用户1登陆，获取自己的原来状态
[2016-06-20 10:37:08.885] [INFO] logInfo - 用户1进入11466390088748
[2016-06-20 10:38:59.328] [INFO] logInfo - 用户1离开聊天室
[2016-06-20 10:39:01.089] [INFO] logInfo - 用户1连接进聊天程序
[2016-06-20 10:39:01.121] [INFO] logInfo - 用户1登陆，获取好友
[2016-06-20 10:39:01.377] [INFO] logInfo - 用户1登陆，获取自己的原来状态
[2016-06-20 10:39:01.482] [INFO] logInfo - 用户1进入11466390088748
[2016-06-20 10:42:54.076] [INFO] logInfo - 用户1离开聊天室
[2016-06-20 10:42:55.656] [INFO] logInfo - 用户1连接进聊天程序
[2016-06-20 10:42:55.696] [INFO] logInfo - 用户1登陆，获取好友
[2016-06-20 10:42:55.987] [INFO] logInfo - 用户1登陆，获取自己的原来状态
[2016-06-20 10:42:56.056] [INFO] logInfo - 用户1进入11466390088748
[2016-06-20 11:00:15.702] [INFO] logInfo - 用户1离开聊天室
[2016-06-20 11:00:17.106] [INFO] logInfo - 用户1连接进聊天程序
[2016-06-20 11:00:17.144] [INFO] logInfo - 用户1登陆，获取好友
[2016-06-20 11:00:17.355] [INFO] logInfo - 用户1登陆，获取自己的原来状态
[2016-06-20 11:00:17.387] [INFO] logInfo - 用户1进入11466390088748
[2016-06-20 11:00:42.564] [INFO] logInfo - 用户1离开聊天室
[2016-06-20 11:00:44.040] [INFO] logInfo - 用户1连接进聊天程序
[2016-06-20 11:00:44.080] [INFO] logInfo - 用户1登陆，获取好友
[2016-06-20 11:00:44.327] [INFO] logInfo - 用户1登陆，获取自己的原来状态
[2016-06-20 11:00:44.363] [INFO] logInfo - 用户1进入11466390088748
[2016-06-20 11:04:00.950] [INFO] logInfo - 用户1离开聊天室
[2016-06-20 11:04:02.202] [INFO] logInfo - 用户1连接进聊天程序
[2016-06-20 11:04:02.243] [INFO] logInfo - 用户1登陆，获取好友
[2016-06-20 11:04:02.438] [INFO] logInfo - 用户1登陆，获取自己的原来状态
[2016-06-20 11:04:02.473] [INFO] logInfo - 用户1进入11466390088748
[2016-06-20 11:04:38.461] [INFO] logInfo - 用户1离开聊天室
[2016-06-20 11:04:39.497] [INFO] logInfo - 用户1连接进聊天程序
[2016-06-20 11:04:39.559] [INFO] logInfo - 用户1登陆，获取好友
[2016-06-20 11:04:39.774] [INFO] logInfo - 用户1登陆，获取自己的原来状态
[2016-06-20 11:04:39.805] [INFO] logInfo - 用户1进入11466390088748
[2016-06-20 11:05:27.449] [INFO] logInfo - 用户1离开聊天室
[2016-06-20 11:05:28.480] [INFO] logInfo - 用户1连接进聊天程序
[2016-06-20 11:05:28.522] [INFO] logInfo - 用户1登陆，获取好友
[2016-06-20 11:05:28.762] [INFO] logInfo - 用户1登陆，获取自己的原来状态
[2016-06-20 11:05:28.800] [INFO] logInfo - 用户1进入11466390088748
[2016-06-20 11:09:56.503] [INFO] logInfo - 用户1离开聊天室
[2016-06-20 11:09:57.666] [INFO] logInfo - 用户1连接进聊天程序
[2016-06-20 11:09:57.715] [INFO] logInfo - 用户1登陆，获取好友
[2016-06-20 11:09:57.921] [INFO] logInfo - 用户1登陆，获取自己的原来状态
[2016-06-20 11:09:58.003] [INFO] logInfo - 用户1进入11466390088748
[2016-06-20 11:10:20.957] [INFO] logInfo - 用户1离开聊天室
[2016-06-20 11:10:22.670] [INFO] logInfo - 用户1连接进聊天程序
[2016-06-20 11:10:22.749] [INFO] logInfo - 用户1登陆，获取好友
[2016-06-20 11:10:23.002] [INFO] logInfo - 用户1登陆，获取自己的原来状态
[2016-06-20 11:10:23.042] [INFO] logInfo - 用户1进入11466390088748
[2016-06-20 11:12:12.105] [INFO] logInfo - 用户1离开聊天室
[2016-06-20 11:12:13.282] [INFO] logInfo - 用户1连接进聊天程序
[2016-06-20 11:12:13.308] [INFO] logInfo - 用户1登陆，获取好友
[2016-06-20 11:12:13.520] [INFO] logInfo - 用户1登陆，获取自己的原来状态
[2016-06-20 11:12:13.585] [INFO] logInfo - 用户1进入11466390088748
[2016-06-20 11:15:23.169] [INFO] logInfo - 用户1离开聊天室
[2016-06-20 11:15:24.269] [INFO] logInfo - 用户1连接进聊天程序
[2016-06-20 11:15:24.315] [INFO] logInfo - 用户1登陆，获取好友
[2016-06-20 11:15:24.543] [INFO] logInfo - 用户1登陆，获取自己的原来状态
[2016-06-20 11:15:24.573] [INFO] logInfo - 用户1进入11466390088748
[2016-06-20 11:24:02.625] [INFO] logInfo - 用户1离开聊天室
[2016-06-20 11:24:03.907] [INFO] logInfo - 用户1连接进聊天程序
[2016-06-20 11:24:03.952] [INFO] logInfo - 用户1登陆，获取好友
[2016-06-20 11:24:04.186] [INFO] logInfo - 用户1登陆，获取自己的原来状态
[2016-06-20 11:24:04.225] [INFO] logInfo - 用户1进入11466390088748
[2016-06-20 11:41:31.148] [INFO] logInfo - 用户1离开聊天室
[2016-06-20 11:41:32.396] [INFO] logInfo - 用户1连接进聊天程序
[2016-06-20 11:41:32.440] [INFO] logInfo - 用户1登陆，获取好友
[2016-06-20 11:41:32.651] [INFO] logInfo - 用户1登陆，获取自己的原来状态
[2016-06-20 11:41:32.733] [INFO] logInfo - 用户1进入11466390088748
[2016-06-20 11:42:25.289] [INFO] logInfo - 用户1连接进聊天程序
[2016-06-20 11:42:27.177] [INFO] logInfo - 用户1离开聊天室
[2016-06-20 11:42:28.244] [INFO] logInfo - 用户1连接进聊天程序
[2016-06-20 11:42:28.291] [INFO] logInfo - 用户1登陆，获取好友
[2016-06-20 11:42:28.596] [INFO] logInfo - 用户1登陆，获取自己的原来状态
[2016-06-20 11:42:33.399] [INFO] logInfo - 用户1创建教室
[2016-06-20 11:42:33.409] [INFO] logInfo - 用户1进入group_0
[2016-06-20 11:42:33.455] [INFO] logInfo - 用户1进入11466394153386
[2016-06-20 11:42:54.441] [INFO] logInfo - 用户1离开聊天室
[2016-06-20 11:42:56.044] [INFO] logInfo - 用户1连接进聊天程序
[2016-06-20 11:42:56.091] [INFO] logInfo - 用户1登陆，获取好友
[2016-06-20 11:42:56.382] [INFO] logInfo - 用户1登陆，获取自己的原来状态
[2016-06-20 11:42:56.431] [INFO] logInfo - 用户1进入11466394153386
[2016-06-20 11:44:39.528] [INFO] logInfo - 用户1离开聊天室
[2016-06-20 11:44:40.861] [INFO] logInfo - 用户1连接进聊天程序
[2016-06-20 11:44:40.914] [INFO] logInfo - 用户1登陆，获取好友
[2016-06-20 11:44:41.164] [INFO] logInfo - 用户1登陆，获取自己的原来状态
[2016-06-20 11:44:41.199] [INFO] logInfo - 用户1进入11466394153386
[2016-06-20 11:51:59.510] [INFO] logInfo - 用户1离开聊天室
[2016-06-20 11:52:00.650] [INFO] logInfo - 用户1连接进聊天程序
[2016-06-20 11:52:00.695] [INFO] logInfo - 用户1登陆，获取好友
[2016-06-20 11:52:00.960] [INFO] logInfo - 用户1登陆，获取自己的原来状态
[2016-06-20 11:52:01.020] [INFO] logInfo - 用户1进入11466394153386
[2016-06-20 11:52:08.082] [INFO] logInfo - 用户2连接进聊天程序
[2016-06-20 11:52:08.123] [INFO] logInfo - 用户2登陆，获取好友
[2016-06-20 11:52:08.392] [INFO] logInfo - 用户2登陆，获取自己的原来状态
[2016-06-20 11:52:12.766] [INFO] logInfo - 用户2进入group_0
[2016-06-20 11:52:13.532] [INFO] logInfo - 用户2进入11466394153386
[2016-06-20 11:53:04.280] [INFO] logInfo - 用户2连接进聊天程序
[2016-06-20 11:53:04.286] [INFO] logInfo - 用户1连接进聊天程序
[2016-06-20 11:53:05.841] [INFO] logInfo - 用户2离开聊天室
[2016-06-20 11:53:07.941] [INFO] logInfo - 用户2连接进聊天程序
[2016-06-20 11:53:07.996] [INFO] logInfo - 用户2登陆，获取好友
[2016-06-20 11:53:08.187] [INFO] logInfo - 用户2登陆，获取自己的原来状态
[2016-06-20 11:53:10.404] [INFO] logInfo - 用户1离开聊天室
[2016-06-20 11:53:11.407] [INFO] logInfo - 用户1连接进聊天程序
[2016-06-20 11:53:11.450] [INFO] logInfo - 用户1登陆，获取好友
[2016-06-20 11:53:11.625] [INFO] logInfo - 用户1登陆，获取自己的原来状态
[2016-06-20 11:53:15.676] [INFO] logInfo - 用户1创建教室
[2016-06-20 11:53:15.684] [INFO] logInfo - 用户1进入group_0
[2016-06-20 11:53:15.720] [INFO] logInfo - 用户1进入11466394795659
[2016-06-20 11:53:17.137] [INFO] logInfo - 用户2离开聊天室
[2016-06-20 11:53:18.318] [INFO] logInfo - 用户2连接进聊天程序
[2016-06-20 11:53:18.371] [INFO] logInfo - 用户2登陆，获取好友
[2016-06-20 11:53:18.542] [INFO] logInfo - 用户2登陆，获取自己的原来状态
[2016-06-20 11:53:23.171] [INFO] logInfo - 用户2进入group_0
[2016-06-20 11:53:23.918] [INFO] logInfo - 用户2进入11466394795659
[2016-06-20 11:54:10.154] [INFO] logInfo - 用户2离开聊天室
[2016-06-20 11:54:11.445] [INFO] logInfo - 用户2连接进聊天程序
[2016-06-20 11:54:11.491] [INFO] logInfo - 用户2登陆，获取好友
[2016-06-20 11:54:11.660] [INFO] logInfo - 用户2登陆，获取自己的原来状态
[2016-06-20 11:54:11.706] [INFO] logInfo - 用户2进入11466394795659
[2016-06-20 11:54:20.095] [INFO] logInfo - 用户2离开聊天室
[2016-06-20 11:54:26.287] [INFO] logInfo - 用户1离开聊天室
[2016-06-20 11:54:27.251] [INFO] logInfo - 用户1连接进聊天程序
[2016-06-20 11:54:27.295] [INFO] logInfo - 用户1登陆，获取好友
[2016-06-20 11:54:27.470] [INFO] logInfo - 用户1登陆，获取自己的原来状态
[2016-06-20 11:54:27.520] [INFO] logInfo - 用户1进入11466394795659
[2016-06-20 11:54:37.710] [INFO] logInfo - 用户2连接进聊天程序
[2016-06-20 11:54:37.728] [INFO] logInfo - 用户2登陆，获取好友
[2016-06-20 11:54:37.895] [INFO] logInfo - 用户2登陆，获取自己的原来状态
[2016-06-20 11:54:38.046] [INFO] logInfo - 用户2进入11466394795659
[2016-06-20 11:55:36.762] [INFO] logInfo - 用户2离开聊天室
[2016-06-20 11:55:38.145] [INFO] logInfo - 用户2连接进聊天程序
[2016-06-20 11:55:38.178] [INFO] logInfo - 用户2登陆，获取好友
[2016-06-20 11:55:38.350] [INFO] logInfo - 用户2登陆，获取自己的原来状态
[2016-06-20 11:55:38.389] [INFO] logInfo - 用户2进入11466394795659
[2016-06-20 11:57:38.325] [INFO] logInfo - 用户2离开聊天室
[2016-06-20 11:57:39.355] [INFO] logInfo - 用户2连接进聊天程序
[2016-06-20 11:57:39.368] [INFO] logInfo - 用户2登陆，获取好友
[2016-06-20 11:57:39.536] [INFO] logInfo - 用户2登陆，获取自己的原来状态
[2016-06-20 11:57:39.577] [INFO] logInfo - 用户2进入11466394795659
[2016-06-20 11:57:43.616] [INFO] logInfo - 用户1离开聊天室
[2016-06-20 11:57:44.590] [INFO] logInfo - 用户1连接进聊天程序
[2016-06-20 11:57:44.615] [INFO] logInfo - 用户1登陆，获取好友
[2016-06-20 11:57:44.803] [INFO] logInfo - 用户1登陆，获取自己的原来状态
[2016-06-20 11:57:44.863] [INFO] logInfo - 用户1进入11466394795659
[2016-06-20 11:59:34.135] [INFO] logInfo - 用户1离开聊天室
[2016-06-20 11:59:35.056] [INFO] logInfo - 用户1连接进聊天程序
[2016-06-20 11:59:35.111] [INFO] logInfo - 用户1登陆，获取好友
[2016-06-20 11:59:35.300] [INFO] logInfo - 用户1登陆，获取自己的原来状态
[2016-06-20 11:59:35.369] [INFO] logInfo - 用户1进入11466394795659
[2016-06-20 11:59:36.185] [INFO] logInfo - 用户2离开聊天室
[2016-06-20 11:59:37.362] [INFO] logInfo - 用户2连接进聊天程序
[2016-06-20 11:59:37.376] [INFO] logInfo - 用户2登陆，获取好友
[2016-06-20 11:59:37.554] [INFO] logInfo - 用户2登陆，获取自己的原来状态
[2016-06-20 11:59:37.591] [INFO] logInfo - 用户2进入11466394795659
[2016-06-20 12:00:37.662] [INFO] logInfo - 用户1离开聊天室
[2016-06-20 12:00:38.714] [INFO] logInfo - 用户1连接进聊天程序
[2016-06-20 12:00:38.756] [INFO] logInfo - 用户1登陆，获取好友
[2016-06-20 12:00:38.936] [INFO] logInfo - 用户1登陆，获取自己的原来状态
[2016-06-20 12:00:39.000] [INFO] logInfo - 用户1进入11466394795659
[2016-06-20 12:00:53.754] [INFO] logInfo - 用户2离开聊天室
[2016-06-20 12:00:55.343] [INFO] logInfo - 用户2连接进聊天程序
[2016-06-20 12:00:55.364] [INFO] logInfo - 用户2登陆，获取好友
[2016-06-20 12:00:55.537] [INFO] logInfo - 用户2登陆，获取自己的原来状态
[2016-06-20 12:00:55.577] [INFO] logInfo - 用户2进入11466394795659
[2016-06-20 12:01:03.440] [INFO] logInfo - 用户1离开聊天室
[2016-06-20 12:01:04.653] [INFO] logInfo - 用户1连接进聊天程序
[2016-06-20 12:01:04.683] [INFO] logInfo - 用户1登陆，获取好友
[2016-06-20 12:01:04.862] [INFO] logInfo - 用户1登陆，获取自己的原来状态
[2016-06-20 12:01:04.936] [INFO] logInfo - 用户1进入11466394795659
[2016-06-20 12:01:33.808] [INFO] logInfo - 用户2离开聊天室
[2016-06-20 12:01:34.883] [INFO] logInfo - 用户2连接进聊天程序
[2016-06-20 12:01:34.912] [INFO] logInfo - 用户2登陆，获取好友
[2016-06-20 12:01:35.086] [INFO] logInfo - 用户2登陆，获取自己的原来状态
[2016-06-20 12:01:35.117] [INFO] logInfo - 用户2进入11466394795659
[2016-06-20 12:01:37.108] [INFO] logInfo - 用户1离开聊天室
[2016-06-20 12:01:38.173] [INFO] logInfo - 用户1连接进聊天程序
[2016-06-20 12:01:38.229] [INFO] logInfo - 用户1登陆，获取好友
[2016-06-20 12:01:38.407] [INFO] logInfo - 用户1登陆，获取自己的原来状态
[2016-06-20 12:01:38.474] [INFO] logInfo - 用户1进入11466394795659
[2016-06-20 14:12:29.827] [INFO] logInfo - 用户1离开聊天室
[2016-06-20 14:12:31.263] [INFO] logInfo - 用户1连接进聊天程序
[2016-06-20 14:12:31.308] [INFO] logInfo - 用户1登陆，获取好友
[2016-06-20 14:12:31.556] [INFO] logInfo - 用户1登陆，获取自己的原来状态
[2016-06-20 14:12:31.592] [INFO] logInfo - 用户1进入11466394795659
[2016-06-20 14:12:33.647] [INFO] logInfo - 用户2离开聊天室
[2016-06-20 14:12:34.977] [INFO] logInfo - 用户2连接进聊天程序
[2016-06-20 14:12:34.990] [INFO] logInfo - 用户2登陆，获取好友
[2016-06-20 14:12:35.156] [INFO] logInfo - 用户2登陆，获取自己的原来状态
[2016-06-20 14:12:35.182] [INFO] logInfo - 用户2进入11466394795659
[2016-06-20 14:15:03.908] [INFO] logInfo - 用户2离开聊天室
[2016-06-20 14:15:05.077] [INFO] logInfo - 用户2连接进聊天程序
[2016-06-20 14:15:05.093] [INFO] logInfo - 用户2登陆，获取好友
[2016-06-20 14:15:05.264] [INFO] logInfo - 用户2登陆，获取自己的原来状态
[2016-06-20 14:15:05.298] [INFO] logInfo - 用户2进入11466394795659
[2016-06-20 14:15:12.879] [INFO] logInfo - 用户1离开聊天室
[2016-06-20 14:15:14.003] [INFO] logInfo - 用户1连接进聊天程序
[2016-06-20 14:15:14.038] [INFO] logInfo - 用户1登陆，获取好友
[2016-06-20 14:15:14.206] [INFO] logInfo - 用户1登陆，获取自己的原来状态
[2016-06-20 14:15:14.247] [INFO] logInfo - 用户1进入11466394795659
[2016-06-20 14:17:40.831] [INFO] logInfo - 用户2离开聊天室
[2016-06-20 14:17:42.155] [INFO] logInfo - 用户2连接进聊天程序
[2016-06-20 14:17:42.170] [INFO] logInfo - 用户2登陆，获取好友
[2016-06-20 14:17:42.338] [INFO] logInfo - 用户2登陆，获取自己的原来状态
[2016-06-20 14:17:42.369] [INFO] logInfo - 用户2进入11466394795659
[2016-06-20 14:19:33.064] [INFO] logInfo - 用户1离开聊天室
[2016-06-20 14:19:34.275] [INFO] logInfo - 用户1连接进聊天程序
[2016-06-20 14:19:34.309] [INFO] logInfo - 用户1登陆，获取好友
[2016-06-20 14:19:34.476] [INFO] logInfo - 用户1登陆，获取自己的原来状态
[2016-06-20 14:19:34.518] [INFO] logInfo - 用户1进入11466394795659
[2016-06-20 14:23:01.971] [INFO] logInfo - 用户2离开聊天室
[2016-06-20 14:23:03.194] [INFO] logInfo - 用户1被提下线
[2016-06-20 14:23:03.203] [INFO] logInfo - 用户1离开聊天室
[2016-06-20 14:23:03.203] [INFO] logInfo - 用户1连接进聊天程序
[2016-06-20 14:23:03.213] [INFO] logInfo - 用户1登陆，获取好友
[2016-06-20 14:23:03.386] [INFO] logInfo - 用户1登陆，获取自己的原来状态
[2016-06-20 14:23:03.422] [INFO] logInfo - 用户1进入11466394795659
[2016-06-20 17:32:48.436] [INFO] logInfo - 用户1连接进聊天程序
[2016-06-20 17:32:48.479] [INFO] logInfo - 用户1登陆，获取好友
[2016-06-20 17:32:48.706] [INFO] logInfo - 用户1登陆，获取自己的原来状态
[2016-06-20 17:35:08.588] [INFO] logInfo - 用户2连接进聊天程序
[2016-06-20 17:35:08.619] [INFO] logInfo - 用户2登陆，获取好友
[2016-06-20 17:35:08.837] [INFO] logInfo - 用户2登陆，获取自己的原来状态
[2016-06-20 17:35:14.034] [INFO] logInfo - 用户3连接进聊天程序
[2016-06-20 17:35:14.070] [INFO] logInfo - 用户3登陆，获取好友
[2016-06-20 17:35:14.287] [INFO] logInfo - 用户3登陆，获取自己的原来状态
[2016-06-20 17:35:18.898] [INFO] logInfo - 用户4连接进聊天程序
[2016-06-20 17:35:18.921] [INFO] logInfo - 用户4登陆，获取好友
[2016-06-20 17:35:19.132] [INFO] logInfo - 用户4登陆，获取自己的原来状态
[2016-06-20 17:35:24.673] [INFO] logInfo - 用户1创建教室
[2016-06-20 17:35:24.683] [INFO] logInfo - 用户1进入group_0
[2016-06-20 17:35:24.713] [INFO] logInfo - 用户1进入11466415324670
[2016-06-20 17:35:31.809] [INFO] logInfo - 用户2进入group_0
[2016-06-20 17:35:32.653] [INFO] logInfo - 用户2进入11466415324670
[2016-06-20 17:35:37.367] [INFO] logInfo - 用户3进入group_0
[2016-06-20 17:35:38.126] [INFO] logInfo - 用户3进入11466415324670
[2016-06-20 17:35:42.278] [INFO] logInfo - 用户4进入group_0
[2016-06-20 17:35:53.030] [INFO] logInfo - 用户3离开教室
[2016-06-20 17:36:03.236] [INFO] logInfo - 用户3离开聊天室
[2016-06-20 17:36:04.689] [INFO] logInfo - 用户4进入11466415324670
[2016-06-20 17:36:35.867] [INFO] logInfo - 用户4离开教室
[2016-06-20 17:36:37.318] [INFO] logInfo - 用户4进入11466415324670
[2016-06-20 17:39:37.963] [INFO] logInfo - 用户1离开聊天室
[2016-06-20 17:39:39.735] [INFO] logInfo - 用户2离开聊天室
[2016-06-20 17:39:40.579] [INFO] logInfo - 用户4离开聊天室
