[2016-06-28 09:54:44.120] [INFO] logInfo - 用户1连接进聊天程序
[2016-06-28 09:54:44.156] [INFO] logInfo - 用户1登陆，获取好友
[2016-06-28 09:54:44.414] [INFO] logInfo - 用户1登陆，获取自己的原来状态
[2016-06-28 09:54:48.992] [INFO] logInfo - 用户1创建教室
[2016-06-28 09:54:49.008] [INFO] logInfo - 用户1进入group_0
[2016-06-28 09:54:49.039] [INFO] logInfo - 用户1进入11467078888989
[2016-06-28 09:55:35.749] [INFO] logInfo - 用户1离开聊天室
[2016-06-28 09:55:36.735] [INFO] logInfo - 用户1连接进聊天程序
[2016-06-28 09:55:36.758] [INFO] logInfo - 用户1登陆，获取好友
[2016-06-28 09:55:36.934] [INFO] logInfo - 用户1登陆，获取自己的原来状态
[2016-06-28 09:55:36.955] [INFO] logInfo - 用户1进入11467078888989
[2016-06-28 09:56:11.406] [INFO] logInfo - 用户1离开聊天室
[2016-06-28 09:56:12.547] [INFO] logInfo - 用户1连接进聊天程序
[2016-06-28 09:56:12.575] [INFO] logInfo - 用户1登陆，获取好友
[2016-06-28 09:56:12.757] [INFO] logInfo - 用户1登陆，获取自己的原来状态
[2016-06-28 09:56:12.788] [INFO] logInfo - 用户1进入11467078888989
[2016-06-28 09:57:12.577] [INFO] logInfo - 用户1离开聊天室
[2016-06-28 09:57:13.673] [INFO] logInfo - 用户1连接进聊天程序
[2016-06-28 09:57:13.692] [INFO] logInfo - 用户1登陆，获取好友
[2016-06-28 09:57:13.886] [INFO] logInfo - 用户1登陆，获取自己的原来状态
[2016-06-28 09:57:13.918] [INFO] logInfo - 用户1进入11467078888989
[2016-06-28 10:01:24.240] [INFO] logInfo - 用户1离开聊天室
[2016-06-28 10:01:25.194] [INFO] logInfo - 用户1连接进聊天程序
[2016-06-28 10:01:25.219] [INFO] logInfo - 用户1登陆，获取好友
[2016-06-28 10:01:25.421] [INFO] logInfo - 用户1登陆，获取自己的原来状态
[2016-06-28 10:01:25.458] [INFO] logInfo - 用户1进入11467078888989
[2016-06-28 10:02:00.412] [INFO] logInfo - 用户1离开聊天室
[2016-06-28 10:02:01.567] [INFO] logInfo - 用户1连接进聊天程序
[2016-06-28 10:02:01.598] [INFO] logInfo - 用户1登陆，获取好友
[2016-06-28 10:02:01.787] [INFO] logInfo - 用户1登陆，获取自己的原来状态
[2016-06-28 10:02:01.826] [INFO] logInfo - 用户1进入11467078888989
[2016-06-28 10:05:38.447] [INFO] logInfo - 用户1离开聊天室
[2016-06-28 10:05:39.523] [INFO] logInfo - 用户1连接进聊天程序
[2016-06-28 10:05:39.549] [INFO] logInfo - 用户1登陆，获取好友
[2016-06-28 10:05:39.732] [INFO] logInfo - 用户1登陆，获取自己的原来状态
[2016-06-28 10:05:39.768] [INFO] logInfo - 用户1进入11467078888989
[2016-06-28 10:11:37.452] [INFO] logInfo - 用户1离开聊天室
[2016-06-28 10:11:39.027] [INFO] logInfo - 用户1连接进聊天程序
[2016-06-28 10:11:39.042] [INFO] logInfo - 用户1登陆，获取好友
[2016-06-28 10:11:39.224] [INFO] logInfo - 用户1登陆，获取自己的原来状态
[2016-06-28 10:11:39.258] [INFO] logInfo - 用户1进入11467078888989
[2016-06-28 10:12:10.739] [INFO] logInfo - 用户1离开聊天室
[2016-06-28 10:12:11.645] [INFO] logInfo - 用户1连接进聊天程序
[2016-06-28 10:12:11.674] [INFO] logInfo - 用户1登陆，获取好友
[2016-06-28 10:12:11.902] [INFO] logInfo - 用户1登陆，获取自己的原来状态
[2016-06-28 10:12:11.938] [INFO] logInfo - 用户1进入11467078888989
[2016-06-28 10:12:24.923] [INFO] logInfo - 用户1离开聊天室
[2016-06-28 10:12:26.035] [INFO] logInfo - 用户1连接进聊天程序
[2016-06-28 10:12:26.060] [INFO] logInfo - 用户1登陆，获取好友
[2016-06-28 10:12:26.249] [INFO] logInfo - 用户1登陆，获取自己的原来状态
[2016-06-28 10:12:26.280] [INFO] logInfo - 用户1进入11467078888989
[2016-06-28 10:14:08.734] [INFO] logInfo - 用户1离开聊天室
[2016-06-28 10:14:09.592] [INFO] logInfo - 用户1连接进聊天程序
[2016-06-28 10:14:09.608] [INFO] logInfo - 用户1登陆，获取好友
[2016-06-28 10:14:09.783] [INFO] logInfo - 用户1登陆，获取自己的原来状态
[2016-06-28 10:14:09.817] [INFO] logInfo - 用户1进入11467078888989
[2016-06-28 10:19:23.347] [INFO] logInfo - 用户1离开聊天室
[2016-06-28 10:19:24.363] [INFO] logInfo - 用户1连接进聊天程序
[2016-06-28 10:19:24.377] [INFO] logInfo - 用户1登陆，获取好友
[2016-06-28 10:19:24.564] [INFO] logInfo - 用户1登陆，获取自己的原来状态
[2016-06-28 10:19:24.597] [INFO] logInfo - 用户1进入11467078888989
[2016-06-28 10:27:06.536] [INFO] logInfo - 用户1离开聊天室
[2016-06-28 10:27:07.526] [INFO] logInfo - 用户1连接进聊天程序
[2016-06-28 10:27:07.564] [INFO] logInfo - 用户1登陆，获取好友
[2016-06-28 10:27:07.747] [INFO] logInfo - 用户1登陆，获取自己的原来状态
[2016-06-28 10:27:07.775] [INFO] logInfo - 用户1进入11467078888989
[2016-06-28 10:27:45.189] [INFO] logInfo - 用户1离开聊天室
[2016-06-28 10:27:46.221] [INFO] logInfo - 用户1连接进聊天程序
[2016-06-28 10:27:46.248] [INFO] logInfo - 用户1登陆，获取好友
[2016-06-28 10:27:46.424] [INFO] logInfo - 用户1登陆，获取自己的原来状态
[2016-06-28 10:27:46.453] [INFO] logInfo - 用户1进入11467078888989
[2016-06-28 10:28:10.944] [INFO] logInfo - 用户1离开聊天室
[2016-06-28 10:28:12.887] [INFO] logInfo - 用户1连接进聊天程序
[2016-06-28 10:28:12.910] [INFO] logInfo - 用户1登陆，获取好友
[2016-06-28 10:28:13.090] [INFO] logInfo - 用户1登陆，获取自己的原来状态
[2016-06-28 10:28:13.121] [INFO] logInfo - 用户1进入11467078888989
[2016-06-28 10:29:10.172] [INFO] logInfo - 用户1离开聊天室
[2016-06-28 10:29:11.374] [INFO] logInfo - 用户1连接进聊天程序
[2016-06-28 10:29:11.400] [INFO] logInfo - 用户1登陆，获取好友
[2016-06-28 10:29:11.580] [INFO] logInfo - 用户1登陆，获取自己的原来状态
[2016-06-28 10:29:11.615] [INFO] logInfo - 用户1进入11467078888989
[2016-06-28 10:29:40.938] [INFO] logInfo - 用户1离开聊天室
[2016-06-28 10:29:41.733] [INFO] logInfo - 用户1连接进聊天程序
[2016-06-28 10:29:41.743] [INFO] logInfo - 用户1登陆，获取好友
[2016-06-28 10:29:41.962] [INFO] logInfo - 用户1登陆，获取自己的原来状态
[2016-06-28 10:29:41.990] [INFO] logInfo - 用户1进入11467078888989
[2016-06-28 10:30:14.790] [INFO] logInfo - 用户1离开聊天室
[2016-06-28 10:30:15.734] [INFO] logInfo - 用户1连接进聊天程序
[2016-06-28 10:30:15.757] [INFO] logInfo - 用户1登陆，获取好友
[2016-06-28 10:30:15.937] [INFO] logInfo - 用户1登陆，获取自己的原来状态
[2016-06-28 10:30:15.972] [INFO] logInfo - 用户1进入11467078888989
[2016-06-28 10:30:44.668] [INFO] logInfo - 用户1离开聊天室
[2016-06-28 10:30:45.785] [INFO] logInfo - 用户1连接进聊天程序
[2016-06-28 10:30:45.795] [INFO] logInfo - 用户1登陆，获取好友
[2016-06-28 10:30:45.970] [INFO] logInfo - 用户1登陆，获取自己的原来状态
[2016-06-28 10:30:46.002] [INFO] logInfo - 用户1进入11467078888989
[2016-06-28 10:36:11.124] [INFO] logInfo - 用户1离开聊天室
[2016-06-28 10:36:12.317] [INFO] logInfo - 用户1连接进聊天程序
[2016-06-28 10:36:12.345] [INFO] logInfo - 用户1登陆，获取好友
[2016-06-28 10:36:12.525] [INFO] logInfo - 用户1登陆，获取自己的原来状态
[2016-06-28 10:36:12.555] [INFO] logInfo - 用户1进入11467078888989
[2016-06-28 10:36:43.841] [INFO] logInfo - 用户1离开聊天室
[2016-06-28 10:36:44.980] [INFO] logInfo - 用户1连接进聊天程序
[2016-06-28 10:36:45.029] [INFO] logInfo - 用户1登陆，获取好友
[2016-06-28 10:36:45.205] [INFO] logInfo - 用户1登陆，获取自己的原来状态
[2016-06-28 10:36:45.245] [INFO] logInfo - 用户1进入11467078888989
[2016-06-28 10:37:10.123] [INFO] logInfo - 用户1离开聊天室
[2016-06-28 10:37:11.060] [INFO] logInfo - 用户1连接进聊天程序
[2016-06-28 10:37:11.088] [INFO] logInfo - 用户1登陆，获取好友
[2016-06-28 10:37:11.270] [INFO] logInfo - 用户1登陆，获取自己的原来状态
[2016-06-28 10:37:11.302] [INFO] logInfo - 用户1进入11467078888989
[2016-06-28 10:37:19.302] [INFO] logInfo - 用户1离开聊天室
[2016-06-28 10:39:28.756] [INFO] logInfo - 用户1连接进聊天程序
[2016-06-28 10:39:28.798] [INFO] logInfo - 用户1登陆，获取好友
[2016-06-28 10:39:28.989] [INFO] logInfo - 用户1登陆，获取自己的原来状态
[2016-06-28 10:39:29.194] [INFO] logInfo - 用户1进入11467078888989
[2016-06-28 10:40:03.535] [INFO] logInfo - 用户1离开聊天室
[2016-06-28 10:40:54.499] [INFO] logInfo - 用户1连接进聊天程序
[2016-06-28 10:40:54.535] [INFO] logInfo - 用户1登陆，获取好友
[2016-06-28 10:40:54.728] [INFO] logInfo - 用户1登陆，获取自己的原来状态
[2016-06-28 10:40:54.988] [INFO] logInfo - 用户1进入11467078888989
[2016-06-28 10:48:42.116] [INFO] logInfo - 用户1离开聊天室
[2016-06-28 10:48:43.204] [INFO] logInfo - 用户1连接进聊天程序
[2016-06-28 10:48:43.226] [INFO] logInfo - 用户1登陆，获取好友
[2016-06-28 10:48:43.401] [INFO] logInfo - 用户1登陆，获取自己的原来状态
[2016-06-28 10:48:43.427] [INFO] logInfo - 用户1进入11467078888989
[2016-06-28 10:49:19.362] [INFO] logInfo - 用户1离开聊天室
[2016-06-28 10:49:20.268] [INFO] logInfo - 用户1连接进聊天程序
[2016-06-28 10:49:20.298] [INFO] logInfo - 用户1登陆，获取好友
[2016-06-28 10:49:20.471] [INFO] logInfo - 用户1登陆，获取自己的原来状态
[2016-06-28 10:49:20.500] [INFO] logInfo - 用户1进入11467078888989
[2016-06-28 10:50:27.698] [INFO] logInfo - 用户1离开聊天室
[2016-06-28 10:50:28.669] [INFO] logInfo - 用户1连接进聊天程序
[2016-06-28 10:50:28.717] [INFO] logInfo - 用户1登陆，获取好友
[2016-06-28 10:50:28.904] [INFO] logInfo - 用户1登陆，获取自己的原来状态
[2016-06-28 10:50:28.936] [INFO] logInfo - 用户1进入11467078888989
[2016-06-28 10:50:39.730] [INFO] logInfo - 用户1离开聊天室
[2016-06-28 10:50:40.611] [INFO] logInfo - 用户1连接进聊天程序
[2016-06-28 10:50:40.632] [INFO] logInfo - 用户1登陆，获取好友
[2016-06-28 10:50:40.803] [INFO] logInfo - 用户1登陆，获取自己的原来状态
[2016-06-28 10:50:40.848] [INFO] logInfo - 用户1进入11467078888989
[2016-06-28 10:51:13.618] [INFO] logInfo - 用户1离开聊天室
[2016-06-28 10:51:14.586] [INFO] logInfo - 用户1连接进聊天程序
[2016-06-28 10:51:14.622] [INFO] logInfo - 用户1登陆，获取好友
[2016-06-28 10:51:14.794] [INFO] logInfo - 用户1登陆，获取自己的原来状态
[2016-06-28 10:51:14.820] [INFO] logInfo - 用户1进入11467078888989
[2016-06-28 10:52:32.414] [INFO] logInfo - 用户1离开聊天室
[2016-06-28 10:52:33.395] [INFO] logInfo - 用户1连接进聊天程序
[2016-06-28 10:52:33.415] [INFO] logInfo - 用户1登陆，获取好友
[2016-06-28 10:52:33.587] [INFO] logInfo - 用户1登陆，获取自己的原来状态
[2016-06-28 10:52:33.633] [INFO] logInfo - 用户1进入11467078888989
[2016-06-28 10:53:29.545] [INFO] logInfo - 用户1离开聊天室
[2016-06-28 10:53:30.628] [INFO] logInfo - 用户1连接进聊天程序
[2016-06-28 10:53:30.645] [INFO] logInfo - 用户1登陆，获取好友
[2016-06-28 10:53:30.817] [INFO] logInfo - 用户1登陆，获取自己的原来状态
[2016-06-28 10:53:30.863] [INFO] logInfo - 用户1进入11467078888989
[2016-06-28 10:54:03.430] [INFO] logInfo - 用户1离开聊天室
[2016-06-28 10:54:04.364] [INFO] logInfo - 用户1连接进聊天程序
[2016-06-28 10:54:04.443] [INFO] logInfo - 用户1登陆，获取好友
[2016-06-28 10:54:04.616] [INFO] logInfo - 用户1登陆，获取自己的原来状态
[2016-06-28 10:54:04.659] [INFO] logInfo - 用户1进入11467078888989
[2016-06-28 10:54:38.578] [INFO] logInfo - 用户1离开聊天室
[2016-06-28 10:54:39.452] [INFO] logInfo - 用户1连接进聊天程序
[2016-06-28 10:54:39.477] [INFO] logInfo - 用户1登陆，获取好友
[2016-06-28 10:54:39.652] [INFO] logInfo - 用户1登陆，获取自己的原来状态
[2016-06-28 10:54:39.678] [INFO] logInfo - 用户1进入11467078888989
[2016-06-28 10:54:48.714] [INFO] logInfo - 用户1离开聊天室
[2016-06-28 10:54:49.612] [INFO] logInfo - 用户1连接进聊天程序
[2016-06-28 10:54:49.638] [INFO] logInfo - 用户1登陆，获取好友
[2016-06-28 10:54:49.811] [INFO] logInfo - 用户1登陆，获取自己的原来状态
[2016-06-28 10:54:49.842] [INFO] logInfo - 用户1进入11467078888989
[2016-06-28 10:54:52.972] [INFO] logInfo - 用户1离开聊天室
[2016-06-28 10:54:53.853] [INFO] logInfo - 用户1连接进聊天程序
[2016-06-28 10:54:53.886] [INFO] logInfo - 用户1登陆，获取好友
[2016-06-28 10:54:54.058] [INFO] logInfo - 用户1登陆，获取自己的原来状态
[2016-06-28 10:54:54.087] [INFO] logInfo - 用户1进入11467078888989
[2016-06-28 10:55:17.794] [INFO] logInfo - 用户1离开聊天室
[2016-06-28 10:55:18.735] [INFO] logInfo - 用户1连接进聊天程序
[2016-06-28 10:55:18.772] [INFO] logInfo - 用户1登陆，获取好友
[2016-06-28 10:55:18.966] [INFO] logInfo - 用户1登陆，获取自己的原来状态
[2016-06-28 10:55:19.009] [INFO] logInfo - 用户1进入11467078888989
[2016-06-28 10:56:55.945] [INFO] logInfo - 用户1离开聊天室
[2016-06-28 10:56:57.150] [INFO] logInfo - 用户1连接进聊天程序
[2016-06-28 10:56:57.203] [INFO] logInfo - 用户1登陆，获取好友
[2016-06-28 10:56:57.394] [INFO] logInfo - 用户1登陆，获取自己的原来状态
[2016-06-28 10:56:57.433] [INFO] logInfo - 用户1进入11467078888989
[2016-06-28 10:58:08.040] [INFO] logInfo - 用户1离开聊天室
[2016-06-28 10:58:09.108] [INFO] logInfo - 用户1连接进聊天程序
[2016-06-28 10:58:09.145] [INFO] logInfo - 用户1登陆，获取好友
[2016-06-28 10:58:09.334] [INFO] logInfo - 用户1登陆，获取自己的原来状态
[2016-06-28 10:58:09.375] [INFO] logInfo - 用户1进入11467078888989
[2016-06-28 11:02:28.347] [INFO] logInfo - 用户1离开聊天室
[2016-06-28 11:02:29.424] [INFO] logInfo - 用户1连接进聊天程序
[2016-06-28 11:02:29.463] [INFO] logInfo - 用户1登陆，获取好友
[2016-06-28 11:02:29.657] [INFO] logInfo - 用户1登陆，获取自己的原来状态
[2016-06-28 11:02:29.700] [INFO] logInfo - 用户1进入11467078888989
[2016-06-28 11:03:05.356] [INFO] logInfo - 用户1离开聊天室
[2016-06-28 11:03:06.600] [INFO] logInfo - 用户1连接进聊天程序
[2016-06-28 11:03:06.648] [INFO] logInfo - 用户1登陆，获取好友
[2016-06-28 11:03:06.841] [INFO] logInfo - 用户1登陆，获取自己的原来状态
[2016-06-28 11:03:06.883] [INFO] logInfo - 用户1进入11467078888989
[2016-06-28 11:03:45.992] [INFO] logInfo - 用户1离开聊天室
[2016-06-28 11:03:47.001] [INFO] logInfo - 用户1连接进聊天程序
[2016-06-28 11:03:47.041] [INFO] logInfo - 用户1登陆，获取好友
[2016-06-28 11:03:47.234] [INFO] logInfo - 用户1登陆，获取自己的原来状态
[2016-06-28 11:03:47.274] [INFO] logInfo - 用户1进入11467078888989
[2016-06-28 11:05:54.046] [INFO] logInfo - 用户1离开聊天室
[2016-06-28 11:05:55.217] [INFO] logInfo - 用户1连接进聊天程序
[2016-06-28 11:05:55.261] [INFO] logInfo - 用户1登陆，获取好友
[2016-06-28 11:05:55.449] [INFO] logInfo - 用户1登陆，获取自己的原来状态
[2016-06-28 11:05:55.489] [INFO] logInfo - 用户1进入11467078888989
[2016-06-28 11:06:10.309] [INFO] logInfo - 用户1离开聊天室
[2016-06-28 11:06:11.302] [INFO] logInfo - 用户1连接进聊天程序
[2016-06-28 11:06:11.356] [INFO] logInfo - 用户1登陆，获取好友
[2016-06-28 11:06:11.549] [INFO] logInfo - 用户1登陆，获取自己的原来状态
[2016-06-28 11:06:11.590] [INFO] logInfo - 用户1进入11467078888989
[2016-06-28 11:06:23.585] [INFO] logInfo - 用户1离开聊天室
[2016-06-28 11:06:24.553] [INFO] logInfo - 用户1连接进聊天程序
[2016-06-28 11:06:24.573] [INFO] logInfo - 用户1登陆，获取好友
[2016-06-28 11:06:24.756] [INFO] logInfo - 用户1登陆，获取自己的原来状态
[2016-06-28 11:06:24.798] [INFO] logInfo - 用户1进入11467078888989
[2016-06-28 11:07:04.651] [INFO] logInfo - 用户1离开聊天室
[2016-06-28 11:07:05.582] [INFO] logInfo - 用户1连接进聊天程序
[2016-06-28 11:07:05.624] [INFO] logInfo - 用户1登陆，获取好友
[2016-06-28 11:07:05.813] [INFO] logInfo - 用户1登陆，获取自己的原来状态
[2016-06-28 11:07:05.841] [INFO] logInfo - 用户1进入11467078888989
[2016-06-28 11:07:57.586] [INFO] logInfo - 用户1离开聊天室
[2016-06-28 11:07:58.463] [INFO] logInfo - 用户1连接进聊天程序
[2016-06-28 11:07:58.501] [INFO] logInfo - 用户1登陆，获取好友
[2016-06-28 11:07:58.689] [INFO] logInfo - 用户1登陆，获取自己的原来状态
[2016-06-28 11:07:58.732] [INFO] logInfo - 用户1进入11467078888989
[2016-06-28 11:08:20.312] [INFO] logInfo - 用户1离开聊天室
[2016-06-28 11:08:21.214] [INFO] logInfo - 用户1连接进聊天程序
[2016-06-28 11:08:21.256] [INFO] logInfo - 用户1登陆，获取好友
[2016-06-28 11:08:21.437] [INFO] logInfo - 用户1登陆，获取自己的原来状态
[2016-06-28 11:08:21.473] [INFO] logInfo - 用户1进入11467078888989
[2016-06-28 11:10:05.525] [INFO] logInfo - 用户1离开聊天室
[2016-06-28 11:10:06.631] [INFO] logInfo - 用户1连接进聊天程序
[2016-06-28 11:10:06.673] [INFO] logInfo - 用户1登陆，获取好友
[2016-06-28 11:10:06.862] [INFO] logInfo - 用户1登陆，获取自己的原来状态
[2016-06-28 11:10:06.895] [INFO] logInfo - 用户1进入11467078888989
[2016-06-28 11:10:48.681] [INFO] logInfo - 用户1离开聊天室
[2016-06-28 11:10:49.734] [INFO] logInfo - 用户1连接进聊天程序
[2016-06-28 11:10:49.761] [INFO] logInfo - 用户1登陆，获取好友
[2016-06-28 11:10:49.945] [INFO] logInfo - 用户1登陆，获取自己的原来状态
[2016-06-28 11:10:49.977] [INFO] logInfo - 用户1进入11467078888989
[2016-06-28 11:11:08.576] [INFO] logInfo - 用户1离开聊天室
[2016-06-28 11:11:09.424] [INFO] logInfo - 用户1连接进聊天程序
[2016-06-28 11:11:09.464] [INFO] logInfo - 用户1登陆，获取好友
[2016-06-28 11:11:09.651] [INFO] logInfo - 用户1登陆，获取自己的原来状态
[2016-06-28 11:11:09.687] [INFO] logInfo - 用户1进入11467078888989
[2016-06-28 11:11:50.702] [INFO] logInfo - 用户1离开聊天室
[2016-06-28 11:11:51.575] [INFO] logInfo - 用户1连接进聊天程序
[2016-06-28 11:11:51.618] [INFO] logInfo - 用户1登陆，获取好友
[2016-06-28 11:11:51.813] [INFO] logInfo - 用户1登陆，获取自己的原来状态
[2016-06-28 11:11:51.850] [INFO] logInfo - 用户1进入11467078888989
[2016-06-28 11:12:52.138] [INFO] logInfo - 用户1离开聊天室
[2016-06-28 11:12:53.648] [INFO] logInfo - 用户1连接进聊天程序
[2016-06-28 11:12:53.695] [INFO] logInfo - 用户1登陆，获取好友
[2016-06-28 11:12:53.886] [INFO] logInfo - 用户1登陆，获取自己的原来状态
[2016-06-28 11:12:53.928] [INFO] logInfo - 用户1进入11467078888989
[2016-06-28 11:15:11.788] [INFO] logInfo - 用户1离开聊天室
[2016-06-28 11:15:12.877] [INFO] logInfo - 用户1连接进聊天程序
[2016-06-28 11:15:12.904] [INFO] logInfo - 用户1登陆，获取好友
[2016-06-28 11:15:13.127] [INFO] logInfo - 用户1登陆，获取自己的原来状态
[2016-06-28 11:15:13.158] [INFO] logInfo - 用户1进入11467078888989
[2016-06-28 11:16:44.840] [INFO] logInfo - 用户1离开聊天室
[2016-06-28 11:16:45.917] [INFO] logInfo - 用户1连接进聊天程序
[2016-06-28 11:16:45.954] [INFO] logInfo - 用户1登陆，获取好友
[2016-06-28 11:16:46.149] [INFO] logInfo - 用户1登陆，获取自己的原来状态
[2016-06-28 11:16:46.202] [INFO] logInfo - 用户1进入11467078888989
[2016-06-28 11:18:06.199] [INFO] logInfo - 用户1离开聊天室
[2016-06-28 11:18:07.265] [INFO] logInfo - 用户1连接进聊天程序
[2016-06-28 11:18:07.296] [INFO] logInfo - 用户1登陆，获取好友
[2016-06-28 11:18:07.476] [INFO] logInfo - 用户1登陆，获取自己的原来状态
[2016-06-28 11:18:07.514] [INFO] logInfo - 用户1进入11467078888989
[2016-06-28 11:18:45.300] [INFO] logInfo - 用户1离开聊天室
[2016-06-28 11:18:46.221] [INFO] logInfo - 用户1连接进聊天程序
[2016-06-28 11:18:46.254] [INFO] logInfo - 用户1登陆，获取好友
[2016-06-28 11:18:46.446] [INFO] logInfo - 用户1登陆，获取自己的原来状态
[2016-06-28 11:18:46.487] [INFO] logInfo - 用户1进入11467078888989
[2016-06-28 11:18:55.508] [INFO] logInfo - 用户1离开聊天室
[2016-06-28 11:18:56.512] [INFO] logInfo - 用户1连接进聊天程序
[2016-06-28 11:18:56.549] [INFO] logInfo - 用户1登陆，获取好友
[2016-06-28 11:18:56.741] [INFO] logInfo - 用户1登陆，获取自己的原来状态
[2016-06-28 11:18:56.793] [INFO] logInfo - 用户1进入11467078888989
[2016-06-28 11:19:55.690] [INFO] logInfo - 用户1离开聊天室
[2016-06-28 11:19:56.617] [INFO] logInfo - 用户1连接进聊天程序
[2016-06-28 11:19:56.654] [INFO] logInfo - 用户1登陆，获取好友
[2016-06-28 11:19:56.840] [INFO] logInfo - 用户1登陆，获取自己的原来状态
[2016-06-28 11:19:56.878] [INFO] logInfo - 用户1进入11467078888989
[2016-06-28 11:21:39.606] [INFO] logInfo - 用户1离开聊天室
[2016-06-28 11:21:41.456] [INFO] logInfo - 用户1连接进聊天程序
[2016-06-28 11:21:41.497] [INFO] logInfo - 用户1登陆，获取好友
[2016-06-28 11:21:41.678] [INFO] logInfo - 用户1登陆，获取自己的原来状态
[2016-06-28 11:21:41.722] [INFO] logInfo - 用户1进入11467078888989
[2016-06-28 11:22:51.799] [INFO] logInfo - 用户1离开聊天室
[2016-06-28 11:22:52.864] [INFO] logInfo - 用户1连接进聊天程序
[2016-06-28 11:22:52.907] [INFO] logInfo - 用户1登陆，获取好友
[2016-06-28 11:22:53.105] [INFO] logInfo - 用户1登陆，获取自己的原来状态
[2016-06-28 11:22:53.151] [INFO] logInfo - 用户1进入11467078888989
[2016-06-28 11:28:17.438] [INFO] logInfo - 用户1离开聊天室
[2016-06-28 11:28:18.328] [INFO] logInfo - 用户1连接进聊天程序
[2016-06-28 11:28:18.367] [INFO] logInfo - 用户1登陆，获取好友
[2016-06-28 11:28:18.550] [INFO] logInfo - 用户1登陆，获取自己的原来状态
[2016-06-28 11:28:18.589] [INFO] logInfo - 用户1进入11467078888989
[2016-06-28 11:28:33.919] [INFO] logInfo - 用户1离开聊天室
