[2016-07-07 09:49:20.345] [INFO] logInfo - 用户42连接进聊天程序
[2016-07-07 09:49:20.371] [INFO] logInfo - 用户42登陆，获取好友
[2016-07-07 09:49:20.602] [INFO] logInfo - 用户42登陆，获取自己的原来状态
[2016-07-07 09:49:31.552] [INFO] logInfo - 用户42离开聊天室
[2016-07-07 09:49:31.769] [INFO] logInfo - 用户42连接进聊天程序
[2016-07-07 09:49:31.858] [INFO] logInfo - 用户42登陆，获取好友
[2016-07-07 09:49:32.069] [INFO] logInfo - 用户42登陆，获取自己的原来状态
[2016-07-07 09:49:47.293] [INFO] logInfo - 用户42创建教室
[2016-07-07 09:49:47.307] [INFO] logInfo - 用户42进入group_0
[2016-07-07 09:49:47.333] [INFO] logInfo - 用户42进入1467856187330
[2016-07-07 09:56:46.833] [INFO] logInfo - 用户42离开聊天室
[2016-07-07 09:56:47.108] [INFO] logInfo - 用户42连接进聊天程序
[2016-07-07 09:56:47.228] [INFO] logInfo - 用户42登陆，获取好友
[2016-07-07 09:56:47.427] [INFO] logInfo - 用户42登陆，获取自己的原来状态
[2016-07-07 09:56:47.459] [INFO] logInfo - 用户42进入1467856187330
[2016-07-07 10:01:29.035] [INFO] logInfo - 用户42离开聊天室
[2016-07-07 10:01:29.393] [INFO] logInfo - 用户42连接进聊天程序
[2016-07-07 10:01:29.520] [INFO] logInfo - 用户42登陆，获取好友
[2016-07-07 10:01:29.718] [INFO] logInfo - 用户42登陆，获取自己的原来状态
[2016-07-07 10:01:29.744] [INFO] logInfo - 用户42进入1467856187330
[2016-07-07 10:04:19.589] [INFO] logInfo - 用户42离开聊天室
[2016-07-07 10:04:19.874] [INFO] logInfo - 用户42连接进聊天程序
[2016-07-07 10:04:19.988] [INFO] logInfo - 用户42登陆，获取好友
[2016-07-07 10:04:20.211] [INFO] logInfo - 用户42登陆，获取自己的原来状态
[2016-07-07 10:04:20.239] [INFO] logInfo - 用户42进入1467856187330
[2016-07-07 10:06:46.036] [INFO] logInfo - 用户42离开聊天室
[2016-07-07 10:06:46.327] [INFO] logInfo - 用户42连接进聊天程序
[2016-07-07 10:06:46.456] [INFO] logInfo - 用户42登陆，获取好友
[2016-07-07 10:06:46.667] [INFO] logInfo - 用户42登陆，获取自己的原来状态
[2016-07-07 10:06:46.700] [INFO] logInfo - 用户42进入1467856187330
[2016-07-07 10:07:03.848] [INFO] logInfo - 用户42离开聊天室
[2016-07-07 10:07:04.145] [INFO] logInfo - 用户42连接进聊天程序
[2016-07-07 10:07:04.266] [INFO] logInfo - 用户42登陆，获取好友
[2016-07-07 10:07:04.615] [INFO] logInfo - 用户42登陆，获取自己的原来状态
[2016-07-07 10:07:04.650] [INFO] logInfo - 用户42进入1467856187330
[2016-07-07 10:07:53.060] [INFO] logInfo - 用户42离开聊天室
[2016-07-07 10:07:53.354] [INFO] logInfo - 用户42连接进聊天程序
[2016-07-07 10:07:53.494] [INFO] logInfo - 用户42登陆，获取好友
[2016-07-07 10:07:53.731] [INFO] logInfo - 用户42登陆，获取自己的原来状态
[2016-07-07 10:07:53.763] [INFO] logInfo - 用户42进入1467856187330
[2016-07-07 10:09:10.625] [INFO] logInfo - 用户42离开聊天室
[2016-07-07 10:09:10.902] [INFO] logInfo - 用户42连接进聊天程序
[2016-07-07 10:09:11.028] [INFO] logInfo - 用户42登陆，获取好友
[2016-07-07 10:09:11.289] [INFO] logInfo - 用户42登陆，获取自己的原来状态
[2016-07-07 10:09:11.324] [INFO] logInfo - 用户42进入1467856187330
[2016-07-07 10:21:05.585] [INFO] logInfo - 用户42离开聊天室
[2016-07-07 10:21:05.874] [INFO] logInfo - 用户42连接进聊天程序
[2016-07-07 10:21:06.006] [INFO] logInfo - 用户42登陆，获取好友
[2016-07-07 10:21:06.202] [INFO] logInfo - 用户42登陆，获取自己的原来状态
[2016-07-07 10:21:06.231] [INFO] logInfo - 用户42进入1467856187330
[2016-07-07 10:21:55.018] [INFO] logInfo - 用户42离开聊天室
[2016-07-07 10:21:55.312] [INFO] logInfo - 用户42连接进聊天程序
[2016-07-07 10:21:55.435] [INFO] logInfo - 用户42登陆，获取好友
[2016-07-07 10:21:55.649] [INFO] logInfo - 用户42登陆，获取自己的原来状态
[2016-07-07 10:21:55.679] [INFO] logInfo - 用户42进入1467856187330
[2016-07-07 10:23:38.992] [INFO] logInfo - 用户42离开聊天室
[2016-07-07 10:23:39.299] [INFO] logInfo - 用户42连接进聊天程序
[2016-07-07 10:23:39.369] [INFO] logInfo - 用户42登陆，获取好友
[2016-07-07 10:23:39.595] [INFO] logInfo - 用户42登陆，获取自己的原来状态
[2016-07-07 10:23:39.627] [INFO] logInfo - 用户42进入1467856187330
[2016-07-07 10:24:07.969] [INFO] logInfo - 用户42离开聊天室
[2016-07-07 10:24:08.258] [INFO] logInfo - 用户42连接进聊天程序
[2016-07-07 10:24:08.384] [INFO] logInfo - 用户42登陆，获取好友
[2016-07-07 10:24:08.705] [INFO] logInfo - 用户42登陆，获取自己的原来状态
[2016-07-07 10:24:08.741] [INFO] logInfo - 用户42进入1467856187330
[2016-07-07 10:24:45.717] [INFO] logInfo - 用户42离开聊天室
[2016-07-07 10:24:46.007] [INFO] logInfo - 用户42连接进聊天程序
[2016-07-07 10:24:46.140] [INFO] logInfo - 用户42登陆，获取好友
[2016-07-07 10:24:46.437] [INFO] logInfo - 用户42登陆，获取自己的原来状态
[2016-07-07 10:24:46.470] [INFO] logInfo - 用户42进入1467856187330
[2016-07-07 10:25:13.836] [INFO] logInfo - 用户42离开聊天室
[2016-07-07 10:25:14.134] [INFO] logInfo - 用户42连接进聊天程序
[2016-07-07 10:25:14.267] [INFO] logInfo - 用户42登陆，获取好友
[2016-07-07 10:25:14.481] [INFO] logInfo - 用户42登陆，获取自己的原来状态
[2016-07-07 10:25:14.513] [INFO] logInfo - 用户42进入1467856187330
[2016-07-07 10:25:58.445] [INFO] logInfo - 用户42离开聊天室
[2016-07-07 10:25:58.716] [INFO] logInfo - 用户42连接进聊天程序
[2016-07-07 10:25:58.844] [INFO] logInfo - 用户42登陆，获取好友
[2016-07-07 10:25:59.117] [INFO] logInfo - 用户42登陆，获取自己的原来状态
[2016-07-07 10:25:59.155] [INFO] logInfo - 用户42进入1467856187330
[2016-07-07 10:26:34.551] [INFO] logInfo - 用户42离开聊天室
[2016-07-07 10:26:34.849] [INFO] logInfo - 用户42连接进聊天程序
[2016-07-07 10:26:34.926] [INFO] logInfo - 用户42登陆，获取好友
[2016-07-07 10:26:35.151] [INFO] logInfo - 用户42登陆，获取自己的原来状态
[2016-07-07 10:26:35.183] [INFO] logInfo - 用户42进入1467856187330
[2016-07-07 10:27:22.767] [INFO] logInfo - 用户42离开聊天室
[2016-07-07 10:27:23.065] [INFO] logInfo - 用户42连接进聊天程序
[2016-07-07 10:27:23.195] [INFO] logInfo - 用户42登陆，获取好友
[2016-07-07 10:27:23.473] [INFO] logInfo - 用户42登陆，获取自己的原来状态
[2016-07-07 10:27:23.504] [INFO] logInfo - 用户42进入1467856187330
[2016-07-07 10:42:37.655] [INFO] logInfo - 用户42离开聊天室
[2016-07-07 10:42:37.927] [INFO] logInfo - 用户42连接进聊天程序
[2016-07-07 10:42:38.062] [INFO] logInfo - 用户42登陆，获取好友
[2016-07-07 10:42:38.288] [INFO] logInfo - 用户42登陆，获取自己的原来状态
[2016-07-07 10:42:38.317] [INFO] logInfo - 用户42进入1467856187330
[2016-07-07 10:45:27.532] [INFO] logInfo - 用户42离开聊天室
[2016-07-07 10:45:27.818] [INFO] logInfo - 用户42连接进聊天程序
[2016-07-07 10:45:27.867] [INFO] logInfo - 用户42登陆，获取好友
[2016-07-07 10:45:28.150] [INFO] logInfo - 用户42登陆，获取自己的原来状态
[2016-07-07 10:45:28.184] [INFO] logInfo - 用户42进入1467856187330
[2016-07-07 11:05:47.423] [INFO] logInfo - 用户42连接进聊天程序
[2016-07-07 11:05:54.090] [INFO] logInfo - 用户42离开聊天室
[2016-07-07 11:06:03.145] [INFO] logInfo - 用户42连接进聊天程序
[2016-07-07 11:06:03.203] [INFO] logInfo - 用户42登陆，获取好友
[2016-07-07 11:06:03.406] [INFO] logInfo - 用户42登陆，获取自己的原来状态
[2016-07-07 11:06:06.665] [INFO] logInfo - 用户42创建教室
[2016-07-07 11:06:06.673] [INFO] logInfo - 用户42进入group_0
[2016-07-07 11:06:06.685] [INFO] logInfo - 用户42进入1467860766706
[2016-07-07 11:26:09.927] [INFO] logInfo - 用户42连接进聊天程序
[2016-07-07 11:28:07.045] [INFO] logInfo - 用户42离开聊天室
[2016-07-07 11:28:10.716] [INFO] logInfo - 用户42连接进聊天程序
[2016-07-07 11:28:10.749] [INFO] logInfo - 用户42登陆，获取好友
[2016-07-07 11:28:10.960] [INFO] logInfo - 用户42登陆，获取自己的原来状态
[2016-07-07 11:28:13.287] [INFO] logInfo - 用户42创建教室
[2016-07-07 11:28:13.298] [INFO] logInfo - 用户42进入group_0
[2016-07-07 11:28:13.331] [INFO] logInfo - 用户42进入1467862093326
[2016-07-07 11:28:35.667] [INFO] logInfo - 用户42离开聊天室
[2016-07-07 11:28:35.939] [INFO] logInfo - 用户42连接进聊天程序
[2016-07-07 11:28:35.988] [INFO] logInfo - 用户42登陆，获取好友
[2016-07-07 11:28:36.185] [INFO] logInfo - 用户42登陆，获取自己的原来状态
[2016-07-07 11:28:36.206] [INFO] logInfo - 用户42进入1467862093326
[2016-07-07 11:29:14.418] [INFO] logInfo - 用户42离开聊天室
[2016-07-07 11:29:14.694] [INFO] logInfo - 用户42连接进聊天程序
[2016-07-07 11:29:14.825] [INFO] logInfo - 用户42登陆，获取好友
[2016-07-07 11:29:15.033] [INFO] logInfo - 用户42登陆，获取自己的原来状态
[2016-07-07 11:29:15.081] [INFO] logInfo - 用户42进入1467862093326
[2016-07-07 11:29:58.899] [INFO] logInfo - 用户42离开聊天室
[2016-07-07 11:29:59.186] [INFO] logInfo - 用户42连接进聊天程序
[2016-07-07 11:29:59.233] [INFO] logInfo - 用户42登陆，获取好友
[2016-07-07 11:29:59.430] [INFO] logInfo - 用户42登陆，获取自己的原来状态
[2016-07-07 11:29:59.461] [INFO] logInfo - 用户42进入1467862093326
[2016-07-07 11:30:06.565] [INFO] logInfo - 用户42离开聊天室
[2016-07-07 11:30:06.834] [INFO] logInfo - 用户42连接进聊天程序
[2016-07-07 11:30:06.959] [INFO] logInfo - 用户42登陆，获取好友
[2016-07-07 11:30:07.156] [INFO] logInfo - 用户42登陆，获取自己的原来状态
[2016-07-07 11:30:07.190] [INFO] logInfo - 用户42进入1467862093326
[2016-07-07 11:30:31.815] [INFO] logInfo - 用户42离开聊天室
[2016-07-07 11:30:32.103] [INFO] logInfo - 用户42连接进聊天程序
[2016-07-07 11:30:32.238] [INFO] logInfo - 用户42登陆，获取好友
[2016-07-07 11:30:32.438] [INFO] logInfo - 用户42登陆，获取自己的原来状态
[2016-07-07 11:30:32.467] [INFO] logInfo - 用户42进入1467862093326
[2016-07-07 11:30:49.236] [INFO] logInfo - 用户42离开聊天室
[2016-07-07 11:30:49.527] [INFO] logInfo - 用户42连接进聊天程序
[2016-07-07 11:30:49.652] [INFO] logInfo - 用户42登陆，获取好友
[2016-07-07 11:30:49.892] [INFO] logInfo - 用户42登陆，获取自己的原来状态
[2016-07-07 11:30:49.925] [INFO] logInfo - 用户42进入1467862093326
[2016-07-07 11:32:32.824] [INFO] logInfo - 用户42连接进聊天程序
[2016-07-07 11:32:32.845] [INFO] logInfo - 用户42登陆，获取好友
[2016-07-07 11:32:33.052] [INFO] logInfo - 用户42登陆，获取自己的原来状态
[2016-07-07 11:32:36.364] [INFO] logInfo - 用户42创建教室
[2016-07-07 11:32:36.373] [INFO] logInfo - 用户42进入group_0
[2016-07-07 11:32:36.397] [INFO] logInfo - 用户42进入1467862356404
[2016-07-07 11:32:48.429] [INFO] logInfo - 用户42离开聊天室
[2016-07-07 11:32:48.713] [INFO] logInfo - 用户42连接进聊天程序
[2016-07-07 11:32:48.765] [INFO] logInfo - 用户42登陆，获取好友
[2016-07-07 11:32:48.964] [INFO] logInfo - 用户42登陆，获取自己的原来状态
[2016-07-07 11:32:48.995] [INFO] logInfo - 用户42进入1467862356404
[2016-07-07 11:34:31.988] [INFO] logInfo - 用户42离开聊天室
[2016-07-07 11:34:32.264] [INFO] logInfo - 用户42连接进聊天程序
[2016-07-07 11:34:32.399] [INFO] logInfo - 用户42登陆，获取好友
[2016-07-07 11:34:32.597] [INFO] logInfo - 用户42登陆，获取自己的原来状态
[2016-07-07 11:34:32.634] [INFO] logInfo - 用户42进入1467862356404
[2016-07-07 11:34:39.419] [INFO] logInfo - 用户42离开聊天室
[2016-07-07 11:34:39.678] [INFO] logInfo - 用户42连接进聊天程序
[2016-07-07 11:34:39.727] [INFO] logInfo - 用户42登陆，获取好友
[2016-07-07 11:34:39.938] [INFO] logInfo - 用户42登陆，获取自己的原来状态
[2016-07-07 11:34:39.974] [INFO] logInfo - 用户42进入1467862356404
[2016-07-07 11:35:20.415] [INFO] logInfo - 用户42离开聊天室
[2016-07-07 11:35:20.706] [INFO] logInfo - 用户42连接进聊天程序
[2016-07-07 11:35:20.847] [INFO] logInfo - 用户42登陆，获取好友
[2016-07-07 11:35:21.044] [INFO] logInfo - 用户42登陆，获取自己的原来状态
[2016-07-07 11:35:21.071] [INFO] logInfo - 用户42进入1467862356404
[2016-07-07 11:39:00.197] [INFO] logInfo - 用户42连接进聊天程序
[2016-07-07 11:39:00.223] [INFO] logInfo - 用户42登陆，获取好友
[2016-07-07 11:39:00.493] [INFO] logInfo - 用户42登陆，获取自己的原来状态
[2016-07-07 11:39:03.605] [INFO] logInfo - 用户42创建教室
[2016-07-07 11:39:03.614] [INFO] logInfo - 用户42进入group_0
[2016-07-07 11:39:03.638] [INFO] logInfo - 用户42进入1467862743645
[2016-07-07 11:41:48.215] [INFO] logInfo - 用户42离开聊天室
[2016-07-07 11:41:48.494] [INFO] logInfo - 用户42连接进聊天程序
[2016-07-07 11:41:48.620] [INFO] logInfo - 用户42登陆，获取好友
[2016-07-07 11:41:48.807] [INFO] logInfo - 用户42登陆，获取自己的原来状态
[2016-07-07 11:41:48.844] [INFO] logInfo - 用户42进入1467862743645
[2016-07-07 11:44:37.720] [INFO] logInfo - 用户42离开聊天室
[2016-07-07 11:44:38.013] [INFO] logInfo - 用户42连接进聊天程序
[2016-07-07 11:44:38.149] [INFO] logInfo - 用户42登陆，获取好友
[2016-07-07 11:44:38.337] [INFO] logInfo - 用户42登陆，获取自己的原来状态
[2016-07-07 11:44:38.371] [INFO] logInfo - 用户42进入1467862743645
[2016-07-07 11:45:01.893] [INFO] logInfo - 用户42离开聊天室
[2016-07-07 11:45:02.187] [INFO] logInfo - 用户42连接进聊天程序
[2016-07-07 11:45:02.245] [INFO] logInfo - 用户42登陆，获取好友
[2016-07-07 11:45:02.464] [INFO] logInfo - 用户42登陆，获取自己的原来状态
[2016-07-07 11:45:02.493] [INFO] logInfo - 用户42进入1467862743645
[2016-07-07 11:48:29.168] [INFO] logInfo - 用户42离开聊天室
[2016-07-07 11:48:29.459] [INFO] logInfo - 用户42连接进聊天程序
[2016-07-07 11:48:29.601] [INFO] logInfo - 用户42登陆，获取好友
[2016-07-07 11:48:29.783] [INFO] logInfo - 用户42登陆，获取自己的原来状态
[2016-07-07 11:48:29.810] [INFO] logInfo - 用户42进入1467862743645
[2016-07-07 11:48:50.938] [INFO] logInfo - 用户42离开聊天室
[2016-07-07 11:48:51.225] [INFO] logInfo - 用户42连接进聊天程序
[2016-07-07 11:48:51.278] [INFO] logInfo - 用户42登陆，获取好友
[2016-07-07 11:48:51.467] [INFO] logInfo - 用户42登陆，获取自己的原来状态
[2016-07-07 11:48:51.497] [INFO] logInfo - 用户42进入1467862743645
[2016-07-07 11:49:23.697] [INFO] logInfo - 用户42离开聊天室
[2016-07-07 11:49:23.989] [INFO] logInfo - 用户42连接进聊天程序
[2016-07-07 11:49:24.049] [INFO] logInfo - 用户42登陆，获取好友
[2016-07-07 11:49:24.231] [INFO] logInfo - 用户42登陆，获取自己的原来状态
[2016-07-07 11:49:24.267] [INFO] logInfo - 用户42进入1467862743645
[2016-07-07 11:50:09.881] [INFO] logInfo - 用户42离开聊天室
[2016-07-07 11:50:10.158] [INFO] logInfo - 用户42连接进聊天程序
[2016-07-07 11:50:10.212] [INFO] logInfo - 用户42登陆，获取好友
[2016-07-07 11:50:10.401] [INFO] logInfo - 用户42登陆，获取自己的原来状态
[2016-07-07 11:50:10.430] [INFO] logInfo - 用户42进入1467862743645
[2016-07-07 11:52:03.507] [INFO] logInfo - 用户42离开聊天室
[2016-07-07 11:52:03.795] [INFO] logInfo - 用户42连接进聊天程序
[2016-07-07 11:52:03.924] [INFO] logInfo - 用户42登陆，获取好友
[2016-07-07 11:52:04.110] [INFO] logInfo - 用户42登陆，获取自己的原来状态
[2016-07-07 11:52:04.143] [INFO] logInfo - 用户42进入1467862743645
[2016-07-07 11:52:51.378] [INFO] logInfo - 用户42离开聊天室
[2016-07-07 11:52:51.670] [INFO] logInfo - 用户42连接进聊天程序
[2016-07-07 11:52:51.802] [INFO] logInfo - 用户42登陆，获取好友
[2016-07-07 11:52:51.989] [INFO] logInfo - 用户42登陆，获取自己的原来状态
[2016-07-07 11:52:52.018] [INFO] logInfo - 用户42进入1467862743645
[2016-07-07 11:53:37.333] [INFO] logInfo - 用户42离开聊天室
[2016-07-07 11:53:37.639] [INFO] logInfo - 用户42连接进聊天程序
[2016-07-07 11:53:37.692] [INFO] logInfo - 用户42登陆，获取好友
[2016-07-07 11:53:37.869] [INFO] logInfo - 用户42登陆，获取自己的原来状态
[2016-07-07 11:53:37.894] [INFO] logInfo - 用户42进入1467862743645
[2016-07-07 12:29:39.732] [INFO] logInfo - 用户42离开聊天室
[2016-07-07 12:29:40.047] [INFO] logInfo - 用户42连接进聊天程序
[2016-07-07 12:29:40.176] [INFO] logInfo - 用户42登陆，获取好友
[2016-07-07 12:29:40.361] [INFO] logInfo - 用户42登陆，获取自己的原来状态
[2016-07-07 12:29:40.393] [INFO] logInfo - 用户42进入1467862743645
[2016-07-07 12:29:59.527] [INFO] logInfo - 用户42离开聊天室
[2016-07-07 12:29:59.816] [INFO] logInfo - 用户42连接进聊天程序
[2016-07-07 12:29:59.949] [INFO] logInfo - 用户42登陆，获取好友
[2016-07-07 12:30:00.130] [INFO] logInfo - 用户42登陆，获取自己的原来状态
[2016-07-07 12:30:00.166] [INFO] logInfo - 用户42进入1467862743645
[2016-07-07 12:30:13.619] [INFO] logInfo - 用户42离开聊天室
[2016-07-07 12:30:13.888] [INFO] logInfo - 用户42连接进聊天程序
[2016-07-07 12:30:13.941] [INFO] logInfo - 用户42登陆，获取好友
[2016-07-07 12:30:14.128] [INFO] logInfo - 用户42登陆，获取自己的原来状态
[2016-07-07 12:30:14.159] [INFO] logInfo - 用户42进入1467862743645
[2016-07-07 12:30:51.782] [INFO] logInfo - 用户42离开聊天室
[2016-07-07 12:30:52.058] [INFO] logInfo - 用户42连接进聊天程序
[2016-07-07 12:30:52.198] [INFO] logInfo - 用户42登陆，获取好友
[2016-07-07 12:30:52.407] [INFO] logInfo - 用户42登陆，获取自己的原来状态
[2016-07-07 12:30:52.438] [INFO] logInfo - 用户42进入1467862743645
[2016-07-07 12:31:01.470] [INFO] logInfo - 用户42离开聊天室
[2016-07-07 12:31:01.818] [INFO] logInfo - 用户42连接进聊天程序
[2016-07-07 12:31:02.013] [INFO] logInfo - 用户42登陆，获取好友
[2016-07-07 12:31:02.195] [INFO] logInfo - 用户42登陆，获取自己的原来状态
[2016-07-07 12:31:02.219] [INFO] logInfo - 用户42进入1467862743645
[2016-07-07 12:31:30.569] [INFO] logInfo - 用户42离开聊天室
[2016-07-07 12:31:30.846] [INFO] logInfo - 用户42连接进聊天程序
[2016-07-07 12:31:30.897] [INFO] logInfo - 用户42登陆，获取好友
[2016-07-07 12:31:31.084] [INFO] logInfo - 用户42登陆，获取自己的原来状态
[2016-07-07 12:31:31.113] [INFO] logInfo - 用户42进入1467862743645
[2016-07-07 12:40:13.090] [INFO] logInfo - 用户42离开聊天室
[2016-07-07 12:40:13.402] [INFO] logInfo - 用户42连接进聊天程序
[2016-07-07 12:40:13.522] [INFO] logInfo - 用户42登陆，获取好友
[2016-07-07 12:40:13.712] [INFO] logInfo - 用户42登陆，获取自己的原来状态
[2016-07-07 12:40:13.742] [INFO] logInfo - 用户42进入1467862743645
[2016-07-07 12:42:21.127] [INFO] logInfo - 用户42离开聊天室
[2016-07-07 12:42:21.409] [INFO] logInfo - 用户42连接进聊天程序
[2016-07-07 12:42:21.553] [INFO] logInfo - 用户42登陆，获取好友
[2016-07-07 12:42:21.737] [INFO] logInfo - 用户42登陆，获取自己的原来状态
[2016-07-07 12:42:21.775] [INFO] logInfo - 用户42进入1467862743645
[2016-07-07 12:45:51.797] [INFO] logInfo - 用户42离开聊天室
[2016-07-07 12:45:52.100] [INFO] logInfo - 用户42连接进聊天程序
[2016-07-07 12:45:52.231] [INFO] logInfo - 用户42登陆，获取好友
[2016-07-07 12:45:52.412] [INFO] logInfo - 用户42登陆，获取自己的原来状态
[2016-07-07 12:45:52.447] [INFO] logInfo - 用户42进入1467862743645
[2016-07-07 12:46:13.975] [INFO] logInfo - 用户42离开聊天室
[2016-07-07 12:46:14.268] [INFO] logInfo - 用户42连接进聊天程序
[2016-07-07 12:46:14.404] [INFO] logInfo - 用户42登陆，获取好友
[2016-07-07 12:46:14.588] [INFO] logInfo - 用户42登陆，获取自己的原来状态
[2016-07-07 12:46:14.625] [INFO] logInfo - 用户42进入1467862743645
[2016-07-07 12:48:14.211] [INFO] logInfo - 用户42离开聊天室
[2016-07-07 12:48:14.518] [INFO] logInfo - 用户42连接进聊天程序
[2016-07-07 12:48:14.569] [INFO] logInfo - 用户42登陆，获取好友
[2016-07-07 12:48:14.758] [INFO] logInfo - 用户42登陆，获取自己的原来状态
[2016-07-07 12:48:14.785] [INFO] logInfo - 用户42进入1467862743645
[2016-07-07 12:49:47.706] [INFO] logInfo - 用户42离开聊天室
[2016-07-07 12:49:48.000] [INFO] logInfo - 用户42连接进聊天程序
[2016-07-07 12:49:48.150] [INFO] logInfo - 用户42登陆，获取好友
[2016-07-07 12:49:48.330] [INFO] logInfo - 用户42登陆，获取自己的原来状态
[2016-07-07 12:49:48.373] [INFO] logInfo - 用户42进入1467862743645
[2016-07-07 12:51:15.711] [INFO] logInfo - 用户42离开聊天室
[2016-07-07 12:51:15.994] [INFO] logInfo - 用户42连接进聊天程序
[2016-07-07 12:51:16.131] [INFO] logInfo - 用户42登陆，获取好友
[2016-07-07 12:51:16.314] [INFO] logInfo - 用户42登陆，获取自己的原来状态
[2016-07-07 12:51:16.352] [INFO] logInfo - 用户42进入1467862743645
[2016-07-07 12:52:33.140] [INFO] logInfo - 用户42离开聊天室
[2016-07-07 12:52:33.435] [INFO] logInfo - 用户42连接进聊天程序
[2016-07-07 12:52:33.491] [INFO] logInfo - 用户42登陆，获取好友
[2016-07-07 12:52:33.675] [INFO] logInfo - 用户42登陆，获取自己的原来状态
[2016-07-07 12:52:33.708] [INFO] logInfo - 用户42进入1467862743645
[2016-07-07 12:54:38.029] [INFO] logInfo - 用户42离开聊天室
[2016-07-07 12:54:38.325] [INFO] logInfo - 用户42连接进聊天程序
[2016-07-07 12:54:38.374] [INFO] logInfo - 用户42登陆，获取好友
[2016-07-07 12:54:38.556] [INFO] logInfo - 用户42登陆，获取自己的原来状态
[2016-07-07 12:54:38.584] [INFO] logInfo - 用户42进入1467862743645
[2016-07-07 12:55:07.425] [INFO] logInfo - 用户42离开聊天室
[2016-07-07 12:55:07.730] [INFO] logInfo - 用户42连接进聊天程序
[2016-07-07 12:55:07.783] [INFO] logInfo - 用户42登陆，获取好友
[2016-07-07 12:55:07.970] [INFO] logInfo - 用户42登陆，获取自己的原来状态
[2016-07-07 12:55:08.005] [INFO] logInfo - 用户42进入1467862743645
[2016-07-07 12:56:47.946] [INFO] logInfo - 用户42离开聊天室
[2016-07-07 12:56:48.228] [INFO] logInfo - 用户42连接进聊天程序
[2016-07-07 12:56:48.279] [INFO] logInfo - 用户42登陆，获取好友
[2016-07-07 12:56:48.470] [INFO] logInfo - 用户42登陆，获取自己的原来状态
[2016-07-07 12:56:48.499] [INFO] logInfo - 用户42进入1467862743645
[2016-07-07 12:57:22.014] [INFO] logInfo - 用户42离开聊天室
[2016-07-07 12:57:22.318] [INFO] logInfo - 用户42连接进聊天程序
[2016-07-07 12:57:22.464] [INFO] logInfo - 用户42登陆，获取好友
[2016-07-07 12:57:22.645] [INFO] logInfo - 用户42登陆，获取自己的原来状态
[2016-07-07 12:57:22.680] [INFO] logInfo - 用户42进入1467862743645
[2016-07-07 12:57:44.004] [INFO] logInfo - 用户42离开聊天室
[2016-07-07 12:57:44.307] [INFO] logInfo - 用户42连接进聊天程序
[2016-07-07 12:57:44.356] [INFO] logInfo - 用户42登陆，获取好友
[2016-07-07 12:57:44.536] [INFO] logInfo - 用户42登陆，获取自己的原来状态
[2016-07-07 12:57:44.566] [INFO] logInfo - 用户42进入1467862743645
[2016-07-07 12:59:13.932] [INFO] logInfo - 用户42离开聊天室
[2016-07-07 12:59:14.253] [INFO] logInfo - 用户42连接进聊天程序
[2016-07-07 12:59:14.377] [INFO] logInfo - 用户42登陆，获取好友
[2016-07-07 12:59:14.572] [INFO] logInfo - 用户42登陆，获取自己的原来状态
[2016-07-07 12:59:14.610] [INFO] logInfo - 用户42进入1467862743645
[2016-07-07 13:00:17.909] [INFO] logInfo - 用户42离开聊天室
[2016-07-07 13:00:18.203] [INFO] logInfo - 用户42连接进聊天程序
[2016-07-07 13:00:18.340] [INFO] logInfo - 用户42登陆，获取好友
[2016-07-07 13:00:18.530] [INFO] logInfo - 用户42登陆，获取自己的原来状态
[2016-07-07 13:00:18.562] [INFO] logInfo - 用户42进入1467862743645
[2016-07-07 13:00:44.876] [INFO] logInfo - 用户42离开聊天室
[2016-07-07 13:00:45.170] [INFO] logInfo - 用户42连接进聊天程序
[2016-07-07 13:00:45.303] [INFO] logInfo - 用户42登陆，获取好友
[2016-07-07 13:00:45.482] [INFO] logInfo - 用户42登陆，获取自己的原来状态
[2016-07-07 13:00:45.513] [INFO] logInfo - 用户42进入1467862743645
[2016-07-07 13:01:09.382] [INFO] logInfo - 用户42离开聊天室
[2016-07-07 13:01:09.709] [INFO] logInfo - 用户42连接进聊天程序
[2016-07-07 13:01:09.840] [INFO] logInfo - 用户42登陆，获取好友
[2016-07-07 13:01:10.023] [INFO] logInfo - 用户42登陆，获取自己的原来状态
[2016-07-07 13:01:10.062] [INFO] logInfo - 用户42进入1467862743645
[2016-07-07 13:02:45.802] [INFO] logInfo - 用户42离开聊天室
[2016-07-07 13:02:46.102] [INFO] logInfo - 用户42连接进聊天程序
[2016-07-07 13:02:46.241] [INFO] logInfo - 用户42登陆，获取好友
[2016-07-07 13:02:46.425] [INFO] logInfo - 用户42登陆，获取自己的原来状态
[2016-07-07 13:02:46.458] [INFO] logInfo - 用户42进入1467862743645
[2016-07-07 13:05:16.865] [INFO] logInfo - 用户42离开聊天室
[2016-07-07 13:05:17.182] [INFO] logInfo - 用户42连接进聊天程序
[2016-07-07 13:05:17.318] [INFO] logInfo - 用户42登陆，获取好友
[2016-07-07 13:05:17.506] [INFO] logInfo - 用户42登陆，获取自己的原来状态
[2016-07-07 13:05:17.540] [INFO] logInfo - 用户42进入1467862743645
[2016-07-07 13:07:15.129] [INFO] logInfo - 用户42离开聊天室
[2016-07-07 13:07:15.439] [INFO] logInfo - 用户42连接进聊天程序
[2016-07-07 13:07:15.577] [INFO] logInfo - 用户42登陆，获取好友
[2016-07-07 13:07:15.772] [INFO] logInfo - 用户42登陆，获取自己的原来状态
[2016-07-07 13:07:15.824] [INFO] logInfo - 用户42进入1467862743645
[2016-07-07 13:08:03.722] [INFO] logInfo - 用户42离开聊天室
[2016-07-07 13:08:04.020] [INFO] logInfo - 用户42连接进聊天程序
[2016-07-07 13:08:04.151] [INFO] logInfo - 用户42登陆，获取好友
[2016-07-07 13:08:04.337] [INFO] logInfo - 用户42登陆，获取自己的原来状态
[2016-07-07 13:08:04.368] [INFO] logInfo - 用户42进入1467862743645
[2016-07-07 13:08:46.796] [INFO] logInfo - 用户42离开聊天室
[2016-07-07 13:08:47.101] [INFO] logInfo - 用户42连接进聊天程序
[2016-07-07 13:08:47.231] [INFO] logInfo - 用户42登陆，获取好友
[2016-07-07 13:08:47.414] [INFO] logInfo - 用户42登陆，获取自己的原来状态
[2016-07-07 13:08:47.446] [INFO] logInfo - 用户42进入1467862743645
[2016-07-07 13:08:53.444] [INFO] logInfo - 用户42离开聊天室
[2016-07-07 13:08:53.725] [INFO] logInfo - 用户42连接进聊天程序
[2016-07-07 13:08:53.851] [INFO] logInfo - 用户42登陆，获取好友
[2016-07-07 13:08:54.032] [INFO] logInfo - 用户42登陆，获取自己的原来状态
[2016-07-07 13:08:54.063] [INFO] logInfo - 用户42进入1467862743645
[2016-07-07 13:09:53.203] [INFO] logInfo - 用户42离开聊天室
[2016-07-07 13:09:53.502] [INFO] logInfo - 用户42连接进聊天程序
[2016-07-07 13:09:53.634] [INFO] logInfo - 用户42登陆，获取好友
[2016-07-07 13:09:53.817] [INFO] logInfo - 用户42登陆，获取自己的原来状态
[2016-07-07 13:09:53.844] [INFO] logInfo - 用户42进入1467862743645
[2016-07-07 13:13:14.464] [INFO] logInfo - 用户42离开聊天室
[2016-07-07 13:13:14.879] [INFO] logInfo - 用户42连接进聊天程序
[2016-07-07 13:13:15.030] [INFO] logInfo - 用户42登陆，获取好友
[2016-07-07 13:13:15.212] [INFO] logInfo - 用户42登陆，获取自己的原来状态
[2016-07-07 13:13:15.254] [INFO] logInfo - 用户42进入1467862743645
[2016-07-07 13:15:05.968] [INFO] logInfo - 用户42离开聊天室
[2016-07-07 13:15:06.281] [INFO] logInfo - 用户42连接进聊天程序
[2016-07-07 13:15:06.409] [INFO] logInfo - 用户42登陆，获取好友
[2016-07-07 13:15:06.601] [INFO] logInfo - 用户42登陆，获取自己的原来状态
[2016-07-07 13:15:06.633] [INFO] logInfo - 用户42进入1467862743645
[2016-07-07 13:16:59.182] [INFO] logInfo - 用户42离开聊天室
[2016-07-07 13:16:59.495] [INFO] logInfo - 用户42连接进聊天程序
[2016-07-07 13:16:59.632] [INFO] logInfo - 用户42登陆，获取好友
[2016-07-07 13:16:59.818] [INFO] logInfo - 用户42登陆，获取自己的原来状态
[2016-07-07 13:16:59.852] [INFO] logInfo - 用户42进入1467862743645
[2016-07-07 13:18:13.406] [INFO] logInfo - 用户42离开聊天室
[2016-07-07 13:18:13.722] [INFO] logInfo - 用户42连接进聊天程序
[2016-07-07 13:18:13.852] [INFO] logInfo - 用户42登陆，获取好友
[2016-07-07 13:18:14.032] [INFO] logInfo - 用户42登陆，获取自己的原来状态
[2016-07-07 13:18:14.063] [INFO] logInfo - 用户42进入1467862743645
[2016-07-07 13:19:39.818] [INFO] logInfo - 用户42离开聊天室
[2016-07-07 13:19:40.101] [INFO] logInfo - 用户42连接进聊天程序
[2016-07-07 13:19:40.153] [INFO] logInfo - 用户42登陆，获取好友
[2016-07-07 13:19:40.334] [INFO] logInfo - 用户42登陆，获取自己的原来状态
[2016-07-07 13:19:40.360] [INFO] logInfo - 用户42进入1467862743645
[2016-07-07 13:22:11.997] [INFO] logInfo - 用户42离开聊天室
[2016-07-07 13:22:12.215] [INFO] logInfo - 用户42连接进聊天程序
[2016-07-07 13:22:12.325] [INFO] logInfo - 用户42登陆，获取好友
[2016-07-07 13:22:12.407] [INFO] logInfo - 用户42离开聊天室
[2016-07-07 13:22:12.554] [INFO] logInfo - 用户42连接进聊天程序
[2016-07-07 13:22:12.624] [INFO] logInfo - 用户42登陆，获取好友
[2016-07-07 13:22:12.808] [INFO] logInfo - 用户42登陆，获取自己的原来状态
[2016-07-07 13:22:12.843] [INFO] logInfo - 用户42进入1467862743645
[2016-07-07 13:23:35.640] [INFO] logInfo - 用户42离开聊天室
[2016-07-07 13:23:35.844] [INFO] logInfo - 用户42连接进聊天程序
[2016-07-07 13:23:35.898] [INFO] logInfo - 用户42登陆，获取好友
[2016-07-07 13:23:36.079] [INFO] logInfo - 用户42登陆，获取自己的原来状态
[2016-07-07 13:23:36.098] [INFO] logInfo - 用户42进入1467862743645
[2016-07-07 13:23:40.521] [INFO] logInfo - 用户42连接进聊天程序
[2016-07-07 13:23:41.238] [INFO] logInfo - 用户42离开聊天室
[2016-07-07 13:23:41.386] [INFO] logInfo - 用户42连接进聊天程序
[2016-07-07 13:23:41.429] [INFO] logInfo - 用户42登陆，获取好友
[2016-07-07 13:23:41.694] [INFO] logInfo - 用户42登陆，获取自己的原来状态
[2016-07-07 13:23:45.023] [INFO] logInfo - 用户42创建教室
[2016-07-07 13:23:45.029] [INFO] logInfo - 用户42进入group_0
[2016-07-07 13:23:45.042] [INFO] logInfo - 用户42进入1467869025064
[2016-07-07 13:23:47.523] [INFO] logInfo - 用户42离开聊天室
[2016-07-07 13:23:47.628] [INFO] logInfo - 用户42连接进聊天程序
[2016-07-07 13:23:47.798] [INFO] logInfo - 用户42被提下线
[2016-07-07 13:23:47.799] [INFO] logInfo - 用户42离开聊天室
[2016-07-07 13:23:47.799] [INFO] logInfo - 用户42连接进聊天程序
[2016-07-07 13:23:47.852] [INFO] logInfo - 用户42登陆，获取好友
[2016-07-07 13:23:48.094] [INFO] logInfo - 用户42登陆，获取自己的原来状态
[2016-07-07 13:23:48.112] [INFO] logInfo - 用户42进入1467869025064
[2016-07-07 13:23:50.503] [INFO] logInfo - 用户42离开聊天室
[2016-07-07 13:23:50.740] [INFO] logInfo - 用户42连接进聊天程序
[2016-07-07 13:23:50.762] [INFO] logInfo - 用户42登陆，获取好友
[2016-07-07 13:23:51.034] [INFO] logInfo - 用户42登陆，获取自己的原来状态
[2016-07-07 13:23:51.074] [INFO] logInfo - 用户42进入1467869025064
[2016-07-07 13:24:17.005] [INFO] logInfo - 用户1连接进聊天程序
[2016-07-07 13:24:17.070] [INFO] logInfo - 用户1登陆，获取好友
[2016-07-07 13:24:17.346] [INFO] logInfo - 用户1登陆，获取自己的原来状态
[2016-07-07 13:24:21.588] [INFO] logInfo - 用户1创建教室
[2016-07-07 13:24:21.597] [INFO] logInfo - 用户1进入group_0
[2016-07-07 13:24:21.637] [INFO] logInfo - 用户1进入11467869061585
[2016-07-07 13:24:24.963] [INFO] logInfo - 用户1离开聊天室
[2016-07-07 13:24:26.658] [INFO] logInfo - 用户1连接进聊天程序
[2016-07-07 13:24:26.719] [INFO] logInfo - 用户1登陆，获取好友
[2016-07-07 13:24:27.001] [INFO] logInfo - 用户1登陆，获取自己的原来状态
[2016-07-07 13:24:27.033] [INFO] logInfo - 用户1进入11467869061585
[2016-07-07 13:24:29.315] [INFO] logInfo - 用户1离开聊天室
[2016-07-07 13:24:30.392] [INFO] logInfo - 用户1连接进聊天程序
[2016-07-07 13:24:30.483] [INFO] logInfo - 用户1登陆，获取好友
[2016-07-07 13:24:30.772] [INFO] logInfo - 用户1登陆，获取自己的原来状态
[2016-07-07 13:24:30.814] [INFO] logInfo - 用户1进入11467869061585
[2016-07-07 13:24:39.865] [INFO] logInfo - 用户1离开聊天室
[2016-07-07 13:24:43.747] [INFO] logInfo - 用户42离开聊天室
[2016-07-07 13:24:43.924] [INFO] logInfo - 用户42连接进聊天程序
[2016-07-07 13:24:43.970] [INFO] logInfo - 用户42登陆，获取好友
[2016-07-07 13:24:44.268] [INFO] logInfo - 用户42登陆，获取自己的原来状态
[2016-07-07 13:24:44.294] [INFO] logInfo - 用户42进入1467869025064
[2016-07-07 13:24:57.542] [INFO] logInfo - 用户42离开聊天室
[2016-07-07 13:24:57.689] [INFO] logInfo - 用户42连接进聊天程序
[2016-07-07 13:24:57.728] [INFO] logInfo - 用户42登陆，获取好友
[2016-07-07 13:24:57.992] [INFO] logInfo - 用户42登陆，获取自己的原来状态
[2016-07-07 13:24:58.018] [INFO] logInfo - 用户42进入1467869025064
[2016-07-07 13:25:04.529] [INFO] logInfo - 用户42解散教室
[2016-07-07 13:25:07.147] [INFO] logInfo - 用户42进入11467869061585
[2016-07-07 13:25:08.926] [INFO] logInfo - 用户42离开聊天室
[2016-07-07 13:25:09.028] [INFO] logInfo - 用户42连接进聊天程序
[2016-07-07 13:25:09.062] [INFO] logInfo - 用户42登陆，获取好友
[2016-07-07 13:25:09.322] [INFO] logInfo - 用户42登陆，获取自己的原来状态
[2016-07-07 13:25:09.359] [INFO] logInfo - 用户42进入11467869061585
[2016-07-07 13:25:13.270] [INFO] logInfo - 用户42离开教室
[2016-07-07 13:25:14.577] [INFO] logInfo - 用户42离开聊天室
[2016-07-07 13:25:14.690] [INFO] logInfo - 用户42连接进聊天程序
[2016-07-07 13:25:14.722] [INFO] logInfo - 用户42登陆，获取好友
[2016-07-07 13:25:14.969] [INFO] logInfo - 用户42登陆，获取自己的原来状态
[2016-07-07 13:25:18.138] [INFO] logInfo - 用户42创建教室
[2016-07-07 13:25:18.148] [INFO] logInfo - 用户42进入group_0
[2016-07-07 13:25:18.155] [INFO] logInfo - 用户42进入1467869118178
[2016-07-07 13:25:19.552] [INFO] logInfo - 用户42离开聊天室
[2016-07-07 13:25:19.666] [INFO] logInfo - 用户42连接进聊天程序
[2016-07-07 13:25:19.722] [INFO] logInfo - 用户42登陆，获取好友
[2016-07-07 13:25:19.972] [INFO] logInfo - 用户42登陆，获取自己的原来状态
[2016-07-07 13:25:19.999] [INFO] logInfo - 用户42进入1467869118178
[2016-07-07 13:25:21.549] [INFO] logInfo - 用户42离开聊天室
[2016-07-07 13:25:21.658] [INFO] logInfo - 用户42连接进聊天程序
[2016-07-07 13:25:21.691] [INFO] logInfo - 用户42登陆，获取好友
[2016-07-07 13:25:21.942] [INFO] logInfo - 用户42登陆，获取自己的原来状态
[2016-07-07 13:25:21.977] [INFO] logInfo - 用户42进入1467869118178
[2016-07-07 13:25:25.329] [INFO] logInfo - 用户42离开聊天室
[2016-07-07 13:25:25.430] [INFO] logInfo - 用户42连接进聊天程序
[2016-07-07 13:25:25.457] [INFO] logInfo - 用户42登陆，获取好友
[2016-07-07 13:25:25.681] [INFO] logInfo - 用户42登陆，获取自己的原来状态
[2016-07-07 13:25:25.708] [INFO] logInfo - 用户42进入1467869118178
[2016-07-07 13:25:27.024] [INFO] logInfo - 用户42离开聊天室
[2016-07-07 13:25:27.138] [INFO] logInfo - 用户42连接进聊天程序
[2016-07-07 13:25:27.174] [INFO] logInfo - 用户42登陆，获取好友
[2016-07-07 13:25:27.447] [INFO] logInfo - 用户42登陆，获取自己的原来状态
[2016-07-07 13:25:27.467] [INFO] logInfo - 用户42进入1467869118178
[2016-07-07 13:25:34.712] [INFO] logInfo - 用户42离开聊天室
[2016-07-07 13:25:34.801] [INFO] logInfo - 用户42连接进聊天程序
[2016-07-07 13:25:34.852] [INFO] logInfo - 用户42登陆，获取好友
[2016-07-07 13:25:35.101] [INFO] logInfo - 用户42登陆，获取自己的原来状态
[2016-07-07 13:25:35.123] [INFO] logInfo - 用户42进入1467869118178
[2016-07-07 13:25:39.496] [INFO] logInfo - 用户42离开聊天室
[2016-07-07 13:25:39.589] [INFO] logInfo - 用户42连接进聊天程序
[2016-07-07 13:25:39.618] [INFO] logInfo - 用户42登陆，获取好友
[2016-07-07 13:25:39.911] [INFO] logInfo - 用户42登陆，获取自己的原来状态
[2016-07-07 13:25:39.934] [INFO] logInfo - 用户42进入1467869118178
[2016-07-07 13:25:41.123] [INFO] logInfo - 用户42离开聊天室
[2016-07-07 13:25:41.235] [INFO] logInfo - 用户42连接进聊天程序
[2016-07-07 13:25:41.269] [INFO] logInfo - 用户42登陆，获取好友
[2016-07-07 13:25:41.535] [INFO] logInfo - 用户42登陆，获取自己的原来状态
[2016-07-07 13:25:41.568] [INFO] logInfo - 用户42进入1467869118178
[2016-07-07 13:34:57.719] [INFO] logInfo - 用户42离开聊天室
[2016-07-07 13:34:57.881] [INFO] logInfo - 用户42连接进聊天程序
[2016-07-07 13:34:57.938] [INFO] logInfo - 用户42登陆，获取好友
[2016-07-07 13:34:58.207] [INFO] logInfo - 用户42登陆，获取自己的原来状态
[2016-07-07 13:34:58.222] [INFO] logInfo - 用户42进入1467869118178
[2016-07-07 13:35:53.840] [INFO] logInfo - 用户42离开聊天室
[2016-07-07 13:35:54.044] [INFO] logInfo - 用户42连接进聊天程序
[2016-07-07 13:35:54.095] [INFO] logInfo - 用户42登陆，获取好友
[2016-07-07 13:35:54.685] [INFO] logInfo - 用户42登陆，获取自己的原来状态
[2016-07-07 13:35:54.716] [INFO] logInfo - 用户42进入1467869118178
[2016-07-07 13:36:17.990] [INFO] logInfo - 用户42离开聊天室
[2016-07-07 13:36:18.220] [INFO] logInfo - 用户42连接进聊天程序
[2016-07-07 13:36:18.271] [INFO] logInfo - 用户42登陆，获取好友
[2016-07-07 13:36:18.536] [INFO] logInfo - 用户42登陆，获取自己的原来状态
[2016-07-07 13:36:18.574] [INFO] logInfo - 用户42进入1467869118178
[2016-07-07 13:36:29.597] [INFO] logInfo - 用户42离开聊天室
[2016-07-07 13:36:29.719] [INFO] logInfo - 用户42连接进聊天程序
[2016-07-07 13:36:29.782] [INFO] logInfo - 用户42登陆，获取好友
[2016-07-07 13:36:30.031] [INFO] logInfo - 用户42登陆，获取自己的原来状态
[2016-07-07 13:36:30.068] [INFO] logInfo - 用户42进入1467869118178
[2016-07-07 13:37:14.876] [INFO] logInfo - 用户42离开聊天室
[2016-07-07 13:37:15.103] [INFO] logInfo - 用户42连接进聊天程序
[2016-07-07 13:37:15.156] [INFO] logInfo - 用户42登陆，获取好友
[2016-07-07 13:37:15.510] [INFO] logInfo - 用户42登陆，获取自己的原来状态
[2016-07-07 13:37:15.538] [INFO] logInfo - 用户42进入1467869118178
[2016-07-07 13:39:21.442] [INFO] logInfo - 用户42离开聊天室
[2016-07-07 13:39:21.646] [INFO] logInfo - 用户42连接进聊天程序
[2016-07-07 13:39:21.695] [INFO] logInfo - 用户42登陆，获取好友
[2016-07-07 13:39:21.957] [INFO] logInfo - 用户42登陆，获取自己的原来状态
[2016-07-07 13:39:21.983] [INFO] logInfo - 用户42进入1467869118178
[2016-07-07 13:41:19.933] [INFO] logInfo - 用户42离开聊天室
[2016-07-07 13:41:20.144] [INFO] logInfo - 用户42连接进聊天程序
[2016-07-07 13:41:20.190] [INFO] logInfo - 用户42登陆，获取好友
[2016-07-07 13:41:20.833] [INFO] logInfo - 用户42登陆，获取自己的原来状态
[2016-07-07 13:41:20.877] [INFO] logInfo - 用户42进入1467869118178
[2016-07-07 13:41:32.828] [INFO] logInfo - 用户42离开聊天室
[2016-07-07 13:41:32.956] [INFO] logInfo - 用户42连接进聊天程序
[2016-07-07 13:41:32.997] [INFO] logInfo - 用户42登陆，获取好友
[2016-07-07 13:41:33.265] [INFO] logInfo - 用户42登陆，获取自己的原来状态
[2016-07-07 13:41:33.293] [INFO] logInfo - 用户42进入1467869118178
[2016-07-07 13:42:47.205] [INFO] logInfo - 用户42离开聊天室
[2016-07-07 13:42:47.499] [INFO] logInfo - 用户42连接进聊天程序
[2016-07-07 13:42:47.550] [INFO] logInfo - 用户42登陆，获取好友
[2016-07-07 13:42:47.829] [INFO] logInfo - 用户42登陆，获取自己的原来状态
[2016-07-07 13:42:47.858] [INFO] logInfo - 用户42进入1467869118178
[2016-07-07 13:43:34.006] [INFO] logInfo - 用户42离开聊天室
[2016-07-07 13:43:34.309] [INFO] logInfo - 用户42连接进聊天程序
[2016-07-07 13:43:34.443] [INFO] logInfo - 用户42登陆，获取好友
[2016-07-07 13:43:34.705] [INFO] logInfo - 用户42登陆，获取自己的原来状态
[2016-07-07 13:43:34.736] [INFO] logInfo - 用户42进入1467869118178
[2016-07-07 13:57:35.717] [INFO] logInfo - 用户42离开聊天室
[2016-07-07 13:57:36.049] [INFO] logInfo - 用户42连接进聊天程序
[2016-07-07 13:57:36.201] [INFO] logInfo - 用户42登陆，获取好友
[2016-07-07 13:57:36.723] [INFO] logInfo - 用户42登陆，获取自己的原来状态
[2016-07-07 13:57:36.749] [INFO] logInfo - 用户42进入1467869118178
[2016-07-07 14:04:02.267] [INFO] logInfo - 用户42离开聊天室
[2016-07-07 14:04:02.594] [INFO] logInfo - 用户42连接进聊天程序
[2016-07-07 14:04:02.648] [INFO] logInfo - 用户42登陆，获取好友
[2016-07-07 14:04:02.872] [INFO] logInfo - 用户42登陆，获取自己的原来状态
[2016-07-07 14:04:02.904] [INFO] logInfo - 用户42进入1467869118178
[2016-07-07 14:07:01.078] [INFO] logInfo - 用户42离开聊天室
[2016-07-07 14:07:01.401] [INFO] logInfo - 用户42连接进聊天程序
[2016-07-07 14:07:01.459] [INFO] logInfo - 用户42登陆，获取好友
[2016-07-07 14:07:01.772] [INFO] logInfo - 用户42登陆，获取自己的原来状态
[2016-07-07 14:07:01.801] [INFO] logInfo - 用户42进入1467869118178
[2016-07-07 14:19:54.236] [INFO] logInfo - 用户42离开聊天室
[2016-07-07 14:19:54.541] [INFO] logInfo - 用户42连接进聊天程序
[2016-07-07 14:19:54.674] [INFO] logInfo - 用户42登陆，获取好友
[2016-07-07 14:19:55.986] [INFO] logInfo - 用户42登陆，获取自己的原来状态
[2016-07-07 14:19:56.033] [INFO] logInfo - 用户42进入1467869118178
[2016-07-07 14:34:25.372] [INFO] logInfo - 用户42连接进聊天程序
[2016-07-07 14:34:25.401] [INFO] logInfo - 用户42登陆，获取好友
[2016-07-07 14:34:25.641] [INFO] logInfo - 用户42登陆，获取自己的原来状态
[2016-07-07 14:34:25.687] [INFO] logInfo - 用户42离开聊天室
[2016-07-07 14:34:25.950] [INFO] logInfo - 用户42连接进聊天程序
[2016-07-07 14:34:26.078] [INFO] logInfo - 用户42登陆，获取好友
[2016-07-07 14:34:26.332] [INFO] logInfo - 用户42登陆，获取自己的原来状态
[2016-07-07 14:34:29.920] [INFO] logInfo - 用户42创建教室
[2016-07-07 14:34:29.935] [INFO] logInfo - 用户42进入group_0
[2016-07-07 14:34:29.966] [INFO] logInfo - 用户42进入1467873269959
[2016-07-07 14:35:45.119] [INFO] logInfo - 用户42离开聊天室
[2016-07-07 14:35:45.394] [INFO] logInfo - 用户42连接进聊天程序
[2016-07-07 14:35:45.517] [INFO] logInfo - 用户42登陆，获取好友
[2016-07-07 14:35:45.801] [INFO] logInfo - 用户42登陆，获取自己的原来状态
[2016-07-07 14:35:45.843] [INFO] logInfo - 用户42进入1467873269959
[2016-07-07 14:42:30.438] [INFO] logInfo - 用户42离开聊天室
[2016-07-07 14:42:30.715] [INFO] logInfo - 用户42连接进聊天程序
[2016-07-07 14:42:30.861] [INFO] logInfo - 用户42登陆，获取好友
[2016-07-07 14:42:31.156] [INFO] logInfo - 用户42登陆，获取自己的原来状态
[2016-07-07 14:42:31.190] [INFO] logInfo - 用户42进入1467873269959
[2016-07-07 14:43:03.526] [INFO] logInfo - 用户42离开聊天室
[2016-07-07 14:43:03.790] [INFO] logInfo - 用户42连接进聊天程序
[2016-07-07 14:43:03.840] [INFO] logInfo - 用户42登陆，获取好友
[2016-07-07 14:43:04.126] [INFO] logInfo - 用户42登陆，获取自己的原来状态
[2016-07-07 14:43:04.161] [INFO] logInfo - 用户42进入1467873269959
[2016-07-07 14:43:26.176] [INFO] logInfo - 用户42离开聊天室
[2016-07-07 14:43:26.436] [INFO] logInfo - 用户42连接进聊天程序
[2016-07-07 14:43:26.555] [INFO] logInfo - 用户42登陆，获取好友
[2016-07-07 14:43:26.814] [INFO] logInfo - 用户42登陆，获取自己的原来状态
[2016-07-07 14:43:26.853] [INFO] logInfo - 用户42进入1467873269959
[2016-07-07 14:44:36.906] [INFO] logInfo - 用户42离开聊天室
[2016-07-07 14:44:37.181] [INFO] logInfo - 用户42连接进聊天程序
[2016-07-07 14:44:37.302] [INFO] logInfo - 用户42登陆，获取好友
[2016-07-07 14:44:37.548] [INFO] logInfo - 用户42登陆，获取自己的原来状态
[2016-07-07 14:44:37.586] [INFO] logInfo - 用户42进入1467873269959
[2016-07-07 14:45:08.645] [INFO] logInfo - 用户42离开聊天室
[2016-07-07 14:45:08.919] [INFO] logInfo - 用户42连接进聊天程序
[2016-07-07 14:45:09.046] [INFO] logInfo - 用户42登陆，获取好友
[2016-07-07 14:45:09.276] [INFO] logInfo - 用户42登陆，获取自己的原来状态
[2016-07-07 14:45:09.312] [INFO] logInfo - 用户42进入1467873269959
[2016-07-07 14:46:02.064] [INFO] logInfo - 用户42离开聊天室
[2016-07-07 14:46:02.339] [INFO] logInfo - 用户42连接进聊天程序
[2016-07-07 14:46:02.462] [INFO] logInfo - 用户42登陆，获取好友
[2016-07-07 14:46:02.688] [INFO] logInfo - 用户42登陆，获取自己的原来状态
[2016-07-07 14:46:02.723] [INFO] logInfo - 用户42进入1467873269959
[2016-07-07 14:47:35.754] [INFO] logInfo - 用户42离开聊天室
[2016-07-07 14:47:36.033] [INFO] logInfo - 用户42连接进聊天程序
[2016-07-07 14:47:36.163] [INFO] logInfo - 用户42登陆，获取好友
[2016-07-07 14:47:43.218] [INFO] logInfo - 用户42登陆，获取自己的原来状态
[2016-07-07 14:47:43.274] [INFO] logInfo - 用户42进入1467873269959
[2016-07-07 14:48:31.558] [INFO] logInfo - 用户42离开聊天室
[2016-07-07 14:48:31.841] [INFO] logInfo - 用户42连接进聊天程序
[2016-07-07 14:48:31.891] [INFO] logInfo - 用户42登陆，获取好友
[2016-07-07 14:48:59.236] [INFO] logInfo - 用户42离开聊天室
[2016-07-07 14:48:59.509] [INFO] logInfo - 用户42连接进聊天程序
[2016-07-07 14:48:59.622] [INFO] logInfo - 用户42登陆，获取好友
[2016-07-07 14:49:08.699] [INFO] logInfo - 用户42离开聊天室
[2016-07-07 14:49:08.977] [INFO] logInfo - 用户42连接进聊天程序
[2016-07-07 14:49:09.104] [INFO] logInfo - 用户42登陆，获取好友
[2016-07-07 14:49:10.759] [INFO] logInfo - 用户42离开聊天室
[2016-07-07 14:49:11.026] [INFO] logInfo - 用户42连接进聊天程序
[2016-07-07 14:49:11.145] [INFO] logInfo - 用户42登陆，获取好友
[2016-07-07 14:49:11.232] [INFO] logInfo - 用户42离开聊天室
[2016-07-07 14:49:11.945] [INFO] logInfo - 用户42连接进聊天程序
[2016-07-07 14:49:12.006] [INFO] logInfo - 用户42登陆，获取好友
[2016-07-07 14:49:30.362] [INFO] logInfo - 用户42连接进聊天程序
[2016-07-07 14:49:34.277] [INFO] logInfo - 用户42离开聊天室
[2016-07-07 14:49:34.537] [INFO] logInfo - 用户42连接进聊天程序
[2016-07-07 14:49:34.590] [INFO] logInfo - 用户42登陆，获取好友
[2016-07-07 14:49:42.271] [INFO] logInfo - 用户42登陆，获取自己的原来状态
[2016-07-07 14:49:54.821] [INFO] logInfo - 用户42创建教室
[2016-07-07 14:49:54.834] [INFO] logInfo - 用户42进入group_0
[2016-07-07 14:49:54.865] [INFO] logInfo - 用户42进入1467874194858
[2016-07-07 14:51:15.091] [INFO] logInfo - 用户42连接进聊天程序
[2016-07-07 14:51:15.133] [INFO] logInfo - 用户42登陆，获取好友
[2016-07-07 14:51:22.388] [INFO] logInfo - 用户42登陆，获取自己的原来状态
[2016-07-07 14:51:26.289] [INFO] logInfo - 用户42创建教室
[2016-07-07 14:51:26.301] [INFO] logInfo - 用户42进入group_0
[2016-07-07 14:51:26.330] [INFO] logInfo - 用户42进入1467874286329
[2016-07-07 14:55:09.953] [INFO] logInfo - 用户42离开聊天室
[2016-07-07 14:55:10.240] [INFO] logInfo - 用户42连接进聊天程序
[2016-07-07 14:55:10.292] [INFO] logInfo - 用户42登陆，获取好友
[2016-07-07 14:56:26.266] [INFO] logInfo - 用户42离开聊天室
[2016-07-07 14:56:26.541] [INFO] logInfo - 用户42连接进聊天程序
[2016-07-07 14:56:26.593] [INFO] logInfo - 用户42登陆，获取好友
[2016-07-07 14:57:22.988] [INFO] logInfo - 用户42登陆，获取自己的原来状态
[2016-07-07 14:57:23.033] [INFO] logInfo - 用户42进入1467874286329
[2016-07-07 14:59:14.555] [INFO] logInfo - 用户42离开聊天室
[2016-07-07 14:59:14.838] [INFO] logInfo - 用户42连接进聊天程序
[2016-07-07 14:59:14.969] [INFO] logInfo - 用户42登陆，获取好友
[2016-07-07 14:59:15.249] [INFO] logInfo - 用户42登陆，获取自己的原来状态
[2016-07-07 14:59:15.283] [INFO] logInfo - 用户42进入1467874286329
[2016-07-07 15:00:01.670] [INFO] logInfo - 用户42离开聊天室
[2016-07-07 15:00:01.955] [INFO] logInfo - 用户42连接进聊天程序
[2016-07-07 15:00:02.082] [INFO] logInfo - 用户42登陆，获取好友
[2016-07-07 15:00:02.299] [INFO] logInfo - 用户42登陆，获取自己的原来状态
[2016-07-07 15:00:02.332] [INFO] logInfo - 用户42进入1467874286329
[2016-07-07 15:00:30.435] [INFO] logInfo - 用户42离开聊天室
[2016-07-07 15:00:30.706] [INFO] logInfo - 用户42连接进聊天程序
[2016-07-07 15:00:30.838] [INFO] logInfo - 用户42登陆，获取好友
[2016-07-07 15:00:31.038] [INFO] logInfo - 用户42登陆，获取自己的原来状态
[2016-07-07 15:00:31.074] [INFO] logInfo - 用户42进入1467874286329
[2016-07-07 15:00:42.033] [INFO] logInfo - 用户42离开聊天室
[2016-07-07 15:00:42.291] [INFO] logInfo - 用户42连接进聊天程序
[2016-07-07 15:00:42.339] [INFO] logInfo - 用户42登陆，获取好友
[2016-07-07 15:00:42.536] [INFO] logInfo - 用户42登陆，获取自己的原来状态
[2016-07-07 15:00:42.564] [INFO] logInfo - 用户42进入1467874286329
[2016-07-07 15:02:10.744] [INFO] logInfo - 用户42离开聊天室
[2016-07-07 15:02:11.023] [INFO] logInfo - 用户42连接进聊天程序
[2016-07-07 15:02:11.071] [INFO] logInfo - 用户42登陆，获取好友
[2016-07-07 15:02:11.276] [INFO] logInfo - 用户42登陆，获取自己的原来状态
[2016-07-07 15:02:11.307] [INFO] logInfo - 用户42进入1467874286329
[2016-07-07 15:02:43.526] [INFO] logInfo - 用户42离开聊天室
[2016-07-07 15:02:43.795] [INFO] logInfo - 用户42连接进聊天程序
[2016-07-07 15:02:43.845] [INFO] logInfo - 用户42登陆，获取好友
[2016-07-07 15:02:44.131] [INFO] logInfo - 用户42登陆，获取自己的原来状态
[2016-07-07 15:02:44.173] [INFO] logInfo - 用户42进入1467874286329
[2016-07-07 15:03:12.205] [INFO] logInfo - 用户42离开聊天室
[2016-07-07 15:03:12.499] [INFO] logInfo - 用户42连接进聊天程序
[2016-07-07 15:03:12.564] [INFO] logInfo - 用户42登陆，获取好友
[2016-07-07 15:03:12.842] [INFO] logInfo - 用户42登陆，获取自己的原来状态
[2016-07-07 15:03:12.897] [INFO] logInfo - 用户42进入1467874286329
[2016-07-07 15:05:26.307] [INFO] logInfo - 用户42离开聊天室
[2016-07-07 15:05:26.598] [INFO] logInfo - 用户42连接进聊天程序
[2016-07-07 15:05:26.738] [INFO] logInfo - 用户42登陆，获取好友
[2016-07-07 15:05:26.970] [INFO] logInfo - 用户42登陆，获取自己的原来状态
[2016-07-07 15:05:27.018] [INFO] logInfo - 用户42进入1467874286329
[2016-07-07 15:05:42.537] [INFO] logInfo - 用户42离开聊天室
[2016-07-07 15:05:42.850] [INFO] logInfo - 用户42连接进聊天程序
[2016-07-07 15:05:42.902] [INFO] logInfo - 用户42登陆，获取好友
[2016-07-07 15:05:43.112] [INFO] logInfo - 用户42登陆，获取自己的原来状态
[2016-07-07 15:05:43.138] [INFO] logInfo - 用户42进入1467874286329
[2016-07-07 15:05:49.794] [INFO] logInfo - 用户42离开聊天室
[2016-07-07 15:05:50.064] [INFO] logInfo - 用户42连接进聊天程序
[2016-07-07 15:05:50.113] [INFO] logInfo - 用户42登陆，获取好友
[2016-07-07 15:05:50.325] [INFO] logInfo - 用户42登陆，获取自己的原来状态
[2016-07-07 15:05:50.366] [INFO] logInfo - 用户42进入1467874286329
[2016-07-07 15:05:59.418] [INFO] logInfo - 用户42离开聊天室
[2016-07-07 15:05:59.690] [INFO] logInfo - 用户42连接进聊天程序
[2016-07-07 15:05:59.745] [INFO] logInfo - 用户42登陆，获取好友
[2016-07-07 15:05:59.984] [INFO] logInfo - 用户42登陆，获取自己的原来状态
[2016-07-07 15:06:00.011] [INFO] logInfo - 用户42进入1467874286329
[2016-07-07 15:06:38.178] [INFO] logInfo - 用户42离开聊天室
[2016-07-07 15:06:38.481] [INFO] logInfo - 用户42连接进聊天程序
[2016-07-07 15:06:38.532] [INFO] logInfo - 用户42登陆，获取好友
[2016-07-07 15:06:38.765] [INFO] logInfo - 用户42登陆，获取自己的原来状态
[2016-07-07 15:06:38.795] [INFO] logInfo - 用户42进入1467874286329
[2016-07-07 15:07:34.765] [INFO] logInfo - 用户42离开聊天室
[2016-07-07 15:07:35.058] [INFO] logInfo - 用户42连接进聊天程序
[2016-07-07 15:07:35.109] [INFO] logInfo - 用户42登陆，获取好友
[2016-07-07 15:07:35.301] [INFO] logInfo - 用户42登陆，获取自己的原来状态
[2016-07-07 15:07:35.329] [INFO] logInfo - 用户42进入1467874286329
[2016-07-07 15:10:21.147] [INFO] logInfo - 用户42离开聊天室
[2016-07-07 15:10:21.440] [INFO] logInfo - 用户42连接进聊天程序
[2016-07-07 15:10:21.495] [INFO] logInfo - 用户42登陆，获取好友
[2016-07-07 15:10:21.715] [INFO] logInfo - 用户42登陆，获取自己的原来状态
[2016-07-07 15:10:21.742] [INFO] logInfo - 用户42进入1467874286329
[2016-07-07 15:11:02.895] [INFO] logInfo - 用户42离开聊天室
[2016-07-07 15:11:03.190] [INFO] logInfo - 用户42连接进聊天程序
[2016-07-07 15:11:03.238] [INFO] logInfo - 用户42登陆，获取好友
[2016-07-07 15:11:03.494] [INFO] logInfo - 用户42登陆，获取自己的原来状态
[2016-07-07 15:11:03.534] [INFO] logInfo - 用户42进入1467874286329
[2016-07-07 15:12:13.321] [INFO] logInfo - 用户42离开聊天室
[2016-07-07 15:12:13.577] [INFO] logInfo - 用户42连接进聊天程序
[2016-07-07 15:12:13.709] [INFO] logInfo - 用户42登陆，获取好友
[2016-07-07 15:12:13.909] [INFO] logInfo - 用户42登陆，获取自己的原来状态
[2016-07-07 15:12:13.963] [INFO] logInfo - 用户42进入1467874286329
[2016-07-07 15:12:19.649] [INFO] logInfo - 用户42离开聊天室
[2016-07-07 15:12:19.937] [INFO] logInfo - 用户42连接进聊天程序
[2016-07-07 15:12:19.990] [INFO] logInfo - 用户42登陆，获取好友
[2016-07-07 15:12:20.253] [INFO] logInfo - 用户42登陆，获取自己的原来状态
[2016-07-07 15:12:20.290] [INFO] logInfo - 用户42进入1467874286329
[2016-07-07 15:12:36.301] [INFO] logInfo - 用户42离开聊天室
[2016-07-07 15:12:36.593] [INFO] logInfo - 用户42连接进聊天程序
[2016-07-07 15:12:36.724] [INFO] logInfo - 用户42登陆，获取好友
[2016-07-07 15:12:36.915] [INFO] logInfo - 用户42登陆，获取自己的原来状态
[2016-07-07 15:12:36.944] [INFO] logInfo - 用户42进入1467874286329
[2016-07-07 15:12:51.361] [INFO] logInfo - 用户42离开聊天室
[2016-07-07 15:12:51.638] [INFO] logInfo - 用户42连接进聊天程序
[2016-07-07 15:12:51.689] [INFO] logInfo - 用户42登陆，获取好友
[2016-07-07 15:12:51.905] [INFO] logInfo - 用户42登陆，获取自己的原来状态
[2016-07-07 15:12:51.934] [INFO] logInfo - 用户42进入1467874286329
[2016-07-07 15:14:53.044] [INFO] logInfo - 用户42离开聊天室
[2016-07-07 15:14:53.319] [INFO] logInfo - 用户42连接进聊天程序
[2016-07-07 15:14:53.376] [INFO] logInfo - 用户42登陆，获取好友
[2016-07-07 15:14:53.591] [INFO] logInfo - 用户42登陆，获取自己的原来状态
[2016-07-07 15:14:53.635] [INFO] logInfo - 用户42进入1467874286329
[2016-07-07 15:16:02.082] [INFO] logInfo - 用户42离开聊天室
[2016-07-07 15:16:02.333] [INFO] logInfo - 用户42连接进聊天程序
[2016-07-07 15:16:02.378] [INFO] logInfo - 用户42登陆，获取好友
[2016-07-07 15:16:02.635] [INFO] logInfo - 用户42登陆，获取自己的原来状态
[2016-07-07 15:16:02.667] [INFO] logInfo - 用户42进入1467874286329
[2016-07-07 15:17:50.551] [INFO] logInfo - 用户42离开聊天室
[2016-07-07 15:17:50.836] [INFO] logInfo - 用户42连接进聊天程序
[2016-07-07 15:17:50.969] [INFO] logInfo - 用户42登陆，获取好友
[2016-07-07 15:17:51.161] [INFO] logInfo - 用户42登陆，获取自己的原来状态
[2016-07-07 15:17:51.196] [INFO] logInfo - 用户42进入1467874286329
[2016-07-07 15:19:28.583] [INFO] logInfo - 用户42离开聊天室
[2016-07-07 15:19:28.871] [INFO] logInfo - 用户42连接进聊天程序
[2016-07-07 15:19:28.923] [INFO] logInfo - 用户42登陆，获取好友
[2016-07-07 15:19:29.179] [INFO] logInfo - 用户42登陆，获取自己的原来状态
[2016-07-07 15:19:29.214] [INFO] logInfo - 用户42进入1467874286329
[2016-07-07 15:21:02.724] [INFO] logInfo - 用户42离开聊天室
[2016-07-07 15:21:03.011] [INFO] logInfo - 用户42连接进聊天程序
[2016-07-07 15:21:03.074] [INFO] logInfo - 用户42登陆，获取好友
[2016-07-07 15:21:03.342] [INFO] logInfo - 用户42登陆，获取自己的原来状态
[2016-07-07 15:21:03.374] [INFO] logInfo - 用户42进入1467874286329
[2016-07-07 15:21:21.029] [INFO] logInfo - 用户42离开聊天室
[2016-07-07 15:21:21.308] [INFO] logInfo - 用户42连接进聊天程序
[2016-07-07 15:21:21.366] [INFO] logInfo - 用户42登陆，获取好友
[2016-07-07 15:21:21.888] [INFO] logInfo - 用户42登陆，获取自己的原来状态
[2016-07-07 15:21:21.927] [INFO] logInfo - 用户42进入1467874286329
[2016-07-07 15:21:49.881] [INFO] logInfo - 用户42离开聊天室
[2016-07-07 15:21:50.171] [INFO] logInfo - 用户42连接进聊天程序
[2016-07-07 15:21:50.224] [INFO] logInfo - 用户42登陆，获取好友
[2016-07-07 15:21:50.425] [INFO] logInfo - 用户42登陆，获取自己的原来状态
[2016-07-07 15:21:50.483] [INFO] logInfo - 用户42进入1467874286329
[2016-07-07 15:22:16.382] [INFO] logInfo - 用户42离开聊天室
[2016-07-07 15:22:16.664] [INFO] logInfo - 用户42连接进聊天程序
[2016-07-07 15:22:16.719] [INFO] logInfo - 用户42登陆，获取好友
[2016-07-07 15:22:16.973] [INFO] logInfo - 用户42登陆，获取自己的原来状态
[2016-07-07 15:22:16.999] [INFO] logInfo - 用户42进入1467874286329
[2016-07-07 15:22:20.991] [INFO] logInfo - 用户42连接进聊天程序
[2016-07-07 15:22:22.581] [INFO] logInfo - 用户42离开聊天室
[2016-07-07 15:22:22.885] [INFO] logInfo - 用户42连接进聊天程序
[2016-07-07 15:22:22.946] [INFO] logInfo - 用户42登陆，获取好友
[2016-07-07 15:22:23.253] [INFO] logInfo - 用户42登陆，获取自己的原来状态
[2016-07-07 15:22:26.133] [INFO] logInfo - 用户42创建教室
[2016-07-07 15:22:26.138] [INFO] logInfo - 用户42进入group_0
[2016-07-07 15:22:26.153] [INFO] logInfo - 用户42进入1467876146175
[2016-07-07 15:22:27.164] [INFO] logInfo - 用户42离开聊天室
[2016-07-07 15:22:27.437] [INFO] logInfo - 用户42连接进聊天程序
[2016-07-07 15:22:27.491] [INFO] logInfo - 用户42登陆，获取好友
[2016-07-07 15:22:27.728] [INFO] logInfo - 用户42登陆，获取自己的原来状态
[2016-07-07 15:22:27.761] [INFO] logInfo - 用户42进入1467876146175
[2016-07-07 15:22:28.802] [INFO] logInfo - 用户42离开聊天室
[2016-07-07 15:22:29.086] [INFO] logInfo - 用户42连接进聊天程序
[2016-07-07 15:22:29.137] [INFO] logInfo - 用户42登陆，获取好友
[2016-07-07 15:22:29.434] [INFO] logInfo - 用户42登陆，获取自己的原来状态
[2016-07-07 15:22:29.460] [INFO] logInfo - 用户42进入1467876146175
[2016-07-07 15:22:30.312] [INFO] logInfo - 用户42离开聊天室
[2016-07-07 15:22:30.586] [INFO] logInfo - 用户42连接进聊天程序
[2016-07-07 15:22:30.638] [INFO] logInfo - 用户42登陆，获取好友
[2016-07-07 15:22:31.211] [INFO] logInfo - 用户42登陆，获取自己的原来状态
[2016-07-07 15:22:31.244] [INFO] logInfo - 用户42进入1467876146175
[2016-07-07 15:22:41.059] [INFO] logInfo - 用户42离开聊天室
[2016-07-07 15:22:41.341] [INFO] logInfo - 用户42连接进聊天程序
[2016-07-07 15:22:41.391] [INFO] logInfo - 用户42登陆，获取好友
[2016-07-07 15:22:41.664] [INFO] logInfo - 用户42登陆，获取自己的原来状态
[2016-07-07 15:22:41.691] [INFO] logInfo - 用户42进入1467876146175
[2016-07-07 15:22:42.652] [INFO] logInfo - 用户42离开聊天室
[2016-07-07 15:22:42.931] [INFO] logInfo - 用户42连接进聊天程序
[2016-07-07 15:22:42.988] [INFO] logInfo - 用户42登陆，获取好友
[2016-07-07 15:22:43.317] [INFO] logInfo - 用户42登陆，获取自己的原来状态
[2016-07-07 15:22:43.349] [INFO] logInfo - 用户42进入1467876146175
[2016-07-07 15:22:44.219] [INFO] logInfo - 用户42离开聊天室
[2016-07-07 15:22:44.496] [INFO] logInfo - 用户42连接进聊天程序
[2016-07-07 15:22:44.551] [INFO] logInfo - 用户42登陆，获取好友
[2016-07-07 15:22:44.837] [INFO] logInfo - 用户42登陆，获取自己的原来状态
[2016-07-07 15:22:44.864] [INFO] logInfo - 用户42进入1467876146175
[2016-07-07 15:22:46.048] [INFO] logInfo - 用户42离开聊天室
[2016-07-07 15:22:46.329] [INFO] logInfo - 用户42连接进聊天程序
[2016-07-07 15:22:46.382] [INFO] logInfo - 用户42登陆，获取好友
[2016-07-07 15:22:46.633] [INFO] logInfo - 用户42登陆，获取自己的原来状态
[2016-07-07 15:22:46.660] [INFO] logInfo - 用户42进入1467876146175
[2016-07-07 15:22:53.355] [INFO] logInfo - 用户42离开聊天室
[2016-07-07 15:22:53.610] [INFO] logInfo - 用户42连接进聊天程序
[2016-07-07 15:22:53.661] [INFO] logInfo - 用户42登陆，获取好友
[2016-07-07 15:22:53.952] [INFO] logInfo - 用户42登陆，获取自己的原来状态
[2016-07-07 15:22:53.978] [INFO] logInfo - 用户42进入1467876146175
[2016-07-07 15:22:55.074] [INFO] logInfo - 用户42离开聊天室
[2016-07-07 15:22:55.342] [INFO] logInfo - 用户42连接进聊天程序
[2016-07-07 15:22:55.398] [INFO] logInfo - 用户42登陆，获取好友
[2016-07-07 15:22:55.746] [INFO] logInfo - 用户42登陆，获取自己的原来状态
[2016-07-07 15:22:55.770] [INFO] logInfo - 用户42进入1467876146175
[2016-07-07 15:22:59.683] [INFO] logInfo - 用户42离开聊天室
[2016-07-07 15:22:59.974] [INFO] logInfo - 用户42连接进聊天程序
[2016-07-07 15:23:00.027] [INFO] logInfo - 用户42登陆，获取好友
[2016-07-07 15:23:00.264] [INFO] logInfo - 用户42登陆，获取自己的原来状态
[2016-07-07 15:23:00.295] [INFO] logInfo - 用户42进入1467876146175
[2016-07-07 15:23:04.816] [INFO] logInfo - 用户42离开聊天室
[2016-07-07 15:23:05.077] [INFO] logInfo - 用户42连接进聊天程序
[2016-07-07 15:23:05.125] [INFO] logInfo - 用户42登陆，获取好友
[2016-07-07 15:23:05.391] [INFO] logInfo - 用户42登陆，获取自己的原来状态
[2016-07-07 15:23:05.423] [INFO] logInfo - 用户42进入1467876146175
[2016-07-07 15:23:06.374] [INFO] logInfo - 用户42离开聊天室
[2016-07-07 15:23:06.644] [INFO] logInfo - 用户42连接进聊天程序
[2016-07-07 15:23:06.691] [INFO] logInfo - 用户42登陆，获取好友
[2016-07-07 15:23:06.924] [INFO] logInfo - 用户42登陆，获取自己的原来状态
[2016-07-07 15:23:06.951] [INFO] logInfo - 用户42进入1467876146175
[2016-07-07 15:23:07.682] [INFO] logInfo - 用户42离开聊天室
[2016-07-07 15:23:07.951] [INFO] logInfo - 用户42连接进聊天程序
[2016-07-07 15:23:08.005] [INFO] logInfo - 用户42登陆，获取好友
[2016-07-07 15:23:08.301] [INFO] logInfo - 用户42登陆，获取自己的原来状态
[2016-07-07 15:23:08.327] [INFO] logInfo - 用户42进入1467876146175
[2016-07-07 15:23:09.150] [INFO] logInfo - 用户42离开聊天室
[2016-07-07 15:23:09.430] [INFO] logInfo - 用户42连接进聊天程序
[2016-07-07 15:23:09.481] [INFO] logInfo - 用户42登陆，获取好友
[2016-07-07 15:23:09.777] [INFO] logInfo - 用户42登陆，获取自己的原来状态
[2016-07-07 15:23:09.803] [INFO] logInfo - 用户42进入1467876146175
[2016-07-07 15:23:19.799] [INFO] logInfo - 用户42离开聊天室
[2016-07-07 16:25:17.257] [INFO] logInfo - 用户42连接进聊天程序
[2016-07-07 16:25:17.286] [INFO] logInfo - 用户42登陆，获取好友
[2016-07-07 16:25:17.533] [INFO] logInfo - 用户42登陆，获取自己的原来状态
[2016-07-07 16:25:21.821] [INFO] logInfo - 用户42进入group_0
[2016-07-07 16:25:23.430] [INFO] logInfo - 用户42创建教室
[2016-07-07 16:25:23.444] [INFO] logInfo - 用户42进入group_0
[2016-07-07 16:25:23.460] [INFO] logInfo - 用户42进入1467879923468
[2016-07-07 16:26:28.232] [INFO] logInfo - 用户42离开聊天室
[2016-07-07 16:26:28.515] [INFO] logInfo - 用户42连接进聊天程序
[2016-07-07 16:26:28.641] [INFO] logInfo - 用户42登陆，获取好友
[2016-07-07 16:26:28.899] [INFO] logInfo - 用户42登陆，获取自己的原来状态
[2016-07-07 16:26:28.942] [INFO] logInfo - 用户42进入1467879923468
[2016-07-07 16:27:06.129] [INFO] logInfo - 用户42离开聊天室
[2016-07-07 16:27:06.838] [INFO] logInfo - 用户42连接进聊天程序
[2016-07-07 16:27:06.886] [INFO] logInfo - 用户42登陆，获取好友
[2016-07-07 16:27:07.170] [INFO] logInfo - 用户42登陆，获取自己的原来状态
[2016-07-07 16:27:07.231] [INFO] logInfo - 用户42进入1467879923468
[2016-07-07 16:27:20.354] [INFO] logInfo - 用户42解散教室
[2016-07-07 16:28:17.451] [INFO] logInfo - 用户42离开聊天室
[2016-07-07 16:28:17.657] [INFO] logInfo - 用户42连接进聊天程序
[2016-07-07 16:28:17.757] [INFO] logInfo - 用户42登陆，获取好友
[2016-07-07 16:28:18.020] [INFO] logInfo - 用户42登陆，获取自己的原来状态
[2016-07-07 16:28:40.302] [INFO] logInfo - 用户42离开聊天室
[2016-07-07 16:28:40.592] [INFO] logInfo - 用户42连接进聊天程序
[2016-07-07 16:28:40.717] [INFO] logInfo - 用户42登陆，获取好友
[2016-07-07 16:28:40.955] [INFO] logInfo - 用户42登陆，获取自己的原来状态
[2016-07-07 16:28:55.443] [INFO] logInfo - 用户42创建教室
[2016-07-07 16:28:55.453] [INFO] logInfo - 用户42进入group_0
[2016-07-07 16:28:55.462] [INFO] logInfo - 用户42进入1467880135483
[2016-07-07 16:32:24.015] [INFO] logInfo - 用户42离开聊天室
[2016-07-07 16:32:24.302] [INFO] logInfo - 用户42连接进聊天程序
[2016-07-07 16:32:24.443] [INFO] logInfo - 用户42登陆，获取好友
[2016-07-07 16:32:24.695] [INFO] logInfo - 用户42登陆，获取自己的原来状态
[2016-07-07 16:32:24.720] [INFO] logInfo - 用户42进入1467880135483
[2016-07-07 16:33:38.518] [INFO] logInfo - 用户42离开聊天室
[2016-07-07 16:33:38.825] [INFO] logInfo - 用户42连接进聊天程序
[2016-07-07 16:33:39.000] [INFO] logInfo - 用户42登陆，获取好友
[2016-07-07 16:33:39.238] [INFO] logInfo - 用户42登陆，获取自己的原来状态
[2016-07-07 16:33:39.272] [INFO] logInfo - 用户42进入1467880135483
[2016-07-07 16:34:40.249] [INFO] logInfo - 用户42离开聊天室
[2016-07-07 16:34:40.572] [INFO] logInfo - 用户42连接进聊天程序
[2016-07-07 16:34:40.763] [INFO] logInfo - 用户42登陆，获取好友
[2016-07-07 16:34:41.002] [INFO] logInfo - 用户42登陆，获取自己的原来状态
[2016-07-07 16:34:41.044] [INFO] logInfo - 用户42进入1467880135483
[2016-07-07 16:34:47.991] [INFO] logInfo - 用户42离开聊天室
[2016-07-07 16:34:48.278] [INFO] logInfo - 用户42连接进聊天程序
[2016-07-07 16:34:48.404] [INFO] logInfo - 用户42登陆，获取好友
[2016-07-07 16:34:48.642] [INFO] logInfo - 用户42登陆，获取自己的原来状态
[2016-07-07 16:34:48.681] [INFO] logInfo - 用户42进入1467880135483
[2016-07-07 16:37:44.726] [INFO] logInfo - 用户42离开聊天室
[2016-07-07 16:37:45.074] [INFO] logInfo - 用户42连接进聊天程序
[2016-07-07 16:37:45.219] [INFO] logInfo - 用户42登陆，获取好友
[2016-07-07 16:37:45.449] [INFO] logInfo - 用户42登陆，获取自己的原来状态
[2016-07-07 16:37:45.472] [INFO] logInfo - 用户42进入1467880135483
[2016-07-07 16:43:29.832] [INFO] logInfo - 用户42离开聊天室
[2016-07-07 16:43:30.159] [INFO] logInfo - 用户42连接进聊天程序
[2016-07-07 16:43:30.223] [INFO] logInfo - 用户42登陆，获取好友
[2016-07-07 16:43:30.472] [INFO] logInfo - 用户42登陆，获取自己的原来状态
[2016-07-07 16:43:30.510] [INFO] logInfo - 用户42进入1467880135483
[2016-07-07 16:43:39.878] [INFO] logInfo - 用户42离开聊天室
[2016-07-07 16:43:40.154] [INFO] logInfo - 用户42连接进聊天程序
[2016-07-07 16:43:40.196] [INFO] logInfo - 用户42登陆，获取好友
[2016-07-07 16:43:40.485] [INFO] logInfo - 用户42登陆，获取自己的原来状态
[2016-07-07 16:43:40.514] [INFO] logInfo - 用户42进入1467880135483
[2016-07-07 16:44:59.776] [INFO] logInfo - 用户42离开聊天室
[2016-07-07 16:45:00.080] [INFO] logInfo - 用户42连接进聊天程序
[2016-07-07 16:45:00.218] [INFO] logInfo - 用户42登陆，获取好友
[2016-07-07 16:45:00.455] [INFO] logInfo - 用户42登陆，获取自己的原来状态
[2016-07-07 16:45:00.483] [INFO] logInfo - 用户42进入1467880135483
[2016-07-07 16:46:01.707] [INFO] logInfo - 用户42离开聊天室
[2016-07-07 16:46:01.997] [INFO] logInfo - 用户42连接进聊天程序
[2016-07-07 16:46:02.127] [INFO] logInfo - 用户42登陆，获取好友
[2016-07-07 16:46:02.361] [INFO] logInfo - 用户42登陆，获取自己的原来状态
[2016-07-07 16:46:02.400] [INFO] logInfo - 用户42进入1467880135483
[2016-07-07 16:46:19.124] [INFO] logInfo - 用户42离开聊天室
[2016-07-07 16:46:19.411] [INFO] logInfo - 用户42连接进聊天程序
[2016-07-07 16:46:19.547] [INFO] logInfo - 用户42登陆，获取好友
[2016-07-07 16:46:19.780] [INFO] logInfo - 用户42登陆，获取自己的原来状态
[2016-07-07 16:46:19.810] [INFO] logInfo - 用户42进入1467880135483
[2016-07-07 16:46:28.961] [INFO] logInfo - 用户42离开聊天室
[2016-07-07 16:46:29.231] [INFO] logInfo - 用户42连接进聊天程序
[2016-07-07 16:46:29.348] [INFO] logInfo - 用户42登陆，获取好友
[2016-07-07 16:46:29.594] [INFO] logInfo - 用户42登陆，获取自己的原来状态
[2016-07-07 16:46:29.628] [INFO] logInfo - 用户42进入1467880135483
[2016-07-07 16:46:49.012] [INFO] logInfo - 用户42离开聊天室
[2016-07-07 16:46:49.284] [INFO] logInfo - 用户42连接进聊天程序
[2016-07-07 16:46:49.420] [INFO] logInfo - 用户42登陆，获取好友
[2016-07-07 16:46:49.656] [INFO] logInfo - 用户42登陆，获取自己的原来状态
[2016-07-07 16:46:49.691] [INFO] logInfo - 用户42进入1467880135483
[2016-07-07 16:50:06.529] [INFO] logInfo - 用户42被提下线
[2016-07-07 16:50:06.531] [INFO] logInfo - 用户42离开聊天室
[2016-07-07 16:50:06.532] [INFO] logInfo - 用户42连接进聊天程序
[2016-07-07 16:50:06.613] [INFO] logInfo - 用户42登陆，获取好友
[2016-07-07 16:50:06.854] [INFO] logInfo - 用户42登陆，获取自己的原来状态
[2016-07-07 16:50:06.924] [INFO] logInfo - 用户42进入1467880135483
[2016-07-07 16:50:46.164] [INFO] logInfo - 用户42离开聊天室
[2016-07-07 16:50:46.401] [INFO] logInfo - 用户42连接进聊天程序
[2016-07-07 16:50:46.501] [INFO] logInfo - 用户42登陆，获取好友
[2016-07-07 16:50:47.062] [INFO] logInfo - 用户42登陆，获取自己的原来状态
[2016-07-07 16:50:47.110] [INFO] logInfo - 用户42进入1467880135483
[2016-07-07 16:50:48.599] [INFO] logInfo - 用户42离开聊天室
[2016-07-07 16:50:48.838] [INFO] logInfo - 用户42连接进聊天程序
[2016-07-07 16:50:48.931] [INFO] logInfo - 用户42登陆，获取好友
[2016-07-07 16:50:49.179] [INFO] logInfo - 用户42登陆，获取自己的原来状态
[2016-07-07 16:50:49.226] [INFO] logInfo - 用户42进入1467880135483
[2016-07-07 16:50:54.016] [INFO] logInfo - 用户42离开聊天室
[2016-07-07 16:50:54.239] [INFO] logInfo - 用户42连接进聊天程序
[2016-07-07 16:50:54.337] [INFO] logInfo - 用户42登陆，获取好友
[2016-07-07 16:50:54.571] [INFO] logInfo - 用户42登陆，获取自己的原来状态
[2016-07-07 16:50:54.607] [INFO] logInfo - 用户42进入1467880135483
[2016-07-07 16:51:07.836] [INFO] logInfo - 用户42离开聊天室
[2016-07-07 16:51:29.975] [INFO] logInfo - 用户42连接进聊天程序
[2016-07-07 16:51:30.014] [INFO] logInfo - 用户42登陆，获取好友
[2016-07-07 16:51:30.306] [INFO] logInfo - 用户42登陆，获取自己的原来状态
[2016-07-07 16:51:30.481] [INFO] logInfo - 用户42进入1467880135483
